[0.118s] Invoking command in '/home/wyatt/avHW9/build/gps_nav_interfaces': CMAKE_PREFIX_PATH=${CMAKE_PREFIX_PATH}:/home/wyatt/avHW9/install/gps_nav:/opt/ros/humble /usr/bin/cmake --build /home/wyatt/avHW9/build/gps_nav_interfaces -- -j4 -l4
[0.193s] [  2%] Built target gps_nav_interfaces__cpp
[0.200s] [ 12%] Built target gps_nav_interfaces__rosidl_generator_c
[0.210s] [ 12%] Built target ament_cmake_python_copy_gps_nav_interfaces
[0.241s] [ 23%] Built target gps_nav_interfaces__rosidl_typesupport_cpp
[0.247s] [ 34%] Built target gps_nav_interfaces__rosidl_typesupport_fastrtps_cpp
[0.253s] [ 44%] Built target gps_nav_interfaces__rosidl_typesupport_introspection_cpp
[0.265s] [ 55%] Built target gps_nav_interfaces__rosidl_typesupport_fastrtps_c
[0.285s] [ 65%] Built target gps_nav_interfaces__rosidl_typesupport_c
[0.289s] [ 76%] Built target gps_nav_interfaces__rosidl_typesupport_introspection_c
[0.316s] [ 76%] Built target gps_nav_interfaces
[0.347s] [ 78%] Built target gps_nav_interfaces__py
[0.379s] [ 87%] Built target gps_nav_interfaces__rosidl_generator_py
[0.422s] [ 95%] Built target gps_nav_interfaces__rosidl_typesupport_introspection_c__pyext
[0.423s] [ 95%] Built target gps_nav_interfaces__rosidl_typesupport_c__pyext
[0.424s] [100%] Built target gps_nav_interfaces__rosidl_typesupport_fastrtps_c__pyext
[0.693s] running egg_info
[0.694s] writing gps_nav_interfaces.egg-info/PKG-INFO
[0.694s] writing dependency_links to gps_nav_interfaces.egg-info/dependency_links.txt
[0.695s] writing top-level names to gps_nav_interfaces.egg-info/top_level.txt
[0.698s] reading manifest file 'gps_nav_interfaces.egg-info/SOURCES.txt'
[0.699s] writing manifest file 'gps_nav_interfaces.egg-info/SOURCES.txt'
[0.743s] [100%] Built target ament_cmake_python_build_gps_nav_interfaces_egg
[0.763s] Invoked command in '/home/wyatt/avHW9/build/gps_nav_interfaces' returned '0': CMAKE_PREFIX_PATH=${CMAKE_PREFIX_PATH}:/home/wyatt/avHW9/install/gps_nav:/opt/ros/humble /usr/bin/cmake --build /home/wyatt/avHW9/build/gps_nav_interfaces -- -j4 -l4
[0.900s] Invoking command in '/home/wyatt/avHW9/build/gps_nav_interfaces': CMAKE_PREFIX_PATH=${CMAKE_PREFIX_PATH}:/home/wyatt/avHW9/install/gps_nav:/opt/ros/humble /usr/bin/cmake --install /home/wyatt/avHW9/build/gps_nav_interfaces
[0.911s] -- Install configuration: ""
[0.912s] -- Up-to-date: /home/wyatt/avHW9/install/gps_nav_interfaces/share/ament_index/resource_index/rosidl_interfaces/gps_nav_interfaces
[0.912s] -- Up-to-date: /home/wyatt/avHW9/install/gps_nav_interfaces/include/gps_nav_interfaces/gps_nav_interfaces
[0.912s] -- Up-to-date: /home/wyatt/avHW9/install/gps_nav_interfaces/include/gps_nav_interfaces/gps_nav_interfaces/srv
[0.913s] -- Up-to-date: /home/wyatt/avHW9/install/gps_nav_interfaces/include/gps_nav_interfaces/gps_nav_interfaces/srv/get_route_poses.h
[0.913s] -- Up-to-date: /home/wyatt/avHW9/install/gps_nav_interfaces/include/gps_nav_interfaces/gps_nav_interfaces/srv/detail
[0.913s] -- Up-to-date: /home/wyatt/avHW9/install/gps_nav_interfaces/include/gps_nav_interfaces/gps_nav_interfaces/srv/detail/get_route_poses__type_support.h
[0.913s] -- Up-to-date: /home/wyatt/avHW9/install/gps_nav_interfaces/include/gps_nav_interfaces/gps_nav_interfaces/srv/detail/get_route_poses__functions.c
[0.914s] -- Up-to-date: /home/wyatt/avHW9/install/gps_nav_interfaces/include/gps_nav_interfaces/gps_nav_interfaces/srv/detail/get_route_poses__struct.h
[0.914s] -- Up-to-date: /home/wyatt/avHW9/install/gps_nav_interfaces/include/gps_nav_interfaces/gps_nav_interfaces/srv/detail/get_route_poses__functions.h
[0.914s] -- Up-to-date: /home/wyatt/avHW9/install/gps_nav_interfaces/include/gps_nav_interfaces/gps_nav_interfaces/msg
[0.914s] -- Up-to-date: /home/wyatt/avHW9/install/gps_nav_interfaces/include/gps_nav_interfaces/gps_nav_interfaces/msg/look_ahead_specs.h
[0.915s] -- Up-to-date: /home/wyatt/avHW9/install/gps_nav_interfaces/include/gps_nav_interfaces/gps_nav_interfaces/msg/current_goal_pose.h
[0.915s] -- Up-to-date: /home/wyatt/avHW9/install/gps_nav_interfaces/include/gps_nav_interfaces/gps_nav_interfaces/msg/detail
[0.915s] -- Up-to-date: /home/wyatt/avHW9/install/gps_nav_interfaces/include/gps_nav_interfaces/gps_nav_interfaces/msg/detail/current_goal_pose__functions.c
[0.915s] -- Up-to-date: /home/wyatt/avHW9/install/gps_nav_interfaces/include/gps_nav_interfaces/gps_nav_interfaces/msg/detail/current_goal_pose__functions.h
[0.916s] -- Up-to-date: /home/wyatt/avHW9/install/gps_nav_interfaces/include/gps_nav_interfaces/gps_nav_interfaces/msg/detail/look_ahead_specs__functions.h
[0.916s] -- Up-to-date: /home/wyatt/avHW9/install/gps_nav_interfaces/include/gps_nav_interfaces/gps_nav_interfaces/msg/detail/look_ahead_specs__type_support.h
[0.916s] -- Up-to-date: /home/wyatt/avHW9/install/gps_nav_interfaces/include/gps_nav_interfaces/gps_nav_interfaces/msg/detail/look_ahead_specs__struct.h
[0.916s] -- Up-to-date: /home/wyatt/avHW9/install/gps_nav_interfaces/include/gps_nav_interfaces/gps_nav_interfaces/msg/detail/look_ahead_specs__functions.c
[0.917s] -- Up-to-date: /home/wyatt/avHW9/install/gps_nav_interfaces/include/gps_nav_interfaces/gps_nav_interfaces/msg/detail/current_goal_pose__type_support.h
[0.917s] -- Up-to-date: /home/wyatt/avHW9/install/gps_nav_interfaces/include/gps_nav_interfaces/gps_nav_interfaces/msg/detail/current_goal_pose__struct.h
[0.917s] -- Up-to-date: /home/wyatt/avHW9/install/gps_nav_interfaces/include/gps_nav_interfaces/gps_nav_interfaces/msg/rosidl_generator_c__visibility_control.h
[0.917s] -- Up-to-date: /home/wyatt/avHW9/install/gps_nav_interfaces/share/gps_nav_interfaces/environment/library_path.sh
[0.918s] -- Up-to-date: /home/wyatt/avHW9/install/gps_nav_interfaces/share/gps_nav_interfaces/environment/library_path.dsv
[0.918s] -- Up-to-date: /home/wyatt/avHW9/install/gps_nav_interfaces/lib/libgps_nav_interfaces__rosidl_generator_c.so
[0.918s] -- Up-to-date: /home/wyatt/avHW9/install/gps_nav_interfaces/include/gps_nav_interfaces/gps_nav_interfaces
[0.918s] -- Up-to-date: /home/wyatt/avHW9/install/gps_nav_interfaces/include/gps_nav_interfaces/gps_nav_interfaces/srv
[0.919s] -- Up-to-date: /home/wyatt/avHW9/install/gps_nav_interfaces/include/gps_nav_interfaces/gps_nav_interfaces/srv/detail
[0.919s] -- Up-to-date: /home/wyatt/avHW9/install/gps_nav_interfaces/include/gps_nav_interfaces/gps_nav_interfaces/srv/detail/get_route_poses__rosidl_typesupport_fastrtps_c.h
[0.919s] -- Up-to-date: /home/wyatt/avHW9/install/gps_nav_interfaces/include/gps_nav_interfaces/gps_nav_interfaces/msg
[0.919s] -- Up-to-date: /home/wyatt/avHW9/install/gps_nav_interfaces/include/gps_nav_interfaces/gps_nav_interfaces/msg/rosidl_typesupport_fastrtps_c__visibility_control.h
[0.920s] -- Up-to-date: /home/wyatt/avHW9/install/gps_nav_interfaces/include/gps_nav_interfaces/gps_nav_interfaces/msg/detail
[0.920s] -- Up-to-date: /home/wyatt/avHW9/install/gps_nav_interfaces/include/gps_nav_interfaces/gps_nav_interfaces/msg/detail/look_ahead_specs__rosidl_typesupport_fastrtps_c.h
[0.920s] -- Up-to-date: /home/wyatt/avHW9/install/gps_nav_interfaces/include/gps_nav_interfaces/gps_nav_interfaces/msg/detail/current_goal_pose__rosidl_typesupport_fastrtps_c.h
[0.920s] -- Up-to-date: /home/wyatt/avHW9/install/gps_nav_interfaces/lib/libgps_nav_interfaces__rosidl_typesupport_fastrtps_c.so
[0.921s] -- Up-to-date: /home/wyatt/avHW9/install/gps_nav_interfaces/include/gps_nav_interfaces/gps_nav_interfaces
[0.921s] -- Up-to-date: /home/wyatt/avHW9/install/gps_nav_interfaces/include/gps_nav_interfaces/gps_nav_interfaces/srv
[0.921s] -- Up-to-date: /home/wyatt/avHW9/install/gps_nav_interfaces/include/gps_nav_interfaces/gps_nav_interfaces/srv/detail
[0.921s] -- Up-to-date: /home/wyatt/avHW9/install/gps_nav_interfaces/include/gps_nav_interfaces/gps_nav_interfaces/srv/detail/get_route_poses__type_support.c
[0.921s] -- Up-to-date: /home/wyatt/avHW9/install/gps_nav_interfaces/include/gps_nav_interfaces/gps_nav_interfaces/srv/detail/get_route_poses__rosidl_typesupport_introspection_c.h
[0.922s] -- Up-to-date: /home/wyatt/avHW9/install/gps_nav_interfaces/include/gps_nav_interfaces/gps_nav_interfaces/msg
[0.922s] -- Up-to-date: /home/wyatt/avHW9/install/gps_nav_interfaces/include/gps_nav_interfaces/gps_nav_interfaces/msg/rosidl_typesupport_introspection_c__visibility_control.h
[0.922s] -- Up-to-date: /home/wyatt/avHW9/install/gps_nav_interfaces/include/gps_nav_interfaces/gps_nav_interfaces/msg/detail
[0.922s] -- Up-to-date: /home/wyatt/avHW9/install/gps_nav_interfaces/include/gps_nav_interfaces/gps_nav_interfaces/msg/detail/look_ahead_specs__rosidl_typesupport_introspection_c.h
[0.922s] -- Up-to-date: /home/wyatt/avHW9/install/gps_nav_interfaces/include/gps_nav_interfaces/gps_nav_interfaces/msg/detail/current_goal_pose__rosidl_typesupport_introspection_c.h
[0.923s] -- Up-to-date: /home/wyatt/avHW9/install/gps_nav_interfaces/include/gps_nav_interfaces/gps_nav_interfaces/msg/detail/look_ahead_specs__type_support.c
[0.923s] -- Up-to-date: /home/wyatt/avHW9/install/gps_nav_interfaces/include/gps_nav_interfaces/gps_nav_interfaces/msg/detail/current_goal_pose__type_support.c
[0.923s] -- Up-to-date: /home/wyatt/avHW9/install/gps_nav_interfaces/lib/libgps_nav_interfaces__rosidl_typesupport_introspection_c.so
[0.923s] -- Up-to-date: /home/wyatt/avHW9/install/gps_nav_interfaces/lib/libgps_nav_interfaces__rosidl_typesupport_c.so
[0.924s] -- Up-to-date: /home/wyatt/avHW9/install/gps_nav_interfaces/include/gps_nav_interfaces/gps_nav_interfaces
[0.924s] -- Up-to-date: /home/wyatt/avHW9/install/gps_nav_interfaces/include/gps_nav_interfaces/gps_nav_interfaces/srv
[0.924s] -- Up-to-date: /home/wyatt/avHW9/install/gps_nav_interfaces/include/gps_nav_interfaces/gps_nav_interfaces/srv/get_route_poses.hpp
[0.924s] -- Up-to-date: /home/wyatt/avHW9/install/gps_nav_interfaces/include/gps_nav_interfaces/gps_nav_interfaces/srv/detail
[0.924s] -- Up-to-date: /home/wyatt/avHW9/install/gps_nav_interfaces/include/gps_nav_interfaces/gps_nav_interfaces/srv/detail/get_route_poses__traits.hpp
[0.924s] -- Up-to-date: /home/wyatt/avHW9/install/gps_nav_interfaces/include/gps_nav_interfaces/gps_nav_interfaces/srv/detail/get_route_poses__struct.hpp
[0.924s] -- Up-to-date: /home/wyatt/avHW9/install/gps_nav_interfaces/include/gps_nav_interfaces/gps_nav_interfaces/srv/detail/get_route_poses__builder.hpp
[0.924s] -- Up-to-date: /home/wyatt/avHW9/install/gps_nav_interfaces/include/gps_nav_interfaces/gps_nav_interfaces/msg
[0.925s] -- Up-to-date: /home/wyatt/avHW9/install/gps_nav_interfaces/include/gps_nav_interfaces/gps_nav_interfaces/msg/current_goal_pose.hpp
[0.925s] -- Up-to-date: /home/wyatt/avHW9/install/gps_nav_interfaces/include/gps_nav_interfaces/gps_nav_interfaces/msg/look_ahead_specs.hpp
[0.925s] -- Up-to-date: /home/wyatt/avHW9/install/gps_nav_interfaces/include/gps_nav_interfaces/gps_nav_interfaces/msg/detail
[0.925s] -- Up-to-date: /home/wyatt/avHW9/install/gps_nav_interfaces/include/gps_nav_interfaces/gps_nav_interfaces/msg/detail/current_goal_pose__struct.hpp
[0.925s] -- Up-to-date: /home/wyatt/avHW9/install/gps_nav_interfaces/include/gps_nav_interfaces/gps_nav_interfaces/msg/detail/look_ahead_specs__builder.hpp
[0.925s] -- Up-to-date: /home/wyatt/avHW9/install/gps_nav_interfaces/include/gps_nav_interfaces/gps_nav_interfaces/msg/detail/look_ahead_specs__traits.hpp
[0.925s] -- Up-to-date: /home/wyatt/avHW9/install/gps_nav_interfaces/include/gps_nav_interfaces/gps_nav_interfaces/msg/detail/look_ahead_specs__struct.hpp
[0.925s] -- Up-to-date: /home/wyatt/avHW9/install/gps_nav_interfaces/include/gps_nav_interfaces/gps_nav_interfaces/msg/detail/current_goal_pose__traits.hpp
[0.925s] -- Up-to-date: /home/wyatt/avHW9/install/gps_nav_interfaces/include/gps_nav_interfaces/gps_nav_interfaces/msg/detail/current_goal_pose__builder.hpp
[0.926s] -- Up-to-date: /home/wyatt/avHW9/install/gps_nav_interfaces/include/gps_nav_interfaces/gps_nav_interfaces
[0.926s] -- Up-to-date: /home/wyatt/avHW9/install/gps_nav_interfaces/include/gps_nav_interfaces/gps_nav_interfaces/srv
[0.926s] -- Up-to-date: /home/wyatt/avHW9/install/gps_nav_interfaces/include/gps_nav_interfaces/gps_nav_interfaces/srv/detail
[0.926s] -- Up-to-date: /home/wyatt/avHW9/install/gps_nav_interfaces/include/gps_nav_interfaces/gps_nav_interfaces/srv/detail/get_route_poses__rosidl_typesupport_fastrtps_cpp.hpp
[0.926s] -- Up-to-date: /home/wyatt/avHW9/install/gps_nav_interfaces/include/gps_nav_interfaces/gps_nav_interfaces/srv/detail/dds_fastrtps
[0.926s] -- Up-to-date: /home/wyatt/avHW9/install/gps_nav_interfaces/include/gps_nav_interfaces/gps_nav_interfaces/msg
[0.926s] -- Up-to-date: /home/wyatt/avHW9/install/gps_nav_interfaces/include/gps_nav_interfaces/gps_nav_interfaces/msg/rosidl_typesupport_fastrtps_cpp__visibility_control.h
[0.926s] -- Up-to-date: /home/wyatt/avHW9/install/gps_nav_interfaces/include/gps_nav_interfaces/gps_nav_interfaces/msg/detail
[0.926s] -- Up-to-date: /home/wyatt/avHW9/install/gps_nav_interfaces/include/gps_nav_interfaces/gps_nav_interfaces/msg/detail/current_goal_pose__rosidl_typesupport_fastrtps_cpp.hpp
[0.927s] -- Up-to-date: /home/wyatt/avHW9/install/gps_nav_interfaces/include/gps_nav_interfaces/gps_nav_interfaces/msg/detail/look_ahead_specs__rosidl_typesupport_fastrtps_cpp.hpp
[0.927s] -- Up-to-date: /home/wyatt/avHW9/install/gps_nav_interfaces/include/gps_nav_interfaces/gps_nav_interfaces/msg/detail/dds_fastrtps
[0.927s] -- Up-to-date: /home/wyatt/avHW9/install/gps_nav_interfaces/lib/libgps_nav_interfaces__rosidl_typesupport_fastrtps_cpp.so
[0.927s] -- Up-to-date: /home/wyatt/avHW9/install/gps_nav_interfaces/include/gps_nav_interfaces/gps_nav_interfaces
[0.927s] -- Up-to-date: /home/wyatt/avHW9/install/gps_nav_interfaces/include/gps_nav_interfaces/gps_nav_interfaces/srv
[0.927s] -- Up-to-date: /home/wyatt/avHW9/install/gps_nav_interfaces/include/gps_nav_interfaces/gps_nav_interfaces/srv/detail
[0.927s] -- Up-to-date: /home/wyatt/avHW9/install/gps_nav_interfaces/include/gps_nav_interfaces/gps_nav_interfaces/srv/detail/get_route_poses__type_support.cpp
[0.927s] -- Up-to-date: /home/wyatt/avHW9/install/gps_nav_interfaces/include/gps_nav_interfaces/gps_nav_interfaces/srv/detail/get_route_poses__rosidl_typesupport_introspection_cpp.hpp
[0.928s] -- Up-to-date: /home/wyatt/avHW9/install/gps_nav_interfaces/include/gps_nav_interfaces/gps_nav_interfaces/msg
[0.928s] -- Up-to-date: /home/wyatt/avHW9/install/gps_nav_interfaces/include/gps_nav_interfaces/gps_nav_interfaces/msg/detail
[0.928s] -- Up-to-date: /home/wyatt/avHW9/install/gps_nav_interfaces/include/gps_nav_interfaces/gps_nav_interfaces/msg/detail/look_ahead_specs__type_support.cpp
[0.928s] -- Up-to-date: /home/wyatt/avHW9/install/gps_nav_interfaces/include/gps_nav_interfaces/gps_nav_interfaces/msg/detail/current_goal_pose__type_support.cpp
[0.928s] -- Up-to-date: /home/wyatt/avHW9/install/gps_nav_interfaces/include/gps_nav_interfaces/gps_nav_interfaces/msg/detail/look_ahead_specs__rosidl_typesupport_introspection_cpp.hpp
[0.928s] -- Up-to-date: /home/wyatt/avHW9/install/gps_nav_interfaces/include/gps_nav_interfaces/gps_nav_interfaces/msg/detail/current_goal_pose__rosidl_typesupport_introspection_cpp.hpp
[0.928s] -- Up-to-date: /home/wyatt/avHW9/install/gps_nav_interfaces/lib/libgps_nav_interfaces__rosidl_typesupport_introspection_cpp.so
[0.929s] -- Up-to-date: /home/wyatt/avHW9/install/gps_nav_interfaces/lib/libgps_nav_interfaces__rosidl_typesupport_cpp.so
[0.929s] -- Up-to-date: /home/wyatt/avHW9/install/gps_nav_interfaces/share/gps_nav_interfaces/environment/pythonpath.sh
[0.929s] -- Up-to-date: /home/wyatt/avHW9/install/gps_nav_interfaces/share/gps_nav_interfaces/environment/pythonpath.dsv
[0.929s] -- Up-to-date: /home/wyatt/avHW9/install/gps_nav_interfaces/local/lib/python3.10/dist-packages/gps_nav_interfaces-0.0.0-py3.10.egg-info
[0.929s] -- Installing: /home/wyatt/avHW9/install/gps_nav_interfaces/local/lib/python3.10/dist-packages/gps_nav_interfaces-0.0.0-py3.10.egg-info/SOURCES.txt
[0.929s] -- Installing: /home/wyatt/avHW9/install/gps_nav_interfaces/local/lib/python3.10/dist-packages/gps_nav_interfaces-0.0.0-py3.10.egg-info/PKG-INFO
[0.929s] -- Installing: /home/wyatt/avHW9/install/gps_nav_interfaces/local/lib/python3.10/dist-packages/gps_nav_interfaces-0.0.0-py3.10.egg-info/top_level.txt
[0.929s] -- Installing: /home/wyatt/avHW9/install/gps_nav_interfaces/local/lib/python3.10/dist-packages/gps_nav_interfaces-0.0.0-py3.10.egg-info/dependency_links.txt
[0.930s] -- Up-to-date: /home/wyatt/avHW9/install/gps_nav_interfaces/local/lib/python3.10/dist-packages/gps_nav_interfaces
[0.930s] -- Up-to-date: /home/wyatt/avHW9/install/gps_nav_interfaces/local/lib/python3.10/dist-packages/gps_nav_interfaces/gps_nav_interfaces_s__rosidl_typesupport_introspection_c.cpython-310-x86_64-linux-gnu.so
[0.930s] -- Up-to-date: /home/wyatt/avHW9/install/gps_nav_interfaces/local/lib/python3.10/dist-packages/gps_nav_interfaces/_gps_nav_interfaces_s.ep.rosidl_typesupport_c.c
[0.930s] -- Up-to-date: /home/wyatt/avHW9/install/gps_nav_interfaces/local/lib/python3.10/dist-packages/gps_nav_interfaces/_gps_nav_interfaces_s.ep.rosidl_typesupport_fastrtps_c.c
[0.930s] -- Up-to-date: /home/wyatt/avHW9/install/gps_nav_interfaces/local/lib/python3.10/dist-packages/gps_nav_interfaces/__init__.py
[0.930s] -- Up-to-date: /home/wyatt/avHW9/install/gps_nav_interfaces/local/lib/python3.10/dist-packages/gps_nav_interfaces/_gps_nav_interfaces_s.ep.rosidl_typesupport_introspection_c.c
[0.930s] -- Up-to-date: /home/wyatt/avHW9/install/gps_nav_interfaces/local/lib/python3.10/dist-packages/gps_nav_interfaces/gps_nav_interfaces_s__rosidl_typesupport_c.cpython-310-x86_64-linux-gnu.so
[0.930s] -- Up-to-date: /home/wyatt/avHW9/install/gps_nav_interfaces/local/lib/python3.10/dist-packages/gps_nav_interfaces/srv
[0.931s] -- Up-to-date: /home/wyatt/avHW9/install/gps_nav_interfaces/local/lib/python3.10/dist-packages/gps_nav_interfaces/srv/__init__.py
[0.931s] -- Up-to-date: /home/wyatt/avHW9/install/gps_nav_interfaces/local/lib/python3.10/dist-packages/gps_nav_interfaces/srv/_get_route_poses.py
[0.931s] -- Up-to-date: /home/wyatt/avHW9/install/gps_nav_interfaces/local/lib/python3.10/dist-packages/gps_nav_interfaces/srv/_get_route_poses_s.c
[0.931s] -- Up-to-date: /home/wyatt/avHW9/install/gps_nav_interfaces/local/lib/python3.10/dist-packages/gps_nav_interfaces/msg
[0.931s] -- Up-to-date: /home/wyatt/avHW9/install/gps_nav_interfaces/local/lib/python3.10/dist-packages/gps_nav_interfaces/msg/_look_ahead_specs.py
[0.931s] -- Up-to-date: /home/wyatt/avHW9/install/gps_nav_interfaces/local/lib/python3.10/dist-packages/gps_nav_interfaces/msg/_current_goal_pose.py
[0.931s] -- Up-to-date: /home/wyatt/avHW9/install/gps_nav_interfaces/local/lib/python3.10/dist-packages/gps_nav_interfaces/msg/__init__.py
[0.931s] -- Up-to-date: /home/wyatt/avHW9/install/gps_nav_interfaces/local/lib/python3.10/dist-packages/gps_nav_interfaces/msg/_look_ahead_specs_s.c
[0.931s] -- Up-to-date: /home/wyatt/avHW9/install/gps_nav_interfaces/local/lib/python3.10/dist-packages/gps_nav_interfaces/msg/_current_goal_pose_s.c
[0.932s] -- Up-to-date: /home/wyatt/avHW9/install/gps_nav_interfaces/local/lib/python3.10/dist-packages/gps_nav_interfaces/libgps_nav_interfaces__rosidl_generator_py.so
[0.932s] -- Up-to-date: /home/wyatt/avHW9/install/gps_nav_interfaces/local/lib/python3.10/dist-packages/gps_nav_interfaces/gps_nav_interfaces_s__rosidl_typesupport_fastrtps_c.cpython-310-x86_64-linux-gnu.so
[0.969s] Listing '/home/wyatt/avHW9/install/gps_nav_interfaces/local/lib/python3.10/dist-packages/gps_nav_interfaces'...
[0.970s] Listing '/home/wyatt/avHW9/install/gps_nav_interfaces/local/lib/python3.10/dist-packages/gps_nav_interfaces/msg'...
[0.970s] Listing '/home/wyatt/avHW9/install/gps_nav_interfaces/local/lib/python3.10/dist-packages/gps_nav_interfaces/srv'...
[0.976s] -- Up-to-date: /home/wyatt/avHW9/install/gps_nav_interfaces/local/lib/python3.10/dist-packages/gps_nav_interfaces/gps_nav_interfaces_s__rosidl_typesupport_fastrtps_c.cpython-310-x86_64-linux-gnu.so
[0.976s] -- Up-to-date: /home/wyatt/avHW9/install/gps_nav_interfaces/local/lib/python3.10/dist-packages/gps_nav_interfaces/gps_nav_interfaces_s__rosidl_typesupport_introspection_c.cpython-310-x86_64-linux-gnu.so
[0.976s] -- Up-to-date: /home/wyatt/avHW9/install/gps_nav_interfaces/local/lib/python3.10/dist-packages/gps_nav_interfaces/gps_nav_interfaces_s__rosidl_typesupport_c.cpython-310-x86_64-linux-gnu.so
[0.977s] -- Up-to-date: /home/wyatt/avHW9/install/gps_nav_interfaces/lib/libgps_nav_interfaces__rosidl_generator_py.so
[0.977s] -- Up-to-date: /home/wyatt/avHW9/install/gps_nav_interfaces/share/gps_nav_interfaces/msg/CurrentGoalPose.idl
[0.977s] -- Up-to-date: /home/wyatt/avHW9/install/gps_nav_interfaces/share/gps_nav_interfaces/msg/LookAheadSpecs.idl
[0.978s] -- Up-to-date: /home/wyatt/avHW9/install/gps_nav_interfaces/share/gps_nav_interfaces/srv/GetRoutePoses.idl
[0.978s] -- Up-to-date: /home/wyatt/avHW9/install/gps_nav_interfaces/share/gps_nav_interfaces/msg/CurrentGoalPose.msg
[0.978s] -- Up-to-date: /home/wyatt/avHW9/install/gps_nav_interfaces/share/gps_nav_interfaces/msg/LookAheadSpecs.msg
[0.978s] -- Up-to-date: /home/wyatt/avHW9/install/gps_nav_interfaces/share/gps_nav_interfaces/srv/GetRoutePoses.srv
[0.979s] -- Up-to-date: /home/wyatt/avHW9/install/gps_nav_interfaces/share/gps_nav_interfaces/srv/GetRoutePoses_Request.msg
[0.979s] -- Up-to-date: /home/wyatt/avHW9/install/gps_nav_interfaces/share/gps_nav_interfaces/srv/GetRoutePoses_Response.msg
[0.979s] -- Up-to-date: /home/wyatt/avHW9/install/gps_nav_interfaces/share/ament_index/resource_index/package_run_dependencies/gps_nav_interfaces
[0.979s] -- Up-to-date: /home/wyatt/avHW9/install/gps_nav_interfaces/share/ament_index/resource_index/parent_prefix_path/gps_nav_interfaces
[0.979s] -- Up-to-date: /home/wyatt/avHW9/install/gps_nav_interfaces/share/gps_nav_interfaces/environment/ament_prefix_path.sh
[0.980s] -- Up-to-date: /home/wyatt/avHW9/install/gps_nav_interfaces/share/gps_nav_interfaces/environment/ament_prefix_path.dsv
[0.980s] -- Up-to-date: /home/wyatt/avHW9/install/gps_nav_interfaces/share/gps_nav_interfaces/environment/path.sh
[0.980s] -- Up-to-date: /home/wyatt/avHW9/install/gps_nav_interfaces/share/gps_nav_interfaces/environment/path.dsv
[0.980s] -- Up-to-date: /home/wyatt/avHW9/install/gps_nav_interfaces/share/gps_nav_interfaces/local_setup.bash
[0.980s] -- Up-to-date: /home/wyatt/avHW9/install/gps_nav_interfaces/share/gps_nav_interfaces/local_setup.sh
[0.981s] -- Up-to-date: /home/wyatt/avHW9/install/gps_nav_interfaces/share/gps_nav_interfaces/local_setup.zsh
[0.981s] -- Up-to-date: /home/wyatt/avHW9/install/gps_nav_interfaces/share/gps_nav_interfaces/local_setup.dsv
[0.981s] -- Installing: /home/wyatt/avHW9/install/gps_nav_interfaces/share/gps_nav_interfaces/package.dsv
[0.981s] -- Up-to-date: /home/wyatt/avHW9/install/gps_nav_interfaces/share/ament_index/resource_index/packages/gps_nav_interfaces
[0.981s] -- Up-to-date: /home/wyatt/avHW9/install/gps_nav_interfaces/share/gps_nav_interfaces/cmake/export_gps_nav_interfaces__rosidl_generator_cExport.cmake
[0.982s] -- Up-to-date: /home/wyatt/avHW9/install/gps_nav_interfaces/share/gps_nav_interfaces/cmake/export_gps_nav_interfaces__rosidl_generator_cExport-noconfig.cmake
[0.982s] -- Up-to-date: /home/wyatt/avHW9/install/gps_nav_interfaces/share/gps_nav_interfaces/cmake/export_gps_nav_interfaces__rosidl_typesupport_fastrtps_cExport.cmake
[0.982s] -- Up-to-date: /home/wyatt/avHW9/install/gps_nav_interfaces/share/gps_nav_interfaces/cmake/export_gps_nav_interfaces__rosidl_typesupport_fastrtps_cExport-noconfig.cmake
[0.982s] -- Up-to-date: /home/wyatt/avHW9/install/gps_nav_interfaces/share/gps_nav_interfaces/cmake/gps_nav_interfaces__rosidl_typesupport_introspection_cExport.cmake
[0.982s] -- Up-to-date: /home/wyatt/avHW9/install/gps_nav_interfaces/share/gps_nav_interfaces/cmake/gps_nav_interfaces__rosidl_typesupport_introspection_cExport-noconfig.cmake
[0.982s] -- Up-to-date: /home/wyatt/avHW9/install/gps_nav_interfaces/share/gps_nav_interfaces/cmake/gps_nav_interfaces__rosidl_typesupport_cExport.cmake
[0.982s] -- Up-to-date: /home/wyatt/avHW9/install/gps_nav_interfaces/share/gps_nav_interfaces/cmake/gps_nav_interfaces__rosidl_typesupport_cExport-noconfig.cmake
[0.982s] -- Up-to-date: /home/wyatt/avHW9/install/gps_nav_interfaces/share/gps_nav_interfaces/cmake/export_gps_nav_interfaces__rosidl_generator_cppExport.cmake
[0.983s] -- Up-to-date: /home/wyatt/avHW9/install/gps_nav_interfaces/share/gps_nav_interfaces/cmake/export_gps_nav_interfaces__rosidl_typesupport_fastrtps_cppExport.cmake
[0.983s] -- Up-to-date: /home/wyatt/avHW9/install/gps_nav_interfaces/share/gps_nav_interfaces/cmake/export_gps_nav_interfaces__rosidl_typesupport_fastrtps_cppExport-noconfig.cmake
[0.983s] -- Up-to-date: /home/wyatt/avHW9/install/gps_nav_interfaces/share/gps_nav_interfaces/cmake/gps_nav_interfaces__rosidl_typesupport_introspection_cppExport.cmake
[0.983s] -- Up-to-date: /home/wyatt/avHW9/install/gps_nav_interfaces/share/gps_nav_interfaces/cmake/gps_nav_interfaces__rosidl_typesupport_introspection_cppExport-noconfig.cmake
[0.983s] -- Up-to-date: /home/wyatt/avHW9/install/gps_nav_interfaces/share/gps_nav_interfaces/cmake/gps_nav_interfaces__rosidl_typesupport_cppExport.cmake
[0.984s] -- Up-to-date: /home/wyatt/avHW9/install/gps_nav_interfaces/share/gps_nav_interfaces/cmake/gps_nav_interfaces__rosidl_typesupport_cppExport-noconfig.cmake
[0.985s] -- Up-to-date: /home/wyatt/avHW9/install/gps_nav_interfaces/share/gps_nav_interfaces/cmake/export_gps_nav_interfaces__rosidl_generator_pyExport.cmake
[0.985s] -- Up-to-date: /home/wyatt/avHW9/install/gps_nav_interfaces/share/gps_nav_interfaces/cmake/export_gps_nav_interfaces__rosidl_generator_pyExport-noconfig.cmake
[0.986s] -- Up-to-date: /home/wyatt/avHW9/install/gps_nav_interfaces/share/gps_nav_interfaces/cmake/rosidl_cmake-extras.cmake
[0.987s] -- Up-to-date: /home/wyatt/avHW9/install/gps_nav_interfaces/share/gps_nav_interfaces/cmake/ament_cmake_export_dependencies-extras.cmake
[0.987s] -- Up-to-date: /home/wyatt/avHW9/install/gps_nav_interfaces/share/gps_nav_interfaces/cmake/ament_cmake_export_include_directories-extras.cmake
[0.988s] -- Up-to-date: /home/wyatt/avHW9/install/gps_nav_interfaces/share/gps_nav_interfaces/cmake/ament_cmake_export_libraries-extras.cmake
[0.988s] -- Up-to-date: /home/wyatt/avHW9/install/gps_nav_interfaces/share/gps_nav_interfaces/cmake/ament_cmake_export_targets-extras.cmake
[0.989s] -- Up-to-date: /home/wyatt/avHW9/install/gps_nav_interfaces/share/gps_nav_interfaces/cmake/rosidl_cmake_export_typesupport_targets-extras.cmake
[0.989s] -- Up-to-date: /home/wyatt/avHW9/install/gps_nav_interfaces/share/gps_nav_interfaces/cmake/rosidl_cmake_export_typesupport_libraries-extras.cmake
[0.989s] -- Up-to-date: /home/wyatt/avHW9/install/gps_nav_interfaces/share/gps_nav_interfaces/cmake/gps_nav_interfacesConfig.cmake
[0.990s] -- Up-to-date: /home/wyatt/avHW9/install/gps_nav_interfaces/share/gps_nav_interfaces/cmake/gps_nav_interfacesConfig-version.cmake
[0.990s] -- Up-to-date: /home/wyatt/avHW9/install/gps_nav_interfaces/share/gps_nav_interfaces/package.xml
[0.991s] Invoked command in '/home/wyatt/avHW9/build/gps_nav_interfaces' returned '0': CMAKE_PREFIX_PATH=${CMAKE_PREFIX_PATH}:/home/wyatt/avHW9/install/gps_nav:/opt/ros/humble /usr/bin/cmake --install /home/wyatt/avHW9/build/gps_nav_interfaces
