[0.124s] Invoking command in '/home/wyatt/avHW9/build/gps_nav_interfaces': CMAKE_PREFIX_PATH=${CMAKE_PREFIX_PATH}:/home/wyatt/avHW9/install/gps_nav:/opt/ros/humble /usr/bin/cmake --build /home/wyatt/avHW9/build/gps_nav_interfaces -- -j4 -l4
[0.210s] [  2%] Built target gps_nav_interfaces__cpp
[0.212s] [ 12%] Built target gps_nav_interfaces__rosidl_generator_c
[0.237s] [ 12%] Built target ament_cmake_python_copy_gps_nav_interfaces
[0.270s] [ 23%] Built target gps_nav_interfaces__rosidl_typesupport_cpp
[0.270s] [ 34%] Built target gps_nav_interfaces__rosidl_typesupport_introspection_cpp
[0.275s] [ 44%] Built target gps_nav_interfaces__rosidl_typesupport_fastrtps_cpp
[0.292s] [ 55%] Built target gps_nav_interfaces__rosidl_typesupport_fastrtps_c
[0.316s] [ 65%] Built target gps_nav_interfaces__rosidl_typesupport_introspection_c
[0.317s] [ 76%] Built target gps_nav_interfaces__rosidl_typesupport_c
[0.358s] [ 76%] Built target gps_nav_interfaces
[0.402s] [ 78%] Built target gps_nav_interfaces__py
[0.458s] [ 87%] Built target gps_nav_interfaces__rosidl_generator_py
[0.518s] [ 91%] Built target gps_nav_interfaces__rosidl_typesupport_fastrtps_c__pyext
[0.535s] [ 95%] Built target gps_nav_interfaces__rosidl_typesupport_c__pyext
[0.543s] [100%] Built target gps_nav_interfaces__rosidl_typesupport_introspection_c__pyext
[0.808s] running egg_info
[0.809s] writing gps_nav_interfaces.egg-info/PKG-INFO
[0.809s] writing dependency_links to gps_nav_interfaces.egg-info/dependency_links.txt
[0.809s] writing top-level names to gps_nav_interfaces.egg-info/top_level.txt
[0.813s] reading manifest file 'gps_nav_interfaces.egg-info/SOURCES.txt'
[0.814s] writing manifest file 'gps_nav_interfaces.egg-info/SOURCES.txt'
[0.859s] [100%] Built target ament_cmake_python_build_gps_nav_interfaces_egg
[0.875s] Invoked command in '/home/wyatt/avHW9/build/gps_nav_interfaces' returned '0': CMAKE_PREFIX_PATH=${CMAKE_PREFIX_PATH}:/home/wyatt/avHW9/install/gps_nav:/opt/ros/humble /usr/bin/cmake --build /home/wyatt/avHW9/build/gps_nav_interfaces -- -j4 -l4
[1.018s] Invoking command in '/home/wyatt/avHW9/build/gps_nav_interfaces': CMAKE_PREFIX_PATH=${CMAKE_PREFIX_PATH}:/home/wyatt/avHW9/install/gps_nav:/opt/ros/humble /usr/bin/cmake --install /home/wyatt/avHW9/build/gps_nav_interfaces
[1.032s] -- Install configuration: ""
[1.032s] -- Up-to-date: /home/wyatt/avHW9/install/gps_nav_interfaces/share/ament_index/resource_index/rosidl_interfaces/gps_nav_interfaces
[1.032s] -- Up-to-date: /home/wyatt/avHW9/install/gps_nav_interfaces/include/gps_nav_interfaces/gps_nav_interfaces
[1.033s] -- Up-to-date: /home/wyatt/avHW9/install/gps_nav_interfaces/include/gps_nav_interfaces/gps_nav_interfaces/srv
[1.033s] -- Up-to-date: /home/wyatt/avHW9/install/gps_nav_interfaces/include/gps_nav_interfaces/gps_nav_interfaces/srv/get_route_poses.h
[1.033s] -- Up-to-date: /home/wyatt/avHW9/install/gps_nav_interfaces/include/gps_nav_interfaces/gps_nav_interfaces/srv/detail
[1.034s] -- Up-to-date: /home/wyatt/avHW9/install/gps_nav_interfaces/include/gps_nav_interfaces/gps_nav_interfaces/srv/detail/get_route_poses__type_support.h
[1.034s] -- Up-to-date: /home/wyatt/avHW9/install/gps_nav_interfaces/include/gps_nav_interfaces/gps_nav_interfaces/srv/detail/get_route_poses__functions.c
[1.034s] -- Up-to-date: /home/wyatt/avHW9/install/gps_nav_interfaces/include/gps_nav_interfaces/gps_nav_interfaces/srv/detail/get_route_poses__struct.h
[1.034s] -- Up-to-date: /home/wyatt/avHW9/install/gps_nav_interfaces/include/gps_nav_interfaces/gps_nav_interfaces/srv/detail/get_route_poses__functions.h
[1.034s] -- Up-to-date: /home/wyatt/avHW9/install/gps_nav_interfaces/include/gps_nav_interfaces/gps_nav_interfaces/msg
[1.035s] -- Up-to-date: /home/wyatt/avHW9/install/gps_nav_interfaces/include/gps_nav_interfaces/gps_nav_interfaces/msg/look_ahead_specs.h
[1.035s] -- Up-to-date: /home/wyatt/avHW9/install/gps_nav_interfaces/include/gps_nav_interfaces/gps_nav_interfaces/msg/current_goal_pose.h
[1.035s] -- Up-to-date: /home/wyatt/avHW9/install/gps_nav_interfaces/include/gps_nav_interfaces/gps_nav_interfaces/msg/detail
[1.035s] -- Up-to-date: /home/wyatt/avHW9/install/gps_nav_interfaces/include/gps_nav_interfaces/gps_nav_interfaces/msg/detail/current_goal_pose__functions.c
[1.036s] -- Up-to-date: /home/wyatt/avHW9/install/gps_nav_interfaces/include/gps_nav_interfaces/gps_nav_interfaces/msg/detail/current_goal_pose__functions.h
[1.036s] -- Up-to-date: /home/wyatt/avHW9/install/gps_nav_interfaces/include/gps_nav_interfaces/gps_nav_interfaces/msg/detail/look_ahead_specs__functions.h
[1.037s] -- Up-to-date: /home/wyatt/avHW9/install/gps_nav_interfaces/include/gps_nav_interfaces/gps_nav_interfaces/msg/detail/look_ahead_specs__type_support.h
[1.038s] -- Up-to-date: /home/wyatt/avHW9/install/gps_nav_interfaces/include/gps_nav_interfaces/gps_nav_interfaces/msg/detail/look_ahead_specs__struct.h
[1.038s] -- Up-to-date: /home/wyatt/avHW9/install/gps_nav_interfaces/include/gps_nav_interfaces/gps_nav_interfaces/msg/detail/look_ahead_specs__functions.c
[1.038s] -- Up-to-date: /home/wyatt/avHW9/install/gps_nav_interfaces/include/gps_nav_interfaces/gps_nav_interfaces/msg/detail/current_goal_pose__type_support.h
[1.038s] -- Up-to-date: /home/wyatt/avHW9/install/gps_nav_interfaces/include/gps_nav_interfaces/gps_nav_interfaces/msg/detail/current_goal_pose__struct.h
[1.039s] -- Up-to-date: /home/wyatt/avHW9/install/gps_nav_interfaces/include/gps_nav_interfaces/gps_nav_interfaces/msg/rosidl_generator_c__visibility_control.h
[1.039s] -- Up-to-date: /home/wyatt/avHW9/install/gps_nav_interfaces/share/gps_nav_interfaces/environment/library_path.sh
[1.039s] -- Up-to-date: /home/wyatt/avHW9/install/gps_nav_interfaces/share/gps_nav_interfaces/environment/library_path.dsv
[1.040s] -- Up-to-date: /home/wyatt/avHW9/install/gps_nav_interfaces/lib/libgps_nav_interfaces__rosidl_generator_c.so
[1.040s] -- Up-to-date: /home/wyatt/avHW9/install/gps_nav_interfaces/include/gps_nav_interfaces/gps_nav_interfaces
[1.040s] -- Up-to-date: /home/wyatt/avHW9/install/gps_nav_interfaces/include/gps_nav_interfaces/gps_nav_interfaces/srv
[1.040s] -- Up-to-date: /home/wyatt/avHW9/install/gps_nav_interfaces/include/gps_nav_interfaces/gps_nav_interfaces/srv/detail
[1.041s] -- Up-to-date: /home/wyatt/avHW9/install/gps_nav_interfaces/include/gps_nav_interfaces/gps_nav_interfaces/srv/detail/get_route_poses__rosidl_typesupport_fastrtps_c.h
[1.042s] -- Up-to-date: /home/wyatt/avHW9/install/gps_nav_interfaces/include/gps_nav_interfaces/gps_nav_interfaces/msg
[1.042s] -- Up-to-date: /home/wyatt/avHW9/install/gps_nav_interfaces/include/gps_nav_interfaces/gps_nav_interfaces/msg/rosidl_typesupport_fastrtps_c__visibility_control.h
[1.043s] -- Up-to-date: /home/wyatt/avHW9/install/gps_nav_interfaces/include/gps_nav_interfaces/gps_nav_interfaces/msg/detail
[1.043s] -- Up-to-date: /home/wyatt/avHW9/install/gps_nav_interfaces/include/gps_nav_interfaces/gps_nav_interfaces/msg/detail/look_ahead_specs__rosidl_typesupport_fastrtps_c.h
[1.043s] -- Up-to-date: /home/wyatt/avHW9/install/gps_nav_interfaces/include/gps_nav_interfaces/gps_nav_interfaces/msg/detail/current_goal_pose__rosidl_typesupport_fastrtps_c.h
[1.044s] -- Up-to-date: /home/wyatt/avHW9/install/gps_nav_interfaces/lib/libgps_nav_interfaces__rosidl_typesupport_fastrtps_c.so
[1.044s] -- Up-to-date: /home/wyatt/avHW9/install/gps_nav_interfaces/include/gps_nav_interfaces/gps_nav_interfaces
[1.044s] -- Up-to-date: /home/wyatt/avHW9/install/gps_nav_interfaces/include/gps_nav_interfaces/gps_nav_interfaces/srv
[1.045s] -- Up-to-date: /home/wyatt/avHW9/install/gps_nav_interfaces/include/gps_nav_interfaces/gps_nav_interfaces/srv/detail
[1.045s] -- Up-to-date: /home/wyatt/avHW9/install/gps_nav_interfaces/include/gps_nav_interfaces/gps_nav_interfaces/srv/detail/get_route_poses__type_support.c
[1.045s] -- Up-to-date: /home/wyatt/avHW9/install/gps_nav_interfaces/include/gps_nav_interfaces/gps_nav_interfaces/srv/detail/get_route_poses__rosidl_typesupport_introspection_c.h
[1.045s] -- Up-to-date: /home/wyatt/avHW9/install/gps_nav_interfaces/include/gps_nav_interfaces/gps_nav_interfaces/msg
[1.046s] -- Up-to-date: /home/wyatt/avHW9/install/gps_nav_interfaces/include/gps_nav_interfaces/gps_nav_interfaces/msg/rosidl_typesupport_introspection_c__visibility_control.h
[1.046s] -- Up-to-date: /home/wyatt/avHW9/install/gps_nav_interfaces/include/gps_nav_interfaces/gps_nav_interfaces/msg/detail
[1.046s] -- Up-to-date: /home/wyatt/avHW9/install/gps_nav_interfaces/include/gps_nav_interfaces/gps_nav_interfaces/msg/detail/look_ahead_specs__rosidl_typesupport_introspection_c.h
[1.047s] -- Up-to-date: /home/wyatt/avHW9/install/gps_nav_interfaces/include/gps_nav_interfaces/gps_nav_interfaces/msg/detail/current_goal_pose__rosidl_typesupport_introspection_c.h
[1.047s] -- Up-to-date: /home/wyatt/avHW9/install/gps_nav_interfaces/include/gps_nav_interfaces/gps_nav_interfaces/msg/detail/look_ahead_specs__type_support.c
[1.047s] -- Up-to-date: /home/wyatt/avHW9/install/gps_nav_interfaces/include/gps_nav_interfaces/gps_nav_interfaces/msg/detail/current_goal_pose__type_support.c
[1.047s] -- Up-to-date: /home/wyatt/avHW9/install/gps_nav_interfaces/lib/libgps_nav_interfaces__rosidl_typesupport_introspection_c.so
[1.048s] -- Up-to-date: /home/wyatt/avHW9/install/gps_nav_interfaces/lib/libgps_nav_interfaces__rosidl_typesupport_c.so
[1.048s] -- Up-to-date: /home/wyatt/avHW9/install/gps_nav_interfaces/include/gps_nav_interfaces/gps_nav_interfaces
[1.049s] -- Up-to-date: /home/wyatt/avHW9/install/gps_nav_interfaces/include/gps_nav_interfaces/gps_nav_interfaces/srv
[1.049s] -- Up-to-date: /home/wyatt/avHW9/install/gps_nav_interfaces/include/gps_nav_interfaces/gps_nav_interfaces/srv/get_route_poses.hpp
[1.049s] -- Up-to-date: /home/wyatt/avHW9/install/gps_nav_interfaces/include/gps_nav_interfaces/gps_nav_interfaces/srv/detail
[1.050s] -- Up-to-date: /home/wyatt/avHW9/install/gps_nav_interfaces/include/gps_nav_interfaces/gps_nav_interfaces/srv/detail/get_route_poses__traits.hpp
[1.050s] -- Up-to-date: /home/wyatt/avHW9/install/gps_nav_interfaces/include/gps_nav_interfaces/gps_nav_interfaces/srv/detail/get_route_poses__struct.hpp
[1.050s] -- Up-to-date: /home/wyatt/avHW9/install/gps_nav_interfaces/include/gps_nav_interfaces/gps_nav_interfaces/srv/detail/get_route_poses__builder.hpp
[1.050s] -- Up-to-date: /home/wyatt/avHW9/install/gps_nav_interfaces/include/gps_nav_interfaces/gps_nav_interfaces/msg
[1.050s] -- Up-to-date: /home/wyatt/avHW9/install/gps_nav_interfaces/include/gps_nav_interfaces/gps_nav_interfaces/msg/current_goal_pose.hpp
[1.051s] -- Up-to-date: /home/wyatt/avHW9/install/gps_nav_interfaces/include/gps_nav_interfaces/gps_nav_interfaces/msg/look_ahead_specs.hpp
[1.051s] -- Up-to-date: /home/wyatt/avHW9/install/gps_nav_interfaces/include/gps_nav_interfaces/gps_nav_interfaces/msg/detail
[1.051s] -- Up-to-date: /home/wyatt/avHW9/install/gps_nav_interfaces/include/gps_nav_interfaces/gps_nav_interfaces/msg/detail/current_goal_pose__struct.hpp
[1.051s] -- Up-to-date: /home/wyatt/avHW9/install/gps_nav_interfaces/include/gps_nav_interfaces/gps_nav_interfaces/msg/detail/look_ahead_specs__builder.hpp
[1.051s] -- Up-to-date: /home/wyatt/avHW9/install/gps_nav_interfaces/include/gps_nav_interfaces/gps_nav_interfaces/msg/detail/look_ahead_specs__traits.hpp
[1.052s] -- Up-to-date: /home/wyatt/avHW9/install/gps_nav_interfaces/include/gps_nav_interfaces/gps_nav_interfaces/msg/detail/look_ahead_specs__struct.hpp
[1.052s] -- Up-to-date: /home/wyatt/avHW9/install/gps_nav_interfaces/include/gps_nav_interfaces/gps_nav_interfaces/msg/detail/current_goal_pose__traits.hpp
[1.052s] -- Up-to-date: /home/wyatt/avHW9/install/gps_nav_interfaces/include/gps_nav_interfaces/gps_nav_interfaces/msg/detail/current_goal_pose__builder.hpp
[1.052s] -- Up-to-date: /home/wyatt/avHW9/install/gps_nav_interfaces/include/gps_nav_interfaces/gps_nav_interfaces
[1.052s] -- Up-to-date: /home/wyatt/avHW9/install/gps_nav_interfaces/include/gps_nav_interfaces/gps_nav_interfaces/srv
[1.053s] -- Up-to-date: /home/wyatt/avHW9/install/gps_nav_interfaces/include/gps_nav_interfaces/gps_nav_interfaces/srv/detail
[1.053s] -- Up-to-date: /home/wyatt/avHW9/install/gps_nav_interfaces/include/gps_nav_interfaces/gps_nav_interfaces/srv/detail/get_route_poses__rosidl_typesupport_fastrtps_cpp.hpp
[1.054s] -- Up-to-date: /home/wyatt/avHW9/install/gps_nav_interfaces/include/gps_nav_interfaces/gps_nav_interfaces/srv/detail/dds_fastrtps
[1.054s] -- Up-to-date: /home/wyatt/avHW9/install/gps_nav_interfaces/include/gps_nav_interfaces/gps_nav_interfaces/msg
[1.054s] -- Up-to-date: /home/wyatt/avHW9/install/gps_nav_interfaces/include/gps_nav_interfaces/gps_nav_interfaces/msg/rosidl_typesupport_fastrtps_cpp__visibility_control.h
[1.055s] -- Up-to-date: /home/wyatt/avHW9/install/gps_nav_interfaces/include/gps_nav_interfaces/gps_nav_interfaces/msg/detail
[1.055s] -- Up-to-date: /home/wyatt/avHW9/install/gps_nav_interfaces/include/gps_nav_interfaces/gps_nav_interfaces/msg/detail/current_goal_pose__rosidl_typesupport_fastrtps_cpp.hpp
[1.055s] -- Up-to-date: /home/wyatt/avHW9/install/gps_nav_interfaces/include/gps_nav_interfaces/gps_nav_interfaces/msg/detail/look_ahead_specs__rosidl_typesupport_fastrtps_cpp.hpp
[1.055s] -- Up-to-date: /home/wyatt/avHW9/install/gps_nav_interfaces/include/gps_nav_interfaces/gps_nav_interfaces/msg/detail/dds_fastrtps
[1.056s] -- Up-to-date: /home/wyatt/avHW9/install/gps_nav_interfaces/lib/libgps_nav_interfaces__rosidl_typesupport_fastrtps_cpp.so
[1.056s] -- Up-to-date: /home/wyatt/avHW9/install/gps_nav_interfaces/include/gps_nav_interfaces/gps_nav_interfaces
[1.056s] -- Up-to-date: /home/wyatt/avHW9/install/gps_nav_interfaces/include/gps_nav_interfaces/gps_nav_interfaces/srv
[1.056s] -- Up-to-date: /home/wyatt/avHW9/install/gps_nav_interfaces/include/gps_nav_interfaces/gps_nav_interfaces/srv/detail
[1.056s] -- Up-to-date: /home/wyatt/avHW9/install/gps_nav_interfaces/include/gps_nav_interfaces/gps_nav_interfaces/srv/detail/get_route_poses__type_support.cpp
[1.057s] -- Up-to-date: /home/wyatt/avHW9/install/gps_nav_interfaces/include/gps_nav_interfaces/gps_nav_interfaces/srv/detail/get_route_poses__rosidl_typesupport_introspection_cpp.hpp
[1.057s] -- Up-to-date: /home/wyatt/avHW9/install/gps_nav_interfaces/include/gps_nav_interfaces/gps_nav_interfaces/msg
[1.057s] -- Up-to-date: /home/wyatt/avHW9/install/gps_nav_interfaces/include/gps_nav_interfaces/gps_nav_interfaces/msg/detail
[1.057s] -- Up-to-date: /home/wyatt/avHW9/install/gps_nav_interfaces/include/gps_nav_interfaces/gps_nav_interfaces/msg/detail/look_ahead_specs__type_support.cpp
[1.057s] -- Up-to-date: /home/wyatt/avHW9/install/gps_nav_interfaces/include/gps_nav_interfaces/gps_nav_interfaces/msg/detail/current_goal_pose__type_support.cpp
[1.058s] -- Up-to-date: /home/wyatt/avHW9/install/gps_nav_interfaces/include/gps_nav_interfaces/gps_nav_interfaces/msg/detail/look_ahead_specs__rosidl_typesupport_introspection_cpp.hpp
[1.058s] -- Up-to-date: /home/wyatt/avHW9/install/gps_nav_interfaces/include/gps_nav_interfaces/gps_nav_interfaces/msg/detail/current_goal_pose__rosidl_typesupport_introspection_cpp.hpp
[1.058s] -- Up-to-date: /home/wyatt/avHW9/install/gps_nav_interfaces/lib/libgps_nav_interfaces__rosidl_typesupport_introspection_cpp.so
[1.058s] -- Up-to-date: /home/wyatt/avHW9/install/gps_nav_interfaces/lib/libgps_nav_interfaces__rosidl_typesupport_cpp.so
[1.058s] -- Up-to-date: /home/wyatt/avHW9/install/gps_nav_interfaces/share/gps_nav_interfaces/environment/pythonpath.sh
[1.059s] -- Up-to-date: /home/wyatt/avHW9/install/gps_nav_interfaces/share/gps_nav_interfaces/environment/pythonpath.dsv
[1.059s] -- Up-to-date: /home/wyatt/avHW9/install/gps_nav_interfaces/local/lib/python3.10/dist-packages/gps_nav_interfaces-0.0.0-py3.10.egg-info
[1.059s] -- Installing: /home/wyatt/avHW9/install/gps_nav_interfaces/local/lib/python3.10/dist-packages/gps_nav_interfaces-0.0.0-py3.10.egg-info/SOURCES.txt
[1.059s] -- Installing: /home/wyatt/avHW9/install/gps_nav_interfaces/local/lib/python3.10/dist-packages/gps_nav_interfaces-0.0.0-py3.10.egg-info/PKG-INFO
[1.059s] -- Installing: /home/wyatt/avHW9/install/gps_nav_interfaces/local/lib/python3.10/dist-packages/gps_nav_interfaces-0.0.0-py3.10.egg-info/top_level.txt
[1.060s] -- Installing: /home/wyatt/avHW9/install/gps_nav_interfaces/local/lib/python3.10/dist-packages/gps_nav_interfaces-0.0.0-py3.10.egg-info/dependency_links.txt
[1.060s] -- Up-to-date: /home/wyatt/avHW9/install/gps_nav_interfaces/local/lib/python3.10/dist-packages/gps_nav_interfaces
[1.060s] -- Up-to-date: /home/wyatt/avHW9/install/gps_nav_interfaces/local/lib/python3.10/dist-packages/gps_nav_interfaces/gps_nav_interfaces_s__rosidl_typesupport_introspection_c.cpython-310-x86_64-linux-gnu.so
[1.060s] -- Up-to-date: /home/wyatt/avHW9/install/gps_nav_interfaces/local/lib/python3.10/dist-packages/gps_nav_interfaces/_gps_nav_interfaces_s.ep.rosidl_typesupport_c.c
[1.060s] -- Up-to-date: /home/wyatt/avHW9/install/gps_nav_interfaces/local/lib/python3.10/dist-packages/gps_nav_interfaces/_gps_nav_interfaces_s.ep.rosidl_typesupport_fastrtps_c.c
[1.061s] -- Up-to-date: /home/wyatt/avHW9/install/gps_nav_interfaces/local/lib/python3.10/dist-packages/gps_nav_interfaces/__init__.py
[1.061s] -- Up-to-date: /home/wyatt/avHW9/install/gps_nav_interfaces/local/lib/python3.10/dist-packages/gps_nav_interfaces/_gps_nav_interfaces_s.ep.rosidl_typesupport_introspection_c.c
[1.061s] -- Up-to-date: /home/wyatt/avHW9/install/gps_nav_interfaces/local/lib/python3.10/dist-packages/gps_nav_interfaces/gps_nav_interfaces_s__rosidl_typesupport_c.cpython-310-x86_64-linux-gnu.so
[1.061s] -- Up-to-date: /home/wyatt/avHW9/install/gps_nav_interfaces/local/lib/python3.10/dist-packages/gps_nav_interfaces/srv
[1.061s] -- Up-to-date: /home/wyatt/avHW9/install/gps_nav_interfaces/local/lib/python3.10/dist-packages/gps_nav_interfaces/srv/__init__.py
[1.062s] -- Up-to-date: /home/wyatt/avHW9/install/gps_nav_interfaces/local/lib/python3.10/dist-packages/gps_nav_interfaces/srv/_get_route_poses.py
[1.062s] -- Up-to-date: /home/wyatt/avHW9/install/gps_nav_interfaces/local/lib/python3.10/dist-packages/gps_nav_interfaces/srv/_get_route_poses_s.c
[1.062s] -- Up-to-date: /home/wyatt/avHW9/install/gps_nav_interfaces/local/lib/python3.10/dist-packages/gps_nav_interfaces/msg
[1.062s] -- Up-to-date: /home/wyatt/avHW9/install/gps_nav_interfaces/local/lib/python3.10/dist-packages/gps_nav_interfaces/msg/_look_ahead_specs.py
[1.062s] -- Up-to-date: /home/wyatt/avHW9/install/gps_nav_interfaces/local/lib/python3.10/dist-packages/gps_nav_interfaces/msg/_current_goal_pose.py
[1.063s] -- Up-to-date: /home/wyatt/avHW9/install/gps_nav_interfaces/local/lib/python3.10/dist-packages/gps_nav_interfaces/msg/__init__.py
[1.063s] -- Up-to-date: /home/wyatt/avHW9/install/gps_nav_interfaces/local/lib/python3.10/dist-packages/gps_nav_interfaces/msg/_look_ahead_specs_s.c
[1.063s] -- Up-to-date: /home/wyatt/avHW9/install/gps_nav_interfaces/local/lib/python3.10/dist-packages/gps_nav_interfaces/msg/_current_goal_pose_s.c
[1.063s] -- Up-to-date: /home/wyatt/avHW9/install/gps_nav_interfaces/local/lib/python3.10/dist-packages/gps_nav_interfaces/libgps_nav_interfaces__rosidl_generator_py.so
[1.063s] -- Up-to-date: /home/wyatt/avHW9/install/gps_nav_interfaces/local/lib/python3.10/dist-packages/gps_nav_interfaces/gps_nav_interfaces_s__rosidl_typesupport_fastrtps_c.cpython-310-x86_64-linux-gnu.so
[1.104s] Listing '/home/wyatt/avHW9/install/gps_nav_interfaces/local/lib/python3.10/dist-packages/gps_nav_interfaces'...
[1.104s] Listing '/home/wyatt/avHW9/install/gps_nav_interfaces/local/lib/python3.10/dist-packages/gps_nav_interfaces/msg'...
[1.105s] Listing '/home/wyatt/avHW9/install/gps_nav_interfaces/local/lib/python3.10/dist-packages/gps_nav_interfaces/srv'...
[1.111s] -- Up-to-date: /home/wyatt/avHW9/install/gps_nav_interfaces/local/lib/python3.10/dist-packages/gps_nav_interfaces/gps_nav_interfaces_s__rosidl_typesupport_fastrtps_c.cpython-310-x86_64-linux-gnu.so
[1.112s] -- Up-to-date: /home/wyatt/avHW9/install/gps_nav_interfaces/local/lib/python3.10/dist-packages/gps_nav_interfaces/gps_nav_interfaces_s__rosidl_typesupport_introspection_c.cpython-310-x86_64-linux-gnu.so
[1.112s] -- Up-to-date: /home/wyatt/avHW9/install/gps_nav_interfaces/local/lib/python3.10/dist-packages/gps_nav_interfaces/gps_nav_interfaces_s__rosidl_typesupport_c.cpython-310-x86_64-linux-gnu.so
[1.113s] -- Up-to-date: /home/wyatt/avHW9/install/gps_nav_interfaces/lib/libgps_nav_interfaces__rosidl_generator_py.so
[1.113s] -- Up-to-date: /home/wyatt/avHW9/install/gps_nav_interfaces/share/gps_nav_interfaces/msg/CurrentGoalPose.idl
[1.114s] -- Up-to-date: /home/wyatt/avHW9/install/gps_nav_interfaces/share/gps_nav_interfaces/msg/LookAheadSpecs.idl
[1.114s] -- Up-to-date: /home/wyatt/avHW9/install/gps_nav_interfaces/share/gps_nav_interfaces/srv/GetRoutePoses.idl
[1.115s] -- Up-to-date: /home/wyatt/avHW9/install/gps_nav_interfaces/share/gps_nav_interfaces/msg/CurrentGoalPose.msg
[1.115s] -- Up-to-date: /home/wyatt/avHW9/install/gps_nav_interfaces/share/gps_nav_interfaces/msg/LookAheadSpecs.msg
[1.116s] -- Up-to-date: /home/wyatt/avHW9/install/gps_nav_interfaces/share/gps_nav_interfaces/srv/GetRoutePoses.srv
[1.116s] -- Up-to-date: /home/wyatt/avHW9/install/gps_nav_interfaces/share/gps_nav_interfaces/srv/GetRoutePoses_Request.msg
[1.116s] -- Up-to-date: /home/wyatt/avHW9/install/gps_nav_interfaces/share/gps_nav_interfaces/srv/GetRoutePoses_Response.msg
[1.117s] -- Up-to-date: /home/wyatt/avHW9/install/gps_nav_interfaces/share/ament_index/resource_index/package_run_dependencies/gps_nav_interfaces
[1.117s] -- Up-to-date: /home/wyatt/avHW9/install/gps_nav_interfaces/share/ament_index/resource_index/parent_prefix_path/gps_nav_interfaces
[1.117s] -- Up-to-date: /home/wyatt/avHW9/install/gps_nav_interfaces/share/gps_nav_interfaces/environment/ament_prefix_path.sh
[1.118s] -- Up-to-date: /home/wyatt/avHW9/install/gps_nav_interfaces/share/gps_nav_interfaces/environment/ament_prefix_path.dsv
[1.118s] -- Up-to-date: /home/wyatt/avHW9/install/gps_nav_interfaces/share/gps_nav_interfaces/environment/path.sh
[1.118s] -- Up-to-date: /home/wyatt/avHW9/install/gps_nav_interfaces/share/gps_nav_interfaces/environment/path.dsv
[1.119s] -- Up-to-date: /home/wyatt/avHW9/install/gps_nav_interfaces/share/gps_nav_interfaces/local_setup.bash
[1.119s] -- Up-to-date: /home/wyatt/avHW9/install/gps_nav_interfaces/share/gps_nav_interfaces/local_setup.sh
[1.119s] -- Up-to-date: /home/wyatt/avHW9/install/gps_nav_interfaces/share/gps_nav_interfaces/local_setup.zsh
[1.120s] -- Up-to-date: /home/wyatt/avHW9/install/gps_nav_interfaces/share/gps_nav_interfaces/local_setup.dsv
[1.120s] -- Installing: /home/wyatt/avHW9/install/gps_nav_interfaces/share/gps_nav_interfaces/package.dsv
[1.120s] -- Up-to-date: /home/wyatt/avHW9/install/gps_nav_interfaces/share/ament_index/resource_index/packages/gps_nav_interfaces
[1.121s] -- Up-to-date: /home/wyatt/avHW9/install/gps_nav_interfaces/share/gps_nav_interfaces/cmake/export_gps_nav_interfaces__rosidl_generator_cExport.cmake
[1.121s] -- Up-to-date: /home/wyatt/avHW9/install/gps_nav_interfaces/share/gps_nav_interfaces/cmake/export_gps_nav_interfaces__rosidl_generator_cExport-noconfig.cmake
[1.121s] -- Up-to-date: /home/wyatt/avHW9/install/gps_nav_interfaces/share/gps_nav_interfaces/cmake/export_gps_nav_interfaces__rosidl_typesupport_fastrtps_cExport.cmake
[1.121s] -- Up-to-date: /home/wyatt/avHW9/install/gps_nav_interfaces/share/gps_nav_interfaces/cmake/export_gps_nav_interfaces__rosidl_typesupport_fastrtps_cExport-noconfig.cmake
[1.122s] -- Up-to-date: /home/wyatt/avHW9/install/gps_nav_interfaces/share/gps_nav_interfaces/cmake/gps_nav_interfaces__rosidl_typesupport_introspection_cExport.cmake
[1.122s] -- Up-to-date: /home/wyatt/avHW9/install/gps_nav_interfaces/share/gps_nav_interfaces/cmake/gps_nav_interfaces__rosidl_typesupport_introspection_cExport-noconfig.cmake
[1.122s] -- Up-to-date: /home/wyatt/avHW9/install/gps_nav_interfaces/share/gps_nav_interfaces/cmake/gps_nav_interfaces__rosidl_typesupport_cExport.cmake
[1.122s] -- Up-to-date: /home/wyatt/avHW9/install/gps_nav_interfaces/share/gps_nav_interfaces/cmake/gps_nav_interfaces__rosidl_typesupport_cExport-noconfig.cmake
[1.122s] -- Up-to-date: /home/wyatt/avHW9/install/gps_nav_interfaces/share/gps_nav_interfaces/cmake/export_gps_nav_interfaces__rosidl_generator_cppExport.cmake
[1.123s] -- Up-to-date: /home/wyatt/avHW9/install/gps_nav_interfaces/share/gps_nav_interfaces/cmake/export_gps_nav_interfaces__rosidl_typesupport_fastrtps_cppExport.cmake
[1.123s] -- Up-to-date: /home/wyatt/avHW9/install/gps_nav_interfaces/share/gps_nav_interfaces/cmake/export_gps_nav_interfaces__rosidl_typesupport_fastrtps_cppExport-noconfig.cmake
[1.123s] -- Up-to-date: /home/wyatt/avHW9/install/gps_nav_interfaces/share/gps_nav_interfaces/cmake/gps_nav_interfaces__rosidl_typesupport_introspection_cppExport.cmake
[1.123s] -- Up-to-date: /home/wyatt/avHW9/install/gps_nav_interfaces/share/gps_nav_interfaces/cmake/gps_nav_interfaces__rosidl_typesupport_introspection_cppExport-noconfig.cmake
[1.123s] -- Up-to-date: /home/wyatt/avHW9/install/gps_nav_interfaces/share/gps_nav_interfaces/cmake/gps_nav_interfaces__rosidl_typesupport_cppExport.cmake
[1.123s] -- Up-to-date: /home/wyatt/avHW9/install/gps_nav_interfaces/share/gps_nav_interfaces/cmake/gps_nav_interfaces__rosidl_typesupport_cppExport-noconfig.cmake
[1.124s] -- Up-to-date: /home/wyatt/avHW9/install/gps_nav_interfaces/share/gps_nav_interfaces/cmake/export_gps_nav_interfaces__rosidl_generator_pyExport.cmake
[1.126s] -- Up-to-date: /home/wyatt/avHW9/install/gps_nav_interfaces/share/gps_nav_interfaces/cmake/export_gps_nav_interfaces__rosidl_generator_pyExport-noconfig.cmake
[1.126s] -- Up-to-date: /home/wyatt/avHW9/install/gps_nav_interfaces/share/gps_nav_interfaces/cmake/rosidl_cmake-extras.cmake
[1.130s] -- Up-to-date: /home/wyatt/avHW9/install/gps_nav_interfaces/share/gps_nav_interfaces/cmake/ament_cmake_export_dependencies-extras.cmake
[1.130s] -- Up-to-date: /home/wyatt/avHW9/install/gps_nav_interfaces/share/gps_nav_interfaces/cmake/ament_cmake_export_include_directories-extras.cmake
[1.130s] -- Up-to-date: /home/wyatt/avHW9/install/gps_nav_interfaces/share/gps_nav_interfaces/cmake/ament_cmake_export_libraries-extras.cmake
[1.130s] -- Up-to-date: /home/wyatt/avHW9/install/gps_nav_interfaces/share/gps_nav_interfaces/cmake/ament_cmake_export_targets-extras.cmake
[1.131s] -- Up-to-date: /home/wyatt/avHW9/install/gps_nav_interfaces/share/gps_nav_interfaces/cmake/rosidl_cmake_export_typesupport_targets-extras.cmake
[1.131s] -- Up-to-date: /home/wyatt/avHW9/install/gps_nav_interfaces/share/gps_nav_interfaces/cmake/rosidl_cmake_export_typesupport_libraries-extras.cmake
[1.132s] -- Up-to-date: /home/wyatt/avHW9/install/gps_nav_interfaces/share/gps_nav_interfaces/cmake/gps_nav_interfacesConfig.cmake
[1.132s] -- Up-to-date: /home/wyatt/avHW9/install/gps_nav_interfaces/share/gps_nav_interfaces/cmake/gps_nav_interfacesConfig-version.cmake
[1.132s] -- Up-to-date: /home/wyatt/avHW9/install/gps_nav_interfaces/share/gps_nav_interfaces/package.xml
[1.133s] Invoked command in '/home/wyatt/avHW9/build/gps_nav_interfaces' returned '0': CMAKE_PREFIX_PATH=${CMAKE_PREFIX_PATH}:/home/wyatt/avHW9/install/gps_nav:/opt/ros/humble /usr/bin/cmake --install /home/wyatt/avHW9/build/gps_nav_interfaces
