[0.114s] Invoking command in '/home/wyatt/avHW9/build/gps_nav_interfaces': CMAKE_PREFIX_PATH=${CMAKE_PREFIX_PATH}:/home/wyatt/avHW9/install/gps_nav:/opt/ros/humble /usr/bin/cmake /home/wyatt/avHW9/src/eml4842_gps_nav/gps_nav_interfaces -DCMAKE_INSTALL_PREFIX=/home/wyatt/avHW9/install/gps_nav_interfaces
[0.274s] -- The C compiler identification is GNU 11.4.0
[0.419s] -- The CXX compiler identification is GNU 11.4.0
[0.436s] -- Detecting C compiler ABI info
[0.541s] -- Detecting C compiler ABI info - done
[0.559s] -- Check for working C compiler: /usr/bin/cc - skipped
[0.560s] -- Detecting C compile features
[0.561s] -- Detecting C compile features - done
[0.568s] -- Detecting CXX compiler ABI info
[0.689s] -- Detecting CXX compiler ABI info - done
[0.701s] -- Check for working CXX compiler: /usr/bin/c++ - skipped
[0.701s] -- Detecting CXX compile features
[0.702s] -- Detecting CXX compile features - done
[0.707s] -- Found ament_cmake: 1.3.6 (/opt/ros/humble/share/ament_cmake/cmake)
[0.963s] -- Found Python3: /usr/bin/python3.10 (found version "3.10.12") found components: Interpreter 
[1.142s] -- Found rosidl_default_generators: 1.2.0 (/opt/ros/humble/share/rosidl_default_generators/cmake)
[1.148s] -- Using all available rosidl_typesupport_c: rosidl_typesupport_fastrtps_c;rosidl_typesupport_introspection_c
[1.163s] -- Found rosidl_adapter: 3.1.5 (/opt/ros/humble/share/rosidl_adapter/cmake)
[1.240s] -- Using all available rosidl_typesupport_cpp: rosidl_typesupport_fastrtps_cpp;rosidl_typesupport_introspection_cpp
[1.293s] -- Found geometry_msgs: 4.2.3 (/opt/ros/humble/share/geometry_msgs/cmake)
[2.023s] -- Found ament_cmake_ros: 0.10.0 (/opt/ros/humble/share/ament_cmake_ros/cmake)
[2.431s] -- Using all available rosidl_typesupport_c: rosidl_typesupport_fastrtps_c;rosidl_typesupport_introspection_c
[3.001s] -- Using all available rosidl_typesupport_cpp: rosidl_typesupport_fastrtps_cpp;rosidl_typesupport_introspection_cpp
[3.040s] -- Found PythonInterp: /usr/bin/python3 (found suitable version "3.10.12", minimum required is "3.6") 
[3.044s] -- Found python_cmake_module: 0.10.0 (/opt/ros/humble/share/python_cmake_module/cmake)
[3.093s] -- Found PythonLibs: /usr/lib/x86_64-linux-gnu/libpython3.10.so (found suitable version "3.10.12", minimum required is "3.5") 
[3.094s] -- Using PYTHON_EXECUTABLE: /usr/bin/python3
[3.094s] -- Using PYTHON_INCLUDE_DIRS: /usr/include/python3.10
[3.095s] -- Using PYTHON_LIBRARIES: /usr/lib/x86_64-linux-gnu/libpython3.10.so
[3.132s] -- Found PythonExtra: .so  
[3.278s] -- Configuring done
[3.333s] -- Generating done
[3.338s] -- Build files have been written to: /home/wyatt/avHW9/build/gps_nav_interfaces
[3.354s] Invoked command in '/home/wyatt/avHW9/build/gps_nav_interfaces' returned '0': CMAKE_PREFIX_PATH=${CMAKE_PREFIX_PATH}:/home/wyatt/avHW9/install/gps_nav:/opt/ros/humble /usr/bin/cmake /home/wyatt/avHW9/src/eml4842_gps_nav/gps_nav_interfaces -DCMAKE_INSTALL_PREFIX=/home/wyatt/avHW9/install/gps_nav_interfaces
[3.359s] Invoking command in '/home/wyatt/avHW9/build/gps_nav_interfaces': CMAKE_PREFIX_PATH=${CMAKE_PREFIX_PATH}:/home/wyatt/avHW9/install/gps_nav:/opt/ros/humble /usr/bin/cmake --build /home/wyatt/avHW9/build/gps_nav_interfaces -- -j4 -l4
[3.426s] [  2%] [34m[1mGenerating C code for ROS interfaces[0m
[3.450s] [  2%] Built target ament_cmake_python_copy_gps_nav_interfaces
[3.451s] [  4%] [34m[1mGenerating C++ code for ROS interfaces[0m
[4.103s] running egg_info
[4.104s] creating gps_nav_interfaces.egg-info
[4.105s] writing gps_nav_interfaces.egg-info/PKG-INFO
[4.105s] writing dependency_links to gps_nav_interfaces.egg-info/dependency_links.txt
[4.105s] writing top-level names to gps_nav_interfaces.egg-info/top_level.txt
[4.106s] writing manifest file 'gps_nav_interfaces.egg-info/SOURCES.txt'
[4.110s] reading manifest file 'gps_nav_interfaces.egg-info/SOURCES.txt'
[4.111s] writing manifest file 'gps_nav_interfaces.egg-info/SOURCES.txt'
[4.169s] [  4%] Built target ament_cmake_python_build_gps_nav_interfaces_egg
[4.226s] [  4%] Built target gps_nav_interfaces__cpp
[4.249s] [  6%] [34m[1mGenerating C++ type support for eProsima Fast-RTPS[0m
[4.251s] [ 10%] [34m[1mGenerating C++ introspection for ROS interfaces[0m
[4.252s] [ 10%] [34m[1mGenerating C++ type support dispatch for ROS interfaces[0m
[4.710s] [ 12%] [32mBuilding C object CMakeFiles/gps_nav_interfaces__rosidl_generator_c.dir/rosidl_generator_c/gps_nav_interfaces/msg/detail/current_goal_pose__functions.c.o[0m
[4.839s] [ 14%] [32mBuilding C object CMakeFiles/gps_nav_interfaces__rosidl_generator_c.dir/rosidl_generator_c/gps_nav_interfaces/msg/detail/look_ahead_specs__functions.c.o[0m
[4.949s] [ 17%] [32mBuilding C object CMakeFiles/gps_nav_interfaces__rosidl_generator_c.dir/rosidl_generator_c/gps_nav_interfaces/srv/detail/get_route_poses__functions.c.o[0m
[5.094s] [ 19%] [32m[1mLinking C shared library libgps_nav_interfaces__rosidl_generator_c.so[0m
[5.117s] [ 21%] [32mBuilding CXX object CMakeFiles/gps_nav_interfaces__rosidl_typesupport_cpp.dir/rosidl_typesupport_cpp/gps_nav_interfaces/msg/current_goal_pose__type_support.cpp.o[0m
[5.178s] [ 21%] Built target gps_nav_interfaces__rosidl_generator_c
[5.211s] [ 23%] [34m[1mGenerating C type support for eProsima Fast-RTPS[0m
[5.233s] [ 25%] [32mBuilding CXX object CMakeFiles/gps_nav_interfaces__rosidl_typesupport_introspection_cpp.dir/rosidl_typesupport_introspection_cpp/gps_nav_interfaces/msg/detail/current_goal_pose__type_support.cpp.o[0m
[5.383s] [ 27%] [32mBuilding CXX object CMakeFiles/gps_nav_interfaces__rosidl_typesupport_fastrtps_cpp.dir/rosidl_typesupport_fastrtps_cpp/gps_nav_interfaces/msg/detail/dds_fastrtps/current_goal_pose__type_support.cpp.o[0m
[5.882s] [ 29%] [32mBuilding CXX object CMakeFiles/gps_nav_interfaces__rosidl_typesupport_cpp.dir/rosidl_typesupport_cpp/gps_nav_interfaces/msg/look_ahead_specs__type_support.cpp.o[0m
[6.327s] [ 31%] [32mBuilding CXX object CMakeFiles/gps_nav_interfaces__rosidl_typesupport_introspection_cpp.dir/rosidl_typesupport_introspection_cpp/gps_nav_interfaces/msg/detail/look_ahead_specs__type_support.cpp.o[0m
[6.330s] [ 34%] [32mBuilding CXX object CMakeFiles/gps_nav_interfaces__rosidl_typesupport_fastrtps_c.dir/rosidl_typesupport_fastrtps_c/gps_nav_interfaces/msg/detail/current_goal_pose__type_support_c.cpp.o[0m
[6.504s] [ 36%] [32mBuilding CXX object CMakeFiles/gps_nav_interfaces__rosidl_typesupport_fastrtps_cpp.dir/rosidl_typesupport_fastrtps_cpp/gps_nav_interfaces/msg/detail/dds_fastrtps/look_ahead_specs__type_support.cpp.o[0m
[6.601s] [ 38%] [32mBuilding CXX object CMakeFiles/gps_nav_interfaces__rosidl_typesupport_cpp.dir/rosidl_typesupport_cpp/gps_nav_interfaces/srv/get_route_poses__type_support.cpp.o[0m
[7.235s] [ 40%] [32mBuilding CXX object CMakeFiles/gps_nav_interfaces__rosidl_typesupport_fastrtps_c.dir/rosidl_typesupport_fastrtps_c/gps_nav_interfaces/msg/detail/look_ahead_specs__type_support_c.cpp.o[0m
[7.365s] [ 42%] [32m[1mLinking CXX shared library libgps_nav_interfaces__rosidl_typesupport_cpp.so[0m
[7.390s] [ 44%] [32mBuilding CXX object CMakeFiles/gps_nav_interfaces__rosidl_typesupport_introspection_cpp.dir/rosidl_typesupport_introspection_cpp/gps_nav_interfaces/srv/detail/get_route_poses__type_support.cpp.o[0m
[7.460s] [ 44%] Built target gps_nav_interfaces__rosidl_typesupport_cpp
[7.482s] [ 46%] [34m[1mGenerating C introspection for ROS interfaces[0m
[7.548s] [ 48%] [32mBuilding CXX object CMakeFiles/gps_nav_interfaces__rosidl_typesupport_fastrtps_cpp.dir/rosidl_typesupport_fastrtps_cpp/gps_nav_interfaces/srv/detail/dds_fastrtps/get_route_poses__type_support.cpp.o[0m
[8.128s] [ 51%] [32mBuilding CXX object CMakeFiles/gps_nav_interfaces__rosidl_typesupport_fastrtps_c.dir/rosidl_typesupport_fastrtps_c/gps_nav_interfaces/srv/detail/get_route_poses__type_support_c.cpp.o[0m
[8.533s] [ 53%] [32m[1mLinking CXX shared library libgps_nav_interfaces__rosidl_typesupport_introspection_cpp.so[0m
[8.553s] [ 55%] [32mBuilding C object CMakeFiles/gps_nav_interfaces__rosidl_typesupport_introspection_c.dir/rosidl_typesupport_introspection_c/gps_nav_interfaces/msg/detail/current_goal_pose__type_support.c.o[0m
[8.638s] [ 57%] [32mBuilding C object CMakeFiles/gps_nav_interfaces__rosidl_typesupport_introspection_c.dir/rosidl_typesupport_introspection_c/gps_nav_interfaces/msg/detail/look_ahead_specs__type_support.c.o[0m
[8.720s] [ 59%] [32mBuilding C object CMakeFiles/gps_nav_interfaces__rosidl_typesupport_introspection_c.dir/rosidl_typesupport_introspection_c/gps_nav_interfaces/srv/detail/get_route_poses__type_support.c.o[0m
[8.727s] [ 61%] [32m[1mLinking CXX shared library libgps_nav_interfaces__rosidl_typesupport_fastrtps_cpp.so[0m
[8.728s] [ 61%] Built target gps_nav_interfaces__rosidl_typesupport_introspection_cpp
[8.748s] [ 63%] [34m[1mGenerating C type support dispatch for ROS interfaces[0m
[8.834s] [ 65%] [32m[1mLinking C shared library libgps_nav_interfaces__rosidl_typesupport_introspection_c.so[0m
[8.913s] [ 65%] Built target gps_nav_interfaces__rosidl_typesupport_introspection_c
[8.919s] [ 65%] Built target gps_nav_interfaces__rosidl_typesupport_fastrtps_cpp
[9.044s] [ 68%] [32m[1mLinking CXX shared library libgps_nav_interfaces__rosidl_typesupport_fastrtps_c.so[0m
[9.165s] [ 68%] Built target gps_nav_interfaces__rosidl_typesupport_fastrtps_c
[9.306s] [ 70%] [32mBuilding CXX object CMakeFiles/gps_nav_interfaces__rosidl_typesupport_c.dir/rosidl_typesupport_c/gps_nav_interfaces/msg/current_goal_pose__type_support.cpp.o[0m
[9.310s] [ 72%] [32mBuilding CXX object CMakeFiles/gps_nav_interfaces__rosidl_typesupport_c.dir/rosidl_typesupport_c/gps_nav_interfaces/msg/look_ahead_specs__type_support.cpp.o[0m
[9.311s] [ 74%] [32mBuilding CXX object CMakeFiles/gps_nav_interfaces__rosidl_typesupport_c.dir/rosidl_typesupport_c/gps_nav_interfaces/srv/get_route_poses__type_support.cpp.o[0m
[9.366s] [ 76%] [32m[1mLinking CXX shared library libgps_nav_interfaces__rosidl_typesupport_c.so[0m
[9.420s] [ 76%] Built target gps_nav_interfaces__rosidl_typesupport_c
[9.447s] [ 76%] Built target gps_nav_interfaces
[9.478s] [ 78%] [34m[1mGenerating Python code for ROS interfaces[0m
[10.383s] [ 78%] Built target gps_nav_interfaces__py
[10.413s] [ 80%] [32mBuilding C object CMakeFiles/gps_nav_interfaces__rosidl_generator_py.dir/rosidl_generator_py/gps_nav_interfaces/srv/_get_route_poses_s.c.o[0m
[10.416s] [ 85%] [32mBuilding C object CMakeFiles/gps_nav_interfaces__rosidl_generator_py.dir/rosidl_generator_py/gps_nav_interfaces/msg/_current_goal_pose_s.c.o[0m
[10.416s] [ 85%] [32mBuilding C object CMakeFiles/gps_nav_interfaces__rosidl_generator_py.dir/rosidl_generator_py/gps_nav_interfaces/msg/_look_ahead_specs_s.c.o[0m
[10.653s] [ 87%] [32m[1mLinking C shared library rosidl_generator_py/gps_nav_interfaces/libgps_nav_interfaces__rosidl_generator_py.so[0m
[10.713s] [ 87%] Built target gps_nav_interfaces__rosidl_generator_py
[10.744s] [ 89%] [32mBuilding C object CMakeFiles/gps_nav_interfaces__rosidl_typesupport_introspection_c__pyext.dir/rosidl_generator_py/gps_nav_interfaces/_gps_nav_interfaces_s.ep.rosidl_typesupport_introspection_c.c.o[0m
[10.751s] [ 93%] [32mBuilding C object CMakeFiles/gps_nav_interfaces__rosidl_typesupport_c__pyext.dir/rosidl_generator_py/gps_nav_interfaces/_gps_nav_interfaces_s.ep.rosidl_typesupport_c.c.o[0m
[10.751s] [ 93%] [32mBuilding C object CMakeFiles/gps_nav_interfaces__rosidl_typesupport_fastrtps_c__pyext.dir/rosidl_generator_py/gps_nav_interfaces/_gps_nav_interfaces_s.ep.rosidl_typesupport_fastrtps_c.c.o[0m
[10.954s] [ 95%] [32m[1mLinking C shared library rosidl_generator_py/gps_nav_interfaces/gps_nav_interfaces_s__rosidl_typesupport_c.cpython-310-x86_64-linux-gnu.so[0m
[10.971s] [ 97%] [32m[1mLinking C shared library rosidl_generator_py/gps_nav_interfaces/gps_nav_interfaces_s__rosidl_typesupport_introspection_c.cpython-310-x86_64-linux-gnu.so[0m
[11.022s] [100%] [32m[1mLinking C shared library rosidl_generator_py/gps_nav_interfaces/gps_nav_interfaces_s__rosidl_typesupport_fastrtps_c.cpython-310-x86_64-linux-gnu.so[0m
[11.041s] [100%] Built target gps_nav_interfaces__rosidl_typesupport_c__pyext
[11.042s] [100%] Built target gps_nav_interfaces__rosidl_typesupport_introspection_c__pyext
[11.081s] [100%] Built target gps_nav_interfaces__rosidl_typesupport_fastrtps_c__pyext
[11.096s] Invoked command in '/home/wyatt/avHW9/build/gps_nav_interfaces' returned '0': CMAKE_PREFIX_PATH=${CMAKE_PREFIX_PATH}:/home/wyatt/avHW9/install/gps_nav:/opt/ros/humble /usr/bin/cmake --build /home/wyatt/avHW9/build/gps_nav_interfaces -- -j4 -l4
[11.219s] Invoking command in '/home/wyatt/avHW9/build/gps_nav_interfaces': CMAKE_PREFIX_PATH=${CMAKE_PREFIX_PATH}:/home/wyatt/avHW9/install/gps_nav:/opt/ros/humble /usr/bin/cmake --install /home/wyatt/avHW9/build/gps_nav_interfaces
[11.230s] -- Install configuration: ""
[11.230s] -- Installing: /home/wyatt/avHW9/install/gps_nav_interfaces/share/ament_index/resource_index/rosidl_interfaces/gps_nav_interfaces
[11.230s] -- Installing: /home/wyatt/avHW9/install/gps_nav_interfaces/include/gps_nav_interfaces/gps_nav_interfaces
[11.231s] -- Installing: /home/wyatt/avHW9/install/gps_nav_interfaces/include/gps_nav_interfaces/gps_nav_interfaces/srv
[11.231s] -- Installing: /home/wyatt/avHW9/install/gps_nav_interfaces/include/gps_nav_interfaces/gps_nav_interfaces/srv/get_route_poses.h
[11.231s] -- Installing: /home/wyatt/avHW9/install/gps_nav_interfaces/include/gps_nav_interfaces/gps_nav_interfaces/srv/detail
[11.232s] -- Installing: /home/wyatt/avHW9/install/gps_nav_interfaces/include/gps_nav_interfaces/gps_nav_interfaces/srv/detail/get_route_poses__type_support.h
[11.232s] -- Installing: /home/wyatt/avHW9/install/gps_nav_interfaces/include/gps_nav_interfaces/gps_nav_interfaces/srv/detail/get_route_poses__functions.c
[11.232s] -- Installing: /home/wyatt/avHW9/install/gps_nav_interfaces/include/gps_nav_interfaces/gps_nav_interfaces/srv/detail/get_route_poses__struct.h
[11.232s] -- Installing: /home/wyatt/avHW9/install/gps_nav_interfaces/include/gps_nav_interfaces/gps_nav_interfaces/srv/detail/get_route_poses__functions.h
[11.233s] -- Installing: /home/wyatt/avHW9/install/gps_nav_interfaces/include/gps_nav_interfaces/gps_nav_interfaces/msg
[11.233s] -- Installing: /home/wyatt/avHW9/install/gps_nav_interfaces/include/gps_nav_interfaces/gps_nav_interfaces/msg/look_ahead_specs.h
[11.233s] -- Installing: /home/wyatt/avHW9/install/gps_nav_interfaces/include/gps_nav_interfaces/gps_nav_interfaces/msg/current_goal_pose.h
[11.233s] -- Installing: /home/wyatt/avHW9/install/gps_nav_interfaces/include/gps_nav_interfaces/gps_nav_interfaces/msg/detail
[11.234s] -- Installing: /home/wyatt/avHW9/install/gps_nav_interfaces/include/gps_nav_interfaces/gps_nav_interfaces/msg/detail/current_goal_pose__functions.c
[11.234s] -- Installing: /home/wyatt/avHW9/install/gps_nav_interfaces/include/gps_nav_interfaces/gps_nav_interfaces/msg/detail/current_goal_pose__functions.h
[11.234s] -- Installing: /home/wyatt/avHW9/install/gps_nav_interfaces/include/gps_nav_interfaces/gps_nav_interfaces/msg/detail/look_ahead_specs__functions.h
[11.234s] -- Installing: /home/wyatt/avHW9/install/gps_nav_interfaces/include/gps_nav_interfaces/gps_nav_interfaces/msg/detail/look_ahead_specs__type_support.h
[11.234s] -- Installing: /home/wyatt/avHW9/install/gps_nav_interfaces/include/gps_nav_interfaces/gps_nav_interfaces/msg/detail/look_ahead_specs__struct.h
[11.235s] -- Installing: /home/wyatt/avHW9/install/gps_nav_interfaces/include/gps_nav_interfaces/gps_nav_interfaces/msg/detail/look_ahead_specs__functions.c
[11.235s] -- Installing: /home/wyatt/avHW9/install/gps_nav_interfaces/include/gps_nav_interfaces/gps_nav_interfaces/msg/detail/current_goal_pose__type_support.h
[11.235s] -- Installing: /home/wyatt/avHW9/install/gps_nav_interfaces/include/gps_nav_interfaces/gps_nav_interfaces/msg/detail/current_goal_pose__struct.h
[11.235s] -- Installing: /home/wyatt/avHW9/install/gps_nav_interfaces/include/gps_nav_interfaces/gps_nav_interfaces/msg/rosidl_generator_c__visibility_control.h
[11.236s] -- Installing: /home/wyatt/avHW9/install/gps_nav_interfaces/share/gps_nav_interfaces/environment/library_path.sh
[11.236s] -- Installing: /home/wyatt/avHW9/install/gps_nav_interfaces/share/gps_nav_interfaces/environment/library_path.dsv
[11.236s] -- Installing: /home/wyatt/avHW9/install/gps_nav_interfaces/lib/libgps_nav_interfaces__rosidl_generator_c.so
[11.237s] -- Set runtime path of "/home/wyatt/avHW9/install/gps_nav_interfaces/lib/libgps_nav_interfaces__rosidl_generator_c.so" to ""
[11.237s] -- Up-to-date: /home/wyatt/avHW9/install/gps_nav_interfaces/include/gps_nav_interfaces/gps_nav_interfaces
[11.237s] -- Up-to-date: /home/wyatt/avHW9/install/gps_nav_interfaces/include/gps_nav_interfaces/gps_nav_interfaces/srv
[11.238s] -- Up-to-date: /home/wyatt/avHW9/install/gps_nav_interfaces/include/gps_nav_interfaces/gps_nav_interfaces/srv/detail
[11.238s] -- Installing: /home/wyatt/avHW9/install/gps_nav_interfaces/include/gps_nav_interfaces/gps_nav_interfaces/srv/detail/get_route_poses__rosidl_typesupport_fastrtps_c.h
[11.238s] -- Up-to-date: /home/wyatt/avHW9/install/gps_nav_interfaces/include/gps_nav_interfaces/gps_nav_interfaces/msg
[11.238s] -- Installing: /home/wyatt/avHW9/install/gps_nav_interfaces/include/gps_nav_interfaces/gps_nav_interfaces/msg/rosidl_typesupport_fastrtps_c__visibility_control.h
[11.238s] -- Up-to-date: /home/wyatt/avHW9/install/gps_nav_interfaces/include/gps_nav_interfaces/gps_nav_interfaces/msg/detail
[11.239s] -- Installing: /home/wyatt/avHW9/install/gps_nav_interfaces/include/gps_nav_interfaces/gps_nav_interfaces/msg/detail/look_ahead_specs__rosidl_typesupport_fastrtps_c.h
[11.239s] -- Installing: /home/wyatt/avHW9/install/gps_nav_interfaces/include/gps_nav_interfaces/gps_nav_interfaces/msg/detail/current_goal_pose__rosidl_typesupport_fastrtps_c.h
[11.239s] -- Installing: /home/wyatt/avHW9/install/gps_nav_interfaces/lib/libgps_nav_interfaces__rosidl_typesupport_fastrtps_c.so
[11.239s] -- Set runtime path of "/home/wyatt/avHW9/install/gps_nav_interfaces/lib/libgps_nav_interfaces__rosidl_typesupport_fastrtps_c.so" to ""
[11.240s] -- Up-to-date: /home/wyatt/avHW9/install/gps_nav_interfaces/include/gps_nav_interfaces/gps_nav_interfaces
[11.240s] -- Up-to-date: /home/wyatt/avHW9/install/gps_nav_interfaces/include/gps_nav_interfaces/gps_nav_interfaces/srv
[11.240s] -- Up-to-date: /home/wyatt/avHW9/install/gps_nav_interfaces/include/gps_nav_interfaces/gps_nav_interfaces/srv/detail
[11.240s] -- Installing: /home/wyatt/avHW9/install/gps_nav_interfaces/include/gps_nav_interfaces/gps_nav_interfaces/srv/detail/get_route_poses__type_support.c
[11.240s] -- Installing: /home/wyatt/avHW9/install/gps_nav_interfaces/include/gps_nav_interfaces/gps_nav_interfaces/srv/detail/get_route_poses__rosidl_typesupport_introspection_c.h
[11.241s] -- Up-to-date: /home/wyatt/avHW9/install/gps_nav_interfaces/include/gps_nav_interfaces/gps_nav_interfaces/msg
[11.241s] -- Installing: /home/wyatt/avHW9/install/gps_nav_interfaces/include/gps_nav_interfaces/gps_nav_interfaces/msg/rosidl_typesupport_introspection_c__visibility_control.h
[11.241s] -- Up-to-date: /home/wyatt/avHW9/install/gps_nav_interfaces/include/gps_nav_interfaces/gps_nav_interfaces/msg/detail
[11.241s] -- Installing: /home/wyatt/avHW9/install/gps_nav_interfaces/include/gps_nav_interfaces/gps_nav_interfaces/msg/detail/look_ahead_specs__rosidl_typesupport_introspection_c.h
[11.242s] -- Installing: /home/wyatt/avHW9/install/gps_nav_interfaces/include/gps_nav_interfaces/gps_nav_interfaces/msg/detail/current_goal_pose__rosidl_typesupport_introspection_c.h
[11.242s] -- Installing: /home/wyatt/avHW9/install/gps_nav_interfaces/include/gps_nav_interfaces/gps_nav_interfaces/msg/detail/look_ahead_specs__type_support.c
[11.242s] -- Installing: /home/wyatt/avHW9/install/gps_nav_interfaces/include/gps_nav_interfaces/gps_nav_interfaces/msg/detail/current_goal_pose__type_support.c
[11.242s] -- Installing: /home/wyatt/avHW9/install/gps_nav_interfaces/lib/libgps_nav_interfaces__rosidl_typesupport_introspection_c.so
[11.242s] -- Set runtime path of "/home/wyatt/avHW9/install/gps_nav_interfaces/lib/libgps_nav_interfaces__rosidl_typesupport_introspection_c.so" to ""
[11.243s] -- Installing: /home/wyatt/avHW9/install/gps_nav_interfaces/lib/libgps_nav_interfaces__rosidl_typesupport_c.so
[11.243s] -- Set runtime path of "/home/wyatt/avHW9/install/gps_nav_interfaces/lib/libgps_nav_interfaces__rosidl_typesupport_c.so" to ""
[11.243s] -- Up-to-date: /home/wyatt/avHW9/install/gps_nav_interfaces/include/gps_nav_interfaces/gps_nav_interfaces
[11.244s] -- Up-to-date: /home/wyatt/avHW9/install/gps_nav_interfaces/include/gps_nav_interfaces/gps_nav_interfaces/srv
[11.244s] -- Installing: /home/wyatt/avHW9/install/gps_nav_interfaces/include/gps_nav_interfaces/gps_nav_interfaces/srv/get_route_poses.hpp
[11.244s] -- Up-to-date: /home/wyatt/avHW9/install/gps_nav_interfaces/include/gps_nav_interfaces/gps_nav_interfaces/srv/detail
[11.244s] -- Installing: /home/wyatt/avHW9/install/gps_nav_interfaces/include/gps_nav_interfaces/gps_nav_interfaces/srv/detail/get_route_poses__traits.hpp
[11.244s] -- Installing: /home/wyatt/avHW9/install/gps_nav_interfaces/include/gps_nav_interfaces/gps_nav_interfaces/srv/detail/get_route_poses__struct.hpp
[11.244s] -- Installing: /home/wyatt/avHW9/install/gps_nav_interfaces/include/gps_nav_interfaces/gps_nav_interfaces/srv/detail/get_route_poses__builder.hpp
[11.245s] -- Up-to-date: /home/wyatt/avHW9/install/gps_nav_interfaces/include/gps_nav_interfaces/gps_nav_interfaces/msg
[11.245s] -- Installing: /home/wyatt/avHW9/install/gps_nav_interfaces/include/gps_nav_interfaces/gps_nav_interfaces/msg/current_goal_pose.hpp
[11.245s] -- Installing: /home/wyatt/avHW9/install/gps_nav_interfaces/include/gps_nav_interfaces/gps_nav_interfaces/msg/look_ahead_specs.hpp
[11.245s] -- Up-to-date: /home/wyatt/avHW9/install/gps_nav_interfaces/include/gps_nav_interfaces/gps_nav_interfaces/msg/detail
[11.245s] -- Installing: /home/wyatt/avHW9/install/gps_nav_interfaces/include/gps_nav_interfaces/gps_nav_interfaces/msg/detail/current_goal_pose__struct.hpp
[11.245s] -- Installing: /home/wyatt/avHW9/install/gps_nav_interfaces/include/gps_nav_interfaces/gps_nav_interfaces/msg/detail/look_ahead_specs__builder.hpp
[11.245s] -- Installing: /home/wyatt/avHW9/install/gps_nav_interfaces/include/gps_nav_interfaces/gps_nav_interfaces/msg/detail/look_ahead_specs__traits.hpp
[11.246s] -- Installing: /home/wyatt/avHW9/install/gps_nav_interfaces/include/gps_nav_interfaces/gps_nav_interfaces/msg/detail/look_ahead_specs__struct.hpp
[11.246s] -- Installing: /home/wyatt/avHW9/install/gps_nav_interfaces/include/gps_nav_interfaces/gps_nav_interfaces/msg/detail/current_goal_pose__traits.hpp
[11.246s] -- Installing: /home/wyatt/avHW9/install/gps_nav_interfaces/include/gps_nav_interfaces/gps_nav_interfaces/msg/detail/current_goal_pose__builder.hpp
[11.246s] -- Up-to-date: /home/wyatt/avHW9/install/gps_nav_interfaces/include/gps_nav_interfaces/gps_nav_interfaces
[11.246s] -- Up-to-date: /home/wyatt/avHW9/install/gps_nav_interfaces/include/gps_nav_interfaces/gps_nav_interfaces/srv
[11.246s] -- Up-to-date: /home/wyatt/avHW9/install/gps_nav_interfaces/include/gps_nav_interfaces/gps_nav_interfaces/srv/detail
[11.246s] -- Installing: /home/wyatt/avHW9/install/gps_nav_interfaces/include/gps_nav_interfaces/gps_nav_interfaces/srv/detail/get_route_poses__rosidl_typesupport_fastrtps_cpp.hpp
[11.247s] -- Installing: /home/wyatt/avHW9/install/gps_nav_interfaces/include/gps_nav_interfaces/gps_nav_interfaces/srv/detail/dds_fastrtps
[11.247s] -- Up-to-date: /home/wyatt/avHW9/install/gps_nav_interfaces/include/gps_nav_interfaces/gps_nav_interfaces/msg
[11.247s] -- Installing: /home/wyatt/avHW9/install/gps_nav_interfaces/include/gps_nav_interfaces/gps_nav_interfaces/msg/rosidl_typesupport_fastrtps_cpp__visibility_control.h
[11.247s] -- Up-to-date: /home/wyatt/avHW9/install/gps_nav_interfaces/include/gps_nav_interfaces/gps_nav_interfaces/msg/detail
[11.247s] -- Installing: /home/wyatt/avHW9/install/gps_nav_interfaces/include/gps_nav_interfaces/gps_nav_interfaces/msg/detail/current_goal_pose__rosidl_typesupport_fastrtps_cpp.hpp
[11.247s] -- Installing: /home/wyatt/avHW9/install/gps_nav_interfaces/include/gps_nav_interfaces/gps_nav_interfaces/msg/detail/look_ahead_specs__rosidl_typesupport_fastrtps_cpp.hpp
[11.247s] -- Installing: /home/wyatt/avHW9/install/gps_nav_interfaces/include/gps_nav_interfaces/gps_nav_interfaces/msg/detail/dds_fastrtps
[11.247s] -- Installing: /home/wyatt/avHW9/install/gps_nav_interfaces/lib/libgps_nav_interfaces__rosidl_typesupport_fastrtps_cpp.so
[11.248s] -- Set runtime path of "/home/wyatt/avHW9/install/gps_nav_interfaces/lib/libgps_nav_interfaces__rosidl_typesupport_fastrtps_cpp.so" to ""
[11.248s] -- Up-to-date: /home/wyatt/avHW9/install/gps_nav_interfaces/include/gps_nav_interfaces/gps_nav_interfaces
[11.248s] -- Up-to-date: /home/wyatt/avHW9/install/gps_nav_interfaces/include/gps_nav_interfaces/gps_nav_interfaces/srv
[11.248s] -- Up-to-date: /home/wyatt/avHW9/install/gps_nav_interfaces/include/gps_nav_interfaces/gps_nav_interfaces/srv/detail
[11.248s] -- Installing: /home/wyatt/avHW9/install/gps_nav_interfaces/include/gps_nav_interfaces/gps_nav_interfaces/srv/detail/get_route_poses__type_support.cpp
[11.249s] -- Installing: /home/wyatt/avHW9/install/gps_nav_interfaces/include/gps_nav_interfaces/gps_nav_interfaces/srv/detail/get_route_poses__rosidl_typesupport_introspection_cpp.hpp
[11.249s] -- Up-to-date: /home/wyatt/avHW9/install/gps_nav_interfaces/include/gps_nav_interfaces/gps_nav_interfaces/msg
[11.249s] -- Up-to-date: /home/wyatt/avHW9/install/gps_nav_interfaces/include/gps_nav_interfaces/gps_nav_interfaces/msg/detail
[11.249s] -- Installing: /home/wyatt/avHW9/install/gps_nav_interfaces/include/gps_nav_interfaces/gps_nav_interfaces/msg/detail/look_ahead_specs__type_support.cpp
[11.249s] -- Installing: /home/wyatt/avHW9/install/gps_nav_interfaces/include/gps_nav_interfaces/gps_nav_interfaces/msg/detail/current_goal_pose__type_support.cpp
[11.249s] -- Installing: /home/wyatt/avHW9/install/gps_nav_interfaces/include/gps_nav_interfaces/gps_nav_interfaces/msg/detail/look_ahead_specs__rosidl_typesupport_introspection_cpp.hpp
[11.249s] -- Installing: /home/wyatt/avHW9/install/gps_nav_interfaces/include/gps_nav_interfaces/gps_nav_interfaces/msg/detail/current_goal_pose__rosidl_typesupport_introspection_cpp.hpp
[11.250s] -- Installing: /home/wyatt/avHW9/install/gps_nav_interfaces/lib/libgps_nav_interfaces__rosidl_typesupport_introspection_cpp.so
[11.250s] -- Set runtime path of "/home/wyatt/avHW9/install/gps_nav_interfaces/lib/libgps_nav_interfaces__rosidl_typesupport_introspection_cpp.so" to ""
[11.250s] -- Installing: /home/wyatt/avHW9/install/gps_nav_interfaces/lib/libgps_nav_interfaces__rosidl_typesupport_cpp.so
[11.251s] -- Set runtime path of "/home/wyatt/avHW9/install/gps_nav_interfaces/lib/libgps_nav_interfaces__rosidl_typesupport_cpp.so" to ""
[11.251s] -- Installing: /home/wyatt/avHW9/install/gps_nav_interfaces/share/gps_nav_interfaces/environment/pythonpath.sh
[11.251s] -- Installing: /home/wyatt/avHW9/install/gps_nav_interfaces/share/gps_nav_interfaces/environment/pythonpath.dsv
[11.251s] -- Installing: /home/wyatt/avHW9/install/gps_nav_interfaces/local/lib/python3.10/dist-packages/gps_nav_interfaces-0.0.0-py3.10.egg-info
[11.252s] -- Installing: /home/wyatt/avHW9/install/gps_nav_interfaces/local/lib/python3.10/dist-packages/gps_nav_interfaces-0.0.0-py3.10.egg-info/SOURCES.txt
[11.252s] -- Installing: /home/wyatt/avHW9/install/gps_nav_interfaces/local/lib/python3.10/dist-packages/gps_nav_interfaces-0.0.0-py3.10.egg-info/PKG-INFO
[11.252s] -- Installing: /home/wyatt/avHW9/install/gps_nav_interfaces/local/lib/python3.10/dist-packages/gps_nav_interfaces-0.0.0-py3.10.egg-info/top_level.txt
[11.252s] -- Installing: /home/wyatt/avHW9/install/gps_nav_interfaces/local/lib/python3.10/dist-packages/gps_nav_interfaces-0.0.0-py3.10.egg-info/dependency_links.txt
[11.252s] -- Installing: /home/wyatt/avHW9/install/gps_nav_interfaces/local/lib/python3.10/dist-packages/gps_nav_interfaces
[11.252s] -- Installing: /home/wyatt/avHW9/install/gps_nav_interfaces/local/lib/python3.10/dist-packages/gps_nav_interfaces/gps_nav_interfaces_s__rosidl_typesupport_introspection_c.cpython-310-x86_64-linux-gnu.so
[11.253s] -- Installing: /home/wyatt/avHW9/install/gps_nav_interfaces/local/lib/python3.10/dist-packages/gps_nav_interfaces/_gps_nav_interfaces_s.ep.rosidl_typesupport_c.c
[11.253s] -- Installing: /home/wyatt/avHW9/install/gps_nav_interfaces/local/lib/python3.10/dist-packages/gps_nav_interfaces/_gps_nav_interfaces_s.ep.rosidl_typesupport_fastrtps_c.c
[11.253s] -- Installing: /home/wyatt/avHW9/install/gps_nav_interfaces/local/lib/python3.10/dist-packages/gps_nav_interfaces/__init__.py
[11.253s] -- Installing: /home/wyatt/avHW9/install/gps_nav_interfaces/local/lib/python3.10/dist-packages/gps_nav_interfaces/_gps_nav_interfaces_s.ep.rosidl_typesupport_introspection_c.c
[11.253s] -- Installing: /home/wyatt/avHW9/install/gps_nav_interfaces/local/lib/python3.10/dist-packages/gps_nav_interfaces/gps_nav_interfaces_s__rosidl_typesupport_c.cpython-310-x86_64-linux-gnu.so
[11.253s] -- Installing: /home/wyatt/avHW9/install/gps_nav_interfaces/local/lib/python3.10/dist-packages/gps_nav_interfaces/srv
[11.254s] -- Installing: /home/wyatt/avHW9/install/gps_nav_interfaces/local/lib/python3.10/dist-packages/gps_nav_interfaces/srv/__init__.py
[11.254s] -- Installing: /home/wyatt/avHW9/install/gps_nav_interfaces/local/lib/python3.10/dist-packages/gps_nav_interfaces/srv/_get_route_poses.py
[11.254s] -- Installing: /home/wyatt/avHW9/install/gps_nav_interfaces/local/lib/python3.10/dist-packages/gps_nav_interfaces/srv/_get_route_poses_s.c
[11.254s] -- Installing: /home/wyatt/avHW9/install/gps_nav_interfaces/local/lib/python3.10/dist-packages/gps_nav_interfaces/msg
[11.254s] -- Installing: /home/wyatt/avHW9/install/gps_nav_interfaces/local/lib/python3.10/dist-packages/gps_nav_interfaces/msg/_look_ahead_specs.py
[11.254s] -- Installing: /home/wyatt/avHW9/install/gps_nav_interfaces/local/lib/python3.10/dist-packages/gps_nav_interfaces/msg/_current_goal_pose.py
[11.255s] -- Installing: /home/wyatt/avHW9/install/gps_nav_interfaces/local/lib/python3.10/dist-packages/gps_nav_interfaces/msg/__init__.py
[11.255s] -- Installing: /home/wyatt/avHW9/install/gps_nav_interfaces/local/lib/python3.10/dist-packages/gps_nav_interfaces/msg/_look_ahead_specs_s.c
[11.255s] -- Installing: /home/wyatt/avHW9/install/gps_nav_interfaces/local/lib/python3.10/dist-packages/gps_nav_interfaces/msg/_current_goal_pose_s.c
[11.255s] -- Installing: /home/wyatt/avHW9/install/gps_nav_interfaces/local/lib/python3.10/dist-packages/gps_nav_interfaces/libgps_nav_interfaces__rosidl_generator_py.so
[11.255s] -- Installing: /home/wyatt/avHW9/install/gps_nav_interfaces/local/lib/python3.10/dist-packages/gps_nav_interfaces/gps_nav_interfaces_s__rosidl_typesupport_fastrtps_c.cpython-310-x86_64-linux-gnu.so
[11.309s] Listing '/home/wyatt/avHW9/install/gps_nav_interfaces/local/lib/python3.10/dist-packages/gps_nav_interfaces'...
[11.309s] Compiling '/home/wyatt/avHW9/install/gps_nav_interfaces/local/lib/python3.10/dist-packages/gps_nav_interfaces/__init__.py'...
[11.309s] Listing '/home/wyatt/avHW9/install/gps_nav_interfaces/local/lib/python3.10/dist-packages/gps_nav_interfaces/msg'...
[11.309s] Compiling '/home/wyatt/avHW9/install/gps_nav_interfaces/local/lib/python3.10/dist-packages/gps_nav_interfaces/msg/__init__.py'...
[11.309s] Compiling '/home/wyatt/avHW9/install/gps_nav_interfaces/local/lib/python3.10/dist-packages/gps_nav_interfaces/msg/_current_goal_pose.py'...
[11.309s] Compiling '/home/wyatt/avHW9/install/gps_nav_interfaces/local/lib/python3.10/dist-packages/gps_nav_interfaces/msg/_look_ahead_specs.py'...
[11.309s] Listing '/home/wyatt/avHW9/install/gps_nav_interfaces/local/lib/python3.10/dist-packages/gps_nav_interfaces/srv'...
[11.309s] Compiling '/home/wyatt/avHW9/install/gps_nav_interfaces/local/lib/python3.10/dist-packages/gps_nav_interfaces/srv/__init__.py'...
[11.310s] Compiling '/home/wyatt/avHW9/install/gps_nav_interfaces/local/lib/python3.10/dist-packages/gps_nav_interfaces/srv/_get_route_poses.py'...
[11.315s] -- Installing: /home/wyatt/avHW9/install/gps_nav_interfaces/local/lib/python3.10/dist-packages/gps_nav_interfaces/gps_nav_interfaces_s__rosidl_typesupport_fastrtps_c.cpython-310-x86_64-linux-gnu.so
[11.316s] -- Set runtime path of "/home/wyatt/avHW9/install/gps_nav_interfaces/local/lib/python3.10/dist-packages/gps_nav_interfaces/gps_nav_interfaces_s__rosidl_typesupport_fastrtps_c.cpython-310-x86_64-linux-gnu.so" to ""
[11.316s] -- Installing: /home/wyatt/avHW9/install/gps_nav_interfaces/local/lib/python3.10/dist-packages/gps_nav_interfaces/gps_nav_interfaces_s__rosidl_typesupport_introspection_c.cpython-310-x86_64-linux-gnu.so
[11.317s] -- Set runtime path of "/home/wyatt/avHW9/install/gps_nav_interfaces/local/lib/python3.10/dist-packages/gps_nav_interfaces/gps_nav_interfaces_s__rosidl_typesupport_introspection_c.cpython-310-x86_64-linux-gnu.so" to ""
[11.317s] -- Installing: /home/wyatt/avHW9/install/gps_nav_interfaces/local/lib/python3.10/dist-packages/gps_nav_interfaces/gps_nav_interfaces_s__rosidl_typesupport_c.cpython-310-x86_64-linux-gnu.so
[11.318s] -- Set runtime path of "/home/wyatt/avHW9/install/gps_nav_interfaces/local/lib/python3.10/dist-packages/gps_nav_interfaces/gps_nav_interfaces_s__rosidl_typesupport_c.cpython-310-x86_64-linux-gnu.so" to ""
[11.318s] -- Installing: /home/wyatt/avHW9/install/gps_nav_interfaces/lib/libgps_nav_interfaces__rosidl_generator_py.so
[11.318s] -- Set runtime path of "/home/wyatt/avHW9/install/gps_nav_interfaces/lib/libgps_nav_interfaces__rosidl_generator_py.so" to ""
[11.319s] -- Installing: /home/wyatt/avHW9/install/gps_nav_interfaces/share/gps_nav_interfaces/msg/CurrentGoalPose.idl
[11.319s] -- Installing: /home/wyatt/avHW9/install/gps_nav_interfaces/share/gps_nav_interfaces/msg/LookAheadSpecs.idl
[11.319s] -- Installing: /home/wyatt/avHW9/install/gps_nav_interfaces/share/gps_nav_interfaces/srv/GetRoutePoses.idl
[11.319s] -- Installing: /home/wyatt/avHW9/install/gps_nav_interfaces/share/gps_nav_interfaces/msg/CurrentGoalPose.msg
[11.320s] -- Installing: /home/wyatt/avHW9/install/gps_nav_interfaces/share/gps_nav_interfaces/msg/LookAheadSpecs.msg
[11.320s] -- Installing: /home/wyatt/avHW9/install/gps_nav_interfaces/share/gps_nav_interfaces/srv/GetRoutePoses.srv
[11.320s] -- Installing: /home/wyatt/avHW9/install/gps_nav_interfaces/share/gps_nav_interfaces/srv/GetRoutePoses_Request.msg
[11.320s] -- Installing: /home/wyatt/avHW9/install/gps_nav_interfaces/share/gps_nav_interfaces/srv/GetRoutePoses_Response.msg
[11.321s] -- Installing: /home/wyatt/avHW9/install/gps_nav_interfaces/share/ament_index/resource_index/package_run_dependencies/gps_nav_interfaces
[11.321s] -- Installing: /home/wyatt/avHW9/install/gps_nav_interfaces/share/ament_index/resource_index/parent_prefix_path/gps_nav_interfaces
[11.321s] -- Installing: /home/wyatt/avHW9/install/gps_nav_interfaces/share/gps_nav_interfaces/environment/ament_prefix_path.sh
[11.321s] -- Installing: /home/wyatt/avHW9/install/gps_nav_interfaces/share/gps_nav_interfaces/environment/ament_prefix_path.dsv
[11.322s] -- Installing: /home/wyatt/avHW9/install/gps_nav_interfaces/share/gps_nav_interfaces/environment/path.sh
[11.322s] -- Installing: /home/wyatt/avHW9/install/gps_nav_interfaces/share/gps_nav_interfaces/environment/path.dsv
[11.322s] -- Installing: /home/wyatt/avHW9/install/gps_nav_interfaces/share/gps_nav_interfaces/local_setup.bash
[11.322s] -- Installing: /home/wyatt/avHW9/install/gps_nav_interfaces/share/gps_nav_interfaces/local_setup.sh
[11.322s] -- Installing: /home/wyatt/avHW9/install/gps_nav_interfaces/share/gps_nav_interfaces/local_setup.zsh
[11.323s] -- Installing: /home/wyatt/avHW9/install/gps_nav_interfaces/share/gps_nav_interfaces/local_setup.dsv
[11.323s] -- Installing: /home/wyatt/avHW9/install/gps_nav_interfaces/share/gps_nav_interfaces/package.dsv
[11.323s] -- Installing: /home/wyatt/avHW9/install/gps_nav_interfaces/share/ament_index/resource_index/packages/gps_nav_interfaces
[11.323s] -- Installing: /home/wyatt/avHW9/install/gps_nav_interfaces/share/gps_nav_interfaces/cmake/export_gps_nav_interfaces__rosidl_generator_cExport.cmake
[11.324s] -- Installing: /home/wyatt/avHW9/install/gps_nav_interfaces/share/gps_nav_interfaces/cmake/export_gps_nav_interfaces__rosidl_generator_cExport-noconfig.cmake
[11.324s] -- Installing: /home/wyatt/avHW9/install/gps_nav_interfaces/share/gps_nav_interfaces/cmake/export_gps_nav_interfaces__rosidl_typesupport_fastrtps_cExport.cmake
[11.324s] -- Installing: /home/wyatt/avHW9/install/gps_nav_interfaces/share/gps_nav_interfaces/cmake/export_gps_nav_interfaces__rosidl_typesupport_fastrtps_cExport-noconfig.cmake
[11.324s] -- Installing: /home/wyatt/avHW9/install/gps_nav_interfaces/share/gps_nav_interfaces/cmake/gps_nav_interfaces__rosidl_typesupport_introspection_cExport.cmake
[11.325s] -- Installing: /home/wyatt/avHW9/install/gps_nav_interfaces/share/gps_nav_interfaces/cmake/gps_nav_interfaces__rosidl_typesupport_introspection_cExport-noconfig.cmake
[11.325s] -- Installing: /home/wyatt/avHW9/install/gps_nav_interfaces/share/gps_nav_interfaces/cmake/gps_nav_interfaces__rosidl_typesupport_cExport.cmake
[11.325s] -- Installing: /home/wyatt/avHW9/install/gps_nav_interfaces/share/gps_nav_interfaces/cmake/gps_nav_interfaces__rosidl_typesupport_cExport-noconfig.cmake
[11.325s] -- Installing: /home/wyatt/avHW9/install/gps_nav_interfaces/share/gps_nav_interfaces/cmake/export_gps_nav_interfaces__rosidl_generator_cppExport.cmake
[11.326s] -- Installing: /home/wyatt/avHW9/install/gps_nav_interfaces/share/gps_nav_interfaces/cmake/export_gps_nav_interfaces__rosidl_typesupport_fastrtps_cppExport.cmake
[11.326s] -- Installing: /home/wyatt/avHW9/install/gps_nav_interfaces/share/gps_nav_interfaces/cmake/export_gps_nav_interfaces__rosidl_typesupport_fastrtps_cppExport-noconfig.cmake
[11.326s] -- Installing: /home/wyatt/avHW9/install/gps_nav_interfaces/share/gps_nav_interfaces/cmake/gps_nav_interfaces__rosidl_typesupport_introspection_cppExport.cmake
[11.326s] -- Installing: /home/wyatt/avHW9/install/gps_nav_interfaces/share/gps_nav_interfaces/cmake/gps_nav_interfaces__rosidl_typesupport_introspection_cppExport-noconfig.cmake
[11.327s] -- Installing: /home/wyatt/avHW9/install/gps_nav_interfaces/share/gps_nav_interfaces/cmake/gps_nav_interfaces__rosidl_typesupport_cppExport.cmake
[11.327s] -- Installing: /home/wyatt/avHW9/install/gps_nav_interfaces/share/gps_nav_interfaces/cmake/gps_nav_interfaces__rosidl_typesupport_cppExport-noconfig.cmake
[11.327s] -- Installing: /home/wyatt/avHW9/install/gps_nav_interfaces/share/gps_nav_interfaces/cmake/export_gps_nav_interfaces__rosidl_generator_pyExport.cmake
[11.327s] -- Installing: /home/wyatt/avHW9/install/gps_nav_interfaces/share/gps_nav_interfaces/cmake/export_gps_nav_interfaces__rosidl_generator_pyExport-noconfig.cmake
[11.328s] -- Installing: /home/wyatt/avHW9/install/gps_nav_interfaces/share/gps_nav_interfaces/cmake/rosidl_cmake-extras.cmake
[11.328s] -- Installing: /home/wyatt/avHW9/install/gps_nav_interfaces/share/gps_nav_interfaces/cmake/ament_cmake_export_dependencies-extras.cmake
[11.328s] -- Installing: /home/wyatt/avHW9/install/gps_nav_interfaces/share/gps_nav_interfaces/cmake/ament_cmake_export_include_directories-extras.cmake
[11.328s] -- Installing: /home/wyatt/avHW9/install/gps_nav_interfaces/share/gps_nav_interfaces/cmake/ament_cmake_export_libraries-extras.cmake
[11.329s] -- Installing: /home/wyatt/avHW9/install/gps_nav_interfaces/share/gps_nav_interfaces/cmake/ament_cmake_export_targets-extras.cmake
[11.329s] -- Installing: /home/wyatt/avHW9/install/gps_nav_interfaces/share/gps_nav_interfaces/cmake/rosidl_cmake_export_typesupport_targets-extras.cmake
[11.333s] -- Installing: /home/wyatt/avHW9/install/gps_nav_interfaces/share/gps_nav_interfaces/cmake/rosidl_cmake_export_typesupport_libraries-extras.cmake
[11.333s] -- Installing: /home/wyatt/avHW9/install/gps_nav_interfaces/share/gps_nav_interfaces/cmake/gps_nav_interfacesConfig.cmake
[11.333s] -- Installing: /home/wyatt/avHW9/install/gps_nav_interfaces/share/gps_nav_interfaces/cmake/gps_nav_interfacesConfig-version.cmake
[11.333s] -- Installing: /home/wyatt/avHW9/install/gps_nav_interfaces/share/gps_nav_interfaces/package.xml
[11.336s] Invoked command in '/home/wyatt/avHW9/build/gps_nav_interfaces' returned '0': CMAKE_PREFIX_PATH=${CMAKE_PREFIX_PATH}:/home/wyatt/avHW9/install/gps_nav:/opt/ros/humble /usr/bin/cmake --install /home/wyatt/avHW9/build/gps_nav_interfaces
