[1.664s] DEBUG:colcon:Command line arguments: ['/usr/bin/colcon', 'build']
[1.664s] DEBUG:colcon:Parsed command line arguments: Namespace(log_base=None, log_level=None, verb_name='build', build_base='build', install_base='install', merge_install=False, symlink_install=False, test_result_base=None, continue_on_error=False, executor='parallel', parallel_workers=4, event_handlers=None, ignore_user_meta=False, metas=['./colcon.meta'], base_paths=['.'], packages_ignore=None, packages_ignore_regex=None, paths=None, packages_up_to=None, packages_up_to_regex=None, packages_above=None, packages_above_and_dependencies=None, packages_above_depth=None, packages_select_by_dep=None, packages_skip_by_dep=None, packages_skip_up_to=None, packages_select_build_failed=False, packages_skip_build_finished=False, packages_select_test_failures=False, packages_skip_test_passed=False, packages_select=None, packages_skip=None, packages_select_regex=None, packages_skip_regex=None, packages_start=None, packages_end=None, allow_overriding=[], cmake_args=None, cmake_target=None, cmake_target_skip_unavailable=False, cmake_clean_cache=False, cmake_clean_first=False, cmake_force_configure=False, ament_cmake_args=None, catkin_cmake_args=None, catkin_skip_building_tests=False, verb_parser=<colcon_defaults.argument_parser.defaults.DefaultArgumentsDecorator object at 0x7f6f98fcc1f0>, verb_extension=<colcon_core.verb.build.BuildVerb object at 0x7f6f98f7d9f0>, main=<bound method BuildVerb.main of <colcon_core.verb.build.BuildVerb object at 0x7f6f98f7d9f0>>)
[1.738s] Level 1:colcon.colcon_core.package_discovery:discover_packages(colcon_meta) check parameters
[1.738s] Level 1:colcon.colcon_core.package_discovery:discover_packages(recursive) check parameters
[1.738s] Level 1:colcon.colcon_core.package_discovery:discover_packages(ignore) check parameters
[1.738s] Level 1:colcon.colcon_core.package_discovery:discover_packages(path) check parameters
[1.738s] Level 1:colcon.colcon_core.package_discovery:discover_packages(colcon_meta) discover
[1.738s] Level 1:colcon.colcon_core.package_discovery:discover_packages(recursive) discover
[1.738s] INFO:colcon.colcon_core.package_discovery:Crawling recursively for packages in '/home/wyatt/avHW9'
[1.738s] Level 1:colcon.colcon_core.package_identification:_identify(.) by extensions ['ignore', 'ignore_ament_install']
[1.738s] Level 1:colcon.colcon_core.package_identification:_identify(.) by extension 'ignore'
[1.739s] Level 1:colcon.colcon_core.package_identification:_identify(.) by extension 'ignore_ament_install'
[1.739s] Level 1:colcon.colcon_core.package_identification:_identify(.) by extensions ['colcon_pkg']
[1.739s] Level 1:colcon.colcon_core.package_identification:_identify(.) by extension 'colcon_pkg'
[1.739s] Level 1:colcon.colcon_core.package_identification:_identify(.) by extensions ['colcon_meta']
[1.739s] Level 1:colcon.colcon_core.package_identification:_identify(.) by extension 'colcon_meta'
[1.739s] Level 1:colcon.colcon_core.package_identification:_identify(.) by extensions ['ros']
[1.739s] Level 1:colcon.colcon_core.package_identification:_identify(.) by extension 'ros'
[1.757s] Level 1:colcon.colcon_core.package_identification:_identify(.) by extensions ['cmake', 'python']
[1.757s] Level 1:colcon.colcon_core.package_identification:_identify(.) by extension 'cmake'
[1.757s] Level 1:colcon.colcon_core.package_identification:_identify(.) by extension 'python'
[1.757s] Level 1:colcon.colcon_core.package_identification:_identify(.) by extensions ['python_setup_py']
[1.757s] Level 1:colcon.colcon_core.package_identification:_identify(.) by extension 'python_setup_py'
[1.757s] Level 1:colcon.colcon_core.package_identification:_identify(build) by extensions ['ignore', 'ignore_ament_install']
[1.757s] Level 1:colcon.colcon_core.package_identification:_identify(build) by extension 'ignore'
[1.757s] Level 1:colcon.colcon_core.package_identification:_identify(build) ignored
[1.758s] Level 1:colcon.colcon_core.package_identification:_identify(install) by extensions ['ignore', 'ignore_ament_install']
[1.758s] Level 1:colcon.colcon_core.package_identification:_identify(install) by extension 'ignore'
[1.758s] Level 1:colcon.colcon_core.package_identification:_identify(install) ignored
[1.758s] Level 1:colcon.colcon_core.package_identification:_identify(log) by extensions ['ignore', 'ignore_ament_install']
[1.758s] Level 1:colcon.colcon_core.package_identification:_identify(log) by extension 'ignore'
[1.758s] Level 1:colcon.colcon_core.package_identification:_identify(log) ignored
[1.758s] Level 1:colcon.colcon_core.package_identification:_identify(src) by extensions ['ignore', 'ignore_ament_install']
[1.758s] Level 1:colcon.colcon_core.package_identification:_identify(src) by extension 'ignore'
[1.758s] Level 1:colcon.colcon_core.package_identification:_identify(src) by extension 'ignore_ament_install'
[1.759s] Level 1:colcon.colcon_core.package_identification:_identify(src) by extensions ['colcon_pkg']
[1.759s] Level 1:colcon.colcon_core.package_identification:_identify(src) by extension 'colcon_pkg'
[1.759s] Level 1:colcon.colcon_core.package_identification:_identify(src) by extensions ['colcon_meta']
[1.759s] Level 1:colcon.colcon_core.package_identification:_identify(src) by extension 'colcon_meta'
[1.759s] Level 1:colcon.colcon_core.package_identification:_identify(src) by extensions ['ros']
[1.759s] Level 1:colcon.colcon_core.package_identification:_identify(src) by extension 'ros'
[1.759s] Level 1:colcon.colcon_core.package_identification:_identify(src) by extensions ['cmake', 'python']
[1.759s] Level 1:colcon.colcon_core.package_identification:_identify(src) by extension 'cmake'
[1.759s] Level 1:colcon.colcon_core.package_identification:_identify(src) by extension 'python'
[1.759s] Level 1:colcon.colcon_core.package_identification:_identify(src) by extensions ['python_setup_py']
[1.759s] Level 1:colcon.colcon_core.package_identification:_identify(src) by extension 'python_setup_py'
[1.759s] Level 1:colcon.colcon_core.package_identification:_identify(src/eml4842_gps_nav) by extensions ['ignore', 'ignore_ament_install']
[1.760s] Level 1:colcon.colcon_core.package_identification:_identify(src/eml4842_gps_nav) by extension 'ignore'
[1.760s] Level 1:colcon.colcon_core.package_identification:_identify(src/eml4842_gps_nav) by extension 'ignore_ament_install'
[1.760s] Level 1:colcon.colcon_core.package_identification:_identify(src/eml4842_gps_nav) by extensions ['colcon_pkg']
[1.760s] Level 1:colcon.colcon_core.package_identification:_identify(src/eml4842_gps_nav) by extension 'colcon_pkg'
[1.760s] Level 1:colcon.colcon_core.package_identification:_identify(src/eml4842_gps_nav) by extensions ['colcon_meta']
[1.760s] Level 1:colcon.colcon_core.package_identification:_identify(src/eml4842_gps_nav) by extension 'colcon_meta'
[1.760s] Level 1:colcon.colcon_core.package_identification:_identify(src/eml4842_gps_nav) by extensions ['ros']
[1.760s] Level 1:colcon.colcon_core.package_identification:_identify(src/eml4842_gps_nav) by extension 'ros'
[1.760s] Level 1:colcon.colcon_core.package_identification:_identify(src/eml4842_gps_nav) by extensions ['cmake', 'python']
[1.760s] Level 1:colcon.colcon_core.package_identification:_identify(src/eml4842_gps_nav) by extension 'cmake'
[1.760s] Level 1:colcon.colcon_core.package_identification:_identify(src/eml4842_gps_nav) by extension 'python'
[1.760s] Level 1:colcon.colcon_core.package_identification:_identify(src/eml4842_gps_nav) by extensions ['python_setup_py']
[1.760s] Level 1:colcon.colcon_core.package_identification:_identify(src/eml4842_gps_nav) by extension 'python_setup_py'
[1.761s] Level 1:colcon.colcon_core.package_identification:_identify(src/eml4842_gps_nav/gps_nav) by extensions ['ignore', 'ignore_ament_install']
[1.761s] Level 1:colcon.colcon_core.package_identification:_identify(src/eml4842_gps_nav/gps_nav) by extension 'ignore'
[1.761s] Level 1:colcon.colcon_core.package_identification:_identify(src/eml4842_gps_nav/gps_nav) by extension 'ignore_ament_install'
[1.761s] Level 1:colcon.colcon_core.package_identification:_identify(src/eml4842_gps_nav/gps_nav) by extensions ['colcon_pkg']
[1.761s] Level 1:colcon.colcon_core.package_identification:_identify(src/eml4842_gps_nav/gps_nav) by extension 'colcon_pkg'
[1.761s] Level 1:colcon.colcon_core.package_identification:_identify(src/eml4842_gps_nav/gps_nav) by extensions ['colcon_meta']
[1.761s] Level 1:colcon.colcon_core.package_identification:_identify(src/eml4842_gps_nav/gps_nav) by extension 'colcon_meta'
[1.761s] Level 1:colcon.colcon_core.package_identification:_identify(src/eml4842_gps_nav/gps_nav) by extensions ['ros']
[1.761s] Level 1:colcon.colcon_core.package_identification:_identify(src/eml4842_gps_nav/gps_nav) by extension 'ros'
[1.765s] DEBUG:colcon.colcon_core.package_identification:Package 'src/eml4842_gps_nav/gps_nav' with type 'ros.ament_python' and name 'gps_nav'
[1.765s] Level 1:colcon.colcon_core.package_identification:_identify(src/eml4842_gps_nav/gps_nav_interfaces) by extensions ['ignore', 'ignore_ament_install']
[1.765s] Level 1:colcon.colcon_core.package_identification:_identify(src/eml4842_gps_nav/gps_nav_interfaces) by extension 'ignore'
[1.766s] Level 1:colcon.colcon_core.package_identification:_identify(src/eml4842_gps_nav/gps_nav_interfaces) by extension 'ignore_ament_install'
[1.766s] Level 1:colcon.colcon_core.package_identification:_identify(src/eml4842_gps_nav/gps_nav_interfaces) by extensions ['colcon_pkg']
[1.766s] Level 1:colcon.colcon_core.package_identification:_identify(src/eml4842_gps_nav/gps_nav_interfaces) by extension 'colcon_pkg'
[1.766s] Level 1:colcon.colcon_core.package_identification:_identify(src/eml4842_gps_nav/gps_nav_interfaces) by extensions ['colcon_meta']
[1.766s] Level 1:colcon.colcon_core.package_identification:_identify(src/eml4842_gps_nav/gps_nav_interfaces) by extension 'colcon_meta'
[1.766s] Level 1:colcon.colcon_core.package_identification:_identify(src/eml4842_gps_nav/gps_nav_interfaces) by extensions ['ros']
[1.766s] Level 1:colcon.colcon_core.package_identification:_identify(src/eml4842_gps_nav/gps_nav_interfaces) by extension 'ros'
[1.768s] DEBUG:colcon.colcon_core.package_identification:Package 'src/eml4842_gps_nav/gps_nav_interfaces' with type 'ros.ament_cmake' and name 'gps_nav_interfaces'
[1.768s] Level 1:colcon.colcon_core.package_discovery:discover_packages(recursive) using defaults
[1.768s] Level 1:colcon.colcon_core.package_discovery:discover_packages(ignore) discover
[1.768s] Level 1:colcon.colcon_core.package_discovery:discover_packages(ignore) using defaults
[1.768s] Level 1:colcon.colcon_core.package_discovery:discover_packages(path) discover
[1.768s] Level 1:colcon.colcon_core.package_discovery:discover_packages(path) using defaults
[1.948s] Level 1:colcon.colcon_core.package_discovery:discover_packages(prefix_path) check parameters
[1.948s] Level 1:colcon.colcon_core.package_discovery:discover_packages(prefix_path) discover
[1.997s] DEBUG:colcon.colcon_installed_package_information.package_discovery:Found 2 installed packages in /home/wyatt/avHW9/install
[2.023s] DEBUG:colcon.colcon_installed_package_information.package_discovery:Found 286 installed packages in /opt/ros/humble
[2.026s] Level 1:colcon.colcon_core.package_discovery:discover_packages(prefix_path) using defaults
[2.180s] Level 5:colcon.colcon_core.verb:set package 'gps_nav_interfaces' build argument 'cmake_args' from command line to 'None'
[2.180s] Level 5:colcon.colcon_core.verb:set package 'gps_nav_interfaces' build argument 'cmake_target' from command line to 'None'
[2.180s] Level 5:colcon.colcon_core.verb:set package 'gps_nav_interfaces' build argument 'cmake_target_skip_unavailable' from command line to 'False'
[2.180s] Level 5:colcon.colcon_core.verb:set package 'gps_nav_interfaces' build argument 'cmake_clean_cache' from command line to 'False'
[2.180s] Level 5:colcon.colcon_core.verb:set package 'gps_nav_interfaces' build argument 'cmake_clean_first' from command line to 'False'
[2.180s] Level 5:colcon.colcon_core.verb:set package 'gps_nav_interfaces' build argument 'cmake_force_configure' from command line to 'False'
[2.180s] Level 5:colcon.colcon_core.verb:set package 'gps_nav_interfaces' build argument 'ament_cmake_args' from command line to 'None'
[2.180s] Level 5:colcon.colcon_core.verb:set package 'gps_nav_interfaces' build argument 'catkin_cmake_args' from command line to 'None'
[2.180s] Level 5:colcon.colcon_core.verb:set package 'gps_nav_interfaces' build argument 'catkin_skip_building_tests' from command line to 'False'
[2.181s] DEBUG:colcon.colcon_core.verb:Building package 'gps_nav_interfaces' with the following arguments: {'ament_cmake_args': None, 'build_base': '/home/wyatt/avHW9/build/gps_nav_interfaces', 'catkin_cmake_args': None, 'catkin_skip_building_tests': False, 'cmake_args': None, 'cmake_clean_cache': False, 'cmake_clean_first': False, 'cmake_force_configure': False, 'cmake_target': None, 'cmake_target_skip_unavailable': False, 'install_base': '/home/wyatt/avHW9/install/gps_nav_interfaces', 'merge_install': False, 'path': '/home/wyatt/avHW9/src/eml4842_gps_nav/gps_nav_interfaces', 'symlink_install': False, 'test_result_base': None}
[2.205s] Level 5:colcon.colcon_core.verb:set package 'gps_nav' build argument 'cmake_args' from command line to 'None'
[2.205s] Level 5:colcon.colcon_core.verb:set package 'gps_nav' build argument 'cmake_target' from command line to 'None'
[2.205s] Level 5:colcon.colcon_core.verb:set package 'gps_nav' build argument 'cmake_target_skip_unavailable' from command line to 'False'
[2.205s] Level 5:colcon.colcon_core.verb:set package 'gps_nav' build argument 'cmake_clean_cache' from command line to 'False'
[2.205s] Level 5:colcon.colcon_core.verb:set package 'gps_nav' build argument 'cmake_clean_first' from command line to 'False'
[2.205s] Level 5:colcon.colcon_core.verb:set package 'gps_nav' build argument 'cmake_force_configure' from command line to 'False'
[2.205s] Level 5:colcon.colcon_core.verb:set package 'gps_nav' build argument 'ament_cmake_args' from command line to 'None'
[2.205s] Level 5:colcon.colcon_core.verb:set package 'gps_nav' build argument 'catkin_cmake_args' from command line to 'None'
[2.205s] Level 5:colcon.colcon_core.verb:set package 'gps_nav' build argument 'catkin_skip_building_tests' from command line to 'False'
[2.206s] DEBUG:colcon.colcon_core.verb:Building package 'gps_nav' with the following arguments: {'ament_cmake_args': None, 'build_base': '/home/wyatt/avHW9/build/gps_nav', 'catkin_cmake_args': None, 'catkin_skip_building_tests': False, 'cmake_args': None, 'cmake_clean_cache': False, 'cmake_clean_first': False, 'cmake_force_configure': False, 'cmake_target': None, 'cmake_target_skip_unavailable': False, 'install_base': '/home/wyatt/avHW9/install/gps_nav', 'merge_install': False, 'path': '/home/wyatt/avHW9/src/eml4842_gps_nav/gps_nav', 'symlink_install': False, 'test_result_base': None}
[2.229s] INFO:colcon.colcon_core.executor:Executing jobs using 'parallel' executor
[2.255s] DEBUG:colcon.colcon_parallel_executor.executor.parallel:run_until_complete
[2.255s] INFO:colcon.colcon_ros.task.ament_cmake.build:Building ROS package in '/home/wyatt/avHW9/src/eml4842_gps_nav/gps_nav_interfaces' with build type 'ament_cmake'
[2.256s] INFO:colcon.colcon_cmake.task.cmake.build:Building CMake package in '/home/wyatt/avHW9/src/eml4842_gps_nav/gps_nav_interfaces'
[2.285s] INFO:colcon.colcon_core.plugin_system:Skipping extension 'colcon_core.shell.bat': Not used on non-Windows systems
[2.286s] INFO:colcon.colcon_core.shell:Skip shell extension 'powershell' for command environment: Not usable outside of PowerShell
[2.286s] DEBUG:colcon.colcon_core.shell:Skip shell extension 'dsv' for command environment
[2.373s] DEBUG:colcon.colcon_core.event_handler.log_command:Invoking command in '/home/wyatt/avHW9/build/gps_nav_interfaces': CMAKE_PREFIX_PATH=${CMAKE_PREFIX_PATH}:/home/wyatt/avHW9/install/gps_nav:/opt/ros/humble /usr/bin/cmake --build /home/wyatt/avHW9/build/gps_nav_interfaces -- -j4 -l4
[3.336s] DEBUG:colcon.colcon_core.event_handler.log_command:Invoked command in '/home/wyatt/avHW9/build/gps_nav_interfaces' returned '0': CMAKE_PREFIX_PATH=${CMAKE_PREFIX_PATH}:/home/wyatt/avHW9/install/gps_nav:/opt/ros/humble /usr/bin/cmake --build /home/wyatt/avHW9/build/gps_nav_interfaces -- -j4 -l4
[3.475s] DEBUG:colcon.colcon_core.event_handler.log_command:Invoking command in '/home/wyatt/avHW9/build/gps_nav_interfaces': CMAKE_PREFIX_PATH=${CMAKE_PREFIX_PATH}:/home/wyatt/avHW9/install/gps_nav:/opt/ros/humble /usr/bin/cmake --install /home/wyatt/avHW9/build/gps_nav_interfaces
[3.591s] Level 1:colcon.colcon_core.environment:create_environment_scripts_only(gps_nav_interfaces)
[3.602s] DEBUG:colcon.colcon_core.event_handler.log_command:Invoked command in '/home/wyatt/avHW9/build/gps_nav_interfaces' returned '0': CMAKE_PREFIX_PATH=${CMAKE_PREFIX_PATH}:/home/wyatt/avHW9/install/gps_nav:/opt/ros/humble /usr/bin/cmake --install /home/wyatt/avHW9/build/gps_nav_interfaces
[3.645s] Level 1:colcon.colcon_core.environment:checking '/home/wyatt/avHW9/install/gps_nav_interfaces' for CMake module files
[3.646s] Level 1:colcon.colcon_core.environment:checking '/home/wyatt/avHW9/install/gps_nav_interfaces' for CMake config files
[3.648s] Level 1:colcon.colcon_core.shell:create_environment_hook('gps_nav_interfaces', 'cmake_prefix_path')
[3.687s] INFO:colcon.colcon_core.shell:Creating environment hook '/home/wyatt/avHW9/install/gps_nav_interfaces/share/gps_nav_interfaces/hook/cmake_prefix_path.ps1'
[3.689s] INFO:colcon.colcon_core.shell:Creating environment descriptor '/home/wyatt/avHW9/install/gps_nav_interfaces/share/gps_nav_interfaces/hook/cmake_prefix_path.dsv'
[3.689s] INFO:colcon.colcon_core.shell:Creating environment hook '/home/wyatt/avHW9/install/gps_nav_interfaces/share/gps_nav_interfaces/hook/cmake_prefix_path.sh'
[3.691s] Level 1:colcon.colcon_core.environment:checking '/home/wyatt/avHW9/install/gps_nav_interfaces/lib'
[3.692s] Level 1:colcon.colcon_core.shell:create_environment_hook('gps_nav_interfaces', 'ld_library_path_lib')
[3.720s] INFO:colcon.colcon_core.shell:Creating environment hook '/home/wyatt/avHW9/install/gps_nav_interfaces/share/gps_nav_interfaces/hook/ld_library_path_lib.ps1'
[3.721s] INFO:colcon.colcon_core.shell:Creating environment descriptor '/home/wyatt/avHW9/install/gps_nav_interfaces/share/gps_nav_interfaces/hook/ld_library_path_lib.dsv'
[3.722s] INFO:colcon.colcon_core.shell:Creating environment hook '/home/wyatt/avHW9/install/gps_nav_interfaces/share/gps_nav_interfaces/hook/ld_library_path_lib.sh'
[3.722s] Level 1:colcon.colcon_core.environment:checking '/home/wyatt/avHW9/install/gps_nav_interfaces/bin'
[3.723s] Level 1:colcon.colcon_core.environment:checking '/home/wyatt/avHW9/install/gps_nav_interfaces/lib/pkgconfig/gps_nav_interfaces.pc'
[3.723s] Level 1:colcon.colcon_core.environment:checking '/home/wyatt/avHW9/install/gps_nav_interfaces/lib/python3.10/site-packages'
[3.723s] Level 1:colcon.colcon_core.environment:checking '/home/wyatt/avHW9/install/gps_nav_interfaces/bin'
[3.749s] INFO:colcon.colcon_core.shell:Creating package script '/home/wyatt/avHW9/install/gps_nav_interfaces/share/gps_nav_interfaces/package.ps1'
[3.751s] INFO:colcon.colcon_core.shell:Creating package descriptor '/home/wyatt/avHW9/install/gps_nav_interfaces/share/gps_nav_interfaces/package.dsv'
[3.752s] INFO:colcon.colcon_core.shell:Creating package script '/home/wyatt/avHW9/install/gps_nav_interfaces/share/gps_nav_interfaces/package.sh'
[3.753s] INFO:colcon.colcon_core.shell:Creating package script '/home/wyatt/avHW9/install/gps_nav_interfaces/share/gps_nav_interfaces/package.bash'
[3.755s] INFO:colcon.colcon_core.shell:Creating package script '/home/wyatt/avHW9/install/gps_nav_interfaces/share/gps_nav_interfaces/package.zsh'
[3.756s] Level 1:colcon.colcon_core.environment:create_file_with_runtime_dependencies(/home/wyatt/avHW9/install/gps_nav_interfaces/share/colcon-core/packages/gps_nav_interfaces)
[3.953s] Level 1:colcon.colcon_core.environment:create_environment_scripts_only(gps_nav_interfaces)
[4.005s] Level 1:colcon.colcon_core.environment:checking '/home/wyatt/avHW9/install/gps_nav_interfaces' for CMake module files
[4.007s] Level 1:colcon.colcon_core.environment:checking '/home/wyatt/avHW9/install/gps_nav_interfaces' for CMake config files
[4.009s] Level 1:colcon.colcon_core.shell:create_environment_hook('gps_nav_interfaces', 'cmake_prefix_path')
[4.055s] INFO:colcon.colcon_core.shell:Creating environment hook '/home/wyatt/avHW9/install/gps_nav_interfaces/share/gps_nav_interfaces/hook/cmake_prefix_path.ps1'
[4.056s] INFO:colcon.colcon_core.shell:Creating environment descriptor '/home/wyatt/avHW9/install/gps_nav_interfaces/share/gps_nav_interfaces/hook/cmake_prefix_path.dsv'
[4.057s] INFO:colcon.colcon_core.shell:Creating environment hook '/home/wyatt/avHW9/install/gps_nav_interfaces/share/gps_nav_interfaces/hook/cmake_prefix_path.sh'
[4.059s] Level 1:colcon.colcon_core.environment:checking '/home/wyatt/avHW9/install/gps_nav_interfaces/lib'
[4.059s] Level 1:colcon.colcon_core.shell:create_environment_hook('gps_nav_interfaces', 'ld_library_path_lib')
[4.106s] INFO:colcon.colcon_core.shell:Creating environment hook '/home/wyatt/avHW9/install/gps_nav_interfaces/share/gps_nav_interfaces/hook/ld_library_path_lib.ps1'
[4.108s] INFO:colcon.colcon_core.shell:Creating environment descriptor '/home/wyatt/avHW9/install/gps_nav_interfaces/share/gps_nav_interfaces/hook/ld_library_path_lib.dsv'
[4.109s] INFO:colcon.colcon_core.shell:Creating environment hook '/home/wyatt/avHW9/install/gps_nav_interfaces/share/gps_nav_interfaces/hook/ld_library_path_lib.sh'
[4.111s] Level 1:colcon.colcon_core.environment:checking '/home/wyatt/avHW9/install/gps_nav_interfaces/bin'
[4.111s] Level 1:colcon.colcon_core.environment:checking '/home/wyatt/avHW9/install/gps_nav_interfaces/lib/pkgconfig/gps_nav_interfaces.pc'
[4.112s] Level 1:colcon.colcon_core.environment:checking '/home/wyatt/avHW9/install/gps_nav_interfaces/lib/python3.10/site-packages'
[4.112s] Level 1:colcon.colcon_core.environment:checking '/home/wyatt/avHW9/install/gps_nav_interfaces/bin'
[4.153s] INFO:colcon.colcon_core.shell:Creating package script '/home/wyatt/avHW9/install/gps_nav_interfaces/share/gps_nav_interfaces/package.ps1'
[4.155s] INFO:colcon.colcon_core.shell:Creating package descriptor '/home/wyatt/avHW9/install/gps_nav_interfaces/share/gps_nav_interfaces/package.dsv'
[4.156s] INFO:colcon.colcon_core.shell:Creating package script '/home/wyatt/avHW9/install/gps_nav_interfaces/share/gps_nav_interfaces/package.sh'
[4.158s] INFO:colcon.colcon_core.shell:Creating package script '/home/wyatt/avHW9/install/gps_nav_interfaces/share/gps_nav_interfaces/package.bash'
[4.159s] INFO:colcon.colcon_core.shell:Creating package script '/home/wyatt/avHW9/install/gps_nav_interfaces/share/gps_nav_interfaces/package.zsh'
[4.160s] Level 1:colcon.colcon_core.environment:create_file_with_runtime_dependencies(/home/wyatt/avHW9/install/gps_nav_interfaces/share/colcon-core/packages/gps_nav_interfaces)
[4.161s] INFO:colcon.colcon_ros.task.ament_python.build:Building ROS package in '/home/wyatt/avHW9/src/eml4842_gps_nav/gps_nav' with build type 'ament_python'
[4.161s] Level 1:colcon.colcon_core.shell:create_environment_hook('gps_nav', 'ament_prefix_path')
[4.212s] INFO:colcon.colcon_core.shell:Creating environment hook '/home/wyatt/avHW9/install/gps_nav/share/gps_nav/hook/ament_prefix_path.ps1'
[4.214s] INFO:colcon.colcon_core.shell:Creating environment descriptor '/home/wyatt/avHW9/install/gps_nav/share/gps_nav/hook/ament_prefix_path.dsv'
[4.214s] INFO:colcon.colcon_core.shell:Creating environment hook '/home/wyatt/avHW9/install/gps_nav/share/gps_nav/hook/ament_prefix_path.sh'
[4.262s] INFO:colcon.colcon_core.shell:Skip shell extension 'powershell' for command environment: Not usable outside of PowerShell
[4.262s] DEBUG:colcon.colcon_core.shell:Skip shell extension 'dsv' for command environment
[5.246s] INFO:colcon.colcon_core.task.python.build:Building Python package in '/home/wyatt/avHW9/src/eml4842_gps_nav/gps_nav'
[5.304s] INFO:colcon.colcon_core.shell:Skip shell extension 'powershell' for command environment: Not usable outside of PowerShell
[5.305s] DEBUG:colcon.colcon_core.shell:Skip shell extension 'dsv' for command environment
[6.385s] DEBUG:colcon.colcon_core.event_handler.log_command:Invoking command in '/home/wyatt/avHW9/src/eml4842_gps_nav/gps_nav': PYTHONPATH=/home/wyatt/avHW9/build/gps_nav/prefix_override:/home/wyatt/avHW9/install/gps_nav/lib/python3.10/site-packages:${PYTHONPATH} /usr/bin/python3 setup.py egg_info --egg-base ../../../build/gps_nav build --build-base /home/wyatt/avHW9/build/gps_nav/build install --record /home/wyatt/avHW9/build/gps_nav/install.log --install-scripts $base/lib/gps_nav --single-version-externally-managed
[7.311s] DEBUG:colcon.colcon_core.event_handler.log_command:Invoked command in '/home/wyatt/avHW9/src/eml4842_gps_nav/gps_nav' returned '0': PYTHONPATH=/home/wyatt/avHW9/build/gps_nav/prefix_override:/home/wyatt/avHW9/install/gps_nav/lib/python3.10/site-packages:${PYTHONPATH} /usr/bin/python3 setup.py egg_info --egg-base ../../../build/gps_nav build --build-base /home/wyatt/avHW9/build/gps_nav/build install --record /home/wyatt/avHW9/build/gps_nav/install.log --install-scripts $base/lib/gps_nav --single-version-externally-managed
[7.349s] Level 1:colcon.colcon_core.environment:checking '/home/wyatt/avHW9/install/gps_nav' for CMake module files
[7.350s] Level 1:colcon.colcon_core.environment:checking '/home/wyatt/avHW9/install/gps_nav' for CMake config files
[7.353s] Level 1:colcon.colcon_core.environment:checking '/home/wyatt/avHW9/install/gps_nav/lib'
[7.353s] Level 1:colcon.colcon_core.environment:checking '/home/wyatt/avHW9/install/gps_nav/bin'
[7.353s] Level 1:colcon.colcon_core.environment:checking '/home/wyatt/avHW9/install/gps_nav/lib/pkgconfig/gps_nav.pc'
[7.354s] Level 1:colcon.colcon_core.environment:checking '/home/wyatt/avHW9/install/gps_nav/lib/python3.10/site-packages'
[7.354s] Level 1:colcon.colcon_core.shell:create_environment_hook('gps_nav', 'pythonpath')
[7.400s] INFO:colcon.colcon_core.shell:Creating environment hook '/home/wyatt/avHW9/install/gps_nav/share/gps_nav/hook/pythonpath.ps1'
[7.401s] INFO:colcon.colcon_core.shell:Creating environment descriptor '/home/wyatt/avHW9/install/gps_nav/share/gps_nav/hook/pythonpath.dsv'
[7.402s] INFO:colcon.colcon_core.shell:Creating environment hook '/home/wyatt/avHW9/install/gps_nav/share/gps_nav/hook/pythonpath.sh'
[7.405s] Level 1:colcon.colcon_core.environment:checking '/home/wyatt/avHW9/install/gps_nav/bin'
[7.406s] Level 1:colcon.colcon_core.environment:create_environment_scripts_only(gps_nav)
[7.450s] INFO:colcon.colcon_core.shell:Creating package script '/home/wyatt/avHW9/install/gps_nav/share/gps_nav/package.ps1'
[7.451s] INFO:colcon.colcon_core.shell:Creating package descriptor '/home/wyatt/avHW9/install/gps_nav/share/gps_nav/package.dsv'
[7.453s] INFO:colcon.colcon_core.shell:Creating package script '/home/wyatt/avHW9/install/gps_nav/share/gps_nav/package.sh'
[7.454s] INFO:colcon.colcon_core.shell:Creating package script '/home/wyatt/avHW9/install/gps_nav/share/gps_nav/package.bash'
[7.456s] INFO:colcon.colcon_core.shell:Creating package script '/home/wyatt/avHW9/install/gps_nav/share/gps_nav/package.zsh'
[7.458s] Level 1:colcon.colcon_core.environment:create_file_with_runtime_dependencies(/home/wyatt/avHW9/install/gps_nav/share/colcon-core/packages/gps_nav)
[7.460s] DEBUG:colcon.colcon_parallel_executor.executor.parallel:closing loop
[7.461s] DEBUG:colcon.colcon_parallel_executor.executor.parallel:loop closed
[7.461s] DEBUG:colcon.colcon_parallel_executor.executor.parallel:run_until_complete finished with '0'
[7.461s] DEBUG:colcon.colcon_core.event_reactor:joining thread
[7.515s] INFO:colcon.colcon_core.plugin_system:Skipping extension 'colcon_notification.desktop_notification.terminal_notifier': Not used on non-Darwin systems
[7.515s] INFO:colcon.colcon_core.plugin_system:Skipping extension 'colcon_notification.desktop_notification.win32': Not used on non-Windows systems
[7.515s] INFO:colcon.colcon_notification.desktop_notification:Sending desktop notification using 'notify2'
[7.548s] DEBUG:colcon.colcon_core.event_reactor:joined thread
[7.601s] INFO:colcon.colcon_core.shell:Creating prefix script '/home/wyatt/avHW9/install/local_setup.ps1'
[7.604s] INFO:colcon.colcon_core.shell:Creating prefix util module '/home/wyatt/avHW9/install/_local_setup_util_ps1.py'
[7.608s] INFO:colcon.colcon_core.shell:Creating prefix chain script '/home/wyatt/avHW9/install/setup.ps1'
[7.662s] INFO:colcon.colcon_core.shell:Creating prefix script '/home/wyatt/avHW9/install/local_setup.sh'
[7.664s] INFO:colcon.colcon_core.shell:Creating prefix util module '/home/wyatt/avHW9/install/_local_setup_util_sh.py'
[7.665s] INFO:colcon.colcon_core.shell:Creating prefix chain script '/home/wyatt/avHW9/install/setup.sh'
[7.720s] INFO:colcon.colcon_core.shell:Creating prefix script '/home/wyatt/avHW9/install/local_setup.bash'
[7.722s] INFO:colcon.colcon_core.shell:Creating prefix chain script '/home/wyatt/avHW9/install/setup.bash'
[7.773s] INFO:colcon.colcon_core.shell:Creating prefix script '/home/wyatt/avHW9/install/local_setup.zsh'
[7.774s] INFO:colcon.colcon_core.shell:Creating prefix chain script '/home/wyatt/avHW9/install/setup.zsh'
