[0.117s] Invoking command in '/home/wyatt/avHW9/build/gps_nav_interfaces': CMAKE_PREFIX_PATH=${CMAKE_PREFIX_PATH}:/home/wyatt/avHW9/install/gps_nav:/opt/ros/humble /usr/bin/cmake --build /home/wyatt/avHW9/build/gps_nav_interfaces -- -j4 -l4
[0.204s] [  6%] Built target gps_nav_interfaces__cpp
[0.205s] [ 12%] Built target gps_nav_interfaces__rosidl_generator_c
[0.211s] [ 12%] Built target ament_cmake_python_copy_gps_nav_interfaces
[0.257s] [ 23%] Built target gps_nav_interfaces__rosidl_typesupport_introspection_c
[0.262s] [ 44%] Built target gps_nav_interfaces__rosidl_typesupport_fastrtps_c
[0.264s] [ 44%] Built target gps_nav_interfaces__rosidl_typesupport_c
[0.274s] [ 55%] Built target gps_nav_interfaces__rosidl_typesupport_fastrtps_cpp
[0.310s] [ 65%] Built target gps_nav_interfaces__rosidl_typesupport_introspection_cpp
[0.314s] [ 76%] Built target gps_nav_interfaces__rosidl_typesupport_cpp
[0.344s] [ 76%] Built target gps_nav_interfaces
[0.375s] [ 78%] Built target gps_nav_interfaces__py
[0.409s] [ 87%] Built target gps_nav_interfaces__rosidl_generator_py
[0.475s] [ 93%] Built target gps_nav_interfaces__rosidl_typesupport_fastrtps_c__pyext
[0.478s] [ 95%] Built target gps_nav_interfaces__rosidl_typesupport_c__pyext
[0.490s] [100%] Built target gps_nav_interfaces__rosidl_typesupport_introspection_c__pyext
[0.970s] running egg_info
[0.972s] writing gps_nav_interfaces.egg-info/PKG-INFO
[0.972s] writing dependency_links to gps_nav_interfaces.egg-info/dependency_links.txt
[0.973s] writing top-level names to gps_nav_interfaces.egg-info/top_level.txt
[0.978s] reading manifest file 'gps_nav_interfaces.egg-info/SOURCES.txt'
[0.980s] writing manifest file 'gps_nav_interfaces.egg-info/SOURCES.txt'
[1.034s] [100%] Built target ament_cmake_python_build_gps_nav_interfaces_egg
[1.052s] Invoked command in '/home/wyatt/avHW9/build/gps_nav_interfaces' returned '0': CMAKE_PREFIX_PATH=${CMAKE_PREFIX_PATH}:/home/wyatt/avHW9/install/gps_nav:/opt/ros/humble /usr/bin/cmake --build /home/wyatt/avHW9/build/gps_nav_interfaces -- -j4 -l4
[1.203s] Invoking command in '/home/wyatt/avHW9/build/gps_nav_interfaces': CMAKE_PREFIX_PATH=${CMAKE_PREFIX_PATH}:/home/wyatt/avHW9/install/gps_nav:/opt/ros/humble /usr/bin/cmake --install /home/wyatt/avHW9/build/gps_nav_interfaces
[1.214s] -- Install configuration: ""
[1.214s] -- Up-to-date: /home/wyatt/avHW9/install/gps_nav_interfaces/share/ament_index/resource_index/rosidl_interfaces/gps_nav_interfaces
[1.214s] -- Up-to-date: /home/wyatt/avHW9/install/gps_nav_interfaces/include/gps_nav_interfaces/gps_nav_interfaces
[1.214s] -- Up-to-date: /home/wyatt/avHW9/install/gps_nav_interfaces/include/gps_nav_interfaces/gps_nav_interfaces/srv
[1.214s] -- Up-to-date: /home/wyatt/avHW9/install/gps_nav_interfaces/include/gps_nav_interfaces/gps_nav_interfaces/srv/get_route_poses.h
[1.215s] -- Up-to-date: /home/wyatt/avHW9/install/gps_nav_interfaces/include/gps_nav_interfaces/gps_nav_interfaces/srv/detail
[1.215s] -- Up-to-date: /home/wyatt/avHW9/install/gps_nav_interfaces/include/gps_nav_interfaces/gps_nav_interfaces/srv/detail/get_route_poses__type_support.h
[1.215s] -- Up-to-date: /home/wyatt/avHW9/install/gps_nav_interfaces/include/gps_nav_interfaces/gps_nav_interfaces/srv/detail/get_route_poses__functions.c
[1.216s] -- Up-to-date: /home/wyatt/avHW9/install/gps_nav_interfaces/include/gps_nav_interfaces/gps_nav_interfaces/srv/detail/get_route_poses__struct.h
[1.216s] -- Up-to-date: /home/wyatt/avHW9/install/gps_nav_interfaces/include/gps_nav_interfaces/gps_nav_interfaces/srv/detail/get_route_poses__functions.h
[1.216s] -- Up-to-date: /home/wyatt/avHW9/install/gps_nav_interfaces/include/gps_nav_interfaces/gps_nav_interfaces/msg
[1.216s] -- Up-to-date: /home/wyatt/avHW9/install/gps_nav_interfaces/include/gps_nav_interfaces/gps_nav_interfaces/msg/look_ahead_specs.h
[1.217s] -- Up-to-date: /home/wyatt/avHW9/install/gps_nav_interfaces/include/gps_nav_interfaces/gps_nav_interfaces/msg/current_goal_pose.h
[1.217s] -- Up-to-date: /home/wyatt/avHW9/install/gps_nav_interfaces/include/gps_nav_interfaces/gps_nav_interfaces/msg/detail
[1.217s] -- Up-to-date: /home/wyatt/avHW9/install/gps_nav_interfaces/include/gps_nav_interfaces/gps_nav_interfaces/msg/detail/current_goal_pose__functions.c
[1.217s] -- Up-to-date: /home/wyatt/avHW9/install/gps_nav_interfaces/include/gps_nav_interfaces/gps_nav_interfaces/msg/detail/current_goal_pose__functions.h
[1.218s] -- Up-to-date: /home/wyatt/avHW9/install/gps_nav_interfaces/include/gps_nav_interfaces/gps_nav_interfaces/msg/detail/look_ahead_specs__functions.h
[1.218s] -- Up-to-date: /home/wyatt/avHW9/install/gps_nav_interfaces/include/gps_nav_interfaces/gps_nav_interfaces/msg/detail/look_ahead_specs__type_support.h
[1.219s] -- Up-to-date: /home/wyatt/avHW9/install/gps_nav_interfaces/include/gps_nav_interfaces/gps_nav_interfaces/msg/detail/look_ahead_specs__struct.h
[1.219s] -- Up-to-date: /home/wyatt/avHW9/install/gps_nav_interfaces/include/gps_nav_interfaces/gps_nav_interfaces/msg/detail/look_ahead_specs__functions.c
[1.219s] -- Up-to-date: /home/wyatt/avHW9/install/gps_nav_interfaces/include/gps_nav_interfaces/gps_nav_interfaces/msg/detail/current_goal_pose__type_support.h
[1.219s] -- Up-to-date: /home/wyatt/avHW9/install/gps_nav_interfaces/include/gps_nav_interfaces/gps_nav_interfaces/msg/detail/current_goal_pose__struct.h
[1.220s] -- Up-to-date: /home/wyatt/avHW9/install/gps_nav_interfaces/include/gps_nav_interfaces/gps_nav_interfaces/msg/rosidl_generator_c__visibility_control.h
[1.220s] -- Up-to-date: /home/wyatt/avHW9/install/gps_nav_interfaces/share/gps_nav_interfaces/environment/library_path.sh
[1.221s] -- Up-to-date: /home/wyatt/avHW9/install/gps_nav_interfaces/share/gps_nav_interfaces/environment/library_path.dsv
[1.221s] -- Up-to-date: /home/wyatt/avHW9/install/gps_nav_interfaces/lib/libgps_nav_interfaces__rosidl_generator_c.so
[1.222s] -- Up-to-date: /home/wyatt/avHW9/install/gps_nav_interfaces/include/gps_nav_interfaces/gps_nav_interfaces
[1.222s] -- Up-to-date: /home/wyatt/avHW9/install/gps_nav_interfaces/include/gps_nav_interfaces/gps_nav_interfaces/srv
[1.223s] -- Up-to-date: /home/wyatt/avHW9/install/gps_nav_interfaces/include/gps_nav_interfaces/gps_nav_interfaces/srv/detail
[1.223s] -- Up-to-date: /home/wyatt/avHW9/install/gps_nav_interfaces/include/gps_nav_interfaces/gps_nav_interfaces/srv/detail/get_route_poses__rosidl_typesupport_fastrtps_c.h
[1.223s] -- Up-to-date: /home/wyatt/avHW9/install/gps_nav_interfaces/include/gps_nav_interfaces/gps_nav_interfaces/msg
[1.224s] -- Up-to-date: /home/wyatt/avHW9/install/gps_nav_interfaces/include/gps_nav_interfaces/gps_nav_interfaces/msg/rosidl_typesupport_fastrtps_c__visibility_control.h
[1.224s] -- Up-to-date: /home/wyatt/avHW9/install/gps_nav_interfaces/include/gps_nav_interfaces/gps_nav_interfaces/msg/detail
[1.224s] -- Up-to-date: /home/wyatt/avHW9/install/gps_nav_interfaces/include/gps_nav_interfaces/gps_nav_interfaces/msg/detail/look_ahead_specs__rosidl_typesupport_fastrtps_c.h
[1.225s] -- Up-to-date: /home/wyatt/avHW9/install/gps_nav_interfaces/include/gps_nav_interfaces/gps_nav_interfaces/msg/detail/current_goal_pose__rosidl_typesupport_fastrtps_c.h
[1.225s] -- Up-to-date: /home/wyatt/avHW9/install/gps_nav_interfaces/lib/libgps_nav_interfaces__rosidl_typesupport_fastrtps_c.so
[1.225s] -- Up-to-date: /home/wyatt/avHW9/install/gps_nav_interfaces/include/gps_nav_interfaces/gps_nav_interfaces
[1.225s] -- Up-to-date: /home/wyatt/avHW9/install/gps_nav_interfaces/include/gps_nav_interfaces/gps_nav_interfaces/srv
[1.226s] -- Up-to-date: /home/wyatt/avHW9/install/gps_nav_interfaces/include/gps_nav_interfaces/gps_nav_interfaces/srv/detail
[1.226s] -- Up-to-date: /home/wyatt/avHW9/install/gps_nav_interfaces/include/gps_nav_interfaces/gps_nav_interfaces/srv/detail/get_route_poses__type_support.c
[1.226s] -- Up-to-date: /home/wyatt/avHW9/install/gps_nav_interfaces/include/gps_nav_interfaces/gps_nav_interfaces/srv/detail/get_route_poses__rosidl_typesupport_introspection_c.h
[1.226s] -- Up-to-date: /home/wyatt/avHW9/install/gps_nav_interfaces/include/gps_nav_interfaces/gps_nav_interfaces/msg
[1.227s] -- Up-to-date: /home/wyatt/avHW9/install/gps_nav_interfaces/include/gps_nav_interfaces/gps_nav_interfaces/msg/rosidl_typesupport_introspection_c__visibility_control.h
[1.227s] -- Up-to-date: /home/wyatt/avHW9/install/gps_nav_interfaces/include/gps_nav_interfaces/gps_nav_interfaces/msg/detail
[1.228s] -- Up-to-date: /home/wyatt/avHW9/install/gps_nav_interfaces/include/gps_nav_interfaces/gps_nav_interfaces/msg/detail/look_ahead_specs__rosidl_typesupport_introspection_c.h
[1.228s] -- Up-to-date: /home/wyatt/avHW9/install/gps_nav_interfaces/include/gps_nav_interfaces/gps_nav_interfaces/msg/detail/current_goal_pose__rosidl_typesupport_introspection_c.h
[1.228s] -- Up-to-date: /home/wyatt/avHW9/install/gps_nav_interfaces/include/gps_nav_interfaces/gps_nav_interfaces/msg/detail/look_ahead_specs__type_support.c
[1.229s] -- Up-to-date: /home/wyatt/avHW9/install/gps_nav_interfaces/include/gps_nav_interfaces/gps_nav_interfaces/msg/detail/current_goal_pose__type_support.c
[1.229s] -- Up-to-date: /home/wyatt/avHW9/install/gps_nav_interfaces/lib/libgps_nav_interfaces__rosidl_typesupport_introspection_c.so
[1.229s] -- Up-to-date: /home/wyatt/avHW9/install/gps_nav_interfaces/lib/libgps_nav_interfaces__rosidl_typesupport_c.so
[1.229s] -- Up-to-date: /home/wyatt/avHW9/install/gps_nav_interfaces/include/gps_nav_interfaces/gps_nav_interfaces
[1.230s] -- Up-to-date: /home/wyatt/avHW9/install/gps_nav_interfaces/include/gps_nav_interfaces/gps_nav_interfaces/srv
[1.230s] -- Up-to-date: /home/wyatt/avHW9/install/gps_nav_interfaces/include/gps_nav_interfaces/gps_nav_interfaces/srv/get_route_poses.hpp
[1.230s] -- Up-to-date: /home/wyatt/avHW9/install/gps_nav_interfaces/include/gps_nav_interfaces/gps_nav_interfaces/srv/detail
[1.230s] -- Up-to-date: /home/wyatt/avHW9/install/gps_nav_interfaces/include/gps_nav_interfaces/gps_nav_interfaces/srv/detail/get_route_poses__traits.hpp
[1.231s] -- Up-to-date: /home/wyatt/avHW9/install/gps_nav_interfaces/include/gps_nav_interfaces/gps_nav_interfaces/srv/detail/get_route_poses__struct.hpp
[1.231s] -- Up-to-date: /home/wyatt/avHW9/install/gps_nav_interfaces/include/gps_nav_interfaces/gps_nav_interfaces/srv/detail/get_route_poses__builder.hpp
[1.231s] -- Up-to-date: /home/wyatt/avHW9/install/gps_nav_interfaces/include/gps_nav_interfaces/gps_nav_interfaces/msg
[1.231s] -- Up-to-date: /home/wyatt/avHW9/install/gps_nav_interfaces/include/gps_nav_interfaces/gps_nav_interfaces/msg/current_goal_pose.hpp
[1.231s] -- Up-to-date: /home/wyatt/avHW9/install/gps_nav_interfaces/include/gps_nav_interfaces/gps_nav_interfaces/msg/look_ahead_specs.hpp
[1.232s] -- Up-to-date: /home/wyatt/avHW9/install/gps_nav_interfaces/include/gps_nav_interfaces/gps_nav_interfaces/msg/detail
[1.232s] -- Up-to-date: /home/wyatt/avHW9/install/gps_nav_interfaces/include/gps_nav_interfaces/gps_nav_interfaces/msg/detail/current_goal_pose__struct.hpp
[1.232s] -- Up-to-date: /home/wyatt/avHW9/install/gps_nav_interfaces/include/gps_nav_interfaces/gps_nav_interfaces/msg/detail/look_ahead_specs__builder.hpp
[1.232s] -- Up-to-date: /home/wyatt/avHW9/install/gps_nav_interfaces/include/gps_nav_interfaces/gps_nav_interfaces/msg/detail/look_ahead_specs__traits.hpp
[1.233s] -- Up-to-date: /home/wyatt/avHW9/install/gps_nav_interfaces/include/gps_nav_interfaces/gps_nav_interfaces/msg/detail/look_ahead_specs__struct.hpp
[1.233s] -- Up-to-date: /home/wyatt/avHW9/install/gps_nav_interfaces/include/gps_nav_interfaces/gps_nav_interfaces/msg/detail/current_goal_pose__traits.hpp
[1.233s] -- Up-to-date: /home/wyatt/avHW9/install/gps_nav_interfaces/include/gps_nav_interfaces/gps_nav_interfaces/msg/detail/current_goal_pose__builder.hpp
[1.233s] -- Up-to-date: /home/wyatt/avHW9/install/gps_nav_interfaces/include/gps_nav_interfaces/gps_nav_interfaces
[1.233s] -- Up-to-date: /home/wyatt/avHW9/install/gps_nav_interfaces/include/gps_nav_interfaces/gps_nav_interfaces/srv
[1.234s] -- Up-to-date: /home/wyatt/avHW9/install/gps_nav_interfaces/include/gps_nav_interfaces/gps_nav_interfaces/srv/detail
[1.234s] -- Up-to-date: /home/wyatt/avHW9/install/gps_nav_interfaces/include/gps_nav_interfaces/gps_nav_interfaces/srv/detail/get_route_poses__rosidl_typesupport_fastrtps_cpp.hpp
[1.236s] -- Up-to-date: /home/wyatt/avHW9/install/gps_nav_interfaces/include/gps_nav_interfaces/gps_nav_interfaces/srv/detail/dds_fastrtps
[1.236s] -- Up-to-date: /home/wyatt/avHW9/install/gps_nav_interfaces/include/gps_nav_interfaces/gps_nav_interfaces/msg
[1.237s] -- Up-to-date: /home/wyatt/avHW9/install/gps_nav_interfaces/include/gps_nav_interfaces/gps_nav_interfaces/msg/rosidl_typesupport_fastrtps_cpp__visibility_control.h
[1.237s] -- Up-to-date: /home/wyatt/avHW9/install/gps_nav_interfaces/include/gps_nav_interfaces/gps_nav_interfaces/msg/detail
[1.237s] -- Up-to-date: /home/wyatt/avHW9/install/gps_nav_interfaces/include/gps_nav_interfaces/gps_nav_interfaces/msg/detail/current_goal_pose__rosidl_typesupport_fastrtps_cpp.hpp
[1.237s] -- Up-to-date: /home/wyatt/avHW9/install/gps_nav_interfaces/include/gps_nav_interfaces/gps_nav_interfaces/msg/detail/look_ahead_specs__rosidl_typesupport_fastrtps_cpp.hpp
[1.238s] -- Up-to-date: /home/wyatt/avHW9/install/gps_nav_interfaces/include/gps_nav_interfaces/gps_nav_interfaces/msg/detail/dds_fastrtps
[1.238s] -- Up-to-date: /home/wyatt/avHW9/install/gps_nav_interfaces/lib/libgps_nav_interfaces__rosidl_typesupport_fastrtps_cpp.so
[1.238s] -- Up-to-date: /home/wyatt/avHW9/install/gps_nav_interfaces/include/gps_nav_interfaces/gps_nav_interfaces
[1.238s] -- Up-to-date: /home/wyatt/avHW9/install/gps_nav_interfaces/include/gps_nav_interfaces/gps_nav_interfaces/srv
[1.238s] -- Up-to-date: /home/wyatt/avHW9/install/gps_nav_interfaces/include/gps_nav_interfaces/gps_nav_interfaces/srv/detail
[1.239s] -- Up-to-date: /home/wyatt/avHW9/install/gps_nav_interfaces/include/gps_nav_interfaces/gps_nav_interfaces/srv/detail/get_route_poses__type_support.cpp
[1.239s] -- Up-to-date: /home/wyatt/avHW9/install/gps_nav_interfaces/include/gps_nav_interfaces/gps_nav_interfaces/srv/detail/get_route_poses__rosidl_typesupport_introspection_cpp.hpp
[1.239s] -- Up-to-date: /home/wyatt/avHW9/install/gps_nav_interfaces/include/gps_nav_interfaces/gps_nav_interfaces/msg
[1.239s] -- Up-to-date: /home/wyatt/avHW9/install/gps_nav_interfaces/include/gps_nav_interfaces/gps_nav_interfaces/msg/detail
[1.240s] -- Up-to-date: /home/wyatt/avHW9/install/gps_nav_interfaces/include/gps_nav_interfaces/gps_nav_interfaces/msg/detail/look_ahead_specs__type_support.cpp
[1.240s] -- Up-to-date: /home/wyatt/avHW9/install/gps_nav_interfaces/include/gps_nav_interfaces/gps_nav_interfaces/msg/detail/current_goal_pose__type_support.cpp
[1.240s] -- Up-to-date: /home/wyatt/avHW9/install/gps_nav_interfaces/include/gps_nav_interfaces/gps_nav_interfaces/msg/detail/look_ahead_specs__rosidl_typesupport_introspection_cpp.hpp
[1.240s] -- Up-to-date: /home/wyatt/avHW9/install/gps_nav_interfaces/include/gps_nav_interfaces/gps_nav_interfaces/msg/detail/current_goal_pose__rosidl_typesupport_introspection_cpp.hpp
[1.240s] -- Up-to-date: /home/wyatt/avHW9/install/gps_nav_interfaces/lib/libgps_nav_interfaces__rosidl_typesupport_introspection_cpp.so
[1.241s] -- Up-to-date: /home/wyatt/avHW9/install/gps_nav_interfaces/lib/libgps_nav_interfaces__rosidl_typesupport_cpp.so
[1.241s] -- Up-to-date: /home/wyatt/avHW9/install/gps_nav_interfaces/share/gps_nav_interfaces/environment/pythonpath.sh
[1.241s] -- Up-to-date: /home/wyatt/avHW9/install/gps_nav_interfaces/share/gps_nav_interfaces/environment/pythonpath.dsv
[1.241s] -- Up-to-date: /home/wyatt/avHW9/install/gps_nav_interfaces/local/lib/python3.10/dist-packages/gps_nav_interfaces-0.0.0-py3.10.egg-info
[1.241s] -- Installing: /home/wyatt/avHW9/install/gps_nav_interfaces/local/lib/python3.10/dist-packages/gps_nav_interfaces-0.0.0-py3.10.egg-info/SOURCES.txt
[1.242s] -- Installing: /home/wyatt/avHW9/install/gps_nav_interfaces/local/lib/python3.10/dist-packages/gps_nav_interfaces-0.0.0-py3.10.egg-info/PKG-INFO
[1.242s] -- Installing: /home/wyatt/avHW9/install/gps_nav_interfaces/local/lib/python3.10/dist-packages/gps_nav_interfaces-0.0.0-py3.10.egg-info/top_level.txt
[1.242s] -- Installing: /home/wyatt/avHW9/install/gps_nav_interfaces/local/lib/python3.10/dist-packages/gps_nav_interfaces-0.0.0-py3.10.egg-info/dependency_links.txt
[1.242s] -- Up-to-date: /home/wyatt/avHW9/install/gps_nav_interfaces/local/lib/python3.10/dist-packages/gps_nav_interfaces
[1.242s] -- Up-to-date: /home/wyatt/avHW9/install/gps_nav_interfaces/local/lib/python3.10/dist-packages/gps_nav_interfaces/gps_nav_interfaces_s__rosidl_typesupport_introspection_c.cpython-310-x86_64-linux-gnu.so
[1.243s] -- Up-to-date: /home/wyatt/avHW9/install/gps_nav_interfaces/local/lib/python3.10/dist-packages/gps_nav_interfaces/_gps_nav_interfaces_s.ep.rosidl_typesupport_c.c
[1.243s] -- Up-to-date: /home/wyatt/avHW9/install/gps_nav_interfaces/local/lib/python3.10/dist-packages/gps_nav_interfaces/_gps_nav_interfaces_s.ep.rosidl_typesupport_fastrtps_c.c
[1.243s] -- Up-to-date: /home/wyatt/avHW9/install/gps_nav_interfaces/local/lib/python3.10/dist-packages/gps_nav_interfaces/__init__.py
[1.243s] -- Up-to-date: /home/wyatt/avHW9/install/gps_nav_interfaces/local/lib/python3.10/dist-packages/gps_nav_interfaces/_gps_nav_interfaces_s.ep.rosidl_typesupport_introspection_c.c
[1.243s] -- Up-to-date: /home/wyatt/avHW9/install/gps_nav_interfaces/local/lib/python3.10/dist-packages/gps_nav_interfaces/gps_nav_interfaces_s__rosidl_typesupport_c.cpython-310-x86_64-linux-gnu.so
[1.244s] -- Up-to-date: /home/wyatt/avHW9/install/gps_nav_interfaces/local/lib/python3.10/dist-packages/gps_nav_interfaces/srv
[1.244s] -- Up-to-date: /home/wyatt/avHW9/install/gps_nav_interfaces/local/lib/python3.10/dist-packages/gps_nav_interfaces/srv/__init__.py
[1.244s] -- Up-to-date: /home/wyatt/avHW9/install/gps_nav_interfaces/local/lib/python3.10/dist-packages/gps_nav_interfaces/srv/_get_route_poses.py
[1.244s] -- Up-to-date: /home/wyatt/avHW9/install/gps_nav_interfaces/local/lib/python3.10/dist-packages/gps_nav_interfaces/srv/_get_route_poses_s.c
[1.244s] -- Up-to-date: /home/wyatt/avHW9/install/gps_nav_interfaces/local/lib/python3.10/dist-packages/gps_nav_interfaces/msg
[1.244s] -- Up-to-date: /home/wyatt/avHW9/install/gps_nav_interfaces/local/lib/python3.10/dist-packages/gps_nav_interfaces/msg/_look_ahead_specs.py
[1.245s] -- Up-to-date: /home/wyatt/avHW9/install/gps_nav_interfaces/local/lib/python3.10/dist-packages/gps_nav_interfaces/msg/_current_goal_pose.py
[1.245s] -- Up-to-date: /home/wyatt/avHW9/install/gps_nav_interfaces/local/lib/python3.10/dist-packages/gps_nav_interfaces/msg/__init__.py
[1.245s] -- Up-to-date: /home/wyatt/avHW9/install/gps_nav_interfaces/local/lib/python3.10/dist-packages/gps_nav_interfaces/msg/_look_ahead_specs_s.c
[1.245s] -- Up-to-date: /home/wyatt/avHW9/install/gps_nav_interfaces/local/lib/python3.10/dist-packages/gps_nav_interfaces/msg/_current_goal_pose_s.c
[1.246s] -- Up-to-date: /home/wyatt/avHW9/install/gps_nav_interfaces/local/lib/python3.10/dist-packages/gps_nav_interfaces/libgps_nav_interfaces__rosidl_generator_py.so
[1.246s] -- Up-to-date: /home/wyatt/avHW9/install/gps_nav_interfaces/local/lib/python3.10/dist-packages/gps_nav_interfaces/gps_nav_interfaces_s__rosidl_typesupport_fastrtps_c.cpython-310-x86_64-linux-gnu.so
[1.293s] Listing '/home/wyatt/avHW9/install/gps_nav_interfaces/local/lib/python3.10/dist-packages/gps_nav_interfaces'...
[1.293s] Listing '/home/wyatt/avHW9/install/gps_nav_interfaces/local/lib/python3.10/dist-packages/gps_nav_interfaces/msg'...
[1.294s] Listing '/home/wyatt/avHW9/install/gps_nav_interfaces/local/lib/python3.10/dist-packages/gps_nav_interfaces/srv'...
[1.303s] -- Up-to-date: /home/wyatt/avHW9/install/gps_nav_interfaces/local/lib/python3.10/dist-packages/gps_nav_interfaces/gps_nav_interfaces_s__rosidl_typesupport_fastrtps_c.cpython-310-x86_64-linux-gnu.so
[1.303s] -- Up-to-date: /home/wyatt/avHW9/install/gps_nav_interfaces/local/lib/python3.10/dist-packages/gps_nav_interfaces/gps_nav_interfaces_s__rosidl_typesupport_introspection_c.cpython-310-x86_64-linux-gnu.so
[1.304s] -- Up-to-date: /home/wyatt/avHW9/install/gps_nav_interfaces/local/lib/python3.10/dist-packages/gps_nav_interfaces/gps_nav_interfaces_s__rosidl_typesupport_c.cpython-310-x86_64-linux-gnu.so
[1.305s] -- Up-to-date: /home/wyatt/avHW9/install/gps_nav_interfaces/lib/libgps_nav_interfaces__rosidl_generator_py.so
[1.305s] -- Up-to-date: /home/wyatt/avHW9/install/gps_nav_interfaces/share/gps_nav_interfaces/msg/CurrentGoalPose.idl
[1.308s] -- Up-to-date: /home/wyatt/avHW9/install/gps_nav_interfaces/share/gps_nav_interfaces/msg/LookAheadSpecs.idl
[1.308s] -- Up-to-date: /home/wyatt/avHW9/install/gps_nav_interfaces/share/gps_nav_interfaces/srv/GetRoutePoses.idl
[1.309s] -- Up-to-date: /home/wyatt/avHW9/install/gps_nav_interfaces/share/gps_nav_interfaces/msg/CurrentGoalPose.msg
[1.309s] -- Up-to-date: /home/wyatt/avHW9/install/gps_nav_interfaces/share/gps_nav_interfaces/msg/LookAheadSpecs.msg
[1.309s] -- Up-to-date: /home/wyatt/avHW9/install/gps_nav_interfaces/share/gps_nav_interfaces/srv/GetRoutePoses.srv
[1.310s] -- Up-to-date: /home/wyatt/avHW9/install/gps_nav_interfaces/share/gps_nav_interfaces/srv/GetRoutePoses_Request.msg
[1.310s] -- Up-to-date: /home/wyatt/avHW9/install/gps_nav_interfaces/share/gps_nav_interfaces/srv/GetRoutePoses_Response.msg
[1.310s] -- Up-to-date: /home/wyatt/avHW9/install/gps_nav_interfaces/share/ament_index/resource_index/package_run_dependencies/gps_nav_interfaces
[1.311s] -- Up-to-date: /home/wyatt/avHW9/install/gps_nav_interfaces/share/ament_index/resource_index/parent_prefix_path/gps_nav_interfaces
[1.311s] -- Up-to-date: /home/wyatt/avHW9/install/gps_nav_interfaces/share/gps_nav_interfaces/environment/ament_prefix_path.sh
[1.311s] -- Up-to-date: /home/wyatt/avHW9/install/gps_nav_interfaces/share/gps_nav_interfaces/environment/ament_prefix_path.dsv
[1.312s] -- Up-to-date: /home/wyatt/avHW9/install/gps_nav_interfaces/share/gps_nav_interfaces/environment/path.sh
[1.312s] -- Up-to-date: /home/wyatt/avHW9/install/gps_nav_interfaces/share/gps_nav_interfaces/environment/path.dsv
[1.312s] -- Up-to-date: /home/wyatt/avHW9/install/gps_nav_interfaces/share/gps_nav_interfaces/local_setup.bash
[1.312s] -- Up-to-date: /home/wyatt/avHW9/install/gps_nav_interfaces/share/gps_nav_interfaces/local_setup.sh
[1.313s] -- Up-to-date: /home/wyatt/avHW9/install/gps_nav_interfaces/share/gps_nav_interfaces/local_setup.zsh
[1.313s] -- Up-to-date: /home/wyatt/avHW9/install/gps_nav_interfaces/share/gps_nav_interfaces/local_setup.dsv
[1.313s] -- Installing: /home/wyatt/avHW9/install/gps_nav_interfaces/share/gps_nav_interfaces/package.dsv
[1.313s] -- Up-to-date: /home/wyatt/avHW9/install/gps_nav_interfaces/share/ament_index/resource_index/packages/gps_nav_interfaces
[1.313s] -- Up-to-date: /home/wyatt/avHW9/install/gps_nav_interfaces/share/gps_nav_interfaces/cmake/export_gps_nav_interfaces__rosidl_generator_cExport.cmake
[1.314s] -- Up-to-date: /home/wyatt/avHW9/install/gps_nav_interfaces/share/gps_nav_interfaces/cmake/export_gps_nav_interfaces__rosidl_generator_cExport-noconfig.cmake
[1.315s] -- Up-to-date: /home/wyatt/avHW9/install/gps_nav_interfaces/share/gps_nav_interfaces/cmake/export_gps_nav_interfaces__rosidl_typesupport_fastrtps_cExport.cmake
[1.316s] -- Up-to-date: /home/wyatt/avHW9/install/gps_nav_interfaces/share/gps_nav_interfaces/cmake/export_gps_nav_interfaces__rosidl_typesupport_fastrtps_cExport-noconfig.cmake
[1.317s] -- Up-to-date: /home/wyatt/avHW9/install/gps_nav_interfaces/share/gps_nav_interfaces/cmake/gps_nav_interfaces__rosidl_typesupport_introspection_cExport.cmake
[1.317s] -- Up-to-date: /home/wyatt/avHW9/install/gps_nav_interfaces/share/gps_nav_interfaces/cmake/gps_nav_interfaces__rosidl_typesupport_introspection_cExport-noconfig.cmake
[1.318s] -- Up-to-date: /home/wyatt/avHW9/install/gps_nav_interfaces/share/gps_nav_interfaces/cmake/gps_nav_interfaces__rosidl_typesupport_cExport.cmake
[1.318s] -- Up-to-date: /home/wyatt/avHW9/install/gps_nav_interfaces/share/gps_nav_interfaces/cmake/gps_nav_interfaces__rosidl_typesupport_cExport-noconfig.cmake
[1.318s] -- Up-to-date: /home/wyatt/avHW9/install/gps_nav_interfaces/share/gps_nav_interfaces/cmake/export_gps_nav_interfaces__rosidl_generator_cppExport.cmake
[1.319s] -- Up-to-date: /home/wyatt/avHW9/install/gps_nav_interfaces/share/gps_nav_interfaces/cmake/export_gps_nav_interfaces__rosidl_typesupport_fastrtps_cppExport.cmake
[1.319s] -- Up-to-date: /home/wyatt/avHW9/install/gps_nav_interfaces/share/gps_nav_interfaces/cmake/export_gps_nav_interfaces__rosidl_typesupport_fastrtps_cppExport-noconfig.cmake
[1.320s] -- Up-to-date: /home/wyatt/avHW9/install/gps_nav_interfaces/share/gps_nav_interfaces/cmake/gps_nav_interfaces__rosidl_typesupport_introspection_cppExport.cmake
[1.320s] -- Up-to-date: /home/wyatt/avHW9/install/gps_nav_interfaces/share/gps_nav_interfaces/cmake/gps_nav_interfaces__rosidl_typesupport_introspection_cppExport-noconfig.cmake
[1.320s] -- Up-to-date: /home/wyatt/avHW9/install/gps_nav_interfaces/share/gps_nav_interfaces/cmake/gps_nav_interfaces__rosidl_typesupport_cppExport.cmake
[1.321s] -- Up-to-date: /home/wyatt/avHW9/install/gps_nav_interfaces/share/gps_nav_interfaces/cmake/gps_nav_interfaces__rosidl_typesupport_cppExport-noconfig.cmake
[1.321s] -- Up-to-date: /home/wyatt/avHW9/install/gps_nav_interfaces/share/gps_nav_interfaces/cmake/export_gps_nav_interfaces__rosidl_generator_pyExport.cmake
[1.324s] -- Up-to-date: /home/wyatt/avHW9/install/gps_nav_interfaces/share/gps_nav_interfaces/cmake/export_gps_nav_interfaces__rosidl_generator_pyExport-noconfig.cmake
[1.325s] -- Up-to-date: /home/wyatt/avHW9/install/gps_nav_interfaces/share/gps_nav_interfaces/cmake/rosidl_cmake-extras.cmake
[1.325s] -- Up-to-date: /home/wyatt/avHW9/install/gps_nav_interfaces/share/gps_nav_interfaces/cmake/ament_cmake_export_dependencies-extras.cmake
[1.326s] -- Up-to-date: /home/wyatt/avHW9/install/gps_nav_interfaces/share/gps_nav_interfaces/cmake/ament_cmake_export_include_directories-extras.cmake
[1.326s] -- Up-to-date: /home/wyatt/avHW9/install/gps_nav_interfaces/share/gps_nav_interfaces/cmake/ament_cmake_export_libraries-extras.cmake
[1.326s] -- Up-to-date: /home/wyatt/avHW9/install/gps_nav_interfaces/share/gps_nav_interfaces/cmake/ament_cmake_export_targets-extras.cmake
[1.327s] -- Up-to-date: /home/wyatt/avHW9/install/gps_nav_interfaces/share/gps_nav_interfaces/cmake/rosidl_cmake_export_typesupport_targets-extras.cmake
[1.327s] -- Up-to-date: /home/wyatt/avHW9/install/gps_nav_interfaces/share/gps_nav_interfaces/cmake/rosidl_cmake_export_typesupport_libraries-extras.cmake
[1.328s] -- Up-to-date: /home/wyatt/avHW9/install/gps_nav_interfaces/share/gps_nav_interfaces/cmake/gps_nav_interfacesConfig.cmake
[1.328s] -- Up-to-date: /home/wyatt/avHW9/install/gps_nav_interfaces/share/gps_nav_interfaces/cmake/gps_nav_interfacesConfig-version.cmake
[1.329s] -- Up-to-date: /home/wyatt/avHW9/install/gps_nav_interfaces/share/gps_nav_interfaces/package.xml
[1.329s] Invoked command in '/home/wyatt/avHW9/build/gps_nav_interfaces' returned '0': CMAKE_PREFIX_PATH=${CMAKE_PREFIX_PATH}:/home/wyatt/avHW9/install/gps_nav:/opt/ros/humble /usr/bin/cmake --install /home/wyatt/avHW9/build/gps_nav_interfaces
