running egg_info
creating ../../build/ranger/ranger.egg-info
writing ../../build/ranger/ranger.egg-info/PKG-INFO
writing dependency_links to ../../build/ranger/ranger.egg-info/dependency_links.txt
writing entry points to ../../build/ranger/ranger.egg-info/entry_points.txt
writing requirements to ../../build/ranger/ranger.egg-info/requires.txt
writing top-level names to ../../build/ranger/ranger.egg-info/top_level.txt
writing manifest file '../../build/ranger/ranger.egg-info/SOURCES.txt'
reading manifest file '../../build/ranger/ranger.egg-info/SOURCES.txt'
writing manifest file '../../build/ranger/ranger.egg-info/SOURCES.txt'
running build
running build_py
creating /home/wyatt/humble_AV_ws/build/ranger/build
creating /home/wyatt/humble_AV_ws/build/ranger/build/lib
creating /home/wyatt/humble_AV_ws/build/ranger/build/lib/ranger
copying ranger/__init__.py -> /home/wyatt/humble_AV_ws/build/ranger/build/lib/ranger
copying ranger/distance.py -> /home/wyatt/humble_AV_ws/build/ranger/build/lib/ranger
running install
running install_lib
creating /home/wyatt/humble_AV_ws/install/ranger/lib/python3.10/site-packages/ranger
copying /home/wyatt/humble_AV_ws/build/ranger/build/lib/ranger/__init__.py -> /home/wyatt/humble_AV_ws/install/ranger/lib/python3.10/site-packages/ranger
copying /home/wyatt/humble_AV_ws/build/ranger/build/lib/ranger/distance.py -> /home/wyatt/humble_AV_ws/install/ranger/lib/python3.10/site-packages/ranger
byte-compiling /home/wyatt/humble_AV_ws/install/ranger/lib/python3.10/site-packages/ranger/__init__.py to __init__.cpython-310.pyc
byte-compiling /home/wyatt/humble_AV_ws/install/ranger/lib/python3.10/site-packages/ranger/distance.py to distance.cpython-310.pyc
running install_data
creating /home/wyatt/humble_AV_ws/install/ranger/share/ament_index
creating /home/wyatt/humble_AV_ws/install/ranger/share/ament_index/resource_index
creating /home/wyatt/humble_AV_ws/install/ranger/share/ament_index/resource_index/packages
copying resource/ranger -> /home/wyatt/humble_AV_ws/install/ranger/share/ament_index/resource_index/packages
copying package.xml -> /home/wyatt/humble_AV_ws/install/ranger/share/ranger
creating /home/wyatt/humble_AV_ws/install/ranger/share/ranger/launch
copying launch/ranger_launch.yaml -> /home/wyatt/humble_AV_ws/install/ranger/share/ranger/launch
running install_egg_info
Copying ../../build/ranger/ranger.egg-info to /home/wyatt/humble_AV_ws/install/ranger/lib/python3.10/site-packages/ranger-0.0.0-py3.10.egg-info
running install_scripts
Installing distance script to /home/wyatt/humble_AV_ws/install/ranger/lib/ranger
writing list of installed files to '/home/wyatt/humble_AV_ws/build/ranger/install.log'
