[2.843s] Invoking command in '/home/wyatt/humble_AV_ws/src/ranger': PYTHONPATH=/home/wyatt/humble_AV_ws/build/ranger/prefix_override:/home/wyatt/humble_AV_ws/install/ranger/lib/python3.10/site-packages:${PYTHONPATH} /usr/bin/python3 setup.py egg_info --egg-base ../../build/ranger build --build-base /home/wyatt/humble_AV_ws/build/ranger/build install --record /home/wyatt/humble_AV_ws/build/ranger/install.log --single-version-externally-managed
[3.637s] running egg_info
[3.638s] creating ../../build/ranger/ranger.egg-info
[3.639s] writing ../../build/ranger/ranger.egg-info/PKG-INFO
[3.639s] writing dependency_links to ../../build/ranger/ranger.egg-info/dependency_links.txt
[3.639s] writing entry points to ../../build/ranger/ranger.egg-info/entry_points.txt
[3.640s] writing requirements to ../../build/ranger/ranger.egg-info/requires.txt
[3.640s] writing top-level names to ../../build/ranger/ranger.egg-info/top_level.txt
[3.640s] writing manifest file '../../build/ranger/ranger.egg-info/SOURCES.txt'
[3.644s] reading manifest file '../../build/ranger/ranger.egg-info/SOURCES.txt'
[3.647s] writing manifest file '../../build/ranger/ranger.egg-info/SOURCES.txt'
[3.647s] running build
[3.647s] running build_py
[3.648s] creating /home/wyatt/humble_AV_ws/build/ranger/build
[3.648s] creating /home/wyatt/humble_AV_ws/build/ranger/build/lib
[3.648s] creating /home/wyatt/humble_AV_ws/build/ranger/build/lib/ranger
[3.648s] copying ranger/__init__.py -> /home/wyatt/humble_AV_ws/build/ranger/build/lib/ranger
[3.649s] copying ranger/distance.py -> /home/wyatt/humble_AV_ws/build/ranger/build/lib/ranger
[3.649s] running install
[3.649s] running install_lib
[3.651s] creating /home/wyatt/humble_AV_ws/install/ranger/lib/python3.10/site-packages/ranger
[3.651s] copying /home/wyatt/humble_AV_ws/build/ranger/build/lib/ranger/__init__.py -> /home/wyatt/humble_AV_ws/install/ranger/lib/python3.10/site-packages/ranger
[3.651s] copying /home/wyatt/humble_AV_ws/build/ranger/build/lib/ranger/distance.py -> /home/wyatt/humble_AV_ws/install/ranger/lib/python3.10/site-packages/ranger
[3.652s] byte-compiling /home/wyatt/humble_AV_ws/install/ranger/lib/python3.10/site-packages/ranger/__init__.py to __init__.cpython-310.pyc
[3.653s] byte-compiling /home/wyatt/humble_AV_ws/install/ranger/lib/python3.10/site-packages/ranger/distance.py to distance.cpython-310.pyc
[3.654s] running install_data
[3.655s] creating /home/wyatt/humble_AV_ws/install/ranger/share/ament_index
[3.655s] creating /home/wyatt/humble_AV_ws/install/ranger/share/ament_index/resource_index
[3.656s] creating /home/wyatt/humble_AV_ws/install/ranger/share/ament_index/resource_index/packages
[3.656s] copying resource/ranger -> /home/wyatt/humble_AV_ws/install/ranger/share/ament_index/resource_index/packages
[3.656s] copying package.xml -> /home/wyatt/humble_AV_ws/install/ranger/share/ranger
[3.656s] creating /home/wyatt/humble_AV_ws/install/ranger/share/ranger/launch
[3.657s] copying launch/ranger_launch.yaml -> /home/wyatt/humble_AV_ws/install/ranger/share/ranger/launch
[3.657s] running install_egg_info
[3.662s] Copying ../../build/ranger/ranger.egg-info to /home/wyatt/humble_AV_ws/install/ranger/lib/python3.10/site-packages/ranger-0.0.0-py3.10.egg-info
[3.665s] running install_scripts
[3.713s] Installing distance script to /home/wyatt/humble_AV_ws/install/ranger/lib/ranger
[3.715s] writing list of installed files to '/home/wyatt/humble_AV_ws/build/ranger/install.log'
[3.826s] Invoked command in '/home/wyatt/humble_AV_ws/src/ranger' returned '0': PYTHONPATH=/home/wyatt/humble_AV_ws/build/ranger/prefix_override:/home/wyatt/humble_AV_ws/install/ranger/lib/python3.10/site-packages:${PYTHONPATH} /usr/bin/python3 setup.py egg_info --egg-base ../../build/ranger build --build-base /home/wyatt/humble_AV_ws/build/ranger/build install --record /home/wyatt/humble_AV_ws/build/ranger/install.log --single-version-externally-managed
