[3.594s] Invoking command in '/home/wyatt/humble_AV_ws/src/cross_pkg': PYTHONPATH=/home/wyatt/humble_AV_ws/build/cross_pkg/prefix_override:/home/wyatt/humble_AV_ws/install/cross_pkg/lib/python3.10/site-packages:${PYTHONPATH} /usr/bin/python3 setup.py egg_info --egg-base ../../build/cross_pkg build --build-base /home/wyatt/humble_AV_ws/build/cross_pkg/build install --record /home/wyatt/humble_AV_ws/build/cross_pkg/install.log --single-version-externally-managed
[4.282s] running egg_info
[4.284s] creating ../../build/cross_pkg/cross_pkg.egg-info
[4.284s] writing ../../build/cross_pkg/cross_pkg.egg-info/PKG-INFO
[4.284s] writing dependency_links to ../../build/cross_pkg/cross_pkg.egg-info/dependency_links.txt
[4.285s] writing entry points to ../../build/cross_pkg/cross_pkg.egg-info/entry_points.txt
[4.285s] writing requirements to ../../build/cross_pkg/cross_pkg.egg-info/requires.txt
[4.285s] writing top-level names to ../../build/cross_pkg/cross_pkg.egg-info/top_level.txt
[4.286s] writing manifest file '../../build/cross_pkg/cross_pkg.egg-info/SOURCES.txt'
[4.297s] reading manifest file '../../build/cross_pkg/cross_pkg.egg-info/SOURCES.txt'
[4.299s] writing manifest file '../../build/cross_pkg/cross_pkg.egg-info/SOURCES.txt'
[4.299s] running build
[4.299s] running build_py
[4.300s] creating /home/wyatt/humble_AV_ws/build/cross_pkg/build
[4.300s] creating /home/wyatt/humble_AV_ws/build/cross_pkg/build/lib
[4.300s] creating /home/wyatt/humble_AV_ws/build/cross_pkg/build/lib/cross_pkg
[4.300s] copying cross_pkg/__init__.py -> /home/wyatt/humble_AV_ws/build/cross_pkg/build/lib/cross_pkg
[4.301s] copying cross_pkg/check_val.py -> /home/wyatt/humble_AV_ws/build/cross_pkg/build/lib/cross_pkg
[4.301s] copying cross_pkg/generate_random_num.py -> /home/wyatt/humble_AV_ws/build/cross_pkg/build/lib/cross_pkg
[4.301s] running install
[4.301s] running install_lib
[4.303s] creating /home/wyatt/humble_AV_ws/install/cross_pkg/lib/python3.10/site-packages/cross_pkg
[4.303s] copying /home/wyatt/humble_AV_ws/build/cross_pkg/build/lib/cross_pkg/__init__.py -> /home/wyatt/humble_AV_ws/install/cross_pkg/lib/python3.10/site-packages/cross_pkg
[4.303s] copying /home/wyatt/humble_AV_ws/build/cross_pkg/build/lib/cross_pkg/check_val.py -> /home/wyatt/humble_AV_ws/install/cross_pkg/lib/python3.10/site-packages/cross_pkg
[4.304s] copying /home/wyatt/humble_AV_ws/build/cross_pkg/build/lib/cross_pkg/generate_random_num.py -> /home/wyatt/humble_AV_ws/install/cross_pkg/lib/python3.10/site-packages/cross_pkg
[4.304s] byte-compiling /home/wyatt/humble_AV_ws/install/cross_pkg/lib/python3.10/site-packages/cross_pkg/__init__.py to __init__.cpython-310.pyc
[4.316s] byte-compiling /home/wyatt/humble_AV_ws/install/cross_pkg/lib/python3.10/site-packages/cross_pkg/check_val.py to check_val.cpython-310.pyc
[4.316s] byte-compiling /home/wyatt/humble_AV_ws/install/cross_pkg/lib/python3.10/site-packages/cross_pkg/generate_random_num.py to generate_random_num.cpython-310.pyc
[4.317s] running install_data
[4.317s] creating /home/wyatt/humble_AV_ws/install/cross_pkg/share/ament_index
[4.317s] creating /home/wyatt/humble_AV_ws/install/cross_pkg/share/ament_index/resource_index
[4.317s] creating /home/wyatt/humble_AV_ws/install/cross_pkg/share/ament_index/resource_index/packages
[4.318s] copying resource/cross_pkg -> /home/wyatt/humble_AV_ws/install/cross_pkg/share/ament_index/resource_index/packages
[4.318s] copying package.xml -> /home/wyatt/humble_AV_ws/install/cross_pkg/share/cross_pkg
[4.318s] running install_egg_info
[4.318s] Copying ../../build/cross_pkg/cross_pkg.egg-info to /home/wyatt/humble_AV_ws/install/cross_pkg/lib/python3.10/site-packages/cross_pkg-1.0.0-py3.10.egg-info
[4.319s] running install_scripts
[4.353s] Installing run_node1 script to /home/wyatt/humble_AV_ws/install/cross_pkg/lib/cross_pkg
[4.354s] Installing run_node2 script to /home/wyatt/humble_AV_ws/install/cross_pkg/lib/cross_pkg
[4.355s] writing list of installed files to '/home/wyatt/humble_AV_ws/build/cross_pkg/install.log'
[4.441s] Invoked command in '/home/wyatt/humble_AV_ws/src/cross_pkg' returned '0': PYTHONPATH=/home/wyatt/humble_AV_ws/build/cross_pkg/prefix_override:/home/wyatt/humble_AV_ws/install/cross_pkg/lib/python3.10/site-packages:${PYTHONPATH} /usr/bin/python3 setup.py egg_info --egg-base ../../build/cross_pkg build --build-base /home/wyatt/humble_AV_ws/build/cross_pkg/build install --record /home/wyatt/humble_AV_ws/build/cross_pkg/install.log --single-version-externally-managed
