[2.273s] Invoking command in '/home/wyatt/avHW9/src/eml4842_gps_nav/gps_nav': PYTHONPATH=/home/wyatt/avHW9/build/gps_nav/prefix_override:/home/wyatt/avHW9/install/gps_nav/lib/python3.10/site-packages:${PYTHONPATH} /usr/bin/python3 setup.py egg_info --egg-base ../../../build/gps_nav build --build-base /home/wyatt/avHW9/build/gps_nav/build install --record /home/wyatt/avHW9/build/gps_nav/install.log --install-scripts $base/lib/gps_nav --single-version-externally-managed
[2.980s] /home/wyatt/.local/lib/python3.10/site-packages/setuptools/dist.py:717: UserWarning: Usage of dash-separated 'script-dir' will not be supported in future versions. Please use the underscore name 'script_dir' instead
[2.981s]   warnings.warn(
[3.054s] running egg_info
[3.056s] writing ../../../build/gps_nav/gps_nav.egg-info/PKG-INFO
[3.056s] writing dependency_links to ../../../build/gps_nav/gps_nav.egg-info/dependency_links.txt
[3.056s] writing entry points to ../../../build/gps_nav/gps_nav.egg-info/entry_points.txt
[3.057s] writing requirements to ../../../build/gps_nav/gps_nav.egg-info/requires.txt
[3.057s] writing top-level names to ../../../build/gps_nav/gps_nav.egg-info/top_level.txt
[3.062s] reading manifest file '../../../build/gps_nav/gps_nav.egg-info/SOURCES.txt'
[3.066s] writing manifest file '../../../build/gps_nav/gps_nav.egg-info/SOURCES.txt'
[3.066s] running build
[3.066s] running build_py
[3.068s] running install
[3.069s] running install_lib
[3.073s] running install_data
[3.076s] running install_egg_info
[3.080s] removing '/home/wyatt/avHW9/install/gps_nav/lib/python3.10/site-packages/gps_nav-0.0.1-py3.10.egg-info' (and everything under it)
[3.081s] Copying ../../../build/gps_nav/gps_nav.egg-info to /home/wyatt/avHW9/install/gps_nav/lib/python3.10/site-packages/gps_nav-0.0.1-py3.10.egg-info
[3.083s] running install_scripts
[3.131s] Installing goal_pose_creator script to /home/wyatt/avHW9/install/gps_nav/lib/gps_nav
[3.132s] Installing goal_pose_visualizer script to /home/wyatt/avHW9/install/gps_nav/lib/gps_nav
[3.132s] Installing motion_spec_provider script to /home/wyatt/avHW9/install/gps_nav/lib/gps_nav
[3.132s] Installing route_pose_provider script to /home/wyatt/avHW9/install/gps_nav/lib/gps_nav
[3.133s] Installing route_pose_visualizer script to /home/wyatt/avHW9/install/gps_nav/lib/gps_nav
[3.133s] Installing vehicle_controller script to /home/wyatt/avHW9/install/gps_nav/lib/gps_nav
[3.133s] Installing vehicle_simulator script to /home/wyatt/avHW9/install/gps_nav/lib/gps_nav
[3.134s] writing list of installed files to '/home/wyatt/avHW9/build/gps_nav/install.log'
[3.203s] Invoked command in '/home/wyatt/avHW9/src/eml4842_gps_nav/gps_nav' returned '0': PYTHONPATH=/home/wyatt/avHW9/build/gps_nav/prefix_override:/home/wyatt/avHW9/install/gps_nav/lib/python3.10/site-packages:${PYTHONPATH} /usr/bin/python3 setup.py egg_info --egg-base ../../../build/gps_nav build --build-base /home/wyatt/avHW9/build/gps_nav/build install --record /home/wyatt/avHW9/build/gps_nav/install.log --install-scripts $base/lib/gps_nav --single-version-externally-managed
