running egg_info
creating ../../build/my_best2/my_best2.egg-info
writing ../../build/my_best2/my_best2.egg-info/PKG-INFO
writing dependency_links to ../../build/my_best2/my_best2.egg-info/dependency_links.txt
writing entry points to ../../build/my_best2/my_best2.egg-info/entry_points.txt
writing requirements to ../../build/my_best2/my_best2.egg-info/requires.txt
writing top-level names to ../../build/my_best2/my_best2.egg-info/top_level.txt
writing manifest file '../../build/my_best2/my_best2.egg-info/SOURCES.txt'
reading manifest file '../../build/my_best2/my_best2.egg-info/SOURCES.txt'
writing manifest file '../../build/my_best2/my_best2.egg-info/SOURCES.txt'
running build
running build_py
creating /home/wyatt/humble_AV_ws/build/my_best2/build
creating /home/wyatt/humble_AV_ws/build/my_best2/build/lib
creating /home/wyatt/humble_AV_ws/build/my_best2/build/lib/my_best2
copying my_best2/my_pub.py -> /home/wyatt/humble_AV_ws/build/my_best2/build/lib/my_best2
copying my_best2/__init__.py -> /home/wyatt/humble_AV_ws/build/my_best2/build/lib/my_best2
copying my_best2/pub_pt.py -> /home/wyatt/humble_AV_ws/build/my_best2/build/lib/my_best2
copying my_best2/my_sub.py -> /home/wyatt/humble_AV_ws/build/my_best2/build/lib/my_best2
copying my_best2/sub_pt_pub_polar.py -> /home/wyatt/humble_AV_ws/build/my_best2/build/lib/my_best2
running install
running install_lib
creating /home/wyatt/humble_AV_ws/install/my_best2/lib/python3.10/site-packages/my_best2
copying /home/wyatt/humble_AV_ws/build/my_best2/build/lib/my_best2/my_pub.py -> /home/wyatt/humble_AV_ws/install/my_best2/lib/python3.10/site-packages/my_best2
copying /home/wyatt/humble_AV_ws/build/my_best2/build/lib/my_best2/__init__.py -> /home/wyatt/humble_AV_ws/install/my_best2/lib/python3.10/site-packages/my_best2
copying /home/wyatt/humble_AV_ws/build/my_best2/build/lib/my_best2/pub_pt.py -> /home/wyatt/humble_AV_ws/install/my_best2/lib/python3.10/site-packages/my_best2
copying /home/wyatt/humble_AV_ws/build/my_best2/build/lib/my_best2/my_sub.py -> /home/wyatt/humble_AV_ws/install/my_best2/lib/python3.10/site-packages/my_best2
copying /home/wyatt/humble_AV_ws/build/my_best2/build/lib/my_best2/sub_pt_pub_polar.py -> /home/wyatt/humble_AV_ws/install/my_best2/lib/python3.10/site-packages/my_best2
byte-compiling /home/wyatt/humble_AV_ws/install/my_best2/lib/python3.10/site-packages/my_best2/my_pub.py to my_pub.cpython-310.pyc
byte-compiling /home/wyatt/humble_AV_ws/install/my_best2/lib/python3.10/site-packages/my_best2/__init__.py to __init__.cpython-310.pyc
byte-compiling /home/wyatt/humble_AV_ws/install/my_best2/lib/python3.10/site-packages/my_best2/pub_pt.py to pub_pt.cpython-310.pyc
byte-compiling /home/wyatt/humble_AV_ws/install/my_best2/lib/python3.10/site-packages/my_best2/my_sub.py to my_sub.cpython-310.pyc
byte-compiling /home/wyatt/humble_AV_ws/install/my_best2/lib/python3.10/site-packages/my_best2/sub_pt_pub_polar.py to sub_pt_pub_polar.cpython-310.pyc
running install_data
creating /home/wyatt/humble_AV_ws/install/my_best2/share/ament_index
creating /home/wyatt/humble_AV_ws/install/my_best2/share/ament_index/resource_index
creating /home/wyatt/humble_AV_ws/install/my_best2/share/ament_index/resource_index/packages
copying resource/my_best2 -> /home/wyatt/humble_AV_ws/install/my_best2/share/ament_index/resource_index/packages
copying package.xml -> /home/wyatt/humble_AV_ws/install/my_best2/share/my_best2
running install_egg_info
Copying ../../build/my_best2/my_best2.egg-info to /home/wyatt/humble_AV_ws/install/my_best2/lib/python3.10/site-packages/my_best2-23.0.0-py3.10.egg-info
running install_scripts
Installing listener script to /home/wyatt/humble_AV_ws/install/my_best2/lib/my_best2
Installing pub_me script to /home/wyatt/humble_AV_ws/install/my_best2/lib/my_best2
Installing sub_me script to /home/wyatt/humble_AV_ws/install/my_best2/lib/my_best2
Installing talker script to /home/wyatt/humble_AV_ws/install/my_best2/lib/my_best2
writing list of installed files to '/home/wyatt/humble_AV_ws/build/my_best2/install.log'
