[0.979s] Invoking command in '/home/wyatt/humble_AV_ws/build/my_best3_interfaces': CMAKE_PREFIX_PATH=/opt/ros/humble /usr/bin/cmake /home/wyatt/humble_AV_ws/src/my_best3_interfaces -DCMAKE_INSTALL_PREFIX=/home/wyatt/humble_AV_ws/install/my_best3_interfaces
[1.136s] -- The C compiler identification is GNU 11.4.0
[1.269s] -- The CXX compiler identification is GNU 11.4.0
[1.284s] -- Detecting C compiler ABI info
[1.388s] -- Detecting C compiler ABI info - done
[1.400s] -- Check for working C compiler: /usr/bin/cc - skipped
[1.401s] -- Detecting C compile features
[1.402s] -- Detecting C compile features - done
[1.409s] -- Detecting CXX compiler ABI info
[1.529s] -- Detecting CXX compiler ABI info - done
[1.551s] -- Check for working CXX compiler: /usr/bin/c++ - skipped
[1.551s] -- Detecting CXX compile features
[1.552s] -- Detecting CXX compile features - done
[1.559s] -- Found ament_cmake: 1.3.5 (/opt/ros/humble/share/ament_cmake/cmake)
[1.809s] -- Found Python3: /usr/bin/python3.10 (found version "3.10.12") found components: Interpreter 
[1.953s] -- Found geometry_msgs: 4.2.3 (/opt/ros/humble/share/geometry_msgs/cmake)
[2.037s] -- Found rosidl_generator_c: 3.1.5 (/opt/ros/humble/share/rosidl_generator_c/cmake)
[2.052s] -- Found rosidl_adapter: 3.1.5 (/opt/ros/humble/share/rosidl_adapter/cmake)
[2.075s] -- Found rosidl_generator_cpp: 3.1.5 (/opt/ros/humble/share/rosidl_generator_cpp/cmake)
[2.117s] -- Using all available rosidl_typesupport_c: rosidl_typesupport_fastrtps_c;rosidl_typesupport_introspection_c
[2.161s] -- Using all available rosidl_typesupport_cpp: rosidl_typesupport_fastrtps_cpp;rosidl_typesupport_introspection_cpp
[2.563s] -- Found rosidl_default_generators: 1.2.0 (/opt/ros/humble/share/rosidl_default_generators/cmake)
[3.496s] -- Found ament_cmake_ros: 0.10.0 (/opt/ros/humble/share/ament_cmake_ros/cmake)
[4.575s] -- Using all available rosidl_typesupport_c: rosidl_typesupport_fastrtps_c;rosidl_typesupport_introspection_c
[4.927s] -- Using all available rosidl_typesupport_cpp: rosidl_typesupport_fastrtps_cpp;rosidl_typesupport_introspection_cpp
[4.965s] -- Found PythonInterp: /usr/bin/python3 (found suitable version "3.10.12", minimum required is "3.6") 
[4.967s] -- Found python_cmake_module: 0.10.0 (/opt/ros/humble/share/python_cmake_module/cmake)
[5.010s] -- Found PythonLibs: /usr/lib/x86_64-linux-gnu/libpython3.10.so (found suitable version "3.10.12", minimum required is "3.5") 
[5.011s] -- Using PYTHON_EXECUTABLE: /usr/bin/python3
[5.011s] -- Using PYTHON_INCLUDE_DIRS: /usr/include/python3.10
[5.011s] -- Using PYTHON_LIBRARIES: /usr/lib/x86_64-linux-gnu/libpython3.10.so
[5.042s] -- Found PythonExtra: .so  
[5.174s] -- Found ament_lint_auto: 0.12.8 (/opt/ros/humble/share/ament_lint_auto/cmake)
[5.221s] -- Added test 'lint_cmake' to check CMake code style
[5.225s] -- Added test 'xmllint' to check XML markup files
[5.232s] -- Configuring done
[5.313s] -- Generating done
[5.318s] -- Build files have been written to: /home/wyatt/humble_AV_ws/build/my_best3_interfaces
[5.334s] Invoked command in '/home/wyatt/humble_AV_ws/build/my_best3_interfaces' returned '0': CMAKE_PREFIX_PATH=/opt/ros/humble /usr/bin/cmake /home/wyatt/humble_AV_ws/src/my_best3_interfaces -DCMAKE_INSTALL_PREFIX=/home/wyatt/humble_AV_ws/install/my_best3_interfaces
[5.336s] Invoking command in '/home/wyatt/humble_AV_ws/build/my_best3_interfaces': CMAKE_PREFIX_PATH=/opt/ros/humble /usr/bin/cmake --build /home/wyatt/humble_AV_ws/build/my_best3_interfaces -- -j4 -l4
[5.400s] [  3%] [34m[1mGenerating C code for ROS interfaces[0m
[5.422s] [  6%] [34m[1mGenerating C++ code for ROS interfaces[0m
[5.438s] [  6%] Built target ament_cmake_python_copy_my_best3_interfaces
[6.191s] [  6%] Built target my_best3_interfaces__cpp
[6.217s] [  9%] [34m[1mGenerating C++ type support for eProsima Fast-RTPS[0m
[6.217s] running egg_info
[6.219s] creating my_best3_interfaces.egg-info
[6.219s] [ 12%] [32mBuilding C object CMakeFiles/my_best3_interfaces__rosidl_generator_c.dir/rosidl_generator_c/my_best3_interfaces/msg/detail/polar__functions.c.o[0m
[6.219s] writing my_best3_interfaces.egg-info/PKG-INFO
[6.220s] writing dependency_links to my_best3_interfaces.egg-info/dependency_links.txt
[6.220s] writing top-level names to my_best3_interfaces.egg-info/top_level.txt
[6.220s] writing manifest file 'my_best3_interfaces.egg-info/SOURCES.txt'
[6.225s] reading manifest file 'my_best3_interfaces.egg-info/SOURCES.txt'
[6.227s] writing manifest file 'my_best3_interfaces.egg-info/SOURCES.txt'
[6.234s] [ 16%] [34m[1mGenerating C++ type support dispatch for ROS interfaces[0m
[6.294s] [ 16%] Built target ament_cmake_python_build_my_best3_interfaces_egg
[6.323s] [ 19%] [34m[1mGenerating C++ introspection for ROS interfaces[0m
[6.475s] [ 22%] [32m[1mLinking C shared library libmy_best3_interfaces__rosidl_generator_c.so[0m
[6.707s] [ 22%] Built target my_best3_interfaces__rosidl_generator_c
[6.770s] [ 25%] [34m[1mGenerating C type support for eProsima Fast-RTPS[0m
[7.078s] [ 29%] [32mBuilding CXX object CMakeFiles/my_best3_interfaces__rosidl_typesupport_cpp.dir/rosidl_typesupport_cpp/my_best3_interfaces/msg/polar__type_support.cpp.o[0m
[7.104s] [ 32%] [32mBuilding CXX object CMakeFiles/my_best3_interfaces__rosidl_typesupport_introspection_cpp.dir/rosidl_typesupport_introspection_cpp/my_best3_interfaces/msg/detail/polar__type_support.cpp.o[0m
[7.118s] [ 35%] [32mBuilding CXX object CMakeFiles/my_best3_interfaces__rosidl_typesupport_fastrtps_cpp.dir/rosidl_typesupport_fastrtps_cpp/my_best3_interfaces/msg/detail/dds_fastrtps/polar__type_support.cpp.o[0m
[7.574s] [ 38%] [32mBuilding CXX object CMakeFiles/my_best3_interfaces__rosidl_typesupport_fastrtps_c.dir/rosidl_typesupport_fastrtps_c/my_best3_interfaces/msg/detail/polar__type_support_c.cpp.o[0m
[8.008s] [ 41%] [32m[1mLinking CXX shared library libmy_best3_interfaces__rosidl_typesupport_cpp.so[0m
[8.113s] [ 41%] Built target my_best3_interfaces__rosidl_typesupport_cpp
[8.138s] [ 45%] [34m[1mGenerating C introspection for ROS interfaces[0m
[8.295s] [ 51%] [32m[1mLinking CXX shared library libmy_best3_interfaces__rosidl_typesupport_fastrtps_cpp.so[0m
[8.295s] [ 51%] [32m[1mLinking CXX shared library libmy_best3_interfaces__rosidl_typesupport_introspection_cpp.so[0m
[8.464s] [ 51%] Built target my_best3_interfaces__rosidl_typesupport_introspection_cpp
[8.488s] [ 54%] [34m[1mGenerating C type support dispatch for ROS interfaces[0m
[8.494s] [ 54%] Built target my_best3_interfaces__rosidl_typesupport_fastrtps_cpp
[8.524s] [ 58%] [32m[1mLinking CXX shared library libmy_best3_interfaces__rosidl_typesupport_fastrtps_c.so[0m
[8.653s] [ 58%] Built target my_best3_interfaces__rosidl_typesupport_fastrtps_c
[8.773s] [ 61%] [32mBuilding C object CMakeFiles/my_best3_interfaces__rosidl_typesupport_introspection_c.dir/rosidl_typesupport_introspection_c/my_best3_interfaces/msg/detail/polar__type_support.c.o[0m
[8.822s] [ 64%] [32m[1mLinking C shared library libmy_best3_interfaces__rosidl_typesupport_introspection_c.so[0m
[8.868s] [ 64%] Built target my_best3_interfaces__rosidl_typesupport_introspection_c
[8.924s] [ 67%] [32mBuilding CXX object CMakeFiles/my_best3_interfaces__rosidl_typesupport_c.dir/rosidl_typesupport_c/my_best3_interfaces/msg/polar__type_support.cpp.o[0m
[8.966s] [ 70%] [32m[1mLinking CXX shared library libmy_best3_interfaces__rosidl_typesupport_c.so[0m
[9.022s] [ 70%] Built target my_best3_interfaces__rosidl_typesupport_c
[9.047s] [ 70%] Built target my_best3_interfaces
[9.074s] [ 74%] [34m[1mGenerating Python code for ROS interfaces[0m
[9.535s] [ 74%] Built target my_best3_interfaces__py
[9.561s] [ 77%] [32mBuilding C object CMakeFiles/my_best3_interfaces__rosidl_generator_py.dir/rosidl_generator_py/my_best3_interfaces/msg/_polar_s.c.o[0m
[9.753s] [ 80%] [32m[1mLinking C shared library rosidl_generator_py/my_best3_interfaces/libmy_best3_interfaces__rosidl_generator_py.so[0m
[9.818s] [ 80%] Built target my_best3_interfaces__rosidl_generator_py
[9.846s] [ 83%] [32mBuilding C object CMakeFiles/my_best3_interfaces__rosidl_typesupport_introspection_c__pyext.dir/rosidl_generator_py/my_best3_interfaces/_my_best3_interfaces_s.ep.rosidl_typesupport_introspection_c.c.o[0m
[9.856s] [ 90%] [32mBuilding C object CMakeFiles/my_best3_interfaces__rosidl_typesupport_c__pyext.dir/rosidl_generator_py/my_best3_interfaces/_my_best3_interfaces_s.ep.rosidl_typesupport_c.c.o[0m
[9.857s] [ 90%] [32mBuilding C object CMakeFiles/my_best3_interfaces__rosidl_typesupport_fastrtps_c__pyext.dir/rosidl_generator_py/my_best3_interfaces/_my_best3_interfaces_s.ep.rosidl_typesupport_fastrtps_c.c.o[0m
[10.002s] [ 93%] [32m[1mLinking C shared library rosidl_generator_py/my_best3_interfaces/my_best3_interfaces_s__rosidl_typesupport_introspection_c.cpython-310-x86_64-linux-gnu.so[0m
[10.058s] [ 93%] Built target my_best3_interfaces__rosidl_typesupport_introspection_c__pyext
[10.094s] [100%] [32m[1mLinking C shared library rosidl_generator_py/my_best3_interfaces/my_best3_interfaces_s__rosidl_typesupport_fastrtps_c.cpython-310-x86_64-linux-gnu.so[0m
[10.094s] [100%] [32m[1mLinking C shared library rosidl_generator_py/my_best3_interfaces/my_best3_interfaces_s__rosidl_typesupport_c.cpython-310-x86_64-linux-gnu.so[0m
[10.155s] [100%] Built target my_best3_interfaces__rosidl_typesupport_fastrtps_c__pyext
[10.155s] [100%] Built target my_best3_interfaces__rosidl_typesupport_c__pyext
[10.170s] Invoked command in '/home/wyatt/humble_AV_ws/build/my_best3_interfaces' returned '0': CMAKE_PREFIX_PATH=/opt/ros/humble /usr/bin/cmake --build /home/wyatt/humble_AV_ws/build/my_best3_interfaces -- -j4 -l4
[10.248s] Invoking command in '/home/wyatt/humble_AV_ws/build/my_best3_interfaces': CMAKE_PREFIX_PATH=/opt/ros/humble /usr/bin/cmake --install /home/wyatt/humble_AV_ws/build/my_best3_interfaces
[10.260s] -- Install configuration: ""
[10.260s] -- Installing: /home/wyatt/humble_AV_ws/install/my_best3_interfaces/share/ament_index/resource_index/rosidl_interfaces/my_best3_interfaces
[10.260s] -- Installing: /home/wyatt/humble_AV_ws/install/my_best3_interfaces/include/my_best3_interfaces/my_best3_interfaces
[10.261s] -- Installing: /home/wyatt/humble_AV_ws/install/my_best3_interfaces/include/my_best3_interfaces/my_best3_interfaces/msg
[10.261s] -- Installing: /home/wyatt/humble_AV_ws/install/my_best3_interfaces/include/my_best3_interfaces/my_best3_interfaces/msg/detail
[10.261s] -- Installing: /home/wyatt/humble_AV_ws/install/my_best3_interfaces/include/my_best3_interfaces/my_best3_interfaces/msg/detail/polar__functions.c
[10.261s] -- Installing: /home/wyatt/humble_AV_ws/install/my_best3_interfaces/include/my_best3_interfaces/my_best3_interfaces/msg/detail/polar__type_support.h
[10.261s] -- Installing: /home/wyatt/humble_AV_ws/install/my_best3_interfaces/include/my_best3_interfaces/my_best3_interfaces/msg/detail/polar__struct.h
[10.261s] -- Installing: /home/wyatt/humble_AV_ws/install/my_best3_interfaces/include/my_best3_interfaces/my_best3_interfaces/msg/detail/polar__functions.h
[10.262s] -- Installing: /home/wyatt/humble_AV_ws/install/my_best3_interfaces/include/my_best3_interfaces/my_best3_interfaces/msg/polar.h
[10.262s] -- Installing: /home/wyatt/humble_AV_ws/install/my_best3_interfaces/include/my_best3_interfaces/my_best3_interfaces/msg/rosidl_generator_c__visibility_control.h
[10.262s] -- Installing: /home/wyatt/humble_AV_ws/install/my_best3_interfaces/share/my_best3_interfaces/environment/library_path.sh
[10.262s] -- Installing: /home/wyatt/humble_AV_ws/install/my_best3_interfaces/share/my_best3_interfaces/environment/library_path.dsv
[10.262s] -- Installing: /home/wyatt/humble_AV_ws/install/my_best3_interfaces/lib/libmy_best3_interfaces__rosidl_generator_c.so
[10.263s] -- Set runtime path of "/home/wyatt/humble_AV_ws/install/my_best3_interfaces/lib/libmy_best3_interfaces__rosidl_generator_c.so" to ""
[10.263s] -- Up-to-date: /home/wyatt/humble_AV_ws/install/my_best3_interfaces/include/my_best3_interfaces/my_best3_interfaces
[10.263s] -- Up-to-date: /home/wyatt/humble_AV_ws/install/my_best3_interfaces/include/my_best3_interfaces/my_best3_interfaces/msg
[10.263s] -- Installing: /home/wyatt/humble_AV_ws/install/my_best3_interfaces/include/my_best3_interfaces/my_best3_interfaces/msg/rosidl_typesupport_fastrtps_c__visibility_control.h
[10.263s] -- Up-to-date: /home/wyatt/humble_AV_ws/install/my_best3_interfaces/include/my_best3_interfaces/my_best3_interfaces/msg/detail
[10.264s] -- Installing: /home/wyatt/humble_AV_ws/install/my_best3_interfaces/include/my_best3_interfaces/my_best3_interfaces/msg/detail/polar__rosidl_typesupport_fastrtps_c.h
[10.264s] -- Installing: /home/wyatt/humble_AV_ws/install/my_best3_interfaces/lib/libmy_best3_interfaces__rosidl_typesupport_fastrtps_c.so
[10.264s] -- Set runtime path of "/home/wyatt/humble_AV_ws/install/my_best3_interfaces/lib/libmy_best3_interfaces__rosidl_typesupport_fastrtps_c.so" to ""
[10.264s] -- Up-to-date: /home/wyatt/humble_AV_ws/install/my_best3_interfaces/include/my_best3_interfaces/my_best3_interfaces
[10.264s] -- Up-to-date: /home/wyatt/humble_AV_ws/install/my_best3_interfaces/include/my_best3_interfaces/my_best3_interfaces/msg
[10.264s] -- Up-to-date: /home/wyatt/humble_AV_ws/install/my_best3_interfaces/include/my_best3_interfaces/my_best3_interfaces/msg/detail
[10.265s] -- Installing: /home/wyatt/humble_AV_ws/install/my_best3_interfaces/include/my_best3_interfaces/my_best3_interfaces/msg/detail/polar__struct.hpp
[10.265s] -- Installing: /home/wyatt/humble_AV_ws/install/my_best3_interfaces/include/my_best3_interfaces/my_best3_interfaces/msg/detail/polar__builder.hpp
[10.265s] -- Installing: /home/wyatt/humble_AV_ws/install/my_best3_interfaces/include/my_best3_interfaces/my_best3_interfaces/msg/detail/polar__traits.hpp
[10.265s] -- Installing: /home/wyatt/humble_AV_ws/install/my_best3_interfaces/include/my_best3_interfaces/my_best3_interfaces/msg/polar.hpp
[10.265s] -- Up-to-date: /home/wyatt/humble_AV_ws/install/my_best3_interfaces/include/my_best3_interfaces/my_best3_interfaces
[10.265s] -- Up-to-date: /home/wyatt/humble_AV_ws/install/my_best3_interfaces/include/my_best3_interfaces/my_best3_interfaces/msg
[10.266s] -- Installing: /home/wyatt/humble_AV_ws/install/my_best3_interfaces/include/my_best3_interfaces/my_best3_interfaces/msg/rosidl_typesupport_fastrtps_cpp__visibility_control.h
[10.266s] -- Up-to-date: /home/wyatt/humble_AV_ws/install/my_best3_interfaces/include/my_best3_interfaces/my_best3_interfaces/msg/detail
[10.266s] -- Installing: /home/wyatt/humble_AV_ws/install/my_best3_interfaces/include/my_best3_interfaces/my_best3_interfaces/msg/detail/polar__rosidl_typesupport_fastrtps_cpp.hpp
[10.266s] -- Installing: /home/wyatt/humble_AV_ws/install/my_best3_interfaces/include/my_best3_interfaces/my_best3_interfaces/msg/detail/dds_fastrtps
[10.266s] -- Installing: /home/wyatt/humble_AV_ws/install/my_best3_interfaces/lib/libmy_best3_interfaces__rosidl_typesupport_fastrtps_cpp.so
[10.266s] -- Set runtime path of "/home/wyatt/humble_AV_ws/install/my_best3_interfaces/lib/libmy_best3_interfaces__rosidl_typesupport_fastrtps_cpp.so" to ""
[10.266s] -- Up-to-date: /home/wyatt/humble_AV_ws/install/my_best3_interfaces/include/my_best3_interfaces/my_best3_interfaces
[10.267s] -- Up-to-date: /home/wyatt/humble_AV_ws/install/my_best3_interfaces/include/my_best3_interfaces/my_best3_interfaces/msg
[10.267s] -- Installing: /home/wyatt/humble_AV_ws/install/my_best3_interfaces/include/my_best3_interfaces/my_best3_interfaces/msg/rosidl_typesupport_introspection_c__visibility_control.h
[10.267s] -- Up-to-date: /home/wyatt/humble_AV_ws/install/my_best3_interfaces/include/my_best3_interfaces/my_best3_interfaces/msg/detail
[10.267s] -- Installing: /home/wyatt/humble_AV_ws/install/my_best3_interfaces/include/my_best3_interfaces/my_best3_interfaces/msg/detail/polar__rosidl_typesupport_introspection_c.h
[10.267s] -- Installing: /home/wyatt/humble_AV_ws/install/my_best3_interfaces/include/my_best3_interfaces/my_best3_interfaces/msg/detail/polar__type_support.c
[10.267s] -- Installing: /home/wyatt/humble_AV_ws/install/my_best3_interfaces/lib/libmy_best3_interfaces__rosidl_typesupport_introspection_c.so
[10.267s] -- Set runtime path of "/home/wyatt/humble_AV_ws/install/my_best3_interfaces/lib/libmy_best3_interfaces__rosidl_typesupport_introspection_c.so" to ""
[10.268s] -- Installing: /home/wyatt/humble_AV_ws/install/my_best3_interfaces/lib/libmy_best3_interfaces__rosidl_typesupport_c.so
[10.268s] -- Set runtime path of "/home/wyatt/humble_AV_ws/install/my_best3_interfaces/lib/libmy_best3_interfaces__rosidl_typesupport_c.so" to ""
[10.268s] -- Up-to-date: /home/wyatt/humble_AV_ws/install/my_best3_interfaces/include/my_best3_interfaces/my_best3_interfaces
[10.268s] -- Up-to-date: /home/wyatt/humble_AV_ws/install/my_best3_interfaces/include/my_best3_interfaces/my_best3_interfaces/msg
[10.269s] -- Up-to-date: /home/wyatt/humble_AV_ws/install/my_best3_interfaces/include/my_best3_interfaces/my_best3_interfaces/msg/detail
[10.269s] -- Installing: /home/wyatt/humble_AV_ws/install/my_best3_interfaces/include/my_best3_interfaces/my_best3_interfaces/msg/detail/polar__rosidl_typesupport_introspection_cpp.hpp
[10.269s] -- Installing: /home/wyatt/humble_AV_ws/install/my_best3_interfaces/include/my_best3_interfaces/my_best3_interfaces/msg/detail/polar__type_support.cpp
[10.269s] -- Installing: /home/wyatt/humble_AV_ws/install/my_best3_interfaces/lib/libmy_best3_interfaces__rosidl_typesupport_introspection_cpp.so
[10.269s] -- Set runtime path of "/home/wyatt/humble_AV_ws/install/my_best3_interfaces/lib/libmy_best3_interfaces__rosidl_typesupport_introspection_cpp.so" to ""
[10.269s] -- Installing: /home/wyatt/humble_AV_ws/install/my_best3_interfaces/lib/libmy_best3_interfaces__rosidl_typesupport_cpp.so
[10.270s] -- Set runtime path of "/home/wyatt/humble_AV_ws/install/my_best3_interfaces/lib/libmy_best3_interfaces__rosidl_typesupport_cpp.so" to ""
[10.270s] -- Installing: /home/wyatt/humble_AV_ws/install/my_best3_interfaces/share/my_best3_interfaces/environment/pythonpath.sh
[10.270s] -- Installing: /home/wyatt/humble_AV_ws/install/my_best3_interfaces/share/my_best3_interfaces/environment/pythonpath.dsv
[10.270s] -- Installing: /home/wyatt/humble_AV_ws/install/my_best3_interfaces/local/lib/python3.10/dist-packages/my_best3_interfaces-0.0.0-py3.10.egg-info
[10.271s] -- Installing: /home/wyatt/humble_AV_ws/install/my_best3_interfaces/local/lib/python3.10/dist-packages/my_best3_interfaces-0.0.0-py3.10.egg-info/SOURCES.txt
[10.271s] -- Installing: /home/wyatt/humble_AV_ws/install/my_best3_interfaces/local/lib/python3.10/dist-packages/my_best3_interfaces-0.0.0-py3.10.egg-info/PKG-INFO
[10.271s] -- Installing: /home/wyatt/humble_AV_ws/install/my_best3_interfaces/local/lib/python3.10/dist-packages/my_best3_interfaces-0.0.0-py3.10.egg-info/top_level.txt
[10.271s] -- Installing: /home/wyatt/humble_AV_ws/install/my_best3_interfaces/local/lib/python3.10/dist-packages/my_best3_interfaces-0.0.0-py3.10.egg-info/dependency_links.txt
[10.271s] -- Installing: /home/wyatt/humble_AV_ws/install/my_best3_interfaces/local/lib/python3.10/dist-packages/my_best3_interfaces
[10.271s] -- Installing: /home/wyatt/humble_AV_ws/install/my_best3_interfaces/local/lib/python3.10/dist-packages/my_best3_interfaces/my_best3_interfaces_s__rosidl_typesupport_fastrtps_c.cpython-310-x86_64-linux-gnu.so
[10.272s] -- Installing: /home/wyatt/humble_AV_ws/install/my_best3_interfaces/local/lib/python3.10/dist-packages/my_best3_interfaces/libmy_best3_interfaces__rosidl_generator_py.so
[10.272s] -- Installing: /home/wyatt/humble_AV_ws/install/my_best3_interfaces/local/lib/python3.10/dist-packages/my_best3_interfaces/_my_best3_interfaces_s.ep.rosidl_typesupport_c.c
[10.272s] -- Installing: /home/wyatt/humble_AV_ws/install/my_best3_interfaces/local/lib/python3.10/dist-packages/my_best3_interfaces/__init__.py
[10.272s] -- Installing: /home/wyatt/humble_AV_ws/install/my_best3_interfaces/local/lib/python3.10/dist-packages/my_best3_interfaces/my_best3_interfaces_s__rosidl_typesupport_introspection_c.cpython-310-x86_64-linux-gnu.so
[10.272s] -- Installing: /home/wyatt/humble_AV_ws/install/my_best3_interfaces/local/lib/python3.10/dist-packages/my_best3_interfaces/_my_best3_interfaces_s.ep.rosidl_typesupport_introspection_c.c
[10.273s] -- Installing: /home/wyatt/humble_AV_ws/install/my_best3_interfaces/local/lib/python3.10/dist-packages/my_best3_interfaces/msg
[10.273s] -- Installing: /home/wyatt/humble_AV_ws/install/my_best3_interfaces/local/lib/python3.10/dist-packages/my_best3_interfaces/msg/_polar.py
[10.273s] -- Installing: /home/wyatt/humble_AV_ws/install/my_best3_interfaces/local/lib/python3.10/dist-packages/my_best3_interfaces/msg/__init__.py
[10.273s] -- Installing: /home/wyatt/humble_AV_ws/install/my_best3_interfaces/local/lib/python3.10/dist-packages/my_best3_interfaces/msg/_polar_s.c
[10.273s] -- Installing: /home/wyatt/humble_AV_ws/install/my_best3_interfaces/local/lib/python3.10/dist-packages/my_best3_interfaces/my_best3_interfaces_s__rosidl_typesupport_c.cpython-310-x86_64-linux-gnu.so
[10.273s] -- Installing: /home/wyatt/humble_AV_ws/install/my_best3_interfaces/local/lib/python3.10/dist-packages/my_best3_interfaces/_my_best3_interfaces_s.ep.rosidl_typesupport_fastrtps_c.c
[10.318s] Listing '/home/wyatt/humble_AV_ws/install/my_best3_interfaces/local/lib/python3.10/dist-packages/my_best3_interfaces'...
[10.318s] Compiling '/home/wyatt/humble_AV_ws/install/my_best3_interfaces/local/lib/python3.10/dist-packages/my_best3_interfaces/__init__.py'...
[10.318s] Listing '/home/wyatt/humble_AV_ws/install/my_best3_interfaces/local/lib/python3.10/dist-packages/my_best3_interfaces/msg'...
[10.319s] Compiling '/home/wyatt/humble_AV_ws/install/my_best3_interfaces/local/lib/python3.10/dist-packages/my_best3_interfaces/msg/__init__.py'...
[10.319s] Compiling '/home/wyatt/humble_AV_ws/install/my_best3_interfaces/local/lib/python3.10/dist-packages/my_best3_interfaces/msg/_polar.py'...
[10.325s] -- Installing: /home/wyatt/humble_AV_ws/install/my_best3_interfaces/local/lib/python3.10/dist-packages/my_best3_interfaces/my_best3_interfaces_s__rosidl_typesupport_fastrtps_c.cpython-310-x86_64-linux-gnu.so
[10.326s] -- Set runtime path of "/home/wyatt/humble_AV_ws/install/my_best3_interfaces/local/lib/python3.10/dist-packages/my_best3_interfaces/my_best3_interfaces_s__rosidl_typesupport_fastrtps_c.cpython-310-x86_64-linux-gnu.so" to ""
[10.326s] -- Installing: /home/wyatt/humble_AV_ws/install/my_best3_interfaces/local/lib/python3.10/dist-packages/my_best3_interfaces/my_best3_interfaces_s__rosidl_typesupport_introspection_c.cpython-310-x86_64-linux-gnu.so
[10.327s] -- Set runtime path of "/home/wyatt/humble_AV_ws/install/my_best3_interfaces/local/lib/python3.10/dist-packages/my_best3_interfaces/my_best3_interfaces_s__rosidl_typesupport_introspection_c.cpython-310-x86_64-linux-gnu.so" to ""
[10.327s] -- Installing: /home/wyatt/humble_AV_ws/install/my_best3_interfaces/local/lib/python3.10/dist-packages/my_best3_interfaces/my_best3_interfaces_s__rosidl_typesupport_c.cpython-310-x86_64-linux-gnu.so
[10.328s] -- Set runtime path of "/home/wyatt/humble_AV_ws/install/my_best3_interfaces/local/lib/python3.10/dist-packages/my_best3_interfaces/my_best3_interfaces_s__rosidl_typesupport_c.cpython-310-x86_64-linux-gnu.so" to ""
[10.328s] -- Installing: /home/wyatt/humble_AV_ws/install/my_best3_interfaces/lib/libmy_best3_interfaces__rosidl_generator_py.so
[10.328s] -- Set runtime path of "/home/wyatt/humble_AV_ws/install/my_best3_interfaces/lib/libmy_best3_interfaces__rosidl_generator_py.so" to ""
[10.329s] -- Installing: /home/wyatt/humble_AV_ws/install/my_best3_interfaces/share/my_best3_interfaces/msg/Polar.idl
[10.329s] -- Installing: /home/wyatt/humble_AV_ws/install/my_best3_interfaces/share/my_best3_interfaces/msg/Polar.msg
[10.329s] -- Installing: /home/wyatt/humble_AV_ws/install/my_best3_interfaces/share/ament_index/resource_index/package_run_dependencies/my_best3_interfaces
[10.329s] -- Installing: /home/wyatt/humble_AV_ws/install/my_best3_interfaces/share/ament_index/resource_index/parent_prefix_path/my_best3_interfaces
[10.330s] -- Installing: /home/wyatt/humble_AV_ws/install/my_best3_interfaces/share/my_best3_interfaces/environment/ament_prefix_path.sh
[10.330s] -- Installing: /home/wyatt/humble_AV_ws/install/my_best3_interfaces/share/my_best3_interfaces/environment/ament_prefix_path.dsv
[10.330s] -- Installing: /home/wyatt/humble_AV_ws/install/my_best3_interfaces/share/my_best3_interfaces/environment/path.sh
[10.331s] -- Installing: /home/wyatt/humble_AV_ws/install/my_best3_interfaces/share/my_best3_interfaces/environment/path.dsv
[10.331s] -- Installing: /home/wyatt/humble_AV_ws/install/my_best3_interfaces/share/my_best3_interfaces/local_setup.bash
[10.331s] -- Installing: /home/wyatt/humble_AV_ws/install/my_best3_interfaces/share/my_best3_interfaces/local_setup.sh
[10.331s] -- Installing: /home/wyatt/humble_AV_ws/install/my_best3_interfaces/share/my_best3_interfaces/local_setup.zsh
[10.331s] -- Installing: /home/wyatt/humble_AV_ws/install/my_best3_interfaces/share/my_best3_interfaces/local_setup.dsv
[10.332s] -- Installing: /home/wyatt/humble_AV_ws/install/my_best3_interfaces/share/my_best3_interfaces/package.dsv
[10.332s] -- Installing: /home/wyatt/humble_AV_ws/install/my_best3_interfaces/share/ament_index/resource_index/packages/my_best3_interfaces
[10.332s] -- Installing: /home/wyatt/humble_AV_ws/install/my_best3_interfaces/share/my_best3_interfaces/cmake/export_my_best3_interfaces__rosidl_generator_cExport.cmake
[10.333s] -- Installing: /home/wyatt/humble_AV_ws/install/my_best3_interfaces/share/my_best3_interfaces/cmake/export_my_best3_interfaces__rosidl_generator_cExport-noconfig.cmake
[10.333s] -- Installing: /home/wyatt/humble_AV_ws/install/my_best3_interfaces/share/my_best3_interfaces/cmake/export_my_best3_interfaces__rosidl_typesupport_fastrtps_cExport.cmake
[10.333s] -- Installing: /home/wyatt/humble_AV_ws/install/my_best3_interfaces/share/my_best3_interfaces/cmake/export_my_best3_interfaces__rosidl_typesupport_fastrtps_cExport-noconfig.cmake
[10.333s] -- Installing: /home/wyatt/humble_AV_ws/install/my_best3_interfaces/share/my_best3_interfaces/cmake/export_my_best3_interfaces__rosidl_generator_cppExport.cmake
[10.334s] -- Installing: /home/wyatt/humble_AV_ws/install/my_best3_interfaces/share/my_best3_interfaces/cmake/export_my_best3_interfaces__rosidl_typesupport_fastrtps_cppExport.cmake
[10.334s] -- Installing: /home/wyatt/humble_AV_ws/install/my_best3_interfaces/share/my_best3_interfaces/cmake/export_my_best3_interfaces__rosidl_typesupport_fastrtps_cppExport-noconfig.cmake
[10.334s] -- Installing: /home/wyatt/humble_AV_ws/install/my_best3_interfaces/share/my_best3_interfaces/cmake/my_best3_interfaces__rosidl_typesupport_introspection_cExport.cmake
[10.335s] -- Installing: /home/wyatt/humble_AV_ws/install/my_best3_interfaces/share/my_best3_interfaces/cmake/my_best3_interfaces__rosidl_typesupport_introspection_cExport-noconfig.cmake
[10.335s] -- Installing: /home/wyatt/humble_AV_ws/install/my_best3_interfaces/share/my_best3_interfaces/cmake/my_best3_interfaces__rosidl_typesupport_cExport.cmake
[10.335s] -- Installing: /home/wyatt/humble_AV_ws/install/my_best3_interfaces/share/my_best3_interfaces/cmake/my_best3_interfaces__rosidl_typesupport_cExport-noconfig.cmake
[10.335s] -- Installing: /home/wyatt/humble_AV_ws/install/my_best3_interfaces/share/my_best3_interfaces/cmake/my_best3_interfaces__rosidl_typesupport_introspection_cppExport.cmake
[10.336s] -- Installing: /home/wyatt/humble_AV_ws/install/my_best3_interfaces/share/my_best3_interfaces/cmake/my_best3_interfaces__rosidl_typesupport_introspection_cppExport-noconfig.cmake
[10.336s] -- Installing: /home/wyatt/humble_AV_ws/install/my_best3_interfaces/share/my_best3_interfaces/cmake/my_best3_interfaces__rosidl_typesupport_cppExport.cmake
[10.336s] -- Installing: /home/wyatt/humble_AV_ws/install/my_best3_interfaces/share/my_best3_interfaces/cmake/my_best3_interfaces__rosidl_typesupport_cppExport-noconfig.cmake
[10.337s] -- Installing: /home/wyatt/humble_AV_ws/install/my_best3_interfaces/share/my_best3_interfaces/cmake/export_my_best3_interfaces__rosidl_generator_pyExport.cmake
[10.337s] -- Installing: /home/wyatt/humble_AV_ws/install/my_best3_interfaces/share/my_best3_interfaces/cmake/export_my_best3_interfaces__rosidl_generator_pyExport-noconfig.cmake
[10.337s] -- Installing: /home/wyatt/humble_AV_ws/install/my_best3_interfaces/share/my_best3_interfaces/cmake/rosidl_cmake-extras.cmake
[10.337s] -- Installing: /home/wyatt/humble_AV_ws/install/my_best3_interfaces/share/my_best3_interfaces/cmake/ament_cmake_export_dependencies-extras.cmake
[10.338s] -- Installing: /home/wyatt/humble_AV_ws/install/my_best3_interfaces/share/my_best3_interfaces/cmake/ament_cmake_export_include_directories-extras.cmake
[10.338s] -- Installing: /home/wyatt/humble_AV_ws/install/my_best3_interfaces/share/my_best3_interfaces/cmake/ament_cmake_export_libraries-extras.cmake
[10.338s] -- Installing: /home/wyatt/humble_AV_ws/install/my_best3_interfaces/share/my_best3_interfaces/cmake/ament_cmake_export_targets-extras.cmake
[10.338s] -- Installing: /home/wyatt/humble_AV_ws/install/my_best3_interfaces/share/my_best3_interfaces/cmake/rosidl_cmake_export_typesupport_targets-extras.cmake
[10.339s] -- Installing: /home/wyatt/humble_AV_ws/install/my_best3_interfaces/share/my_best3_interfaces/cmake/rosidl_cmake_export_typesupport_libraries-extras.cmake
[10.339s] -- Installing: /home/wyatt/humble_AV_ws/install/my_best3_interfaces/share/my_best3_interfaces/cmake/my_best3_interfacesConfig.cmake
[10.339s] -- Installing: /home/wyatt/humble_AV_ws/install/my_best3_interfaces/share/my_best3_interfaces/cmake/my_best3_interfacesConfig-version.cmake
[10.339s] -- Installing: /home/wyatt/humble_AV_ws/install/my_best3_interfaces/share/my_best3_interfaces/package.xml
[10.343s] Invoked command in '/home/wyatt/humble_AV_ws/build/my_best3_interfaces' returned '0': CMAKE_PREFIX_PATH=/opt/ros/humble /usr/bin/cmake --install /home/wyatt/humble_AV_ws/build/my_best3_interfaces
