[1.707s] DEBUG:colcon:Command line arguments: ['/usr/bin/colcon', 'build']
[1.707s] DEBUG:colcon:Parsed command line arguments: Namespace(log_base=None, log_level=None, verb_name='build', build_base='build', install_base='install', merge_install=False, symlink_install=False, test_result_base=None, continue_on_error=False, executor='parallel', parallel_workers=4, event_handlers=None, ignore_user_meta=False, metas=['./colcon.meta'], base_paths=['.'], packages_ignore=None, packages_ignore_regex=None, paths=None, packages_up_to=None, packages_up_to_regex=None, packages_above=None, packages_above_and_dependencies=None, packages_above_depth=None, packages_select_by_dep=None, packages_skip_by_dep=None, packages_skip_up_to=None, packages_select_build_failed=False, packages_skip_build_finished=False, packages_select_test_failures=False, packages_skip_test_passed=False, packages_select=None, packages_skip=None, packages_select_regex=None, packages_skip_regex=None, packages_start=None, packages_end=None, allow_overriding=[], cmake_args=None, cmake_target=None, cmake_target_skip_unavailable=False, cmake_clean_cache=False, cmake_clean_first=False, cmake_force_configure=False, ament_cmake_args=None, catkin_cmake_args=None, catkin_skip_building_tests=False, verb_parser=<colcon_defaults.argument_parser.defaults.DefaultArgumentsDecorator object at 0x7f57998c7b80>, verb_extension=<colcon_core.verb.build.BuildVerb object at 0x7f5799874c40>, main=<bound method BuildVerb.main of <colcon_core.verb.build.BuildVerb object at 0x7f5799874c40>>)
[1.783s] Level 1:colcon.colcon_core.package_discovery:discover_packages(colcon_meta) check parameters
[1.783s] Level 1:colcon.colcon_core.package_discovery:discover_packages(recursive) check parameters
[1.783s] Level 1:colcon.colcon_core.package_discovery:discover_packages(ignore) check parameters
[1.783s] Level 1:colcon.colcon_core.package_discovery:discover_packages(path) check parameters
[1.783s] Level 1:colcon.colcon_core.package_discovery:discover_packages(colcon_meta) discover
[1.783s] Level 1:colcon.colcon_core.package_discovery:discover_packages(recursive) discover
[1.783s] INFO:colcon.colcon_core.package_discovery:Crawling recursively for packages in '/home/wyatt/avHW9'
[1.783s] Level 1:colcon.colcon_core.package_identification:_identify(.) by extensions ['ignore', 'ignore_ament_install']
[1.783s] Level 1:colcon.colcon_core.package_identification:_identify(.) by extension 'ignore'
[1.784s] Level 1:colcon.colcon_core.package_identification:_identify(.) by extension 'ignore_ament_install'
[1.784s] Level 1:colcon.colcon_core.package_identification:_identify(.) by extensions ['colcon_pkg']
[1.784s] Level 1:colcon.colcon_core.package_identification:_identify(.) by extension 'colcon_pkg'
[1.784s] Level 1:colcon.colcon_core.package_identification:_identify(.) by extensions ['colcon_meta']
[1.784s] Level 1:colcon.colcon_core.package_identification:_identify(.) by extension 'colcon_meta'
[1.784s] Level 1:colcon.colcon_core.package_identification:_identify(.) by extensions ['ros']
[1.784s] Level 1:colcon.colcon_core.package_identification:_identify(.) by extension 'ros'
[1.802s] Level 1:colcon.colcon_core.package_identification:_identify(.) by extensions ['cmake', 'python']
[1.802s] Level 1:colcon.colcon_core.package_identification:_identify(.) by extension 'cmake'
[1.802s] Level 1:colcon.colcon_core.package_identification:_identify(.) by extension 'python'
[1.802s] Level 1:colcon.colcon_core.package_identification:_identify(.) by extensions ['python_setup_py']
[1.802s] Level 1:colcon.colcon_core.package_identification:_identify(.) by extension 'python_setup_py'
[1.802s] Level 1:colcon.colcon_core.package_identification:_identify(build) by extensions ['ignore', 'ignore_ament_install']
[1.802s] Level 1:colcon.colcon_core.package_identification:_identify(build) by extension 'ignore'
[1.803s] Level 1:colcon.colcon_core.package_identification:_identify(build) ignored
[1.803s] Level 1:colcon.colcon_core.package_identification:_identify(install) by extensions ['ignore', 'ignore_ament_install']
[1.803s] Level 1:colcon.colcon_core.package_identification:_identify(install) by extension 'ignore'
[1.803s] Level 1:colcon.colcon_core.package_identification:_identify(install) ignored
[1.803s] Level 1:colcon.colcon_core.package_identification:_identify(log) by extensions ['ignore', 'ignore_ament_install']
[1.803s] Level 1:colcon.colcon_core.package_identification:_identify(log) by extension 'ignore'
[1.803s] Level 1:colcon.colcon_core.package_identification:_identify(log) ignored
[1.803s] Level 1:colcon.colcon_core.package_identification:_identify(src) by extensions ['ignore', 'ignore_ament_install']
[1.804s] Level 1:colcon.colcon_core.package_identification:_identify(src) by extension 'ignore'
[1.804s] Level 1:colcon.colcon_core.package_identification:_identify(src) by extension 'ignore_ament_install'
[1.804s] Level 1:colcon.colcon_core.package_identification:_identify(src) by extensions ['colcon_pkg']
[1.804s] Level 1:colcon.colcon_core.package_identification:_identify(src) by extension 'colcon_pkg'
[1.804s] Level 1:colcon.colcon_core.package_identification:_identify(src) by extensions ['colcon_meta']
[1.804s] Level 1:colcon.colcon_core.package_identification:_identify(src) by extension 'colcon_meta'
[1.804s] Level 1:colcon.colcon_core.package_identification:_identify(src) by extensions ['ros']
[1.804s] Level 1:colcon.colcon_core.package_identification:_identify(src) by extension 'ros'
[1.804s] Level 1:colcon.colcon_core.package_identification:_identify(src) by extensions ['cmake', 'python']
[1.804s] Level 1:colcon.colcon_core.package_identification:_identify(src) by extension 'cmake'
[1.804s] Level 1:colcon.colcon_core.package_identification:_identify(src) by extension 'python'
[1.804s] Level 1:colcon.colcon_core.package_identification:_identify(src) by extensions ['python_setup_py']
[1.805s] Level 1:colcon.colcon_core.package_identification:_identify(src) by extension 'python_setup_py'
[1.805s] Level 1:colcon.colcon_core.package_identification:_identify(src/eml4842_gps_nav) by extensions ['ignore', 'ignore_ament_install']
[1.805s] Level 1:colcon.colcon_core.package_identification:_identify(src/eml4842_gps_nav) by extension 'ignore'
[1.805s] Level 1:colcon.colcon_core.package_identification:_identify(src/eml4842_gps_nav) by extension 'ignore_ament_install'
[1.805s] Level 1:colcon.colcon_core.package_identification:_identify(src/eml4842_gps_nav) by extensions ['colcon_pkg']
[1.805s] Level 1:colcon.colcon_core.package_identification:_identify(src/eml4842_gps_nav) by extension 'colcon_pkg'
[1.805s] Level 1:colcon.colcon_core.package_identification:_identify(src/eml4842_gps_nav) by extensions ['colcon_meta']
[1.805s] Level 1:colcon.colcon_core.package_identification:_identify(src/eml4842_gps_nav) by extension 'colcon_meta'
[1.805s] Level 1:colcon.colcon_core.package_identification:_identify(src/eml4842_gps_nav) by extensions ['ros']
[1.805s] Level 1:colcon.colcon_core.package_identification:_identify(src/eml4842_gps_nav) by extension 'ros'
[1.805s] Level 1:colcon.colcon_core.package_identification:_identify(src/eml4842_gps_nav) by extensions ['cmake', 'python']
[1.806s] Level 1:colcon.colcon_core.package_identification:_identify(src/eml4842_gps_nav) by extension 'cmake'
[1.806s] Level 1:colcon.colcon_core.package_identification:_identify(src/eml4842_gps_nav) by extension 'python'
[1.806s] Level 1:colcon.colcon_core.package_identification:_identify(src/eml4842_gps_nav) by extensions ['python_setup_py']
[1.806s] Level 1:colcon.colcon_core.package_identification:_identify(src/eml4842_gps_nav) by extension 'python_setup_py'
[1.806s] Level 1:colcon.colcon_core.package_identification:_identify(src/eml4842_gps_nav/gps_nav) by extensions ['ignore', 'ignore_ament_install']
[1.806s] Level 1:colcon.colcon_core.package_identification:_identify(src/eml4842_gps_nav/gps_nav) by extension 'ignore'
[1.806s] Level 1:colcon.colcon_core.package_identification:_identify(src/eml4842_gps_nav/gps_nav) by extension 'ignore_ament_install'
[1.806s] Level 1:colcon.colcon_core.package_identification:_identify(src/eml4842_gps_nav/gps_nav) by extensions ['colcon_pkg']
[1.806s] Level 1:colcon.colcon_core.package_identification:_identify(src/eml4842_gps_nav/gps_nav) by extension 'colcon_pkg'
[1.806s] Level 1:colcon.colcon_core.package_identification:_identify(src/eml4842_gps_nav/gps_nav) by extensions ['colcon_meta']
[1.806s] Level 1:colcon.colcon_core.package_identification:_identify(src/eml4842_gps_nav/gps_nav) by extension 'colcon_meta'
[1.806s] Level 1:colcon.colcon_core.package_identification:_identify(src/eml4842_gps_nav/gps_nav) by extensions ['ros']
[1.806s] Level 1:colcon.colcon_core.package_identification:_identify(src/eml4842_gps_nav/gps_nav) by extension 'ros'
[1.810s] DEBUG:colcon.colcon_core.package_identification:Package 'src/eml4842_gps_nav/gps_nav' with type 'ros.ament_python' and name 'gps_nav'
[1.811s] Level 1:colcon.colcon_core.package_identification:_identify(src/eml4842_gps_nav/gps_nav_interfaces) by extensions ['ignore', 'ignore_ament_install']
[1.811s] Level 1:colcon.colcon_core.package_identification:_identify(src/eml4842_gps_nav/gps_nav_interfaces) by extension 'ignore'
[1.811s] Level 1:colcon.colcon_core.package_identification:_identify(src/eml4842_gps_nav/gps_nav_interfaces) by extension 'ignore_ament_install'
[1.811s] Level 1:colcon.colcon_core.package_identification:_identify(src/eml4842_gps_nav/gps_nav_interfaces) by extensions ['colcon_pkg']
[1.811s] Level 1:colcon.colcon_core.package_identification:_identify(src/eml4842_gps_nav/gps_nav_interfaces) by extension 'colcon_pkg'
[1.811s] Level 1:colcon.colcon_core.package_identification:_identify(src/eml4842_gps_nav/gps_nav_interfaces) by extensions ['colcon_meta']
[1.811s] Level 1:colcon.colcon_core.package_identification:_identify(src/eml4842_gps_nav/gps_nav_interfaces) by extension 'colcon_meta'
[1.812s] Level 1:colcon.colcon_core.package_identification:_identify(src/eml4842_gps_nav/gps_nav_interfaces) by extensions ['ros']
[1.812s] Level 1:colcon.colcon_core.package_identification:_identify(src/eml4842_gps_nav/gps_nav_interfaces) by extension 'ros'
[1.813s] DEBUG:colcon.colcon_core.package_identification:Package 'src/eml4842_gps_nav/gps_nav_interfaces' with type 'ros.ament_cmake' and name 'gps_nav_interfaces'
[1.813s] Level 1:colcon.colcon_core.package_discovery:discover_packages(recursive) using defaults
[1.813s] Level 1:colcon.colcon_core.package_discovery:discover_packages(ignore) discover
[1.813s] Level 1:colcon.colcon_core.package_discovery:discover_packages(ignore) using defaults
[1.813s] Level 1:colcon.colcon_core.package_discovery:discover_packages(path) discover
[1.813s] Level 1:colcon.colcon_core.package_discovery:discover_packages(path) using defaults
[1.964s] Level 1:colcon.colcon_core.package_discovery:discover_packages(prefix_path) check parameters
[1.964s] Level 1:colcon.colcon_core.package_discovery:discover_packages(prefix_path) discover
[2.014s] DEBUG:colcon.colcon_installed_package_information.package_discovery:Found 2 installed packages in /home/wyatt/avHW9/install
[2.040s] DEBUG:colcon.colcon_installed_package_information.package_discovery:Found 286 installed packages in /opt/ros/humble
[2.043s] Level 1:colcon.colcon_core.package_discovery:discover_packages(prefix_path) using defaults
[2.201s] Level 5:colcon.colcon_core.verb:set package 'gps_nav_interfaces' build argument 'cmake_args' from command line to 'None'
[2.201s] Level 5:colcon.colcon_core.verb:set package 'gps_nav_interfaces' build argument 'cmake_target' from command line to 'None'
[2.201s] Level 5:colcon.colcon_core.verb:set package 'gps_nav_interfaces' build argument 'cmake_target_skip_unavailable' from command line to 'False'
[2.201s] Level 5:colcon.colcon_core.verb:set package 'gps_nav_interfaces' build argument 'cmake_clean_cache' from command line to 'False'
[2.201s] Level 5:colcon.colcon_core.verb:set package 'gps_nav_interfaces' build argument 'cmake_clean_first' from command line to 'False'
[2.201s] Level 5:colcon.colcon_core.verb:set package 'gps_nav_interfaces' build argument 'cmake_force_configure' from command line to 'False'
[2.201s] Level 5:colcon.colcon_core.verb:set package 'gps_nav_interfaces' build argument 'ament_cmake_args' from command line to 'None'
[2.201s] Level 5:colcon.colcon_core.verb:set package 'gps_nav_interfaces' build argument 'catkin_cmake_args' from command line to 'None'
[2.201s] Level 5:colcon.colcon_core.verb:set package 'gps_nav_interfaces' build argument 'catkin_skip_building_tests' from command line to 'False'
[2.201s] DEBUG:colcon.colcon_core.verb:Building package 'gps_nav_interfaces' with the following arguments: {'ament_cmake_args': None, 'build_base': '/home/wyatt/avHW9/build/gps_nav_interfaces', 'catkin_cmake_args': None, 'catkin_skip_building_tests': False, 'cmake_args': None, 'cmake_clean_cache': False, 'cmake_clean_first': False, 'cmake_force_configure': False, 'cmake_target': None, 'cmake_target_skip_unavailable': False, 'install_base': '/home/wyatt/avHW9/install/gps_nav_interfaces', 'merge_install': False, 'path': '/home/wyatt/avHW9/src/eml4842_gps_nav/gps_nav_interfaces', 'symlink_install': False, 'test_result_base': None}
[2.226s] Level 5:colcon.colcon_core.verb:set package 'gps_nav' build argument 'cmake_args' from command line to 'None'
[2.226s] Level 5:colcon.colcon_core.verb:set package 'gps_nav' build argument 'cmake_target' from command line to 'None'
[2.226s] Level 5:colcon.colcon_core.verb:set package 'gps_nav' build argument 'cmake_target_skip_unavailable' from command line to 'False'
[2.226s] Level 5:colcon.colcon_core.verb:set package 'gps_nav' build argument 'cmake_clean_cache' from command line to 'False'
[2.226s] Level 5:colcon.colcon_core.verb:set package 'gps_nav' build argument 'cmake_clean_first' from command line to 'False'
[2.226s] Level 5:colcon.colcon_core.verb:set package 'gps_nav' build argument 'cmake_force_configure' from command line to 'False'
[2.226s] Level 5:colcon.colcon_core.verb:set package 'gps_nav' build argument 'ament_cmake_args' from command line to 'None'
[2.226s] Level 5:colcon.colcon_core.verb:set package 'gps_nav' build argument 'catkin_cmake_args' from command line to 'None'
[2.226s] Level 5:colcon.colcon_core.verb:set package 'gps_nav' build argument 'catkin_skip_building_tests' from command line to 'False'
[2.226s] DEBUG:colcon.colcon_core.verb:Building package 'gps_nav' with the following arguments: {'ament_cmake_args': None, 'build_base': '/home/wyatt/avHW9/build/gps_nav', 'catkin_cmake_args': None, 'catkin_skip_building_tests': False, 'cmake_args': None, 'cmake_clean_cache': False, 'cmake_clean_first': False, 'cmake_force_configure': False, 'cmake_target': None, 'cmake_target_skip_unavailable': False, 'install_base': '/home/wyatt/avHW9/install/gps_nav', 'merge_install': False, 'path': '/home/wyatt/avHW9/src/eml4842_gps_nav/gps_nav', 'symlink_install': False, 'test_result_base': None}
[2.251s] INFO:colcon.colcon_core.executor:Executing jobs using 'parallel' executor
[2.277s] DEBUG:colcon.colcon_parallel_executor.executor.parallel:run_until_complete
[2.278s] INFO:colcon.colcon_ros.task.ament_cmake.build:Building ROS package in '/home/wyatt/avHW9/src/eml4842_gps_nav/gps_nav_interfaces' with build type 'ament_cmake'
[2.278s] INFO:colcon.colcon_cmake.task.cmake.build:Building CMake package in '/home/wyatt/avHW9/src/eml4842_gps_nav/gps_nav_interfaces'
[2.306s] INFO:colcon.colcon_core.plugin_system:Skipping extension 'colcon_core.shell.bat': Not used on non-Windows systems
[2.306s] INFO:colcon.colcon_core.shell:Skip shell extension 'powershell' for command environment: Not usable outside of PowerShell
[2.306s] DEBUG:colcon.colcon_core.shell:Skip shell extension 'dsv' for command environment
[2.397s] DEBUG:colcon.colcon_core.event_handler.log_command:Invoking command in '/home/wyatt/avHW9/build/gps_nav_interfaces': CMAKE_PREFIX_PATH=${CMAKE_PREFIX_PATH}:/home/wyatt/avHW9/install/gps_nav:/opt/ros/humble /usr/bin/cmake --build /home/wyatt/avHW9/build/gps_nav_interfaces -- -j4 -l4
[3.139s] DEBUG:colcon.colcon_core.event_handler.log_command:Invoked command in '/home/wyatt/avHW9/build/gps_nav_interfaces' returned '0': CMAKE_PREFIX_PATH=${CMAKE_PREFIX_PATH}:/home/wyatt/avHW9/install/gps_nav:/opt/ros/humble /usr/bin/cmake --build /home/wyatt/avHW9/build/gps_nav_interfaces -- -j4 -l4
[3.288s] DEBUG:colcon.colcon_core.event_handler.log_command:Invoking command in '/home/wyatt/avHW9/build/gps_nav_interfaces': CMAKE_PREFIX_PATH=${CMAKE_PREFIX_PATH}:/home/wyatt/avHW9/install/gps_nav:/opt/ros/humble /usr/bin/cmake --install /home/wyatt/avHW9/build/gps_nav_interfaces
[3.419s] Level 1:colcon.colcon_core.environment:create_environment_scripts_only(gps_nav_interfaces)
[3.423s] DEBUG:colcon.colcon_core.event_handler.log_command:Invoked command in '/home/wyatt/avHW9/build/gps_nav_interfaces' returned '0': CMAKE_PREFIX_PATH=${CMAKE_PREFIX_PATH}:/home/wyatt/avHW9/install/gps_nav:/opt/ros/humble /usr/bin/cmake --install /home/wyatt/avHW9/build/gps_nav_interfaces
[3.450s] Level 1:colcon.colcon_core.environment:checking '/home/wyatt/avHW9/install/gps_nav_interfaces' for CMake module files
[3.451s] Level 1:colcon.colcon_core.environment:checking '/home/wyatt/avHW9/install/gps_nav_interfaces' for CMake config files
[3.452s] Level 1:colcon.colcon_core.shell:create_environment_hook('gps_nav_interfaces', 'cmake_prefix_path')
[3.481s] INFO:colcon.colcon_core.shell:Creating environment hook '/home/wyatt/avHW9/install/gps_nav_interfaces/share/gps_nav_interfaces/hook/cmake_prefix_path.ps1'
[3.482s] INFO:colcon.colcon_core.shell:Creating environment descriptor '/home/wyatt/avHW9/install/gps_nav_interfaces/share/gps_nav_interfaces/hook/cmake_prefix_path.dsv'
[3.482s] INFO:colcon.colcon_core.shell:Creating environment hook '/home/wyatt/avHW9/install/gps_nav_interfaces/share/gps_nav_interfaces/hook/cmake_prefix_path.sh'
[3.484s] Level 1:colcon.colcon_core.environment:checking '/home/wyatt/avHW9/install/gps_nav_interfaces/lib'
[3.484s] Level 1:colcon.colcon_core.shell:create_environment_hook('gps_nav_interfaces', 'ld_library_path_lib')
[3.511s] INFO:colcon.colcon_core.shell:Creating environment hook '/home/wyatt/avHW9/install/gps_nav_interfaces/share/gps_nav_interfaces/hook/ld_library_path_lib.ps1'
[3.512s] INFO:colcon.colcon_core.shell:Creating environment descriptor '/home/wyatt/avHW9/install/gps_nav_interfaces/share/gps_nav_interfaces/hook/ld_library_path_lib.dsv'
[3.513s] INFO:colcon.colcon_core.shell:Creating environment hook '/home/wyatt/avHW9/install/gps_nav_interfaces/share/gps_nav_interfaces/hook/ld_library_path_lib.sh'
[3.513s] Level 1:colcon.colcon_core.environment:checking '/home/wyatt/avHW9/install/gps_nav_interfaces/bin'
[3.513s] Level 1:colcon.colcon_core.environment:checking '/home/wyatt/avHW9/install/gps_nav_interfaces/lib/pkgconfig/gps_nav_interfaces.pc'
[3.514s] Level 1:colcon.colcon_core.environment:checking '/home/wyatt/avHW9/install/gps_nav_interfaces/lib/python3.10/site-packages'
[3.514s] Level 1:colcon.colcon_core.environment:checking '/home/wyatt/avHW9/install/gps_nav_interfaces/bin'
[3.555s] INFO:colcon.colcon_core.shell:Creating package script '/home/wyatt/avHW9/install/gps_nav_interfaces/share/gps_nav_interfaces/package.ps1'
[3.557s] INFO:colcon.colcon_core.shell:Creating package descriptor '/home/wyatt/avHW9/install/gps_nav_interfaces/share/gps_nav_interfaces/package.dsv'
[3.559s] INFO:colcon.colcon_core.shell:Creating package script '/home/wyatt/avHW9/install/gps_nav_interfaces/share/gps_nav_interfaces/package.sh'
[3.561s] INFO:colcon.colcon_core.shell:Creating package script '/home/wyatt/avHW9/install/gps_nav_interfaces/share/gps_nav_interfaces/package.bash'
[3.562s] INFO:colcon.colcon_core.shell:Creating package script '/home/wyatt/avHW9/install/gps_nav_interfaces/share/gps_nav_interfaces/package.zsh'
[3.564s] Level 1:colcon.colcon_core.environment:create_file_with_runtime_dependencies(/home/wyatt/avHW9/install/gps_nav_interfaces/share/colcon-core/packages/gps_nav_interfaces)
[3.753s] Level 1:colcon.colcon_core.environment:create_environment_scripts_only(gps_nav_interfaces)
[3.794s] Level 1:colcon.colcon_core.environment:checking '/home/wyatt/avHW9/install/gps_nav_interfaces' for CMake module files
[3.795s] Level 1:colcon.colcon_core.environment:checking '/home/wyatt/avHW9/install/gps_nav_interfaces' for CMake config files
[3.796s] Level 1:colcon.colcon_core.shell:create_environment_hook('gps_nav_interfaces', 'cmake_prefix_path')
[3.825s] INFO:colcon.colcon_core.shell:Creating environment hook '/home/wyatt/avHW9/install/gps_nav_interfaces/share/gps_nav_interfaces/hook/cmake_prefix_path.ps1'
[3.826s] INFO:colcon.colcon_core.shell:Creating environment descriptor '/home/wyatt/avHW9/install/gps_nav_interfaces/share/gps_nav_interfaces/hook/cmake_prefix_path.dsv'
[3.827s] INFO:colcon.colcon_core.shell:Creating environment hook '/home/wyatt/avHW9/install/gps_nav_interfaces/share/gps_nav_interfaces/hook/cmake_prefix_path.sh'
[3.828s] Level 1:colcon.colcon_core.environment:checking '/home/wyatt/avHW9/install/gps_nav_interfaces/lib'
[3.828s] Level 1:colcon.colcon_core.shell:create_environment_hook('gps_nav_interfaces', 'ld_library_path_lib')
[3.856s] INFO:colcon.colcon_core.shell:Creating environment hook '/home/wyatt/avHW9/install/gps_nav_interfaces/share/gps_nav_interfaces/hook/ld_library_path_lib.ps1'
[3.857s] INFO:colcon.colcon_core.shell:Creating environment descriptor '/home/wyatt/avHW9/install/gps_nav_interfaces/share/gps_nav_interfaces/hook/ld_library_path_lib.dsv'
[3.857s] INFO:colcon.colcon_core.shell:Creating environment hook '/home/wyatt/avHW9/install/gps_nav_interfaces/share/gps_nav_interfaces/hook/ld_library_path_lib.sh'
[3.858s] Level 1:colcon.colcon_core.environment:checking '/home/wyatt/avHW9/install/gps_nav_interfaces/bin'
[3.858s] Level 1:colcon.colcon_core.environment:checking '/home/wyatt/avHW9/install/gps_nav_interfaces/lib/pkgconfig/gps_nav_interfaces.pc'
[3.859s] Level 1:colcon.colcon_core.environment:checking '/home/wyatt/avHW9/install/gps_nav_interfaces/lib/python3.10/site-packages'
[3.859s] Level 1:colcon.colcon_core.environment:checking '/home/wyatt/avHW9/install/gps_nav_interfaces/bin'
[3.888s] INFO:colcon.colcon_core.shell:Creating package script '/home/wyatt/avHW9/install/gps_nav_interfaces/share/gps_nav_interfaces/package.ps1'
[3.889s] INFO:colcon.colcon_core.shell:Creating package descriptor '/home/wyatt/avHW9/install/gps_nav_interfaces/share/gps_nav_interfaces/package.dsv'
[3.890s] INFO:colcon.colcon_core.shell:Creating package script '/home/wyatt/avHW9/install/gps_nav_interfaces/share/gps_nav_interfaces/package.sh'
[3.890s] INFO:colcon.colcon_core.shell:Creating package script '/home/wyatt/avHW9/install/gps_nav_interfaces/share/gps_nav_interfaces/package.bash'
[3.891s] INFO:colcon.colcon_core.shell:Creating package script '/home/wyatt/avHW9/install/gps_nav_interfaces/share/gps_nav_interfaces/package.zsh'
[3.892s] Level 1:colcon.colcon_core.environment:create_file_with_runtime_dependencies(/home/wyatt/avHW9/install/gps_nav_interfaces/share/colcon-core/packages/gps_nav_interfaces)
[3.893s] INFO:colcon.colcon_ros.task.ament_python.build:Building ROS package in '/home/wyatt/avHW9/src/eml4842_gps_nav/gps_nav' with build type 'ament_python'
[3.893s] Level 1:colcon.colcon_core.shell:create_environment_hook('gps_nav', 'ament_prefix_path')
[3.924s] INFO:colcon.colcon_core.shell:Creating environment hook '/home/wyatt/avHW9/install/gps_nav/share/gps_nav/hook/ament_prefix_path.ps1'
[3.925s] INFO:colcon.colcon_core.shell:Creating environment descriptor '/home/wyatt/avHW9/install/gps_nav/share/gps_nav/hook/ament_prefix_path.dsv'
[3.925s] INFO:colcon.colcon_core.shell:Creating environment hook '/home/wyatt/avHW9/install/gps_nav/share/gps_nav/hook/ament_prefix_path.sh'
[3.954s] INFO:colcon.colcon_core.shell:Skip shell extension 'powershell' for command environment: Not usable outside of PowerShell
[3.954s] DEBUG:colcon.colcon_core.shell:Skip shell extension 'dsv' for command environment
[4.766s] INFO:colcon.colcon_core.task.python.build:Building Python package in '/home/wyatt/avHW9/src/eml4842_gps_nav/gps_nav'
[4.831s] INFO:colcon.colcon_core.shell:Skip shell extension 'powershell' for command environment: Not usable outside of PowerShell
[4.831s] DEBUG:colcon.colcon_core.shell:Skip shell extension 'dsv' for command environment
[5.967s] DEBUG:colcon.colcon_core.event_handler.log_command:Invoking command in '/home/wyatt/avHW9/src/eml4842_gps_nav/gps_nav': PYTHONPATH=/home/wyatt/avHW9/build/gps_nav/prefix_override:/home/wyatt/avHW9/install/gps_nav/lib/python3.10/site-packages:${PYTHONPATH} /usr/bin/python3 setup.py egg_info --egg-base ../../../build/gps_nav build --build-base /home/wyatt/avHW9/build/gps_nav/build install --record /home/wyatt/avHW9/build/gps_nav/install.log --install-scripts $base/lib/gps_nav --single-version-externally-managed
[6.896s] DEBUG:colcon.colcon_core.event_handler.log_command:Invoked command in '/home/wyatt/avHW9/src/eml4842_gps_nav/gps_nav' returned '0': PYTHONPATH=/home/wyatt/avHW9/build/gps_nav/prefix_override:/home/wyatt/avHW9/install/gps_nav/lib/python3.10/site-packages:${PYTHONPATH} /usr/bin/python3 setup.py egg_info --egg-base ../../../build/gps_nav build --build-base /home/wyatt/avHW9/build/gps_nav/build install --record /home/wyatt/avHW9/build/gps_nav/install.log --install-scripts $base/lib/gps_nav --single-version-externally-managed
[6.939s] Level 1:colcon.colcon_core.environment:checking '/home/wyatt/avHW9/install/gps_nav' for CMake module files
[6.940s] Level 1:colcon.colcon_core.environment:checking '/home/wyatt/avHW9/install/gps_nav' for CMake config files
[6.942s] Level 1:colcon.colcon_core.environment:checking '/home/wyatt/avHW9/install/gps_nav/lib'
[6.942s] Level 1:colcon.colcon_core.environment:checking '/home/wyatt/avHW9/install/gps_nav/bin'
[6.942s] Level 1:colcon.colcon_core.environment:checking '/home/wyatt/avHW9/install/gps_nav/lib/pkgconfig/gps_nav.pc'
[6.943s] Level 1:colcon.colcon_core.environment:checking '/home/wyatt/avHW9/install/gps_nav/lib/python3.10/site-packages'
[6.943s] Level 1:colcon.colcon_core.shell:create_environment_hook('gps_nav', 'pythonpath')
[6.989s] INFO:colcon.colcon_core.shell:Creating environment hook '/home/wyatt/avHW9/install/gps_nav/share/gps_nav/hook/pythonpath.ps1'
[6.990s] INFO:colcon.colcon_core.shell:Creating environment descriptor '/home/wyatt/avHW9/install/gps_nav/share/gps_nav/hook/pythonpath.dsv'
[6.991s] INFO:colcon.colcon_core.shell:Creating environment hook '/home/wyatt/avHW9/install/gps_nav/share/gps_nav/hook/pythonpath.sh'
[6.993s] Level 1:colcon.colcon_core.environment:checking '/home/wyatt/avHW9/install/gps_nav/bin'
[6.993s] Level 1:colcon.colcon_core.environment:create_environment_scripts_only(gps_nav)
[7.040s] INFO:colcon.colcon_core.shell:Creating package script '/home/wyatt/avHW9/install/gps_nav/share/gps_nav/package.ps1'
[7.041s] INFO:colcon.colcon_core.shell:Creating package descriptor '/home/wyatt/avHW9/install/gps_nav/share/gps_nav/package.dsv'
[7.042s] INFO:colcon.colcon_core.shell:Creating package script '/home/wyatt/avHW9/install/gps_nav/share/gps_nav/package.sh'
[7.043s] INFO:colcon.colcon_core.shell:Creating package script '/home/wyatt/avHW9/install/gps_nav/share/gps_nav/package.bash'
[7.045s] INFO:colcon.colcon_core.shell:Creating package script '/home/wyatt/avHW9/install/gps_nav/share/gps_nav/package.zsh'
[7.046s] Level 1:colcon.colcon_core.environment:create_file_with_runtime_dependencies(/home/wyatt/avHW9/install/gps_nav/share/colcon-core/packages/gps_nav)
[7.047s] DEBUG:colcon.colcon_parallel_executor.executor.parallel:closing loop
[7.048s] DEBUG:colcon.colcon_parallel_executor.executor.parallel:loop closed
[7.048s] DEBUG:colcon.colcon_parallel_executor.executor.parallel:run_until_complete finished with '0'
[7.048s] DEBUG:colcon.colcon_core.event_reactor:joining thread
[7.101s] INFO:colcon.colcon_core.plugin_system:Skipping extension 'colcon_notification.desktop_notification.terminal_notifier': Not used on non-Darwin systems
[7.101s] INFO:colcon.colcon_core.plugin_system:Skipping extension 'colcon_notification.desktop_notification.win32': Not used on non-Windows systems
[7.101s] INFO:colcon.colcon_notification.desktop_notification:Sending desktop notification using 'notify2'
[7.133s] DEBUG:colcon.colcon_core.event_reactor:joined thread
[7.182s] INFO:colcon.colcon_core.shell:Creating prefix script '/home/wyatt/avHW9/install/local_setup.ps1'
[7.184s] INFO:colcon.colcon_core.shell:Creating prefix util module '/home/wyatt/avHW9/install/_local_setup_util_ps1.py'
[7.188s] INFO:colcon.colcon_core.shell:Creating prefix chain script '/home/wyatt/avHW9/install/setup.ps1'
[7.239s] INFO:colcon.colcon_core.shell:Creating prefix script '/home/wyatt/avHW9/install/local_setup.sh'
[7.241s] INFO:colcon.colcon_core.shell:Creating prefix util module '/home/wyatt/avHW9/install/_local_setup_util_sh.py'
[7.243s] INFO:colcon.colcon_core.shell:Creating prefix chain script '/home/wyatt/avHW9/install/setup.sh'
[7.289s] INFO:colcon.colcon_core.shell:Creating prefix script '/home/wyatt/avHW9/install/local_setup.bash'
[7.290s] INFO:colcon.colcon_core.shell:Creating prefix chain script '/home/wyatt/avHW9/install/setup.bash'
[7.334s] INFO:colcon.colcon_core.shell:Creating prefix script '/home/wyatt/avHW9/install/local_setup.zsh'
[7.336s] INFO:colcon.colcon_core.shell:Creating prefix chain script '/home/wyatt/avHW9/install/setup.zsh'
