running egg_info
creating ../../build/intro_package/intro_package.egg-info
writing ../../build/intro_package/intro_package.egg-info/PKG-INFO
writing dependency_links to ../../build/intro_package/intro_package.egg-info/dependency_links.txt
writing entry points to ../../build/intro_package/intro_package.egg-info/entry_points.txt
writing requirements to ../../build/intro_package/intro_package.egg-info/requires.txt
writing top-level names to ../../build/intro_package/intro_package.egg-info/top_level.txt
writing manifest file '../../build/intro_package/intro_package.egg-info/SOURCES.txt'
reading manifest file '../../build/intro_package/intro_package.egg-info/SOURCES.txt'
writing manifest file '../../build/intro_package/intro_package.egg-info/SOURCES.txt'
running build
running build_py
creating /home/wyatt/humble_AV_ws/build/intro_package/build
creating /home/wyatt/humble_AV_ws/build/intro_package/build/lib
creating /home/wyatt/humble_AV_ws/build/intro_package/build/lib/intro_package
copying intro_package/my_pub.py -> /home/wyatt/humble_AV_ws/build/intro_package/build/lib/intro_package
copying intro_package/__init__.py -> /home/wyatt/humble_AV_ws/build/intro_package/build/lib/intro_package
copying intro_package/pub_pt.py -> /home/wyatt/humble_AV_ws/build/intro_package/build/lib/intro_package
copying intro_package/my_sub.py -> /home/wyatt/humble_AV_ws/build/intro_package/build/lib/intro_package
copying intro_package/sub_pt_pub_polar.py -> /home/wyatt/humble_AV_ws/build/intro_package/build/lib/intro_package
running install
running install_lib
creating /home/wyatt/humble_AV_ws/install/intro_package/lib/python3.10/site-packages/intro_package
copying /home/wyatt/humble_AV_ws/build/intro_package/build/lib/intro_package/my_pub.py -> /home/wyatt/humble_AV_ws/install/intro_package/lib/python3.10/site-packages/intro_package
copying /home/wyatt/humble_AV_ws/build/intro_package/build/lib/intro_package/__init__.py -> /home/wyatt/humble_AV_ws/install/intro_package/lib/python3.10/site-packages/intro_package
copying /home/wyatt/humble_AV_ws/build/intro_package/build/lib/intro_package/pub_pt.py -> /home/wyatt/humble_AV_ws/install/intro_package/lib/python3.10/site-packages/intro_package
copying /home/wyatt/humble_AV_ws/build/intro_package/build/lib/intro_package/my_sub.py -> /home/wyatt/humble_AV_ws/install/intro_package/lib/python3.10/site-packages/intro_package
copying /home/wyatt/humble_AV_ws/build/intro_package/build/lib/intro_package/sub_pt_pub_polar.py -> /home/wyatt/humble_AV_ws/install/intro_package/lib/python3.10/site-packages/intro_package
byte-compiling /home/wyatt/humble_AV_ws/install/intro_package/lib/python3.10/site-packages/intro_package/my_pub.py to my_pub.cpython-310.pyc
byte-compiling /home/wyatt/humble_AV_ws/install/intro_package/lib/python3.10/site-packages/intro_package/__init__.py to __init__.cpython-310.pyc
byte-compiling /home/wyatt/humble_AV_ws/install/intro_package/lib/python3.10/site-packages/intro_package/pub_pt.py to pub_pt.cpython-310.pyc
byte-compiling /home/wyatt/humble_AV_ws/install/intro_package/lib/python3.10/site-packages/intro_package/my_sub.py to my_sub.cpython-310.pyc
byte-compiling /home/wyatt/humble_AV_ws/install/intro_package/lib/python3.10/site-packages/intro_package/sub_pt_pub_polar.py to sub_pt_pub_polar.cpython-310.pyc
running install_data
creating /home/wyatt/humble_AV_ws/install/intro_package/share/ament_index
creating /home/wyatt/humble_AV_ws/install/intro_package/share/ament_index/resource_index
creating /home/wyatt/humble_AV_ws/install/intro_package/share/ament_index/resource_index/packages
copying resource/intro_package -> /home/wyatt/humble_AV_ws/install/intro_package/share/ament_index/resource_index/packages
copying package.xml -> /home/wyatt/humble_AV_ws/install/intro_package/share/intro_package
running install_egg_info
Copying ../../build/intro_package/intro_package.egg-info to /home/wyatt/humble_AV_ws/install/intro_package/lib/python3.10/site-packages/intro_package-23.0.0-py3.10.egg-info
running install_scripts
Installing listener script to /home/wyatt/humble_AV_ws/install/intro_package/lib/intro_package
Installing pub_me script to /home/wyatt/humble_AV_ws/install/intro_package/lib/intro_package
Installing sub_me script to /home/wyatt/humble_AV_ws/install/intro_package/lib/intro_package
Installing talker script to /home/wyatt/humble_AV_ws/install/intro_package/lib/intro_package
writing list of installed files to '/home/wyatt/humble_AV_ws/build/intro_package/install.log'
