[3.288s] Invoking command in '/home/wyatt/humble_AV_ws/src/intro_package': PYTHONPATH=/home/wyatt/humble_AV_ws/build/intro_package/prefix_override:/home/wyatt/humble_AV_ws/install/intro_package/lib/python3.10/site-packages:${PYTHONPATH} /usr/bin/python3 setup.py egg_info --egg-base ../../build/intro_package build --build-base /home/wyatt/humble_AV_ws/build/intro_package/build install --record /home/wyatt/humble_AV_ws/build/intro_package/install.log --single-version-externally-managed
[4.011s] running egg_info
[4.011s] creating ../../build/intro_package/intro_package.egg-info
[4.011s] writing ../../build/intro_package/intro_package.egg-info/PKG-INFO
[4.011s] writing dependency_links to ../../build/intro_package/intro_package.egg-info/dependency_links.txt
[4.011s] writing entry points to ../../build/intro_package/intro_package.egg-info/entry_points.txt
[4.012s] writing requirements to ../../build/intro_package/intro_package.egg-info/requires.txt
[4.012s] writing top-level names to ../../build/intro_package/intro_package.egg-info/top_level.txt
[4.012s] writing manifest file '../../build/intro_package/intro_package.egg-info/SOURCES.txt'
[4.012s] reading manifest file '../../build/intro_package/intro_package.egg-info/SOURCES.txt'
[4.015s] writing manifest file '../../build/intro_package/intro_package.egg-info/SOURCES.txt'
[4.016s] running build
[4.016s] running build_py
[4.016s] creating /home/wyatt/humble_AV_ws/build/intro_package/build
[4.016s] creating /home/wyatt/humble_AV_ws/build/intro_package/build/lib
[4.017s] creating /home/wyatt/humble_AV_ws/build/intro_package/build/lib/intro_package
[4.017s] copying intro_package/my_pub.py -> /home/wyatt/humble_AV_ws/build/intro_package/build/lib/intro_package
[4.017s] copying intro_package/__init__.py -> /home/wyatt/humble_AV_ws/build/intro_package/build/lib/intro_package
[4.018s] copying intro_package/pub_pt.py -> /home/wyatt/humble_AV_ws/build/intro_package/build/lib/intro_package
[4.018s] copying intro_package/my_sub.py -> /home/wyatt/humble_AV_ws/build/intro_package/build/lib/intro_package
[4.018s] copying intro_package/sub_pt_pub_polar.py -> /home/wyatt/humble_AV_ws/build/intro_package/build/lib/intro_package
[4.019s] running install
[4.020s] running install_lib
[4.022s] creating /home/wyatt/humble_AV_ws/install/intro_package/lib/python3.10/site-packages/intro_package
[4.022s] copying /home/wyatt/humble_AV_ws/build/intro_package/build/lib/intro_package/my_pub.py -> /home/wyatt/humble_AV_ws/install/intro_package/lib/python3.10/site-packages/intro_package
[4.022s] copying /home/wyatt/humble_AV_ws/build/intro_package/build/lib/intro_package/__init__.py -> /home/wyatt/humble_AV_ws/install/intro_package/lib/python3.10/site-packages/intro_package
[4.022s] copying /home/wyatt/humble_AV_ws/build/intro_package/build/lib/intro_package/pub_pt.py -> /home/wyatt/humble_AV_ws/install/intro_package/lib/python3.10/site-packages/intro_package
[4.023s] copying /home/wyatt/humble_AV_ws/build/intro_package/build/lib/intro_package/my_sub.py -> /home/wyatt/humble_AV_ws/install/intro_package/lib/python3.10/site-packages/intro_package
[4.023s] copying /home/wyatt/humble_AV_ws/build/intro_package/build/lib/intro_package/sub_pt_pub_polar.py -> /home/wyatt/humble_AV_ws/install/intro_package/lib/python3.10/site-packages/intro_package
[4.025s] byte-compiling /home/wyatt/humble_AV_ws/install/intro_package/lib/python3.10/site-packages/intro_package/my_pub.py to my_pub.cpython-310.pyc
[4.026s] byte-compiling /home/wyatt/humble_AV_ws/install/intro_package/lib/python3.10/site-packages/intro_package/__init__.py to __init__.cpython-310.pyc
[4.026s] byte-compiling /home/wyatt/humble_AV_ws/install/intro_package/lib/python3.10/site-packages/intro_package/pub_pt.py to pub_pt.cpython-310.pyc
[4.027s] byte-compiling /home/wyatt/humble_AV_ws/install/intro_package/lib/python3.10/site-packages/intro_package/my_sub.py to my_sub.cpython-310.pyc
[4.028s] byte-compiling /home/wyatt/humble_AV_ws/install/intro_package/lib/python3.10/site-packages/intro_package/sub_pt_pub_polar.py to sub_pt_pub_polar.cpython-310.pyc
[4.029s] running install_data
[4.031s] creating /home/wyatt/humble_AV_ws/install/intro_package/share/ament_index
[4.031s] creating /home/wyatt/humble_AV_ws/install/intro_package/share/ament_index/resource_index
[4.031s] creating /home/wyatt/humble_AV_ws/install/intro_package/share/ament_index/resource_index/packages
[4.031s] copying resource/intro_package -> /home/wyatt/humble_AV_ws/install/intro_package/share/ament_index/resource_index/packages
[4.031s] copying package.xml -> /home/wyatt/humble_AV_ws/install/intro_package/share/intro_package
[4.032s] running install_egg_info
[4.035s] Copying ../../build/intro_package/intro_package.egg-info to /home/wyatt/humble_AV_ws/install/intro_package/lib/python3.10/site-packages/intro_package-23.0.0-py3.10.egg-info
[4.038s] running install_scripts
[4.096s] Installing listener script to /home/wyatt/humble_AV_ws/install/intro_package/lib/intro_package
[4.096s] Installing pub_me script to /home/wyatt/humble_AV_ws/install/intro_package/lib/intro_package
[4.097s] Installing sub_me script to /home/wyatt/humble_AV_ws/install/intro_package/lib/intro_package
[4.097s] Installing talker script to /home/wyatt/humble_AV_ws/install/intro_package/lib/intro_package
[4.098s] writing list of installed files to '/home/wyatt/humble_AV_ws/build/intro_package/install.log'
[4.595s] Invoked command in '/home/wyatt/humble_AV_ws/src/intro_package' returned '0': PYTHONPATH=/home/wyatt/humble_AV_ws/build/intro_package/prefix_override:/home/wyatt/humble_AV_ws/install/intro_package/lib/python3.10/site-packages:${PYTHONPATH} /usr/bin/python3 setup.py egg_info --egg-base ../../build/intro_package build --build-base /home/wyatt/humble_AV_ws/build/intro_package/build install --record /home/wyatt/humble_AV_ws/build/intro_package/install.log --single-version-externally-managed
