[1.209s] Invoking command in '/home/wyatt/avHW9/src/eml4842_gps_nav/gps_nav': PYTHONPATH=/home/wyatt/avHW9/build/gps_nav/prefix_override:/home/wyatt/avHW9/install/gps_nav/lib/python3.10/site-packages:${PYTHONPATH} /usr/bin/python3 setup.py egg_info --egg-base ../../../build/gps_nav build --build-base /home/wyatt/avHW9/build/gps_nav/build install --record /home/wyatt/avHW9/build/gps_nav/install.log --install-scripts $base/lib/gps_nav --single-version-externally-managed
[1.554s] /home/wyatt/.local/lib/python3.10/site-packages/setuptools/dist.py:717: UserWarning: Usage of dash-separated 'script-dir' will not be supported in future versions. Please use the underscore name 'script_dir' instead
[1.554s]   warnings.warn(
[1.595s] running egg_info
[1.596s] writing ../../../build/gps_nav/gps_nav.egg-info/PKG-INFO
[1.596s] writing dependency_links to ../../../build/gps_nav/gps_nav.egg-info/dependency_links.txt
[1.597s] writing entry points to ../../../build/gps_nav/gps_nav.egg-info/entry_points.txt
[1.597s] writing requirements to ../../../build/gps_nav/gps_nav.egg-info/requires.txt
[1.597s] writing top-level names to ../../../build/gps_nav/gps_nav.egg-info/top_level.txt
[1.600s] reading manifest file '../../../build/gps_nav/gps_nav.egg-info/SOURCES.txt'
[1.603s] writing manifest file '../../../build/gps_nav/gps_nav.egg-info/SOURCES.txt'
[1.603s] running build
[1.603s] running build_py
[1.604s] copying gps_nav/vehicle_controller.py -> /home/wyatt/avHW9/build/gps_nav/build/lib/gps_nav
[1.605s] running install
[1.605s] running install_lib
[1.607s] copying /home/wyatt/avHW9/build/gps_nav/build/lib/gps_nav/vehicle_controller.py -> /home/wyatt/avHW9/install/gps_nav/lib/python3.10/site-packages/gps_nav
[1.608s] byte-compiling /home/wyatt/avHW9/install/gps_nav/lib/python3.10/site-packages/gps_nav/vehicle_controller.py to vehicle_controller.cpython-310.pyc
[1.610s] running install_data
[1.611s] running install_egg_info
[1.614s] removing '/home/wyatt/avHW9/install/gps_nav/lib/python3.10/site-packages/gps_nav-0.0.1-py3.10.egg-info' (and everything under it)
[1.614s] Copying ../../../build/gps_nav/gps_nav.egg-info to /home/wyatt/avHW9/install/gps_nav/lib/python3.10/site-packages/gps_nav-0.0.1-py3.10.egg-info
[1.615s] running install_scripts
[1.644s] Installing goal_pose_creator script to /home/wyatt/avHW9/install/gps_nav/lib/gps_nav
[1.644s] Installing goal_pose_visualizer script to /home/wyatt/avHW9/install/gps_nav/lib/gps_nav
[1.644s] Installing motion_spec_provider script to /home/wyatt/avHW9/install/gps_nav/lib/gps_nav
[1.645s] Installing route_pose_provider script to /home/wyatt/avHW9/install/gps_nav/lib/gps_nav
[1.645s] Installing route_pose_visualizer script to /home/wyatt/avHW9/install/gps_nav/lib/gps_nav
[1.645s] Installing vehicle_controller script to /home/wyatt/avHW9/install/gps_nav/lib/gps_nav
[1.645s] Installing vehicle_simulator script to /home/wyatt/avHW9/install/gps_nav/lib/gps_nav
[1.646s] writing list of installed files to '/home/wyatt/avHW9/build/gps_nav/install.log'
[1.690s] Invoked command in '/home/wyatt/avHW9/src/eml4842_gps_nav/gps_nav' returned '0': PYTHONPATH=/home/wyatt/avHW9/build/gps_nav/prefix_override:/home/wyatt/avHW9/install/gps_nav/lib/python3.10/site-packages:${PYTHONPATH} /usr/bin/python3 setup.py egg_info --egg-base ../../../build/gps_nav build --build-base /home/wyatt/avHW9/build/gps_nav/build install --record /home/wyatt/avHW9/build/gps_nav/install.log --install-scripts $base/lib/gps_nav --single-version-externally-managed
