[0.119s] Invoking command in '/home/wyatt/avHW9/build/gps_nav_interfaces': CMAKE_PREFIX_PATH=${CMAKE_PREFIX_PATH}:/home/wyatt/avHW9/install/gps_nav:/opt/ros/humble /usr/bin/cmake --build /home/wyatt/avHW9/build/gps_nav_interfaces -- -j4 -l4
[0.201s] [  2%] Built target gps_nav_interfaces__cpp
[0.202s] [ 12%] Built target gps_nav_interfaces__rosidl_generator_c
[0.242s] [ 12%] Built target ament_cmake_python_copy_gps_nav_interfaces
[0.263s] [ 29%] Built target gps_nav_interfaces__rosidl_typesupport_cpp
[0.265s] [ 44%] Built target gps_nav_interfaces__rosidl_typesupport_fastrtps_cpp
[0.266s] [ 34%] Built target gps_nav_interfaces__rosidl_typesupport_introspection_cpp
[0.295s] [ 55%] Built target gps_nav_interfaces__rosidl_typesupport_fastrtps_c
[0.310s] [ 65%] Built target gps_nav_interfaces__rosidl_typesupport_introspection_c
[0.310s] [ 76%] Built target gps_nav_interfaces__rosidl_typesupport_c
[0.342s] [ 76%] Built target gps_nav_interfaces
[0.372s] [ 78%] Built target gps_nav_interfaces__py
[0.406s] [ 87%] Built target gps_nav_interfaces__rosidl_generator_py
[0.455s] [ 93%] Built target gps_nav_interfaces__rosidl_typesupport_introspection_c__pyext
[0.457s] [ 95%] Built target gps_nav_interfaces__rosidl_typesupport_fastrtps_c__pyext
[0.459s] [100%] Built target gps_nav_interfaces__rosidl_typesupport_c__pyext
[0.787s] running egg_info
[0.788s] writing gps_nav_interfaces.egg-info/PKG-INFO
[0.789s] writing dependency_links to gps_nav_interfaces.egg-info/dependency_links.txt
[0.789s] writing top-level names to gps_nav_interfaces.egg-info/top_level.txt
[0.795s] reading manifest file 'gps_nav_interfaces.egg-info/SOURCES.txt'
[0.796s] writing manifest file 'gps_nav_interfaces.egg-info/SOURCES.txt'
[0.852s] [100%] Built target ament_cmake_python_build_gps_nav_interfaces_egg
[0.871s] Invoked command in '/home/wyatt/avHW9/build/gps_nav_interfaces' returned '0': CMAKE_PREFIX_PATH=${CMAKE_PREFIX_PATH}:/home/wyatt/avHW9/install/gps_nav:/opt/ros/humble /usr/bin/cmake --build /home/wyatt/avHW9/build/gps_nav_interfaces -- -j4 -l4
[1.022s] Invoking command in '/home/wyatt/avHW9/build/gps_nav_interfaces': CMAKE_PREFIX_PATH=${CMAKE_PREFIX_PATH}:/home/wyatt/avHW9/install/gps_nav:/opt/ros/humble /usr/bin/cmake --install /home/wyatt/avHW9/build/gps_nav_interfaces
[1.036s] -- Install configuration: ""
[1.036s] -- Up-to-date: /home/wyatt/avHW9/install/gps_nav_interfaces/share/ament_index/resource_index/rosidl_interfaces/gps_nav_interfaces
[1.036s] -- Up-to-date: /home/wyatt/avHW9/install/gps_nav_interfaces/include/gps_nav_interfaces/gps_nav_interfaces
[1.036s] -- Up-to-date: /home/wyatt/avHW9/install/gps_nav_interfaces/include/gps_nav_interfaces/gps_nav_interfaces/srv
[1.037s] -- Up-to-date: /home/wyatt/avHW9/install/gps_nav_interfaces/include/gps_nav_interfaces/gps_nav_interfaces/srv/get_route_poses.h
[1.037s] -- Up-to-date: /home/wyatt/avHW9/install/gps_nav_interfaces/include/gps_nav_interfaces/gps_nav_interfaces/srv/detail
[1.037s] -- Up-to-date: /home/wyatt/avHW9/install/gps_nav_interfaces/include/gps_nav_interfaces/gps_nav_interfaces/srv/detail/get_route_poses__type_support.h
[1.038s] -- Up-to-date: /home/wyatt/avHW9/install/gps_nav_interfaces/include/gps_nav_interfaces/gps_nav_interfaces/srv/detail/get_route_poses__functions.c
[1.038s] -- Up-to-date: /home/wyatt/avHW9/install/gps_nav_interfaces/include/gps_nav_interfaces/gps_nav_interfaces/srv/detail/get_route_poses__struct.h
[1.038s] -- Up-to-date: /home/wyatt/avHW9/install/gps_nav_interfaces/include/gps_nav_interfaces/gps_nav_interfaces/srv/detail/get_route_poses__functions.h
[1.038s] -- Up-to-date: /home/wyatt/avHW9/install/gps_nav_interfaces/include/gps_nav_interfaces/gps_nav_interfaces/msg
[1.038s] -- Up-to-date: /home/wyatt/avHW9/install/gps_nav_interfaces/include/gps_nav_interfaces/gps_nav_interfaces/msg/look_ahead_specs.h
[1.039s] -- Up-to-date: /home/wyatt/avHW9/install/gps_nav_interfaces/include/gps_nav_interfaces/gps_nav_interfaces/msg/current_goal_pose.h
[1.039s] -- Up-to-date: /home/wyatt/avHW9/install/gps_nav_interfaces/include/gps_nav_interfaces/gps_nav_interfaces/msg/detail
[1.039s] -- Up-to-date: /home/wyatt/avHW9/install/gps_nav_interfaces/include/gps_nav_interfaces/gps_nav_interfaces/msg/detail/current_goal_pose__functions.c
[1.039s] -- Up-to-date: /home/wyatt/avHW9/install/gps_nav_interfaces/include/gps_nav_interfaces/gps_nav_interfaces/msg/detail/current_goal_pose__functions.h
[1.039s] -- Up-to-date: /home/wyatt/avHW9/install/gps_nav_interfaces/include/gps_nav_interfaces/gps_nav_interfaces/msg/detail/look_ahead_specs__functions.h
[1.040s] -- Up-to-date: /home/wyatt/avHW9/install/gps_nav_interfaces/include/gps_nav_interfaces/gps_nav_interfaces/msg/detail/look_ahead_specs__type_support.h
[1.040s] -- Up-to-date: /home/wyatt/avHW9/install/gps_nav_interfaces/include/gps_nav_interfaces/gps_nav_interfaces/msg/detail/look_ahead_specs__struct.h
[1.040s] -- Up-to-date: /home/wyatt/avHW9/install/gps_nav_interfaces/include/gps_nav_interfaces/gps_nav_interfaces/msg/detail/look_ahead_specs__functions.c
[1.040s] -- Up-to-date: /home/wyatt/avHW9/install/gps_nav_interfaces/include/gps_nav_interfaces/gps_nav_interfaces/msg/detail/current_goal_pose__type_support.h
[1.040s] -- Up-to-date: /home/wyatt/avHW9/install/gps_nav_interfaces/include/gps_nav_interfaces/gps_nav_interfaces/msg/detail/current_goal_pose__struct.h
[1.041s] -- Up-to-date: /home/wyatt/avHW9/install/gps_nav_interfaces/include/gps_nav_interfaces/gps_nav_interfaces/msg/rosidl_generator_c__visibility_control.h
[1.041s] -- Up-to-date: /home/wyatt/avHW9/install/gps_nav_interfaces/share/gps_nav_interfaces/environment/library_path.sh
[1.041s] -- Up-to-date: /home/wyatt/avHW9/install/gps_nav_interfaces/share/gps_nav_interfaces/environment/library_path.dsv
[1.042s] -- Up-to-date: /home/wyatt/avHW9/install/gps_nav_interfaces/lib/libgps_nav_interfaces__rosidl_generator_c.so
[1.042s] -- Up-to-date: /home/wyatt/avHW9/install/gps_nav_interfaces/include/gps_nav_interfaces/gps_nav_interfaces
[1.042s] -- Up-to-date: /home/wyatt/avHW9/install/gps_nav_interfaces/include/gps_nav_interfaces/gps_nav_interfaces/srv
[1.043s] -- Up-to-date: /home/wyatt/avHW9/install/gps_nav_interfaces/include/gps_nav_interfaces/gps_nav_interfaces/srv/detail
[1.044s] -- Up-to-date: /home/wyatt/avHW9/install/gps_nav_interfaces/include/gps_nav_interfaces/gps_nav_interfaces/srv/detail/get_route_poses__rosidl_typesupport_fastrtps_c.h
[1.044s] -- Up-to-date: /home/wyatt/avHW9/install/gps_nav_interfaces/include/gps_nav_interfaces/gps_nav_interfaces/msg
[1.044s] -- Up-to-date: /home/wyatt/avHW9/install/gps_nav_interfaces/include/gps_nav_interfaces/gps_nav_interfaces/msg/rosidl_typesupport_fastrtps_c__visibility_control.h
[1.047s] -- Up-to-date: /home/wyatt/avHW9/install/gps_nav_interfaces/include/gps_nav_interfaces/gps_nav_interfaces/msg/detail
[1.047s] -- Up-to-date: /home/wyatt/avHW9/install/gps_nav_interfaces/include/gps_nav_interfaces/gps_nav_interfaces/msg/detail/look_ahead_specs__rosidl_typesupport_fastrtps_c.h
[1.047s] -- Up-to-date: /home/wyatt/avHW9/install/gps_nav_interfaces/include/gps_nav_interfaces/gps_nav_interfaces/msg/detail/current_goal_pose__rosidl_typesupport_fastrtps_c.h
[1.054s] -- Up-to-date: /home/wyatt/avHW9/install/gps_nav_interfaces/lib/libgps_nav_interfaces__rosidl_typesupport_fastrtps_c.so
[1.055s] -- Up-to-date: /home/wyatt/avHW9/install/gps_nav_interfaces/include/gps_nav_interfaces/gps_nav_interfaces
[1.055s] -- Up-to-date: /home/wyatt/avHW9/install/gps_nav_interfaces/include/gps_nav_interfaces/gps_nav_interfaces/srv
[1.055s] -- Up-to-date: /home/wyatt/avHW9/install/gps_nav_interfaces/include/gps_nav_interfaces/gps_nav_interfaces/srv/detail
[1.055s] -- Up-to-date: /home/wyatt/avHW9/install/gps_nav_interfaces/include/gps_nav_interfaces/gps_nav_interfaces/srv/detail/get_route_poses__type_support.c
[1.055s] -- Up-to-date: /home/wyatt/avHW9/install/gps_nav_interfaces/include/gps_nav_interfaces/gps_nav_interfaces/srv/detail/get_route_poses__rosidl_typesupport_introspection_c.h
[1.056s] -- Up-to-date: /home/wyatt/avHW9/install/gps_nav_interfaces/include/gps_nav_interfaces/gps_nav_interfaces/msg
[1.056s] -- Up-to-date: /home/wyatt/avHW9/install/gps_nav_interfaces/include/gps_nav_interfaces/gps_nav_interfaces/msg/rosidl_typesupport_introspection_c__visibility_control.h
[1.056s] -- Up-to-date: /home/wyatt/avHW9/install/gps_nav_interfaces/include/gps_nav_interfaces/gps_nav_interfaces/msg/detail
[1.056s] -- Up-to-date: /home/wyatt/avHW9/install/gps_nav_interfaces/include/gps_nav_interfaces/gps_nav_interfaces/msg/detail/look_ahead_specs__rosidl_typesupport_introspection_c.h
[1.057s] -- Up-to-date: /home/wyatt/avHW9/install/gps_nav_interfaces/include/gps_nav_interfaces/gps_nav_interfaces/msg/detail/current_goal_pose__rosidl_typesupport_introspection_c.h
[1.057s] -- Up-to-date: /home/wyatt/avHW9/install/gps_nav_interfaces/include/gps_nav_interfaces/gps_nav_interfaces/msg/detail/look_ahead_specs__type_support.c
[1.057s] -- Up-to-date: /home/wyatt/avHW9/install/gps_nav_interfaces/include/gps_nav_interfaces/gps_nav_interfaces/msg/detail/current_goal_pose__type_support.c
[1.057s] -- Up-to-date: /home/wyatt/avHW9/install/gps_nav_interfaces/lib/libgps_nav_interfaces__rosidl_typesupport_introspection_c.so
[1.057s] -- Up-to-date: /home/wyatt/avHW9/install/gps_nav_interfaces/lib/libgps_nav_interfaces__rosidl_typesupport_c.so
[1.058s] -- Up-to-date: /home/wyatt/avHW9/install/gps_nav_interfaces/include/gps_nav_interfaces/gps_nav_interfaces
[1.058s] -- Up-to-date: /home/wyatt/avHW9/install/gps_nav_interfaces/include/gps_nav_interfaces/gps_nav_interfaces/srv
[1.063s] -- Up-to-date: /home/wyatt/avHW9/install/gps_nav_interfaces/include/gps_nav_interfaces/gps_nav_interfaces/srv/get_route_poses.hpp
[1.063s] -- Up-to-date: /home/wyatt/avHW9/install/gps_nav_interfaces/include/gps_nav_interfaces/gps_nav_interfaces/srv/detail
[1.063s] -- Up-to-date: /home/wyatt/avHW9/install/gps_nav_interfaces/include/gps_nav_interfaces/gps_nav_interfaces/srv/detail/get_route_poses__traits.hpp
[1.063s] -- Up-to-date: /home/wyatt/avHW9/install/gps_nav_interfaces/include/gps_nav_interfaces/gps_nav_interfaces/srv/detail/get_route_poses__struct.hpp
[1.064s] -- Up-to-date: /home/wyatt/avHW9/install/gps_nav_interfaces/include/gps_nav_interfaces/gps_nav_interfaces/srv/detail/get_route_poses__builder.hpp
[1.064s] -- Up-to-date: /home/wyatt/avHW9/install/gps_nav_interfaces/include/gps_nav_interfaces/gps_nav_interfaces/msg
[1.064s] -- Up-to-date: /home/wyatt/avHW9/install/gps_nav_interfaces/include/gps_nav_interfaces/gps_nav_interfaces/msg/current_goal_pose.hpp
[1.064s] -- Up-to-date: /home/wyatt/avHW9/install/gps_nav_interfaces/include/gps_nav_interfaces/gps_nav_interfaces/msg/look_ahead_specs.hpp
[1.065s] -- Up-to-date: /home/wyatt/avHW9/install/gps_nav_interfaces/include/gps_nav_interfaces/gps_nav_interfaces/msg/detail
[1.065s] -- Up-to-date: /home/wyatt/avHW9/install/gps_nav_interfaces/include/gps_nav_interfaces/gps_nav_interfaces/msg/detail/current_goal_pose__struct.hpp
[1.065s] -- Up-to-date: /home/wyatt/avHW9/install/gps_nav_interfaces/include/gps_nav_interfaces/gps_nav_interfaces/msg/detail/look_ahead_specs__builder.hpp
[1.065s] -- Up-to-date: /home/wyatt/avHW9/install/gps_nav_interfaces/include/gps_nav_interfaces/gps_nav_interfaces/msg/detail/look_ahead_specs__traits.hpp
[1.065s] -- Up-to-date: /home/wyatt/avHW9/install/gps_nav_interfaces/include/gps_nav_interfaces/gps_nav_interfaces/msg/detail/look_ahead_specs__struct.hpp
[1.066s] -- Up-to-date: /home/wyatt/avHW9/install/gps_nav_interfaces/include/gps_nav_interfaces/gps_nav_interfaces/msg/detail/current_goal_pose__traits.hpp
[1.066s] -- Up-to-date: /home/wyatt/avHW9/install/gps_nav_interfaces/include/gps_nav_interfaces/gps_nav_interfaces/msg/detail/current_goal_pose__builder.hpp
[1.068s] -- Up-to-date: /home/wyatt/avHW9/install/gps_nav_interfaces/include/gps_nav_interfaces/gps_nav_interfaces
[1.068s] -- Up-to-date: /home/wyatt/avHW9/install/gps_nav_interfaces/include/gps_nav_interfaces/gps_nav_interfaces/srv
[1.068s] -- Up-to-date: /home/wyatt/avHW9/install/gps_nav_interfaces/include/gps_nav_interfaces/gps_nav_interfaces/srv/detail
[1.068s] -- Up-to-date: /home/wyatt/avHW9/install/gps_nav_interfaces/include/gps_nav_interfaces/gps_nav_interfaces/srv/detail/get_route_poses__rosidl_typesupport_fastrtps_cpp.hpp
[1.068s] -- Up-to-date: /home/wyatt/avHW9/install/gps_nav_interfaces/include/gps_nav_interfaces/gps_nav_interfaces/srv/detail/dds_fastrtps
[1.068s] -- Up-to-date: /home/wyatt/avHW9/install/gps_nav_interfaces/include/gps_nav_interfaces/gps_nav_interfaces/msg
[1.069s] -- Up-to-date: /home/wyatt/avHW9/install/gps_nav_interfaces/include/gps_nav_interfaces/gps_nav_interfaces/msg/rosidl_typesupport_fastrtps_cpp__visibility_control.h
[1.069s] -- Up-to-date: /home/wyatt/avHW9/install/gps_nav_interfaces/include/gps_nav_interfaces/gps_nav_interfaces/msg/detail
[1.069s] -- Up-to-date: /home/wyatt/avHW9/install/gps_nav_interfaces/include/gps_nav_interfaces/gps_nav_interfaces/msg/detail/current_goal_pose__rosidl_typesupport_fastrtps_cpp.hpp
[1.069s] -- Up-to-date: /home/wyatt/avHW9/install/gps_nav_interfaces/include/gps_nav_interfaces/gps_nav_interfaces/msg/detail/look_ahead_specs__rosidl_typesupport_fastrtps_cpp.hpp
[1.069s] -- Up-to-date: /home/wyatt/avHW9/install/gps_nav_interfaces/include/gps_nav_interfaces/gps_nav_interfaces/msg/detail/dds_fastrtps
[1.070s] -- Up-to-date: /home/wyatt/avHW9/install/gps_nav_interfaces/lib/libgps_nav_interfaces__rosidl_typesupport_fastrtps_cpp.so
[1.070s] -- Up-to-date: /home/wyatt/avHW9/install/gps_nav_interfaces/include/gps_nav_interfaces/gps_nav_interfaces
[1.071s] -- Up-to-date: /home/wyatt/avHW9/install/gps_nav_interfaces/include/gps_nav_interfaces/gps_nav_interfaces/srv
[1.071s] -- Up-to-date: /home/wyatt/avHW9/install/gps_nav_interfaces/include/gps_nav_interfaces/gps_nav_interfaces/srv/detail
[1.071s] -- Up-to-date: /home/wyatt/avHW9/install/gps_nav_interfaces/include/gps_nav_interfaces/gps_nav_interfaces/srv/detail/get_route_poses__type_support.cpp
[1.072s] -- Up-to-date: /home/wyatt/avHW9/install/gps_nav_interfaces/include/gps_nav_interfaces/gps_nav_interfaces/srv/detail/get_route_poses__rosidl_typesupport_introspection_cpp.hpp
[1.072s] -- Up-to-date: /home/wyatt/avHW9/install/gps_nav_interfaces/include/gps_nav_interfaces/gps_nav_interfaces/msg
[1.072s] -- Up-to-date: /home/wyatt/avHW9/install/gps_nav_interfaces/include/gps_nav_interfaces/gps_nav_interfaces/msg/detail
[1.072s] -- Up-to-date: /home/wyatt/avHW9/install/gps_nav_interfaces/include/gps_nav_interfaces/gps_nav_interfaces/msg/detail/look_ahead_specs__type_support.cpp
[1.072s] -- Up-to-date: /home/wyatt/avHW9/install/gps_nav_interfaces/include/gps_nav_interfaces/gps_nav_interfaces/msg/detail/current_goal_pose__type_support.cpp
[1.072s] -- Up-to-date: /home/wyatt/avHW9/install/gps_nav_interfaces/include/gps_nav_interfaces/gps_nav_interfaces/msg/detail/look_ahead_specs__rosidl_typesupport_introspection_cpp.hpp
[1.073s] -- Up-to-date: /home/wyatt/avHW9/install/gps_nav_interfaces/include/gps_nav_interfaces/gps_nav_interfaces/msg/detail/current_goal_pose__rosidl_typesupport_introspection_cpp.hpp
[1.073s] -- Up-to-date: /home/wyatt/avHW9/install/gps_nav_interfaces/lib/libgps_nav_interfaces__rosidl_typesupport_introspection_cpp.so
[1.073s] -- Up-to-date: /home/wyatt/avHW9/install/gps_nav_interfaces/lib/libgps_nav_interfaces__rosidl_typesupport_cpp.so
[1.073s] -- Up-to-date: /home/wyatt/avHW9/install/gps_nav_interfaces/share/gps_nav_interfaces/environment/pythonpath.sh
[1.073s] -- Up-to-date: /home/wyatt/avHW9/install/gps_nav_interfaces/share/gps_nav_interfaces/environment/pythonpath.dsv
[1.074s] -- Up-to-date: /home/wyatt/avHW9/install/gps_nav_interfaces/local/lib/python3.10/dist-packages/gps_nav_interfaces-0.0.0-py3.10.egg-info
[1.074s] -- Installing: /home/wyatt/avHW9/install/gps_nav_interfaces/local/lib/python3.10/dist-packages/gps_nav_interfaces-0.0.0-py3.10.egg-info/SOURCES.txt
[1.082s] -- Installing: /home/wyatt/avHW9/install/gps_nav_interfaces/local/lib/python3.10/dist-packages/gps_nav_interfaces-0.0.0-py3.10.egg-info/PKG-INFO
[1.082s] -- Installing: /home/wyatt/avHW9/install/gps_nav_interfaces/local/lib/python3.10/dist-packages/gps_nav_interfaces-0.0.0-py3.10.egg-info/top_level.txt
[1.083s] -- Installing: /home/wyatt/avHW9/install/gps_nav_interfaces/local/lib/python3.10/dist-packages/gps_nav_interfaces-0.0.0-py3.10.egg-info/dependency_links.txt
[1.083s] -- Up-to-date: /home/wyatt/avHW9/install/gps_nav_interfaces/local/lib/python3.10/dist-packages/gps_nav_interfaces
[1.083s] -- Up-to-date: /home/wyatt/avHW9/install/gps_nav_interfaces/local/lib/python3.10/dist-packages/gps_nav_interfaces/gps_nav_interfaces_s__rosidl_typesupport_introspection_c.cpython-310-x86_64-linux-gnu.so
[1.083s] -- Up-to-date: /home/wyatt/avHW9/install/gps_nav_interfaces/local/lib/python3.10/dist-packages/gps_nav_interfaces/_gps_nav_interfaces_s.ep.rosidl_typesupport_c.c
[1.084s] -- Up-to-date: /home/wyatt/avHW9/install/gps_nav_interfaces/local/lib/python3.10/dist-packages/gps_nav_interfaces/_gps_nav_interfaces_s.ep.rosidl_typesupport_fastrtps_c.c
[1.084s] -- Up-to-date: /home/wyatt/avHW9/install/gps_nav_interfaces/local/lib/python3.10/dist-packages/gps_nav_interfaces/__init__.py
[1.084s] -- Up-to-date: /home/wyatt/avHW9/install/gps_nav_interfaces/local/lib/python3.10/dist-packages/gps_nav_interfaces/_gps_nav_interfaces_s.ep.rosidl_typesupport_introspection_c.c
[1.084s] -- Up-to-date: /home/wyatt/avHW9/install/gps_nav_interfaces/local/lib/python3.10/dist-packages/gps_nav_interfaces/gps_nav_interfaces_s__rosidl_typesupport_c.cpython-310-x86_64-linux-gnu.so
[1.084s] -- Up-to-date: /home/wyatt/avHW9/install/gps_nav_interfaces/local/lib/python3.10/dist-packages/gps_nav_interfaces/srv
[1.085s] -- Up-to-date: /home/wyatt/avHW9/install/gps_nav_interfaces/local/lib/python3.10/dist-packages/gps_nav_interfaces/srv/__init__.py
[1.085s] -- Up-to-date: /home/wyatt/avHW9/install/gps_nav_interfaces/local/lib/python3.10/dist-packages/gps_nav_interfaces/srv/_get_route_poses.py
[1.085s] -- Up-to-date: /home/wyatt/avHW9/install/gps_nav_interfaces/local/lib/python3.10/dist-packages/gps_nav_interfaces/srv/_get_route_poses_s.c
[1.085s] -- Up-to-date: /home/wyatt/avHW9/install/gps_nav_interfaces/local/lib/python3.10/dist-packages/gps_nav_interfaces/msg
[1.085s] -- Up-to-date: /home/wyatt/avHW9/install/gps_nav_interfaces/local/lib/python3.10/dist-packages/gps_nav_interfaces/msg/_look_ahead_specs.py
[1.086s] -- Up-to-date: /home/wyatt/avHW9/install/gps_nav_interfaces/local/lib/python3.10/dist-packages/gps_nav_interfaces/msg/_current_goal_pose.py
[1.086s] -- Up-to-date: /home/wyatt/avHW9/install/gps_nav_interfaces/local/lib/python3.10/dist-packages/gps_nav_interfaces/msg/__init__.py
[1.086s] -- Up-to-date: /home/wyatt/avHW9/install/gps_nav_interfaces/local/lib/python3.10/dist-packages/gps_nav_interfaces/msg/_look_ahead_specs_s.c
[1.086s] -- Up-to-date: /home/wyatt/avHW9/install/gps_nav_interfaces/local/lib/python3.10/dist-packages/gps_nav_interfaces/msg/_current_goal_pose_s.c
[1.086s] -- Up-to-date: /home/wyatt/avHW9/install/gps_nav_interfaces/local/lib/python3.10/dist-packages/gps_nav_interfaces/libgps_nav_interfaces__rosidl_generator_py.so
[1.086s] -- Up-to-date: /home/wyatt/avHW9/install/gps_nav_interfaces/local/lib/python3.10/dist-packages/gps_nav_interfaces/gps_nav_interfaces_s__rosidl_typesupport_fastrtps_c.cpython-310-x86_64-linux-gnu.so
[1.124s] Listing '/home/wyatt/avHW9/install/gps_nav_interfaces/local/lib/python3.10/dist-packages/gps_nav_interfaces'...
[1.125s] Listing '/home/wyatt/avHW9/install/gps_nav_interfaces/local/lib/python3.10/dist-packages/gps_nav_interfaces/msg'...
[1.125s] Listing '/home/wyatt/avHW9/install/gps_nav_interfaces/local/lib/python3.10/dist-packages/gps_nav_interfaces/srv'...
[1.136s] -- Up-to-date: /home/wyatt/avHW9/install/gps_nav_interfaces/local/lib/python3.10/dist-packages/gps_nav_interfaces/gps_nav_interfaces_s__rosidl_typesupport_fastrtps_c.cpython-310-x86_64-linux-gnu.so
[1.137s] -- Up-to-date: /home/wyatt/avHW9/install/gps_nav_interfaces/local/lib/python3.10/dist-packages/gps_nav_interfaces/gps_nav_interfaces_s__rosidl_typesupport_introspection_c.cpython-310-x86_64-linux-gnu.so
[1.137s] -- Up-to-date: /home/wyatt/avHW9/install/gps_nav_interfaces/local/lib/python3.10/dist-packages/gps_nav_interfaces/gps_nav_interfaces_s__rosidl_typesupport_c.cpython-310-x86_64-linux-gnu.so
[1.138s] -- Up-to-date: /home/wyatt/avHW9/install/gps_nav_interfaces/lib/libgps_nav_interfaces__rosidl_generator_py.so
[1.139s] -- Up-to-date: /home/wyatt/avHW9/install/gps_nav_interfaces/share/gps_nav_interfaces/msg/CurrentGoalPose.idl
[1.139s] -- Up-to-date: /home/wyatt/avHW9/install/gps_nav_interfaces/share/gps_nav_interfaces/msg/LookAheadSpecs.idl
[1.139s] -- Up-to-date: /home/wyatt/avHW9/install/gps_nav_interfaces/share/gps_nav_interfaces/srv/GetRoutePoses.idl
[1.139s] -- Up-to-date: /home/wyatt/avHW9/install/gps_nav_interfaces/share/gps_nav_interfaces/msg/CurrentGoalPose.msg
[1.140s] -- Up-to-date: /home/wyatt/avHW9/install/gps_nav_interfaces/share/gps_nav_interfaces/msg/LookAheadSpecs.msg
[1.140s] -- Up-to-date: /home/wyatt/avHW9/install/gps_nav_interfaces/share/gps_nav_interfaces/srv/GetRoutePoses.srv
[1.140s] -- Up-to-date: /home/wyatt/avHW9/install/gps_nav_interfaces/share/gps_nav_interfaces/srv/GetRoutePoses_Request.msg
[1.140s] -- Up-to-date: /home/wyatt/avHW9/install/gps_nav_interfaces/share/gps_nav_interfaces/srv/GetRoutePoses_Response.msg
[1.141s] -- Up-to-date: /home/wyatt/avHW9/install/gps_nav_interfaces/share/ament_index/resource_index/package_run_dependencies/gps_nav_interfaces
[1.141s] -- Up-to-date: /home/wyatt/avHW9/install/gps_nav_interfaces/share/ament_index/resource_index/parent_prefix_path/gps_nav_interfaces
[1.143s] -- Up-to-date: /home/wyatt/avHW9/install/gps_nav_interfaces/share/gps_nav_interfaces/environment/ament_prefix_path.sh
[1.143s] -- Up-to-date: /home/wyatt/avHW9/install/gps_nav_interfaces/share/gps_nav_interfaces/environment/ament_prefix_path.dsv
[1.144s] -- Up-to-date: /home/wyatt/avHW9/install/gps_nav_interfaces/share/gps_nav_interfaces/environment/path.sh
[1.144s] -- Up-to-date: /home/wyatt/avHW9/install/gps_nav_interfaces/share/gps_nav_interfaces/environment/path.dsv
[1.144s] -- Up-to-date: /home/wyatt/avHW9/install/gps_nav_interfaces/share/gps_nav_interfaces/local_setup.bash
[1.144s] -- Up-to-date: /home/wyatt/avHW9/install/gps_nav_interfaces/share/gps_nav_interfaces/local_setup.sh
[1.145s] -- Up-to-date: /home/wyatt/avHW9/install/gps_nav_interfaces/share/gps_nav_interfaces/local_setup.zsh
[1.145s] -- Up-to-date: /home/wyatt/avHW9/install/gps_nav_interfaces/share/gps_nav_interfaces/local_setup.dsv
[1.145s] -- Installing: /home/wyatt/avHW9/install/gps_nav_interfaces/share/gps_nav_interfaces/package.dsv
[1.145s] -- Up-to-date: /home/wyatt/avHW9/install/gps_nav_interfaces/share/ament_index/resource_index/packages/gps_nav_interfaces
[1.146s] -- Up-to-date: /home/wyatt/avHW9/install/gps_nav_interfaces/share/gps_nav_interfaces/cmake/export_gps_nav_interfaces__rosidl_generator_cExport.cmake
[1.146s] -- Up-to-date: /home/wyatt/avHW9/install/gps_nav_interfaces/share/gps_nav_interfaces/cmake/export_gps_nav_interfaces__rosidl_generator_cExport-noconfig.cmake
[1.146s] -- Up-to-date: /home/wyatt/avHW9/install/gps_nav_interfaces/share/gps_nav_interfaces/cmake/export_gps_nav_interfaces__rosidl_typesupport_fastrtps_cExport.cmake
[1.146s] -- Up-to-date: /home/wyatt/avHW9/install/gps_nav_interfaces/share/gps_nav_interfaces/cmake/export_gps_nav_interfaces__rosidl_typesupport_fastrtps_cExport-noconfig.cmake
[1.146s] -- Up-to-date: /home/wyatt/avHW9/install/gps_nav_interfaces/share/gps_nav_interfaces/cmake/gps_nav_interfaces__rosidl_typesupport_introspection_cExport.cmake
[1.147s] -- Up-to-date: /home/wyatt/avHW9/install/gps_nav_interfaces/share/gps_nav_interfaces/cmake/gps_nav_interfaces__rosidl_typesupport_introspection_cExport-noconfig.cmake
[1.147s] -- Up-to-date: /home/wyatt/avHW9/install/gps_nav_interfaces/share/gps_nav_interfaces/cmake/gps_nav_interfaces__rosidl_typesupport_cExport.cmake
[1.150s] -- Up-to-date: /home/wyatt/avHW9/install/gps_nav_interfaces/share/gps_nav_interfaces/cmake/gps_nav_interfaces__rosidl_typesupport_cExport-noconfig.cmake
[1.151s] -- Up-to-date: /home/wyatt/avHW9/install/gps_nav_interfaces/share/gps_nav_interfaces/cmake/export_gps_nav_interfaces__rosidl_generator_cppExport.cmake
[1.152s] -- Up-to-date: /home/wyatt/avHW9/install/gps_nav_interfaces/share/gps_nav_interfaces/cmake/export_gps_nav_interfaces__rosidl_typesupport_fastrtps_cppExport.cmake
[1.153s] -- Up-to-date: /home/wyatt/avHW9/install/gps_nav_interfaces/share/gps_nav_interfaces/cmake/export_gps_nav_interfaces__rosidl_typesupport_fastrtps_cppExport-noconfig.cmake
[1.153s] -- Up-to-date: /home/wyatt/avHW9/install/gps_nav_interfaces/share/gps_nav_interfaces/cmake/gps_nav_interfaces__rosidl_typesupport_introspection_cppExport.cmake
[1.154s] -- Up-to-date: /home/wyatt/avHW9/install/gps_nav_interfaces/share/gps_nav_interfaces/cmake/gps_nav_interfaces__rosidl_typesupport_introspection_cppExport-noconfig.cmake
[1.155s] -- Up-to-date: /home/wyatt/avHW9/install/gps_nav_interfaces/share/gps_nav_interfaces/cmake/gps_nav_interfaces__rosidl_typesupport_cppExport.cmake
[1.155s] -- Up-to-date: /home/wyatt/avHW9/install/gps_nav_interfaces/share/gps_nav_interfaces/cmake/gps_nav_interfaces__rosidl_typesupport_cppExport-noconfig.cmake
[1.155s] -- Up-to-date: /home/wyatt/avHW9/install/gps_nav_interfaces/share/gps_nav_interfaces/cmake/export_gps_nav_interfaces__rosidl_generator_pyExport.cmake
[1.156s] -- Up-to-date: /home/wyatt/avHW9/install/gps_nav_interfaces/share/gps_nav_interfaces/cmake/export_gps_nav_interfaces__rosidl_generator_pyExport-noconfig.cmake
[1.156s] -- Up-to-date: /home/wyatt/avHW9/install/gps_nav_interfaces/share/gps_nav_interfaces/cmake/rosidl_cmake-extras.cmake
[1.156s] -- Up-to-date: /home/wyatt/avHW9/install/gps_nav_interfaces/share/gps_nav_interfaces/cmake/ament_cmake_export_dependencies-extras.cmake
[1.157s] -- Up-to-date: /home/wyatt/avHW9/install/gps_nav_interfaces/share/gps_nav_interfaces/cmake/ament_cmake_export_include_directories-extras.cmake
[1.157s] -- Up-to-date: /home/wyatt/avHW9/install/gps_nav_interfaces/share/gps_nav_interfaces/cmake/ament_cmake_export_libraries-extras.cmake
[1.158s] -- Up-to-date: /home/wyatt/avHW9/install/gps_nav_interfaces/share/gps_nav_interfaces/cmake/ament_cmake_export_targets-extras.cmake
[1.158s] -- Up-to-date: /home/wyatt/avHW9/install/gps_nav_interfaces/share/gps_nav_interfaces/cmake/rosidl_cmake_export_typesupport_targets-extras.cmake
[1.159s] -- Up-to-date: /home/wyatt/avHW9/install/gps_nav_interfaces/share/gps_nav_interfaces/cmake/rosidl_cmake_export_typesupport_libraries-extras.cmake
[1.159s] -- Up-to-date: /home/wyatt/avHW9/install/gps_nav_interfaces/share/gps_nav_interfaces/cmake/gps_nav_interfacesConfig.cmake
[1.159s] -- Up-to-date: /home/wyatt/avHW9/install/gps_nav_interfaces/share/gps_nav_interfaces/cmake/gps_nav_interfacesConfig-version.cmake
[1.160s] -- Up-to-date: /home/wyatt/avHW9/install/gps_nav_interfaces/share/gps_nav_interfaces/package.xml
[1.160s] Invoked command in '/home/wyatt/avHW9/build/gps_nav_interfaces' returned '0': CMAKE_PREFIX_PATH=${CMAKE_PREFIX_PATH}:/home/wyatt/avHW9/install/gps_nav:/opt/ros/humble /usr/bin/cmake --install /home/wyatt/avHW9/build/gps_nav_interfaces
