/home/wyatt/humble_AV_ws/install/intro_package/lib/python3.10/site-packages/intro_package/my_pub.py
/home/wyatt/humble_AV_ws/install/intro_package/lib/python3.10/site-packages/intro_package/__init__.py
/home/wyatt/humble_AV_ws/install/intro_package/lib/python3.10/site-packages/intro_package/pub_pt.py
/home/wyatt/humble_AV_ws/install/intro_package/lib/python3.10/site-packages/intro_package/my_sub.py
/home/wyatt/humble_AV_ws/install/intro_package/lib/python3.10/site-packages/intro_package/sub_pt_pub_polar.py
/home/wyatt/humble_AV_ws/install/intro_package/lib/python3.10/site-packages/intro_package/__pycache__/my_pub.cpython-310.pyc
/home/wyatt/humble_AV_ws/install/intro_package/lib/python3.10/site-packages/intro_package/__pycache__/__init__.cpython-310.pyc
/home/wyatt/humble_AV_ws/install/intro_package/lib/python3.10/site-packages/intro_package/__pycache__/pub_pt.cpython-310.pyc
/home/wyatt/humble_AV_ws/install/intro_package/lib/python3.10/site-packages/intro_package/__pycache__/my_sub.cpython-310.pyc
/home/wyatt/humble_AV_ws/install/intro_package/lib/python3.10/site-packages/intro_package/__pycache__/sub_pt_pub_polar.cpython-310.pyc
/home/wyatt/humble_AV_ws/install/intro_package/share/ament_index/resource_index/packages/intro_package
/home/wyatt/humble_AV_ws/install/intro_package/share/intro_package/package.xml
/home/wyatt/humble_AV_ws/install/intro_package/lib/python3.10/site-packages/intro_package-23.0.0-py3.10.egg-info/SOURCES.txt
/home/wyatt/humble_AV_ws/install/intro_package/lib/python3.10/site-packages/intro_package-23.0.0-py3.10.egg-info/PKG-INFO
/home/wyatt/humble_AV_ws/install/intro_package/lib/python3.10/site-packages/intro_package-23.0.0-py3.10.egg-info/top_level.txt
/home/wyatt/humble_AV_ws/install/intro_package/lib/python3.10/site-packages/intro_package-23.0.0-py3.10.egg-info/requires.txt
/home/wyatt/humble_AV_ws/install/intro_package/lib/python3.10/site-packages/intro_package-23.0.0-py3.10.egg-info/entry_points.txt
/home/wyatt/humble_AV_ws/install/intro_package/lib/python3.10/site-packages/intro_package-23.0.0-py3.10.egg-info/dependency_links.txt
/home/wyatt/humble_AV_ws/install/intro_package/lib/python3.10/site-packages/intro_package-23.0.0-py3.10.egg-info/zip-safe
/home/wyatt/humble_AV_ws/install/intro_package/lib/intro_package/listener
/home/wyatt/humble_AV_ws/install/intro_package/lib/intro_package/pub_me
/home/wyatt/humble_AV_ws/install/intro_package/lib/intro_package/sub_me
/home/wyatt/humble_AV_ws/install/intro_package/lib/intro_package/talker
