[3.420s] DEBUG:colcon:Command line arguments: ['/usr/bin/colcon', 'build']
[3.420s] DEBUG:colcon:Parsed command line arguments: Namespace(log_base=None, log_level=None, verb_name='build', build_base='build', install_base='install', merge_install=False, symlink_install=False, test_result_base=None, continue_on_error=False, executor='parallel', parallel_workers=4, event_handlers=None, ignore_user_meta=False, metas=['./colcon.meta'], base_paths=['.'], packages_ignore=None, packages_ignore_regex=None, paths=None, packages_up_to=None, packages_up_to_regex=None, packages_above=None, packages_above_and_dependencies=None, packages_above_depth=None, packages_select_by_dep=None, packages_skip_by_dep=None, packages_skip_up_to=None, packages_select_build_failed=False, packages_skip_build_finished=False, packages_select_test_failures=False, packages_skip_test_passed=False, packages_select=None, packages_skip=None, packages_select_regex=None, packages_skip_regex=None, packages_start=None, packages_end=None, allow_overriding=[], cmake_args=None, cmake_target=None, cmake_target_skip_unavailable=False, cmake_clean_cache=False, cmake_clean_first=False, cmake_force_configure=False, ament_cmake_args=None, catkin_cmake_args=None, catkin_skip_building_tests=False, verb_parser=<colcon_defaults.argument_parser.defaults.DefaultArgumentsDecorator object at 0x7fd11b042b60>, verb_extension=<colcon_core.verb.build.BuildVerb object at 0x7fd11b164100>, main=<bound method BuildVerb.main of <colcon_core.verb.build.BuildVerb object at 0x7fd11b164100>>)
[3.585s] Level 1:colcon.colcon_core.package_discovery:discover_packages(colcon_meta) check parameters
[3.585s] Level 1:colcon.colcon_core.package_discovery:discover_packages(recursive) check parameters
[3.585s] Level 1:colcon.colcon_core.package_discovery:discover_packages(ignore) check parameters
[3.586s] Level 1:colcon.colcon_core.package_discovery:discover_packages(path) check parameters
[3.586s] Level 1:colcon.colcon_core.package_discovery:discover_packages(colcon_meta) discover
[3.586s] Level 1:colcon.colcon_core.package_discovery:discover_packages(recursive) discover
[3.586s] INFO:colcon.colcon_core.package_discovery:Crawling recursively for packages in '/home/wyatt/avHW9'
[3.586s] Level 1:colcon.colcon_core.package_identification:_identify(.) by extensions ['ignore', 'ignore_ament_install']
[3.586s] Level 1:colcon.colcon_core.package_identification:_identify(.) by extension 'ignore'
[3.587s] Level 1:colcon.colcon_core.package_identification:_identify(.) by extension 'ignore_ament_install'
[3.587s] Level 1:colcon.colcon_core.package_identification:_identify(.) by extensions ['colcon_pkg']
[3.587s] Level 1:colcon.colcon_core.package_identification:_identify(.) by extension 'colcon_pkg'
[3.587s] Level 1:colcon.colcon_core.package_identification:_identify(.) by extensions ['colcon_meta']
[3.587s] Level 1:colcon.colcon_core.package_identification:_identify(.) by extension 'colcon_meta'
[3.587s] Level 1:colcon.colcon_core.package_identification:_identify(.) by extensions ['ros']
[3.587s] Level 1:colcon.colcon_core.package_identification:_identify(.) by extension 'ros'
[3.622s] Level 1:colcon.colcon_core.package_identification:_identify(.) by extensions ['cmake', 'python']
[3.622s] Level 1:colcon.colcon_core.package_identification:_identify(.) by extension 'cmake'
[3.622s] Level 1:colcon.colcon_core.package_identification:_identify(.) by extension 'python'
[3.622s] Level 1:colcon.colcon_core.package_identification:_identify(.) by extensions ['python_setup_py']
[3.622s] Level 1:colcon.colcon_core.package_identification:_identify(.) by extension 'python_setup_py'
[3.622s] Level 1:colcon.colcon_core.package_identification:_identify(build) by extensions ['ignore', 'ignore_ament_install']
[3.623s] Level 1:colcon.colcon_core.package_identification:_identify(build) by extension 'ignore'
[3.623s] Level 1:colcon.colcon_core.package_identification:_identify(build) ignored
[3.623s] Level 1:colcon.colcon_core.package_identification:_identify(install) by extensions ['ignore', 'ignore_ament_install']
[3.623s] Level 1:colcon.colcon_core.package_identification:_identify(install) by extension 'ignore'
[3.623s] Level 1:colcon.colcon_core.package_identification:_identify(install) ignored
[3.624s] Level 1:colcon.colcon_core.package_identification:_identify(log) by extensions ['ignore', 'ignore_ament_install']
[3.624s] Level 1:colcon.colcon_core.package_identification:_identify(log) by extension 'ignore'
[3.624s] Level 1:colcon.colcon_core.package_identification:_identify(log) ignored
[3.624s] Level 1:colcon.colcon_core.package_identification:_identify(src) by extensions ['ignore', 'ignore_ament_install']
[3.624s] Level 1:colcon.colcon_core.package_identification:_identify(src) by extension 'ignore'
[3.625s] Level 1:colcon.colcon_core.package_identification:_identify(src) by extension 'ignore_ament_install'
[3.625s] Level 1:colcon.colcon_core.package_identification:_identify(src) by extensions ['colcon_pkg']
[3.625s] Level 1:colcon.colcon_core.package_identification:_identify(src) by extension 'colcon_pkg'
[3.625s] Level 1:colcon.colcon_core.package_identification:_identify(src) by extensions ['colcon_meta']
[3.625s] Level 1:colcon.colcon_core.package_identification:_identify(src) by extension 'colcon_meta'
[3.625s] Level 1:colcon.colcon_core.package_identification:_identify(src) by extensions ['ros']
[3.625s] Level 1:colcon.colcon_core.package_identification:_identify(src) by extension 'ros'
[3.626s] Level 1:colcon.colcon_core.package_identification:_identify(src) by extensions ['cmake', 'python']
[3.626s] Level 1:colcon.colcon_core.package_identification:_identify(src) by extension 'cmake'
[3.626s] Level 1:colcon.colcon_core.package_identification:_identify(src) by extension 'python'
[3.626s] Level 1:colcon.colcon_core.package_identification:_identify(src) by extensions ['python_setup_py']
[3.626s] Level 1:colcon.colcon_core.package_identification:_identify(src) by extension 'python_setup_py'
[3.626s] Level 1:colcon.colcon_core.package_identification:_identify(src/eml4842_gps_nav) by extensions ['ignore', 'ignore_ament_install']
[3.626s] Level 1:colcon.colcon_core.package_identification:_identify(src/eml4842_gps_nav) by extension 'ignore'
[3.627s] Level 1:colcon.colcon_core.package_identification:_identify(src/eml4842_gps_nav) by extension 'ignore_ament_install'
[3.627s] Level 1:colcon.colcon_core.package_identification:_identify(src/eml4842_gps_nav) by extensions ['colcon_pkg']
[3.627s] Level 1:colcon.colcon_core.package_identification:_identify(src/eml4842_gps_nav) by extension 'colcon_pkg'
[3.627s] Level 1:colcon.colcon_core.package_identification:_identify(src/eml4842_gps_nav) by extensions ['colcon_meta']
[3.627s] Level 1:colcon.colcon_core.package_identification:_identify(src/eml4842_gps_nav) by extension 'colcon_meta'
[3.627s] Level 1:colcon.colcon_core.package_identification:_identify(src/eml4842_gps_nav) by extensions ['ros']
[3.627s] Level 1:colcon.colcon_core.package_identification:_identify(src/eml4842_gps_nav) by extension 'ros'
[3.627s] Level 1:colcon.colcon_core.package_identification:_identify(src/eml4842_gps_nav) by extensions ['cmake', 'python']
[3.628s] Level 1:colcon.colcon_core.package_identification:_identify(src/eml4842_gps_nav) by extension 'cmake'
[3.628s] Level 1:colcon.colcon_core.package_identification:_identify(src/eml4842_gps_nav) by extension 'python'
[3.628s] Level 1:colcon.colcon_core.package_identification:_identify(src/eml4842_gps_nav) by extensions ['python_setup_py']
[3.628s] Level 1:colcon.colcon_core.package_identification:_identify(src/eml4842_gps_nav) by extension 'python_setup_py'
[3.628s] Level 1:colcon.colcon_core.package_identification:_identify(src/eml4842_gps_nav/gps_nav) by extensions ['ignore', 'ignore_ament_install']
[3.628s] Level 1:colcon.colcon_core.package_identification:_identify(src/eml4842_gps_nav/gps_nav) by extension 'ignore'
[3.629s] Level 1:colcon.colcon_core.package_identification:_identify(src/eml4842_gps_nav/gps_nav) by extension 'ignore_ament_install'
[3.629s] Level 1:colcon.colcon_core.package_identification:_identify(src/eml4842_gps_nav/gps_nav) by extensions ['colcon_pkg']
[3.629s] Level 1:colcon.colcon_core.package_identification:_identify(src/eml4842_gps_nav/gps_nav) by extension 'colcon_pkg'
[3.629s] Level 1:colcon.colcon_core.package_identification:_identify(src/eml4842_gps_nav/gps_nav) by extensions ['colcon_meta']
[3.629s] Level 1:colcon.colcon_core.package_identification:_identify(src/eml4842_gps_nav/gps_nav) by extension 'colcon_meta'
[3.629s] Level 1:colcon.colcon_core.package_identification:_identify(src/eml4842_gps_nav/gps_nav) by extensions ['ros']
[3.629s] Level 1:colcon.colcon_core.package_identification:_identify(src/eml4842_gps_nav/gps_nav) by extension 'ros'
[3.637s] DEBUG:colcon.colcon_core.package_identification:Package 'src/eml4842_gps_nav/gps_nav' with type 'ros.ament_python' and name 'gps_nav'
[3.638s] Level 1:colcon.colcon_core.package_identification:_identify(src/eml4842_gps_nav/gps_nav_interfaces) by extensions ['ignore', 'ignore_ament_install']
[3.638s] Level 1:colcon.colcon_core.package_identification:_identify(src/eml4842_gps_nav/gps_nav_interfaces) by extension 'ignore'
[3.638s] Level 1:colcon.colcon_core.package_identification:_identify(src/eml4842_gps_nav/gps_nav_interfaces) by extension 'ignore_ament_install'
[3.639s] Level 1:colcon.colcon_core.package_identification:_identify(src/eml4842_gps_nav/gps_nav_interfaces) by extensions ['colcon_pkg']
[3.639s] Level 1:colcon.colcon_core.package_identification:_identify(src/eml4842_gps_nav/gps_nav_interfaces) by extension 'colcon_pkg'
[3.639s] Level 1:colcon.colcon_core.package_identification:_identify(src/eml4842_gps_nav/gps_nav_interfaces) by extensions ['colcon_meta']
[3.639s] Level 1:colcon.colcon_core.package_identification:_identify(src/eml4842_gps_nav/gps_nav_interfaces) by extension 'colcon_meta'
[3.639s] Level 1:colcon.colcon_core.package_identification:_identify(src/eml4842_gps_nav/gps_nav_interfaces) by extensions ['ros']
[3.639s] Level 1:colcon.colcon_core.package_identification:_identify(src/eml4842_gps_nav/gps_nav_interfaces) by extension 'ros'
[3.641s] DEBUG:colcon.colcon_core.package_identification:Package 'src/eml4842_gps_nav/gps_nav_interfaces' with type 'ros.ament_cmake' and name 'gps_nav_interfaces'
[3.641s] Level 1:colcon.colcon_core.package_discovery:discover_packages(recursive) using defaults
[3.642s] Level 1:colcon.colcon_core.package_discovery:discover_packages(ignore) discover
[3.642s] Level 1:colcon.colcon_core.package_discovery:discover_packages(ignore) using defaults
[3.642s] Level 1:colcon.colcon_core.package_discovery:discover_packages(path) discover
[3.642s] Level 1:colcon.colcon_core.package_discovery:discover_packages(path) using defaults
[3.957s] Level 1:colcon.colcon_core.package_discovery:discover_packages(prefix_path) check parameters
[3.958s] Level 1:colcon.colcon_core.package_discovery:discover_packages(prefix_path) discover
[4.077s] DEBUG:colcon.colcon_installed_package_information.package_discovery:Found 286 installed packages in /opt/ros/humble
[4.081s] Level 1:colcon.colcon_core.package_discovery:discover_packages(prefix_path) using defaults
[4.420s] Level 5:colcon.colcon_core.verb:set package 'gps_nav_interfaces' build argument 'cmake_args' from command line to 'None'
[4.421s] Level 5:colcon.colcon_core.verb:set package 'gps_nav_interfaces' build argument 'cmake_target' from command line to 'None'
[4.421s] Level 5:colcon.colcon_core.verb:set package 'gps_nav_interfaces' build argument 'cmake_target_skip_unavailable' from command line to 'False'
[4.421s] Level 5:colcon.colcon_core.verb:set package 'gps_nav_interfaces' build argument 'cmake_clean_cache' from command line to 'False'
[4.421s] Level 5:colcon.colcon_core.verb:set package 'gps_nav_interfaces' build argument 'cmake_clean_first' from command line to 'False'
[4.421s] Level 5:colcon.colcon_core.verb:set package 'gps_nav_interfaces' build argument 'cmake_force_configure' from command line to 'False'
[4.422s] Level 5:colcon.colcon_core.verb:set package 'gps_nav_interfaces' build argument 'ament_cmake_args' from command line to 'None'
[4.422s] Level 5:colcon.colcon_core.verb:set package 'gps_nav_interfaces' build argument 'catkin_cmake_args' from command line to 'None'
[4.422s] Level 5:colcon.colcon_core.verb:set package 'gps_nav_interfaces' build argument 'catkin_skip_building_tests' from command line to 'False'
[4.422s] DEBUG:colcon.colcon_core.verb:Building package 'gps_nav_interfaces' with the following arguments: {'ament_cmake_args': None, 'build_base': '/home/wyatt/avHW9/build/gps_nav_interfaces', 'catkin_cmake_args': None, 'catkin_skip_building_tests': False, 'cmake_args': None, 'cmake_clean_cache': False, 'cmake_clean_first': False, 'cmake_force_configure': False, 'cmake_target': None, 'cmake_target_skip_unavailable': False, 'install_base': '/home/wyatt/avHW9/install/gps_nav_interfaces', 'merge_install': False, 'path': '/home/wyatt/avHW9/src/eml4842_gps_nav/gps_nav_interfaces', 'symlink_install': False, 'test_result_base': None}
[4.475s] Level 5:colcon.colcon_core.verb:set package 'gps_nav' build argument 'cmake_args' from command line to 'None'
[4.475s] Level 5:colcon.colcon_core.verb:set package 'gps_nav' build argument 'cmake_target' from command line to 'None'
[4.475s] Level 5:colcon.colcon_core.verb:set package 'gps_nav' build argument 'cmake_target_skip_unavailable' from command line to 'False'
[4.476s] Level 5:colcon.colcon_core.verb:set package 'gps_nav' build argument 'cmake_clean_cache' from command line to 'False'
[4.476s] Level 5:colcon.colcon_core.verb:set package 'gps_nav' build argument 'cmake_clean_first' from command line to 'False'
[4.476s] Level 5:colcon.colcon_core.verb:set package 'gps_nav' build argument 'cmake_force_configure' from command line to 'False'
[4.476s] Level 5:colcon.colcon_core.verb:set package 'gps_nav' build argument 'ament_cmake_args' from command line to 'None'
[4.476s] Level 5:colcon.colcon_core.verb:set package 'gps_nav' build argument 'catkin_cmake_args' from command line to 'None'
[4.476s] Level 5:colcon.colcon_core.verb:set package 'gps_nav' build argument 'catkin_skip_building_tests' from command line to 'False'
[4.476s] DEBUG:colcon.colcon_core.verb:Building package 'gps_nav' with the following arguments: {'ament_cmake_args': None, 'build_base': '/home/wyatt/avHW9/build/gps_nav', 'catkin_cmake_args': None, 'catkin_skip_building_tests': False, 'cmake_args': None, 'cmake_clean_cache': False, 'cmake_clean_first': False, 'cmake_force_configure': False, 'cmake_target': None, 'cmake_target_skip_unavailable': False, 'install_base': '/home/wyatt/avHW9/install/gps_nav', 'merge_install': False, 'path': '/home/wyatt/avHW9/src/eml4842_gps_nav/gps_nav', 'symlink_install': False, 'test_result_base': None}
[4.527s] INFO:colcon.colcon_core.executor:Executing jobs using 'parallel' executor
[4.580s] DEBUG:colcon.colcon_parallel_executor.executor.parallel:run_until_complete
[4.581s] INFO:colcon.colcon_ros.task.ament_cmake.build:Building ROS package in '/home/wyatt/avHW9/src/eml4842_gps_nav/gps_nav_interfaces' with build type 'ament_cmake'
[4.581s] INFO:colcon.colcon_cmake.task.cmake.build:Building CMake package in '/home/wyatt/avHW9/src/eml4842_gps_nav/gps_nav_interfaces'
[4.648s] INFO:colcon.colcon_core.plugin_system:Skipping extension 'colcon_core.shell.bat': Not used on non-Windows systems
[4.648s] INFO:colcon.colcon_core.shell:Skip shell extension 'powershell' for command environment: Not usable outside of PowerShell
[4.648s] DEBUG:colcon.colcon_core.shell:Skip shell extension 'dsv' for command environment
[4.786s] DEBUG:colcon.colcon_core.event_handler.log_command:Invoking command in '/home/wyatt/avHW9/build/gps_nav_interfaces': CMAKE_PREFIX_PATH=/opt/ros/humble /usr/bin/cmake --build /home/wyatt/avHW9/build/gps_nav_interfaces -- -j4 -l4
[6.392s] DEBUG:colcon.colcon_core.event_handler.log_command:Invoked command in '/home/wyatt/avHW9/build/gps_nav_interfaces' returned '0': CMAKE_PREFIX_PATH=/opt/ros/humble /usr/bin/cmake --build /home/wyatt/avHW9/build/gps_nav_interfaces -- -j4 -l4
[6.630s] DEBUG:colcon.colcon_core.event_handler.log_command:Invoking command in '/home/wyatt/avHW9/build/gps_nav_interfaces': CMAKE_PREFIX_PATH=/opt/ros/humble /usr/bin/cmake --install /home/wyatt/avHW9/build/gps_nav_interfaces
[6.805s] Level 1:colcon.colcon_core.environment:create_environment_scripts_only(gps_nav_interfaces)
[6.824s] DEBUG:colcon.colcon_core.event_handler.log_command:Invoked command in '/home/wyatt/avHW9/build/gps_nav_interfaces' returned '0': CMAKE_PREFIX_PATH=/opt/ros/humble /usr/bin/cmake --install /home/wyatt/avHW9/build/gps_nav_interfaces
[6.871s] Level 1:colcon.colcon_core.environment:checking '/home/wyatt/avHW9/install/gps_nav_interfaces' for CMake module files
[6.873s] Level 1:colcon.colcon_core.environment:checking '/home/wyatt/avHW9/install/gps_nav_interfaces' for CMake config files
[6.875s] Level 1:colcon.colcon_core.shell:create_environment_hook('gps_nav_interfaces', 'cmake_prefix_path')
[6.921s] INFO:colcon.colcon_core.shell:Creating environment hook '/home/wyatt/avHW9/install/gps_nav_interfaces/share/gps_nav_interfaces/hook/cmake_prefix_path.ps1'
[6.926s] INFO:colcon.colcon_core.shell:Creating environment descriptor '/home/wyatt/avHW9/install/gps_nav_interfaces/share/gps_nav_interfaces/hook/cmake_prefix_path.dsv'
[6.927s] INFO:colcon.colcon_core.shell:Creating environment hook '/home/wyatt/avHW9/install/gps_nav_interfaces/share/gps_nav_interfaces/hook/cmake_prefix_path.sh'
[6.930s] Level 1:colcon.colcon_core.environment:checking '/home/wyatt/avHW9/install/gps_nav_interfaces/lib'
[6.930s] Level 1:colcon.colcon_core.shell:create_environment_hook('gps_nav_interfaces', 'ld_library_path_lib')
[6.978s] INFO:colcon.colcon_core.shell:Creating environment hook '/home/wyatt/avHW9/install/gps_nav_interfaces/share/gps_nav_interfaces/hook/ld_library_path_lib.ps1'
[6.979s] INFO:colcon.colcon_core.shell:Creating environment descriptor '/home/wyatt/avHW9/install/gps_nav_interfaces/share/gps_nav_interfaces/hook/ld_library_path_lib.dsv'
[6.980s] INFO:colcon.colcon_core.shell:Creating environment hook '/home/wyatt/avHW9/install/gps_nav_interfaces/share/gps_nav_interfaces/hook/ld_library_path_lib.sh'
[6.981s] Level 1:colcon.colcon_core.environment:checking '/home/wyatt/avHW9/install/gps_nav_interfaces/bin'
[6.981s] Level 1:colcon.colcon_core.environment:checking '/home/wyatt/avHW9/install/gps_nav_interfaces/lib/pkgconfig/gps_nav_interfaces.pc'
[6.981s] Level 1:colcon.colcon_core.environment:checking '/home/wyatt/avHW9/install/gps_nav_interfaces/lib/python3.10/site-packages'
[6.982s] Level 1:colcon.colcon_core.environment:checking '/home/wyatt/avHW9/install/gps_nav_interfaces/bin'
[7.029s] INFO:colcon.colcon_core.shell:Creating package script '/home/wyatt/avHW9/install/gps_nav_interfaces/share/gps_nav_interfaces/package.ps1'
[7.032s] INFO:colcon.colcon_core.shell:Creating package descriptor '/home/wyatt/avHW9/install/gps_nav_interfaces/share/gps_nav_interfaces/package.dsv'
[7.034s] INFO:colcon.colcon_core.shell:Creating package script '/home/wyatt/avHW9/install/gps_nav_interfaces/share/gps_nav_interfaces/package.sh'
[7.036s] INFO:colcon.colcon_core.shell:Creating package script '/home/wyatt/avHW9/install/gps_nav_interfaces/share/gps_nav_interfaces/package.bash'
[7.038s] INFO:colcon.colcon_core.shell:Creating package script '/home/wyatt/avHW9/install/gps_nav_interfaces/share/gps_nav_interfaces/package.zsh'
[7.041s] Level 1:colcon.colcon_core.environment:create_file_with_runtime_dependencies(/home/wyatt/avHW9/install/gps_nav_interfaces/share/colcon-core/packages/gps_nav_interfaces)
[7.312s] Level 1:colcon.colcon_core.environment:create_environment_scripts_only(gps_nav_interfaces)
[7.358s] Level 1:colcon.colcon_core.environment:checking '/home/wyatt/avHW9/install/gps_nav_interfaces' for CMake module files
[7.360s] Level 1:colcon.colcon_core.environment:checking '/home/wyatt/avHW9/install/gps_nav_interfaces' for CMake config files
[7.362s] Level 1:colcon.colcon_core.shell:create_environment_hook('gps_nav_interfaces', 'cmake_prefix_path')
[7.412s] INFO:colcon.colcon_core.shell:Creating environment hook '/home/wyatt/avHW9/install/gps_nav_interfaces/share/gps_nav_interfaces/hook/cmake_prefix_path.ps1'
[7.414s] INFO:colcon.colcon_core.shell:Creating environment descriptor '/home/wyatt/avHW9/install/gps_nav_interfaces/share/gps_nav_interfaces/hook/cmake_prefix_path.dsv'
[7.418s] INFO:colcon.colcon_core.shell:Creating environment hook '/home/wyatt/avHW9/install/gps_nav_interfaces/share/gps_nav_interfaces/hook/cmake_prefix_path.sh'
[7.419s] Level 1:colcon.colcon_core.environment:checking '/home/wyatt/avHW9/install/gps_nav_interfaces/lib'
[7.419s] Level 1:colcon.colcon_core.shell:create_environment_hook('gps_nav_interfaces', 'ld_library_path_lib')
[7.464s] INFO:colcon.colcon_core.shell:Creating environment hook '/home/wyatt/avHW9/install/gps_nav_interfaces/share/gps_nav_interfaces/hook/ld_library_path_lib.ps1'
[7.465s] INFO:colcon.colcon_core.shell:Creating environment descriptor '/home/wyatt/avHW9/install/gps_nav_interfaces/share/gps_nav_interfaces/hook/ld_library_path_lib.dsv'
[7.466s] INFO:colcon.colcon_core.shell:Creating environment hook '/home/wyatt/avHW9/install/gps_nav_interfaces/share/gps_nav_interfaces/hook/ld_library_path_lib.sh'
[7.467s] Level 1:colcon.colcon_core.environment:checking '/home/wyatt/avHW9/install/gps_nav_interfaces/bin'
[7.467s] Level 1:colcon.colcon_core.environment:checking '/home/wyatt/avHW9/install/gps_nav_interfaces/lib/pkgconfig/gps_nav_interfaces.pc'
[7.467s] Level 1:colcon.colcon_core.environment:checking '/home/wyatt/avHW9/install/gps_nav_interfaces/lib/python3.10/site-packages'
[7.468s] Level 1:colcon.colcon_core.environment:checking '/home/wyatt/avHW9/install/gps_nav_interfaces/bin'
[7.519s] INFO:colcon.colcon_core.shell:Creating package script '/home/wyatt/avHW9/install/gps_nav_interfaces/share/gps_nav_interfaces/package.ps1'
[7.520s] INFO:colcon.colcon_core.shell:Creating package descriptor '/home/wyatt/avHW9/install/gps_nav_interfaces/share/gps_nav_interfaces/package.dsv'
[7.522s] INFO:colcon.colcon_core.shell:Creating package script '/home/wyatt/avHW9/install/gps_nav_interfaces/share/gps_nav_interfaces/package.sh'
[7.523s] INFO:colcon.colcon_core.shell:Creating package script '/home/wyatt/avHW9/install/gps_nav_interfaces/share/gps_nav_interfaces/package.bash'
[7.524s] INFO:colcon.colcon_core.shell:Creating package script '/home/wyatt/avHW9/install/gps_nav_interfaces/share/gps_nav_interfaces/package.zsh'
[7.525s] Level 1:colcon.colcon_core.environment:create_file_with_runtime_dependencies(/home/wyatt/avHW9/install/gps_nav_interfaces/share/colcon-core/packages/gps_nav_interfaces)
[7.526s] INFO:colcon.colcon_ros.task.ament_python.build:Building ROS package in '/home/wyatt/avHW9/src/eml4842_gps_nav/gps_nav' with build type 'ament_python'
[7.529s] Level 1:colcon.colcon_core.shell:create_environment_hook('gps_nav', 'ament_prefix_path')
[7.576s] INFO:colcon.colcon_core.shell:Creating environment hook '/home/wyatt/avHW9/install/gps_nav/share/gps_nav/hook/ament_prefix_path.ps1'
[7.577s] INFO:colcon.colcon_core.shell:Creating environment descriptor '/home/wyatt/avHW9/install/gps_nav/share/gps_nav/hook/ament_prefix_path.dsv'
[7.578s] INFO:colcon.colcon_core.shell:Creating environment hook '/home/wyatt/avHW9/install/gps_nav/share/gps_nav/hook/ament_prefix_path.sh'
[7.632s] INFO:colcon.colcon_core.shell:Skip shell extension 'powershell' for command environment: Not usable outside of PowerShell
[7.632s] DEBUG:colcon.colcon_core.shell:Skip shell extension 'dsv' for command environment
[8.584s] INFO:colcon.colcon_core.task.python.build:Building Python package in '/home/wyatt/avHW9/src/eml4842_gps_nav/gps_nav'
[8.672s] INFO:colcon.colcon_core.shell:Skip shell extension 'powershell' for command environment: Not usable outside of PowerShell
[8.673s] DEBUG:colcon.colcon_core.shell:Skip shell extension 'dsv' for command environment
[9.808s] DEBUG:colcon.colcon_core.event_handler.log_command:Invoking command in '/home/wyatt/avHW9/src/eml4842_gps_nav/gps_nav': AMENT_PREFIX_PATH=/home/wyatt/avHW9/install/gps_nav_interfaces:${AMENT_PREFIX_PATH} CMAKE_PREFIX_PATH=/home/wyatt/avHW9/install/gps_nav_interfaces LD_LIBRARY_PATH=/home/wyatt/avHW9/install/gps_nav_interfaces/lib:${LD_LIBRARY_PATH} PYTHONPATH=/home/wyatt/avHW9/build/gps_nav/prefix_override:/home/wyatt/avHW9/install/gps_nav/lib/python3.10/site-packages:/home/wyatt/avHW9/install/gps_nav_interfaces/local/lib/python3.10/dist-packages:${PYTHONPATH} /usr/bin/python3 setup.py egg_info --egg-base ../../../build/gps_nav build --build-base /home/wyatt/avHW9/build/gps_nav/build install --record /home/wyatt/avHW9/build/gps_nav/install.log --install-scripts $base/lib/gps_nav --single-version-externally-managed
[10.720s] DEBUG:colcon.colcon_core.event_handler.log_command:Invoked command in '/home/wyatt/avHW9/src/eml4842_gps_nav/gps_nav' returned '0': AMENT_PREFIX_PATH=/home/wyatt/avHW9/install/gps_nav_interfaces:${AMENT_PREFIX_PATH} CMAKE_PREFIX_PATH=/home/wyatt/avHW9/install/gps_nav_interfaces LD_LIBRARY_PATH=/home/wyatt/avHW9/install/gps_nav_interfaces/lib:${LD_LIBRARY_PATH} PYTHONPATH=/home/wyatt/avHW9/build/gps_nav/prefix_override:/home/wyatt/avHW9/install/gps_nav/lib/python3.10/site-packages:/home/wyatt/avHW9/install/gps_nav_interfaces/local/lib/python3.10/dist-packages:${PYTHONPATH} /usr/bin/python3 setup.py egg_info --egg-base ../../../build/gps_nav build --build-base /home/wyatt/avHW9/build/gps_nav/build install --record /home/wyatt/avHW9/build/gps_nav/install.log --install-scripts $base/lib/gps_nav --single-version-externally-managed
[10.767s] Level 1:colcon.colcon_core.environment:checking '/home/wyatt/avHW9/install/gps_nav' for CMake module files
[10.768s] Level 1:colcon.colcon_core.environment:checking '/home/wyatt/avHW9/install/gps_nav' for CMake config files
[10.770s] Level 1:colcon.colcon_core.environment:checking '/home/wyatt/avHW9/install/gps_nav/lib'
[10.770s] Level 1:colcon.colcon_core.environment:checking '/home/wyatt/avHW9/install/gps_nav/bin'
[10.770s] Level 1:colcon.colcon_core.environment:checking '/home/wyatt/avHW9/install/gps_nav/lib/pkgconfig/gps_nav.pc'
[10.771s] Level 1:colcon.colcon_core.environment:checking '/home/wyatt/avHW9/install/gps_nav/lib/python3.10/site-packages'
[10.771s] Level 1:colcon.colcon_core.shell:create_environment_hook('gps_nav', 'pythonpath')
[10.818s] INFO:colcon.colcon_core.shell:Creating environment hook '/home/wyatt/avHW9/install/gps_nav/share/gps_nav/hook/pythonpath.ps1'
[10.820s] INFO:colcon.colcon_core.shell:Creating environment descriptor '/home/wyatt/avHW9/install/gps_nav/share/gps_nav/hook/pythonpath.dsv'
[10.822s] INFO:colcon.colcon_core.shell:Creating environment hook '/home/wyatt/avHW9/install/gps_nav/share/gps_nav/hook/pythonpath.sh'
[10.823s] Level 1:colcon.colcon_core.environment:checking '/home/wyatt/avHW9/install/gps_nav/bin'
[10.823s] Level 1:colcon.colcon_core.environment:create_environment_scripts_only(gps_nav)
[10.873s] INFO:colcon.colcon_core.shell:Creating package script '/home/wyatt/avHW9/install/gps_nav/share/gps_nav/package.ps1'
[10.874s] INFO:colcon.colcon_core.shell:Creating package descriptor '/home/wyatt/avHW9/install/gps_nav/share/gps_nav/package.dsv'
[10.875s] INFO:colcon.colcon_core.shell:Creating package script '/home/wyatt/avHW9/install/gps_nav/share/gps_nav/package.sh'
[10.876s] INFO:colcon.colcon_core.shell:Creating package script '/home/wyatt/avHW9/install/gps_nav/share/gps_nav/package.bash'
[10.877s] INFO:colcon.colcon_core.shell:Creating package script '/home/wyatt/avHW9/install/gps_nav/share/gps_nav/package.zsh'
[10.878s] Level 1:colcon.colcon_core.environment:create_file_with_runtime_dependencies(/home/wyatt/avHW9/install/gps_nav/share/colcon-core/packages/gps_nav)
[10.879s] DEBUG:colcon.colcon_parallel_executor.executor.parallel:closing loop
[10.880s] DEBUG:colcon.colcon_parallel_executor.executor.parallel:loop closed
[10.880s] DEBUG:colcon.colcon_parallel_executor.executor.parallel:run_until_complete finished with '0'
[10.880s] DEBUG:colcon.colcon_core.event_reactor:joining thread
[10.944s] INFO:colcon.colcon_core.plugin_system:Skipping extension 'colcon_notification.desktop_notification.terminal_notifier': Not used on non-Darwin systems
[10.944s] INFO:colcon.colcon_core.plugin_system:Skipping extension 'colcon_notification.desktop_notification.win32': Not used on non-Windows systems
[10.944s] INFO:colcon.colcon_notification.desktop_notification:Sending desktop notification using 'notify2'
[11.010s] DEBUG:colcon.colcon_core.event_reactor:joined thread
[11.074s] INFO:colcon.colcon_core.shell:Creating prefix script '/home/wyatt/avHW9/install/local_setup.ps1'
[11.077s] INFO:colcon.colcon_core.shell:Creating prefix util module '/home/wyatt/avHW9/install/_local_setup_util_ps1.py'
[11.080s] INFO:colcon.colcon_core.shell:Creating prefix chain script '/home/wyatt/avHW9/install/setup.ps1'
[11.138s] INFO:colcon.colcon_core.shell:Creating prefix script '/home/wyatt/avHW9/install/local_setup.sh'
[11.139s] INFO:colcon.colcon_core.shell:Creating prefix util module '/home/wyatt/avHW9/install/_local_setup_util_sh.py'
[11.140s] INFO:colcon.colcon_core.shell:Creating prefix chain script '/home/wyatt/avHW9/install/setup.sh'
[11.192s] INFO:colcon.colcon_core.shell:Creating prefix script '/home/wyatt/avHW9/install/local_setup.bash'
[11.198s] INFO:colcon.colcon_core.shell:Creating prefix chain script '/home/wyatt/avHW9/install/setup.bash'
[11.247s] INFO:colcon.colcon_core.shell:Creating prefix script '/home/wyatt/avHW9/install/local_setup.zsh'
[11.254s] INFO:colcon.colcon_core.shell:Creating prefix chain script '/home/wyatt/avHW9/install/setup.zsh'
