/home/wyatt/.local/lib/python3.10/site-packages/setuptools/dist.py:717: UserWarning: Usage of dash-separated 'script-dir' will not be supported in future versions. Please use the underscore name 'script_dir' instead
  warnings.warn(
running egg_info
creating ../../../build/gps_nav/gps_nav.egg-info
writing ../../../build/gps_nav/gps_nav.egg-info/PKG-INFO
writing dependency_links to ../../../build/gps_nav/gps_nav.egg-info/dependency_links.txt
writing entry points to ../../../build/gps_nav/gps_nav.egg-info/entry_points.txt
writing requirements to ../../../build/gps_nav/gps_nav.egg-info/requires.txt
writing top-level names to ../../../build/gps_nav/gps_nav.egg-info/top_level.txt
writing manifest file '../../../build/gps_nav/gps_nav.egg-info/SOURCES.txt'
reading manifest file '../../../build/gps_nav/gps_nav.egg-info/SOURCES.txt'
writing manifest file '../../../build/gps_nav/gps_nav.egg-info/SOURCES.txt'
running build
running build_py
creating /home/wyatt/avHW9/build/gps_nav/build
creating /home/wyatt/avHW9/build/gps_nav/build/lib
creating /home/wyatt/avHW9/build/gps_nav/build/lib/gps_nav
copying gps_nav/route_pose_provider.py -> /home/wyatt/avHW9/build/gps_nav/build/lib/gps_nav
copying gps_nav/vehicle_simulator.py -> /home/wyatt/avHW9/build/gps_nav/build/lib/gps_nav
copying gps_nav/__init__.py -> /home/wyatt/avHW9/build/gps_nav/build/lib/gps_nav
copying gps_nav/vehicle_controller.py -> /home/wyatt/avHW9/build/gps_nav/build/lib/gps_nav
copying gps_nav/goal_pose_visualizer.py -> /home/wyatt/avHW9/build/gps_nav/build/lib/gps_nav
copying gps_nav/goal_pose_creator.py -> /home/wyatt/avHW9/build/gps_nav/build/lib/gps_nav
copying gps_nav/motion_spec_provider.py -> /home/wyatt/avHW9/build/gps_nav/build/lib/gps_nav
copying gps_nav/route_pose_visualizer.py -> /home/wyatt/avHW9/build/gps_nav/build/lib/gps_nav
creating /home/wyatt/avHW9/build/gps_nav/build/lib/gps_nav/uf_support
copying gps_nav/uf_support/__init__.py -> /home/wyatt/avHW9/build/gps_nav/build/lib/gps_nav/uf_support
copying gps_nav/uf_support/geometry_support.py -> /home/wyatt/avHW9/build/gps_nav/build/lib/gps_nav/uf_support
copying gps_nav/uf_support/route_support.py -> /home/wyatt/avHW9/build/gps_nav/build/lib/gps_nav/uf_support
running install
running install_lib
creating /home/wyatt/avHW9/install/gps_nav/lib/python3.10/site-packages/gps_nav
copying /home/wyatt/avHW9/build/gps_nav/build/lib/gps_nav/route_pose_provider.py -> /home/wyatt/avHW9/install/gps_nav/lib/python3.10/site-packages/gps_nav
copying /home/wyatt/avHW9/build/gps_nav/build/lib/gps_nav/vehicle_simulator.py -> /home/wyatt/avHW9/install/gps_nav/lib/python3.10/site-packages/gps_nav
copying /home/wyatt/avHW9/build/gps_nav/build/lib/gps_nav/__init__.py -> /home/wyatt/avHW9/install/gps_nav/lib/python3.10/site-packages/gps_nav
creating /home/wyatt/avHW9/install/gps_nav/lib/python3.10/site-packages/gps_nav/uf_support
copying /home/wyatt/avHW9/build/gps_nav/build/lib/gps_nav/uf_support/__init__.py -> /home/wyatt/avHW9/install/gps_nav/lib/python3.10/site-packages/gps_nav/uf_support
copying /home/wyatt/avHW9/build/gps_nav/build/lib/gps_nav/uf_support/geometry_support.py -> /home/wyatt/avHW9/install/gps_nav/lib/python3.10/site-packages/gps_nav/uf_support
copying /home/wyatt/avHW9/build/gps_nav/build/lib/gps_nav/uf_support/route_support.py -> /home/wyatt/avHW9/install/gps_nav/lib/python3.10/site-packages/gps_nav/uf_support
copying /home/wyatt/avHW9/build/gps_nav/build/lib/gps_nav/vehicle_controller.py -> /home/wyatt/avHW9/install/gps_nav/lib/python3.10/site-packages/gps_nav
copying /home/wyatt/avHW9/build/gps_nav/build/lib/gps_nav/goal_pose_visualizer.py -> /home/wyatt/avHW9/install/gps_nav/lib/python3.10/site-packages/gps_nav
copying /home/wyatt/avHW9/build/gps_nav/build/lib/gps_nav/goal_pose_creator.py -> /home/wyatt/avHW9/install/gps_nav/lib/python3.10/site-packages/gps_nav
copying /home/wyatt/avHW9/build/gps_nav/build/lib/gps_nav/motion_spec_provider.py -> /home/wyatt/avHW9/install/gps_nav/lib/python3.10/site-packages/gps_nav
copying /home/wyatt/avHW9/build/gps_nav/build/lib/gps_nav/route_pose_visualizer.py -> /home/wyatt/avHW9/install/gps_nav/lib/python3.10/site-packages/gps_nav
byte-compiling /home/wyatt/avHW9/install/gps_nav/lib/python3.10/site-packages/gps_nav/route_pose_provider.py to route_pose_provider.cpython-310.pyc
byte-compiling /home/wyatt/avHW9/install/gps_nav/lib/python3.10/site-packages/gps_nav/vehicle_simulator.py to vehicle_simulator.cpython-310.pyc
byte-compiling /home/wyatt/avHW9/install/gps_nav/lib/python3.10/site-packages/gps_nav/__init__.py to __init__.cpython-310.pyc
byte-compiling /home/wyatt/avHW9/install/gps_nav/lib/python3.10/site-packages/gps_nav/uf_support/__init__.py to __init__.cpython-310.pyc
byte-compiling /home/wyatt/avHW9/install/gps_nav/lib/python3.10/site-packages/gps_nav/uf_support/geometry_support.py to geometry_support.cpython-310.pyc
byte-compiling /home/wyatt/avHW9/install/gps_nav/lib/python3.10/site-packages/gps_nav/uf_support/route_support.py to route_support.cpython-310.pyc
byte-compiling /home/wyatt/avHW9/install/gps_nav/lib/python3.10/site-packages/gps_nav/vehicle_controller.py to vehicle_controller.cpython-310.pyc
byte-compiling /home/wyatt/avHW9/install/gps_nav/lib/python3.10/site-packages/gps_nav/goal_pose_visualizer.py to goal_pose_visualizer.cpython-310.pyc
byte-compiling /home/wyatt/avHW9/install/gps_nav/lib/python3.10/site-packages/gps_nav/goal_pose_creator.py to goal_pose_creator.cpython-310.pyc
byte-compiling /home/wyatt/avHW9/install/gps_nav/lib/python3.10/site-packages/gps_nav/motion_spec_provider.py to motion_spec_provider.cpython-310.pyc
byte-compiling /home/wyatt/avHW9/install/gps_nav/lib/python3.10/site-packages/gps_nav/route_pose_visualizer.py to route_pose_visualizer.cpython-310.pyc
running install_data
creating /home/wyatt/avHW9/install/gps_nav/share/ament_index
creating /home/wyatt/avHW9/install/gps_nav/share/ament_index/resource_index
creating /home/wyatt/avHW9/install/gps_nav/share/ament_index/resource_index/packages
copying resource/gps_nav -> /home/wyatt/avHW9/install/gps_nav/share/ament_index/resource_index/packages
copying package.xml -> /home/wyatt/avHW9/install/gps_nav/share/gps_nav
creating /home/wyatt/avHW9/install/gps_nav/share/gps_nav/launch
copying launch/visualization.launch.py -> /home/wyatt/avHW9/install/gps_nav/share/gps_nav/launch
copying launch/vehicle.launch.py -> /home/wyatt/avHW9/install/gps_nav/share/gps_nav/launch
copying launch/simulation_demo.launch.py -> /home/wyatt/avHW9/install/gps_nav/share/gps_nav/launch
creating /home/wyatt/avHW9/install/gps_nav/share/gps_nav/data
copying data/pose_list.txt -> /home/wyatt/avHW9/install/gps_nav/share/gps_nav/data
creating /home/wyatt/avHW9/install/gps_nav/share/gps_nav/data/stockpile
copying data/stockpile/tyn.txt -> /home/wyatt/avHW9/install/gps_nav/share/gps_nav/data/stockpile
copying data/stockpile/my_bandshell_pose_list.txt -> /home/wyatt/avHW9/install/gps_nav/share/gps_nav/data/stockpile
copying data/stockpile/depot_path.txt -> /home/wyatt/avHW9/install/gps_nav/share/gps_nav/data/stockpile
copying data/stockpile/field_path.txt -> /home/wyatt/avHW9/install/gps_nav/share/gps_nav/data/stockpile
copying data/stockpile/bandshell_1.txt -> /home/wyatt/avHW9/install/gps_nav/share/gps_nav/data/stockpile
copying data/stockpile/path_list_B.txt -> /home/wyatt/avHW9/install/gps_nav/share/gps_nav/data/stockpile
copying data/stockpile/my_out_for_now.txt -> /home/wyatt/avHW9/install/gps_nav/share/gps_nav/data/stockpile
copying data/stockpile/path_list_orig.txt -> /home/wyatt/avHW9/install/gps_nav/share/gps_nav/data/stockpile
copying data/stockpile/path_list_A.txt -> /home/wyatt/avHW9/install/gps_nav/share/gps_nav/data/stockpile
copying data/stockpile/depot_path_UTM.txt -> /home/wyatt/avHW9/install/gps_nav/share/gps_nav/data/stockpile
copying data/stockpile/BB_to_MAEB.txt -> /home/wyatt/avHW9/install/gps_nav/share/gps_nav/data/stockpile
copying data/stockpile/tyndall2_path_list.txt -> /home/wyatt/avHW9/install/gps_nav/share/gps_nav/data/stockpile
copying data/stockpile/tyndall3_path_list.txt -> /home/wyatt/avHW9/install/gps_nav/share/gps_nav/data/stockpile
copying data/stockpile/tyn_path_list.txt -> /home/wyatt/avHW9/install/gps_nav/share/gps_nav/data/stockpile
creating /home/wyatt/avHW9/install/gps_nav/share/gps_nav/rviz
copying rviz/bandshell_1.rviz -> /home/wyatt/avHW9/install/gps_nav/share/gps_nav/rviz
copying rviz/gps_nav.rviz -> /home/wyatt/avHW9/install/gps_nav/share/gps_nav/rviz
copying rviz/depot_park.rviz -> /home/wyatt/avHW9/install/gps_nav/share/gps_nav/rviz
creating /home/wyatt/avHW9/install/gps_nav/share/gps_nav/scripts
copying scripts/kml_to_route.py -> /home/wyatt/avHW9/install/gps_nav/share/gps_nav/scripts
copying scripts/convert_to_UTM.py -> /home/wyatt/avHW9/install/gps_nav/share/gps_nav/scripts
copying scripts/process_pose_list.py -> /home/wyatt/avHW9/install/gps_nav/share/gps_nav/scripts
running install_egg_info
Copying ../../../build/gps_nav/gps_nav.egg-info to /home/wyatt/avHW9/install/gps_nav/lib/python3.10/site-packages/gps_nav-0.0.1-py3.10.egg-info
running install_scripts
Installing goal_pose_creator script to /home/wyatt/avHW9/install/gps_nav/lib/gps_nav
Installing goal_pose_visualizer script to /home/wyatt/avHW9/install/gps_nav/lib/gps_nav
Installing motion_spec_provider script to /home/wyatt/avHW9/install/gps_nav/lib/gps_nav
Installing route_pose_provider script to /home/wyatt/avHW9/install/gps_nav/lib/gps_nav
Installing route_pose_visualizer script to /home/wyatt/avHW9/install/gps_nav/lib/gps_nav
Installing vehicle_controller script to /home/wyatt/avHW9/install/gps_nav/lib/gps_nav
Installing vehicle_simulator script to /home/wyatt/avHW9/install/gps_nav/lib/gps_nav
writing list of installed files to '/home/wyatt/avHW9/build/gps_nav/install.log'
