running egg_info
writing ../../build/hw10/hw10.egg-info/PKG-INFO
writing dependency_links to ../../build/hw10/hw10.egg-info/dependency_links.txt
writing entry points to ../../build/hw10/hw10.egg-info/entry_points.txt
writing requirements to ../../build/hw10/hw10.egg-info/requires.txt
writing top-level names to ../../build/hw10/hw10.egg-info/top_level.txt
reading manifest file '../../build/hw10/hw10.egg-info/SOURCES.txt'
writing manifest file '../../build/hw10/hw10.egg-info/SOURCES.txt'
running build
running build_py
copying hw10/pose_estimator.py -> /home/wyatt/avHW9/build/hw10/build/lib/hw10
running install
running install_lib
copying /home/wyatt/avHW9/build/hw10/build/lib/hw10/pose_estimator.py -> /home/wyatt/avHW9/install/hw10/lib/python3.10/site-packages/hw10
byte-compiling /home/wyatt/avHW9/install/hw10/lib/python3.10/site-packages/hw10/pose_estimator.py to pose_estimator.cpython-310.pyc
running install_data
running install_egg_info
removing '/home/wyatt/avHW9/install/hw10/lib/python3.10/site-packages/hw10-0.0.0-py3.10.egg-info' (and everything under it)
Copying ../../build/hw10/hw10.egg-info to /home/wyatt/avHW9/install/hw10/lib/python3.10/site-packages/hw10-0.0.0-py3.10.egg-info
running install_scripts
Installing pose_estimator script to /home/wyatt/avHW9/install/hw10/lib/hw10
writing list of installed files to '/home/wyatt/avHW9/build/hw10/install.log'
