[1.832s] DEBUG:colcon:Command line arguments: ['/usr/bin/colcon', 'build', '--packages-select', 'vehicle_pose_pkg']
[1.832s] DEBUG:colcon:Parsed command line arguments: Namespace(log_base=None, log_level=None, verb_name='build', build_base='build', install_base='install', merge_install=False, symlink_install=False, test_result_base=None, continue_on_error=False, executor='parallel', parallel_workers=4, event_handlers=None, ignore_user_meta=False, metas=['./colcon.meta'], base_paths=['.'], packages_ignore=None, packages_ignore_regex=None, paths=None, packages_up_to=None, packages_up_to_regex=None, packages_above=None, packages_above_and_dependencies=None, packages_above_depth=None, packages_select_by_dep=None, packages_skip_by_dep=None, packages_skip_up_to=None, packages_select_build_failed=False, packages_skip_build_finished=False, packages_select_test_failures=False, packages_skip_test_passed=False, packages_select=['vehicle_pose_pkg'], packages_skip=None, packages_select_regex=None, packages_skip_regex=None, packages_start=None, packages_end=None, allow_overriding=[], cmake_args=None, cmake_target=None, cmake_target_skip_unavailable=False, cmake_clean_cache=False, cmake_clean_first=False, cmake_force_configure=False, ament_cmake_args=None, catkin_cmake_args=None, catkin_skip_building_tests=False, verb_parser=<colcon_defaults.argument_parser.defaults.DefaultArgumentsDecorator object at 0x7f817779ca30>, verb_extension=<colcon_core.verb.build.BuildVerb object at 0x7f817777dbd0>, main=<bound method BuildVerb.main of <colcon_core.verb.build.BuildVerb object at 0x7f817777dbd0>>)
[1.913s] Level 1:colcon.colcon_core.package_discovery:discover_packages(colcon_meta) check parameters
[1.913s] Level 1:colcon.colcon_core.package_discovery:discover_packages(recursive) check parameters
[1.913s] Level 1:colcon.colcon_core.package_discovery:discover_packages(ignore) check parameters
[1.914s] Level 1:colcon.colcon_core.package_discovery:discover_packages(path) check parameters
[1.914s] Level 1:colcon.colcon_core.package_discovery:discover_packages(colcon_meta) discover
[1.914s] Level 1:colcon.colcon_core.package_discovery:discover_packages(recursive) discover
[1.914s] INFO:colcon.colcon_core.package_discovery:Crawling recursively for packages in '/home/wyatt/humble_AV_ws'
[1.914s] Level 1:colcon.colcon_core.package_identification:_identify(.) by extensions ['ignore', 'ignore_ament_install']
[1.914s] Level 1:colcon.colcon_core.package_identification:_identify(.) by extension 'ignore'
[1.914s] Level 1:colcon.colcon_core.package_identification:_identify(.) by extension 'ignore_ament_install'
[1.914s] Level 1:colcon.colcon_core.package_identification:_identify(.) by extensions ['colcon_pkg']
[1.914s] Level 1:colcon.colcon_core.package_identification:_identify(.) by extension 'colcon_pkg'
[1.914s] Level 1:colcon.colcon_core.package_identification:_identify(.) by extensions ['colcon_meta']
[1.914s] Level 1:colcon.colcon_core.package_identification:_identify(.) by extension 'colcon_meta'
[1.914s] Level 1:colcon.colcon_core.package_identification:_identify(.) by extensions ['ros']
[1.915s] Level 1:colcon.colcon_core.package_identification:_identify(.) by extension 'ros'
[1.932s] Level 1:colcon.colcon_core.package_identification:_identify(.) by extensions ['cmake', 'python']
[1.932s] Level 1:colcon.colcon_core.package_identification:_identify(.) by extension 'cmake'
[1.932s] Level 1:colcon.colcon_core.package_identification:_identify(.) by extension 'python'
[1.932s] Level 1:colcon.colcon_core.package_identification:_identify(.) by extensions ['python_setup_py']
[1.932s] Level 1:colcon.colcon_core.package_identification:_identify(.) by extension 'python_setup_py'
[1.932s] Level 1:colcon.colcon_core.package_identification:_identify(build) by extensions ['ignore', 'ignore_ament_install']
[1.932s] Level 1:colcon.colcon_core.package_identification:_identify(build) by extension 'ignore'
[1.932s] Level 1:colcon.colcon_core.package_identification:_identify(build) ignored
[1.933s] Level 1:colcon.colcon_core.package_identification:_identify(install) by extensions ['ignore', 'ignore_ament_install']
[1.933s] Level 1:colcon.colcon_core.package_identification:_identify(install) by extension 'ignore'
[1.933s] Level 1:colcon.colcon_core.package_identification:_identify(install) ignored
[1.933s] Level 1:colcon.colcon_core.package_identification:_identify(log) by extensions ['ignore', 'ignore_ament_install']
[1.933s] Level 1:colcon.colcon_core.package_identification:_identify(log) by extension 'ignore'
[1.933s] Level 1:colcon.colcon_core.package_identification:_identify(log) ignored
[1.933s] Level 1:colcon.colcon_core.package_identification:_identify(src) by extensions ['ignore', 'ignore_ament_install']
[1.933s] Level 1:colcon.colcon_core.package_identification:_identify(src) by extension 'ignore'
[1.933s] Level 1:colcon.colcon_core.package_identification:_identify(src) by extension 'ignore_ament_install'
[1.933s] Level 1:colcon.colcon_core.package_identification:_identify(src) by extensions ['colcon_pkg']
[1.934s] Level 1:colcon.colcon_core.package_identification:_identify(src) by extension 'colcon_pkg'
[1.934s] Level 1:colcon.colcon_core.package_identification:_identify(src) by extensions ['colcon_meta']
[1.934s] Level 1:colcon.colcon_core.package_identification:_identify(src) by extension 'colcon_meta'
[1.934s] Level 1:colcon.colcon_core.package_identification:_identify(src) by extensions ['ros']
[1.934s] Level 1:colcon.colcon_core.package_identification:_identify(src) by extension 'ros'
[1.934s] Level 1:colcon.colcon_core.package_identification:_identify(src) by extensions ['cmake', 'python']
[1.934s] Level 1:colcon.colcon_core.package_identification:_identify(src) by extension 'cmake'
[1.934s] Level 1:colcon.colcon_core.package_identification:_identify(src) by extension 'python'
[1.934s] Level 1:colcon.colcon_core.package_identification:_identify(src) by extensions ['python_setup_py']
[1.934s] Level 1:colcon.colcon_core.package_identification:_identify(src) by extension 'python_setup_py'
[1.934s] Level 1:colcon.colcon_core.package_identification:_identify(src/cross_pkg) by extensions ['ignore', 'ignore_ament_install']
[1.935s] Level 1:colcon.colcon_core.package_identification:_identify(src/cross_pkg) by extension 'ignore'
[1.935s] Level 1:colcon.colcon_core.package_identification:_identify(src/cross_pkg) by extension 'ignore_ament_install'
[1.935s] Level 1:colcon.colcon_core.package_identification:_identify(src/cross_pkg) by extensions ['colcon_pkg']
[1.935s] Level 1:colcon.colcon_core.package_identification:_identify(src/cross_pkg) by extension 'colcon_pkg'
[1.935s] Level 1:colcon.colcon_core.package_identification:_identify(src/cross_pkg) by extensions ['colcon_meta']
[1.935s] Level 1:colcon.colcon_core.package_identification:_identify(src/cross_pkg) by extension 'colcon_meta'
[1.935s] Level 1:colcon.colcon_core.package_identification:_identify(src/cross_pkg) by extensions ['ros']
[1.935s] Level 1:colcon.colcon_core.package_identification:_identify(src/cross_pkg) by extension 'ros'
[1.938s] DEBUG:colcon.colcon_core.package_identification:Package 'src/cross_pkg' with type 'ros.ament_python' and name 'cross_pkg'
[1.939s] Level 1:colcon.colcon_core.package_identification:_identify(src/group5joy) by extensions ['ignore', 'ignore_ament_install']
[1.939s] Level 1:colcon.colcon_core.package_identification:_identify(src/group5joy) by extension 'ignore'
[1.939s] Level 1:colcon.colcon_core.package_identification:_identify(src/group5joy) by extension 'ignore_ament_install'
[1.939s] Level 1:colcon.colcon_core.package_identification:_identify(src/group5joy) by extensions ['colcon_pkg']
[1.939s] Level 1:colcon.colcon_core.package_identification:_identify(src/group5joy) by extension 'colcon_pkg'
[1.939s] Level 1:colcon.colcon_core.package_identification:_identify(src/group5joy) by extensions ['colcon_meta']
[1.939s] Level 1:colcon.colcon_core.package_identification:_identify(src/group5joy) by extension 'colcon_meta'
[1.939s] Level 1:colcon.colcon_core.package_identification:_identify(src/group5joy) by extensions ['ros']
[1.939s] Level 1:colcon.colcon_core.package_identification:_identify(src/group5joy) by extension 'ros'
[1.940s] DEBUG:colcon.colcon_core.package_identification:Package 'src/group5joy' with type 'ros.ament_python' and name 'group5joy'
[1.940s] Level 1:colcon.colcon_core.package_identification:_identify(src/intro_package) by extensions ['ignore', 'ignore_ament_install']
[1.940s] Level 1:colcon.colcon_core.package_identification:_identify(src/intro_package) by extension 'ignore'
[1.940s] Level 1:colcon.colcon_core.package_identification:_identify(src/intro_package) by extension 'ignore_ament_install'
[1.941s] Level 1:colcon.colcon_core.package_identification:_identify(src/intro_package) by extensions ['colcon_pkg']
[1.941s] Level 1:colcon.colcon_core.package_identification:_identify(src/intro_package) by extension 'colcon_pkg'
[1.941s] Level 1:colcon.colcon_core.package_identification:_identify(src/intro_package) by extensions ['colcon_meta']
[1.941s] Level 1:colcon.colcon_core.package_identification:_identify(src/intro_package) by extension 'colcon_meta'
[1.941s] Level 1:colcon.colcon_core.package_identification:_identify(src/intro_package) by extensions ['ros']
[1.941s] Level 1:colcon.colcon_core.package_identification:_identify(src/intro_package) by extension 'ros'
[1.942s] DEBUG:colcon.colcon_core.package_identification:Package 'src/intro_package' with type 'ros.ament_python' and name 'intro_package'
[1.942s] Level 1:colcon.colcon_core.package_identification:_identify(src/my_best2) by extensions ['ignore', 'ignore_ament_install']
[1.942s] Level 1:colcon.colcon_core.package_identification:_identify(src/my_best2) by extension 'ignore'
[1.942s] Level 1:colcon.colcon_core.package_identification:_identify(src/my_best2) by extension 'ignore_ament_install'
[1.942s] Level 1:colcon.colcon_core.package_identification:_identify(src/my_best2) by extensions ['colcon_pkg']
[1.942s] Level 1:colcon.colcon_core.package_identification:_identify(src/my_best2) by extension 'colcon_pkg'
[1.942s] Level 1:colcon.colcon_core.package_identification:_identify(src/my_best2) by extensions ['colcon_meta']
[1.942s] Level 1:colcon.colcon_core.package_identification:_identify(src/my_best2) by extension 'colcon_meta'
[1.942s] Level 1:colcon.colcon_core.package_identification:_identify(src/my_best2) by extensions ['ros']
[1.942s] Level 1:colcon.colcon_core.package_identification:_identify(src/my_best2) by extension 'ros'
[1.943s] DEBUG:colcon.colcon_core.package_identification:Package 'src/my_best2' with type 'ros.ament_python' and name 'my_best2'
[1.943s] Level 1:colcon.colcon_core.package_identification:_identify(src/my_best3) by extensions ['ignore', 'ignore_ament_install']
[1.943s] Level 1:colcon.colcon_core.package_identification:_identify(src/my_best3) by extension 'ignore'
[1.943s] Level 1:colcon.colcon_core.package_identification:_identify(src/my_best3) by extension 'ignore_ament_install'
[1.943s] Level 1:colcon.colcon_core.package_identification:_identify(src/my_best3) by extensions ['colcon_pkg']
[1.944s] Level 1:colcon.colcon_core.package_identification:_identify(src/my_best3) by extension 'colcon_pkg'
[1.944s] Level 1:colcon.colcon_core.package_identification:_identify(src/my_best3) by extensions ['colcon_meta']
[1.944s] Level 1:colcon.colcon_core.package_identification:_identify(src/my_best3) by extension 'colcon_meta'
[1.944s] Level 1:colcon.colcon_core.package_identification:_identify(src/my_best3) by extensions ['ros']
[1.944s] Level 1:colcon.colcon_core.package_identification:_identify(src/my_best3) by extension 'ros'
[1.944s] DEBUG:colcon.colcon_core.package_identification:Package 'src/my_best3' with type 'ros.ament_python' and name 'my_best3'
[1.944s] Level 1:colcon.colcon_core.package_identification:_identify(src/my_best3_interfaces) by extensions ['ignore', 'ignore_ament_install']
[1.945s] Level 1:colcon.colcon_core.package_identification:_identify(src/my_best3_interfaces) by extension 'ignore'
[1.945s] Level 1:colcon.colcon_core.package_identification:_identify(src/my_best3_interfaces) by extension 'ignore_ament_install'
[1.945s] Level 1:colcon.colcon_core.package_identification:_identify(src/my_best3_interfaces) by extensions ['colcon_pkg']
[1.945s] Level 1:colcon.colcon_core.package_identification:_identify(src/my_best3_interfaces) by extension 'colcon_pkg'
[1.945s] Level 1:colcon.colcon_core.package_identification:_identify(src/my_best3_interfaces) by extensions ['colcon_meta']
[1.945s] Level 1:colcon.colcon_core.package_identification:_identify(src/my_best3_interfaces) by extension 'colcon_meta'
[1.945s] Level 1:colcon.colcon_core.package_identification:_identify(src/my_best3_interfaces) by extensions ['ros']
[1.945s] Level 1:colcon.colcon_core.package_identification:_identify(src/my_best3_interfaces) by extension 'ros'
[1.946s] DEBUG:colcon.colcon_core.package_identification:Package 'src/my_best3_interfaces' with type 'ros.ament_cmake' and name 'my_best3_interfaces'
[1.946s] Level 1:colcon.colcon_core.package_identification:_identify(src/ranger) by extensions ['ignore', 'ignore_ament_install']
[1.946s] Level 1:colcon.colcon_core.package_identification:_identify(src/ranger) by extension 'ignore'
[1.946s] Level 1:colcon.colcon_core.package_identification:_identify(src/ranger) by extension 'ignore_ament_install'
[1.947s] Level 1:colcon.colcon_core.package_identification:_identify(src/ranger) by extensions ['colcon_pkg']
[1.947s] Level 1:colcon.colcon_core.package_identification:_identify(src/ranger) by extension 'colcon_pkg'
[1.947s] Level 1:colcon.colcon_core.package_identification:_identify(src/ranger) by extensions ['colcon_meta']
[1.947s] Level 1:colcon.colcon_core.package_identification:_identify(src/ranger) by extension 'colcon_meta'
[1.947s] Level 1:colcon.colcon_core.package_identification:_identify(src/ranger) by extensions ['ros']
[1.947s] Level 1:colcon.colcon_core.package_identification:_identify(src/ranger) by extension 'ros'
[1.948s] DEBUG:colcon.colcon_core.package_identification:Package 'src/ranger' with type 'ros.ament_python' and name 'ranger'
[1.948s] Level 1:colcon.colcon_core.package_identification:_identify(src/vehicle_pose_pkg) by extensions ['ignore', 'ignore_ament_install']
[1.948s] Level 1:colcon.colcon_core.package_identification:_identify(src/vehicle_pose_pkg) by extension 'ignore'
[1.948s] Level 1:colcon.colcon_core.package_identification:_identify(src/vehicle_pose_pkg) by extension 'ignore_ament_install'
[1.948s] Level 1:colcon.colcon_core.package_identification:_identify(src/vehicle_pose_pkg) by extensions ['colcon_pkg']
[1.948s] Level 1:colcon.colcon_core.package_identification:_identify(src/vehicle_pose_pkg) by extension 'colcon_pkg'
[1.948s] Level 1:colcon.colcon_core.package_identification:_identify(src/vehicle_pose_pkg) by extensions ['colcon_meta']
[1.948s] Level 1:colcon.colcon_core.package_identification:_identify(src/vehicle_pose_pkg) by extension 'colcon_meta'
[1.948s] Level 1:colcon.colcon_core.package_identification:_identify(src/vehicle_pose_pkg) by extensions ['ros']
[1.948s] Level 1:colcon.colcon_core.package_identification:_identify(src/vehicle_pose_pkg) by extension 'ros'
[1.949s] DEBUG:colcon.colcon_core.package_identification:Package 'src/vehicle_pose_pkg' with type 'ros.ament_python' and name 'vehicle_pose_pkg'
[1.949s] Level 1:colcon.colcon_core.package_identification:_identify(src/wallfollowpid) by extensions ['ignore', 'ignore_ament_install']
[1.949s] Level 1:colcon.colcon_core.package_identification:_identify(src/wallfollowpid) by extension 'ignore'
[1.949s] Level 1:colcon.colcon_core.package_identification:_identify(src/wallfollowpid) by extension 'ignore_ament_install'
[1.949s] Level 1:colcon.colcon_core.package_identification:_identify(src/wallfollowpid) by extensions ['colcon_pkg']
[1.949s] Level 1:colcon.colcon_core.package_identification:_identify(src/wallfollowpid) by extension 'colcon_pkg'
[1.949s] Level 1:colcon.colcon_core.package_identification:_identify(src/wallfollowpid) by extensions ['colcon_meta']
[1.950s] Level 1:colcon.colcon_core.package_identification:_identify(src/wallfollowpid) by extension 'colcon_meta'
[1.950s] Level 1:colcon.colcon_core.package_identification:_identify(src/wallfollowpid) by extensions ['ros']
[1.950s] Level 1:colcon.colcon_core.package_identification:_identify(src/wallfollowpid) by extension 'ros'
[1.950s] DEBUG:colcon.colcon_core.package_identification:Package 'src/wallfollowpid' with type 'ros.ament_python' and name 'wallfollowpid'
[1.950s] Level 1:colcon.colcon_core.package_discovery:discover_packages(recursive) using defaults
[1.950s] Level 1:colcon.colcon_core.package_discovery:discover_packages(ignore) discover
[1.950s] Level 1:colcon.colcon_core.package_discovery:discover_packages(ignore) using defaults
[1.951s] Level 1:colcon.colcon_core.package_discovery:discover_packages(path) discover
[1.951s] Level 1:colcon.colcon_core.package_discovery:discover_packages(path) using defaults
[2.063s] INFO:colcon.colcon_core.package_selection:Skipping not selected package 'cross_pkg' in 'src/cross_pkg'
[2.063s] INFO:colcon.colcon_core.package_selection:Skipping not selected package 'group5joy' in 'src/group5joy'
[2.063s] INFO:colcon.colcon_core.package_selection:Skipping not selected package 'intro_package' in 'src/intro_package'
[2.063s] INFO:colcon.colcon_core.package_selection:Skipping not selected package 'my_best2' in 'src/my_best2'
[2.063s] INFO:colcon.colcon_core.package_selection:Skipping not selected package 'my_best3' in 'src/my_best3'
[2.063s] INFO:colcon.colcon_core.package_selection:Skipping not selected package 'my_best3_interfaces' in 'src/my_best3_interfaces'
[2.063s] INFO:colcon.colcon_core.package_selection:Skipping not selected package 'ranger' in 'src/ranger'
[2.063s] INFO:colcon.colcon_core.package_selection:Skipping not selected package 'wallfollowpid' in 'src/wallfollowpid'
[2.117s] Level 1:colcon.colcon_core.package_discovery:discover_packages(prefix_path) check parameters
[2.117s] Level 1:colcon.colcon_core.package_discovery:discover_packages(prefix_path) discover
[2.174s] DEBUG:colcon.colcon_installed_package_information.package_discovery:Found 9 installed packages in /home/wyatt/humble_AV_ws/install
[2.202s] DEBUG:colcon.colcon_installed_package_information.package_discovery:Found 286 installed packages in /opt/ros/humble
[2.204s] Level 1:colcon.colcon_core.package_discovery:discover_packages(prefix_path) using defaults
[2.373s] Level 5:colcon.colcon_core.verb:set package 'vehicle_pose_pkg' build argument 'cmake_args' from command line to 'None'
[2.373s] Level 5:colcon.colcon_core.verb:set package 'vehicle_pose_pkg' build argument 'cmake_target' from command line to 'None'
[2.373s] Level 5:colcon.colcon_core.verb:set package 'vehicle_pose_pkg' build argument 'cmake_target_skip_unavailable' from command line to 'False'
[2.373s] Level 5:colcon.colcon_core.verb:set package 'vehicle_pose_pkg' build argument 'cmake_clean_cache' from command line to 'False'
[2.373s] Level 5:colcon.colcon_core.verb:set package 'vehicle_pose_pkg' build argument 'cmake_clean_first' from command line to 'False'
[2.373s] Level 5:colcon.colcon_core.verb:set package 'vehicle_pose_pkg' build argument 'cmake_force_configure' from command line to 'False'
[2.373s] Level 5:colcon.colcon_core.verb:set package 'vehicle_pose_pkg' build argument 'ament_cmake_args' from command line to 'None'
[2.373s] Level 5:colcon.colcon_core.verb:set package 'vehicle_pose_pkg' build argument 'catkin_cmake_args' from command line to 'None'
[2.373s] Level 5:colcon.colcon_core.verb:set package 'vehicle_pose_pkg' build argument 'catkin_skip_building_tests' from command line to 'False'
[2.373s] DEBUG:colcon.colcon_core.verb:Building package 'vehicle_pose_pkg' with the following arguments: {'ament_cmake_args': None, 'build_base': '/home/wyatt/humble_AV_ws/build/vehicle_pose_pkg', 'catkin_cmake_args': None, 'catkin_skip_building_tests': False, 'cmake_args': None, 'cmake_clean_cache': False, 'cmake_clean_first': False, 'cmake_force_configure': False, 'cmake_target': None, 'cmake_target_skip_unavailable': False, 'install_base': '/home/wyatt/humble_AV_ws/install/vehicle_pose_pkg', 'merge_install': False, 'path': '/home/wyatt/humble_AV_ws/src/vehicle_pose_pkg', 'symlink_install': False, 'test_result_base': None}
[2.400s] INFO:colcon.colcon_core.executor:Executing jobs using 'parallel' executor
[2.427s] DEBUG:colcon.colcon_parallel_executor.executor.parallel:run_until_complete
[2.427s] INFO:colcon.colcon_ros.task.ament_python.build:Building ROS package in '/home/wyatt/humble_AV_ws/src/vehicle_pose_pkg' with build type 'ament_python'
[2.427s] Level 1:colcon.colcon_core.shell:create_environment_hook('vehicle_pose_pkg', 'ament_prefix_path')
[2.458s] INFO:colcon.colcon_core.plugin_system:Skipping extension 'colcon_core.shell.bat': Not used on non-Windows systems
[2.458s] INFO:colcon.colcon_core.shell:Creating environment hook '/home/wyatt/humble_AV_ws/install/vehicle_pose_pkg/share/vehicle_pose_pkg/hook/ament_prefix_path.ps1'
[2.459s] INFO:colcon.colcon_core.shell:Creating environment descriptor '/home/wyatt/humble_AV_ws/install/vehicle_pose_pkg/share/vehicle_pose_pkg/hook/ament_prefix_path.dsv'
[2.460s] INFO:colcon.colcon_core.shell:Creating environment hook '/home/wyatt/humble_AV_ws/install/vehicle_pose_pkg/share/vehicle_pose_pkg/hook/ament_prefix_path.sh'
[2.487s] INFO:colcon.colcon_core.shell:Skip shell extension 'powershell' for command environment: Not usable outside of PowerShell
[2.487s] DEBUG:colcon.colcon_core.shell:Skip shell extension 'dsv' for command environment
[3.040s] INFO:colcon.colcon_core.task.python.build:Building Python package in '/home/wyatt/humble_AV_ws/src/vehicle_pose_pkg'
[3.069s] INFO:colcon.colcon_core.shell:Skip shell extension 'powershell' for command environment: Not usable outside of PowerShell
[3.069s] DEBUG:colcon.colcon_core.shell:Skip shell extension 'dsv' for command environment
[3.738s] DEBUG:colcon.colcon_core.event_handler.log_command:Invoking command in '/home/wyatt/humble_AV_ws/src/vehicle_pose_pkg': PYTHONPATH=/home/wyatt/humble_AV_ws/build/vehicle_pose_pkg/prefix_override:/home/wyatt/humble_AV_ws/install/vehicle_pose_pkg/lib/python3.10/site-packages:${PYTHONPATH} /usr/bin/python3 setup.py egg_info --egg-base ../../build/vehicle_pose_pkg build --build-base /home/wyatt/humble_AV_ws/build/vehicle_pose_pkg/build install --record /home/wyatt/humble_AV_ws/build/vehicle_pose_pkg/install.log --single-version-externally-managed
[4.272s] DEBUG:colcon.colcon_core.event_handler.log_command:Invoked command in '/home/wyatt/humble_AV_ws/src/vehicle_pose_pkg' returned '0': PYTHONPATH=/home/wyatt/humble_AV_ws/build/vehicle_pose_pkg/prefix_override:/home/wyatt/humble_AV_ws/install/vehicle_pose_pkg/lib/python3.10/site-packages:${PYTHONPATH} /usr/bin/python3 setup.py egg_info --egg-base ../../build/vehicle_pose_pkg build --build-base /home/wyatt/humble_AV_ws/build/vehicle_pose_pkg/build install --record /home/wyatt/humble_AV_ws/build/vehicle_pose_pkg/install.log --single-version-externally-managed
[4.303s] Level 1:colcon.colcon_core.environment:checking '/home/wyatt/humble_AV_ws/install/vehicle_pose_pkg' for CMake module files
[4.304s] Level 1:colcon.colcon_core.environment:checking '/home/wyatt/humble_AV_ws/install/vehicle_pose_pkg' for CMake config files
[4.305s] Level 1:colcon.colcon_core.environment:checking '/home/wyatt/humble_AV_ws/install/vehicle_pose_pkg/lib'
[4.305s] Level 1:colcon.colcon_core.environment:checking '/home/wyatt/humble_AV_ws/install/vehicle_pose_pkg/bin'
[4.305s] Level 1:colcon.colcon_core.environment:checking '/home/wyatt/humble_AV_ws/install/vehicle_pose_pkg/lib/pkgconfig/vehicle_pose_pkg.pc'
[4.306s] Level 1:colcon.colcon_core.environment:checking '/home/wyatt/humble_AV_ws/install/vehicle_pose_pkg/lib/python3.10/site-packages'
[4.306s] Level 1:colcon.colcon_core.shell:create_environment_hook('vehicle_pose_pkg', 'pythonpath')
[4.351s] INFO:colcon.colcon_core.shell:Creating environment hook '/home/wyatt/humble_AV_ws/install/vehicle_pose_pkg/share/vehicle_pose_pkg/hook/pythonpath.ps1'
[4.352s] INFO:colcon.colcon_core.shell:Creating environment descriptor '/home/wyatt/humble_AV_ws/install/vehicle_pose_pkg/share/vehicle_pose_pkg/hook/pythonpath.dsv'
[4.352s] INFO:colcon.colcon_core.shell:Creating environment hook '/home/wyatt/humble_AV_ws/install/vehicle_pose_pkg/share/vehicle_pose_pkg/hook/pythonpath.sh'
[4.353s] Level 1:colcon.colcon_core.environment:checking '/home/wyatt/humble_AV_ws/install/vehicle_pose_pkg/bin'
[4.353s] Level 1:colcon.colcon_core.environment:create_environment_scripts_only(vehicle_pose_pkg)
[4.381s] INFO:colcon.colcon_core.shell:Creating package script '/home/wyatt/humble_AV_ws/install/vehicle_pose_pkg/share/vehicle_pose_pkg/package.ps1'
[4.383s] INFO:colcon.colcon_core.shell:Creating package descriptor '/home/wyatt/humble_AV_ws/install/vehicle_pose_pkg/share/vehicle_pose_pkg/package.dsv'
[4.384s] INFO:colcon.colcon_core.shell:Creating package script '/home/wyatt/humble_AV_ws/install/vehicle_pose_pkg/share/vehicle_pose_pkg/package.sh'
[4.385s] INFO:colcon.colcon_core.shell:Creating package script '/home/wyatt/humble_AV_ws/install/vehicle_pose_pkg/share/vehicle_pose_pkg/package.bash'
[4.386s] INFO:colcon.colcon_core.shell:Creating package script '/home/wyatt/humble_AV_ws/install/vehicle_pose_pkg/share/vehicle_pose_pkg/package.zsh'
[4.386s] Level 1:colcon.colcon_core.environment:create_file_with_runtime_dependencies(/home/wyatt/humble_AV_ws/install/vehicle_pose_pkg/share/colcon-core/packages/vehicle_pose_pkg)
[4.387s] DEBUG:colcon.colcon_parallel_executor.executor.parallel:closing loop
[4.388s] DEBUG:colcon.colcon_parallel_executor.executor.parallel:loop closed
[4.388s] DEBUG:colcon.colcon_parallel_executor.executor.parallel:run_until_complete finished with '0'
[4.388s] DEBUG:colcon.colcon_core.event_reactor:joining thread
[4.426s] INFO:colcon.colcon_core.plugin_system:Skipping extension 'colcon_notification.desktop_notification.terminal_notifier': Not used on non-Darwin systems
[4.426s] INFO:colcon.colcon_core.plugin_system:Skipping extension 'colcon_notification.desktop_notification.win32': Not used on non-Windows systems
[4.426s] INFO:colcon.colcon_notification.desktop_notification:Sending desktop notification using 'notify2'
[4.449s] DEBUG:colcon.colcon_core.event_reactor:joined thread
[4.477s] INFO:colcon.colcon_core.shell:Creating prefix script '/home/wyatt/humble_AV_ws/install/local_setup.ps1'
[4.479s] INFO:colcon.colcon_core.shell:Creating prefix util module '/home/wyatt/humble_AV_ws/install/_local_setup_util_ps1.py'
[4.481s] INFO:colcon.colcon_core.shell:Creating prefix chain script '/home/wyatt/humble_AV_ws/install/setup.ps1'
[4.512s] INFO:colcon.colcon_core.shell:Creating prefix script '/home/wyatt/humble_AV_ws/install/local_setup.sh'
[4.513s] INFO:colcon.colcon_core.shell:Creating prefix util module '/home/wyatt/humble_AV_ws/install/_local_setup_util_sh.py'
[4.513s] INFO:colcon.colcon_core.shell:Creating prefix chain script '/home/wyatt/humble_AV_ws/install/setup.sh'
[4.544s] INFO:colcon.colcon_core.shell:Creating prefix script '/home/wyatt/humble_AV_ws/install/local_setup.bash'
[4.545s] INFO:colcon.colcon_core.shell:Creating prefix chain script '/home/wyatt/humble_AV_ws/install/setup.bash'
[4.575s] INFO:colcon.colcon_core.shell:Creating prefix script '/home/wyatt/humble_AV_ws/install/local_setup.zsh'
[4.575s] INFO:colcon.colcon_core.shell:Creating prefix chain script '/home/wyatt/humble_AV_ws/install/setup.zsh'
