[3.351s] Invoking command in '/home/wyatt/humble_AV_ws/src/my_best3': PYTHONPATH=/home/wyatt/humble_AV_ws/build/my_best3/prefix_override:/home/wyatt/humble_AV_ws/install/my_best3/lib/python3.10/site-packages:${PYTHONPATH} /usr/bin/python3 setup.py egg_info --egg-base ../../build/my_best3 build --build-base /home/wyatt/humble_AV_ws/build/my_best3/build install --record /home/wyatt/humble_AV_ws/build/my_best3/install.log --single-version-externally-managed
[4.145s] running egg_info
[4.147s] creating ../../build/my_best3/my_best3.egg-info
[4.147s] writing ../../build/my_best3/my_best3.egg-info/PKG-INFO
[4.148s] writing dependency_links to ../../build/my_best3/my_best3.egg-info/dependency_links.txt
[4.148s] writing entry points to ../../build/my_best3/my_best3.egg-info/entry_points.txt
[4.148s] writing requirements to ../../build/my_best3/my_best3.egg-info/requires.txt
[4.148s] writing top-level names to ../../build/my_best3/my_best3.egg-info/top_level.txt
[4.152s] writing manifest file '../../build/my_best3/my_best3.egg-info/SOURCES.txt'
[4.156s] reading manifest file '../../build/my_best3/my_best3.egg-info/SOURCES.txt'
[4.159s] writing manifest file '../../build/my_best3/my_best3.egg-info/SOURCES.txt'
[4.160s] running build
[4.160s] running build_py
[4.161s] creating /home/wyatt/humble_AV_ws/build/my_best3/build
[4.161s] creating /home/wyatt/humble_AV_ws/build/my_best3/build/lib
[4.162s] creating /home/wyatt/humble_AV_ws/build/my_best3/build/lib/my_best3
[4.162s] copying my_best3/my_pub.py -> /home/wyatt/humble_AV_ws/build/my_best3/build/lib/my_best3
[4.162s] copying my_best3/__init__.py -> /home/wyatt/humble_AV_ws/build/my_best3/build/lib/my_best3
[4.162s] copying my_best3/pub_pt.py -> /home/wyatt/humble_AV_ws/build/my_best3/build/lib/my_best3
[4.163s] copying my_best3/my_sub.py -> /home/wyatt/humble_AV_ws/build/my_best3/build/lib/my_best3
[4.163s] copying my_best3/sub_pt_pub_polar.py -> /home/wyatt/humble_AV_ws/build/my_best3/build/lib/my_best3
[4.163s] running install
[4.163s] running install_lib
[4.166s] creating /home/wyatt/humble_AV_ws/install/my_best3/lib/python3.10/site-packages/my_best3
[4.166s] copying /home/wyatt/humble_AV_ws/build/my_best3/build/lib/my_best3/my_pub.py -> /home/wyatt/humble_AV_ws/install/my_best3/lib/python3.10/site-packages/my_best3
[4.166s] copying /home/wyatt/humble_AV_ws/build/my_best3/build/lib/my_best3/__init__.py -> /home/wyatt/humble_AV_ws/install/my_best3/lib/python3.10/site-packages/my_best3
[4.167s] copying /home/wyatt/humble_AV_ws/build/my_best3/build/lib/my_best3/pub_pt.py -> /home/wyatt/humble_AV_ws/install/my_best3/lib/python3.10/site-packages/my_best3
[4.167s] copying /home/wyatt/humble_AV_ws/build/my_best3/build/lib/my_best3/my_sub.py -> /home/wyatt/humble_AV_ws/install/my_best3/lib/python3.10/site-packages/my_best3
[4.169s] copying /home/wyatt/humble_AV_ws/build/my_best3/build/lib/my_best3/sub_pt_pub_polar.py -> /home/wyatt/humble_AV_ws/install/my_best3/lib/python3.10/site-packages/my_best3
[4.169s] byte-compiling /home/wyatt/humble_AV_ws/install/my_best3/lib/python3.10/site-packages/my_best3/my_pub.py to my_pub.cpython-310.pyc
[4.170s] byte-compiling /home/wyatt/humble_AV_ws/install/my_best3/lib/python3.10/site-packages/my_best3/__init__.py to __init__.cpython-310.pyc
[4.171s] byte-compiling /home/wyatt/humble_AV_ws/install/my_best3/lib/python3.10/site-packages/my_best3/pub_pt.py to pub_pt.cpython-310.pyc
[4.171s] byte-compiling /home/wyatt/humble_AV_ws/install/my_best3/lib/python3.10/site-packages/my_best3/my_sub.py to my_sub.cpython-310.pyc
[4.171s] byte-compiling /home/wyatt/humble_AV_ws/install/my_best3/lib/python3.10/site-packages/my_best3/sub_pt_pub_polar.py to sub_pt_pub_polar.cpython-310.pyc
[4.171s] running install_data
[4.173s] creating /home/wyatt/humble_AV_ws/install/my_best3/share/ament_index
[4.190s] creating /home/wyatt/humble_AV_ws/install/my_best3/share/ament_index/resource_index
[4.190s] creating /home/wyatt/humble_AV_ws/install/my_best3/share/ament_index/resource_index/packages
[4.190s] copying resource/my_best3 -> /home/wyatt/humble_AV_ws/install/my_best3/share/ament_index/resource_index/packages
[4.190s] copying package.xml -> /home/wyatt/humble_AV_ws/install/my_best3/share/my_best3
[4.190s] running install_egg_info
[4.191s] Copying ../../build/my_best3/my_best3.egg-info to /home/wyatt/humble_AV_ws/install/my_best3/lib/python3.10/site-packages/my_best3-0.0.0-py3.10.egg-info
[4.191s] running install_scripts
[4.227s] Installing lets_go script to /home/wyatt/humble_AV_ws/install/my_best3/lib/my_best3
[4.227s] Installing listener script to /home/wyatt/humble_AV_ws/install/my_best3/lib/my_best3
[4.228s] Installing pub_me script to /home/wyatt/humble_AV_ws/install/my_best3/lib/my_best3
[4.228s] Installing talker script to /home/wyatt/humble_AV_ws/install/my_best3/lib/my_best3
[4.229s] writing list of installed files to '/home/wyatt/humble_AV_ws/build/my_best3/install.log'
[4.445s] Invoked command in '/home/wyatt/humble_AV_ws/src/my_best3' returned '0': PYTHONPATH=/home/wyatt/humble_AV_ws/build/my_best3/prefix_override:/home/wyatt/humble_AV_ws/install/my_best3/lib/python3.10/site-packages:${PYTHONPATH} /usr/bin/python3 setup.py egg_info --egg-base ../../build/my_best3 build --build-base /home/wyatt/humble_AV_ws/build/my_best3/build install --record /home/wyatt/humble_AV_ws/build/my_best3/install.log --single-version-externally-managed
