[1.216s] Invoking command in '/home/wyatt/humble_AV_ws/src/vehicle_pose_pkg': PYTHONPATH=/home/wyatt/humble_AV_ws/build/vehicle_pose_pkg/prefix_override:/home/wyatt/humble_AV_ws/install/vehicle_pose_pkg/lib/python3.10/site-packages:${PYTHONPATH} /usr/bin/python3 setup.py egg_info --egg-base ../../build/vehicle_pose_pkg build --build-base /home/wyatt/humble_AV_ws/build/vehicle_pose_pkg/build install --record /home/wyatt/humble_AV_ws/build/vehicle_pose_pkg/install.log --single-version-externally-managed
[1.618s] running egg_info
[1.619s] writing ../../build/vehicle_pose_pkg/vehicle_pose_pkg.egg-info/PKG-INFO
[1.619s] writing dependency_links to ../../build/vehicle_pose_pkg/vehicle_pose_pkg.egg-info/dependency_links.txt
[1.619s] writing entry points to ../../build/vehicle_pose_pkg/vehicle_pose_pkg.egg-info/entry_points.txt
[1.619s] writing requirements to ../../build/vehicle_pose_pkg/vehicle_pose_pkg.egg-info/requires.txt
[1.619s] writing top-level names to ../../build/vehicle_pose_pkg/vehicle_pose_pkg.egg-info/top_level.txt
[1.622s] reading manifest file '../../build/vehicle_pose_pkg/vehicle_pose_pkg.egg-info/SOURCES.txt'
[1.623s] writing manifest file '../../build/vehicle_pose_pkg/vehicle_pose_pkg.egg-info/SOURCES.txt'
[1.623s] running build
[1.623s] running build_py
[1.624s] copying vehicle_pose_pkg/sub_save.py -> /home/wyatt/humble_AV_ws/build/vehicle_pose_pkg/build/lib/vehicle_pose_pkg
[1.624s] running install
[1.624s] running install_lib
[1.625s] copying /home/wyatt/humble_AV_ws/build/vehicle_pose_pkg/build/lib/vehicle_pose_pkg/sub_save.py -> /home/wyatt/humble_AV_ws/install/vehicle_pose_pkg/lib/python3.10/site-packages/vehicle_pose_pkg
[1.626s] byte-compiling /home/wyatt/humble_AV_ws/install/vehicle_pose_pkg/lib/python3.10/site-packages/vehicle_pose_pkg/sub_save.py to sub_save.cpython-310.pyc
[1.627s] running install_data
[1.628s] running install_egg_info
[1.631s] removing '/home/wyatt/humble_AV_ws/install/vehicle_pose_pkg/lib/python3.10/site-packages/vehicle_pose_pkg-6.0.0-py3.10.egg-info' (and everything under it)
[1.631s] Copying ../../build/vehicle_pose_pkg/vehicle_pose_pkg.egg-info to /home/wyatt/humble_AV_ws/install/vehicle_pose_pkg/lib/python3.10/site-packages/vehicle_pose_pkg-6.0.0-py3.10.egg-info
[1.633s] running install_scripts
[1.661s] Installing sub_save script to /home/wyatt/humble_AV_ws/install/vehicle_pose_pkg/lib/vehicle_pose_pkg
[1.661s] writing list of installed files to '/home/wyatt/humble_AV_ws/build/vehicle_pose_pkg/install.log'
[1.702s] Invoked command in '/home/wyatt/humble_AV_ws/src/vehicle_pose_pkg' returned '0': PYTHONPATH=/home/wyatt/humble_AV_ws/build/vehicle_pose_pkg/prefix_override:/home/wyatt/humble_AV_ws/install/vehicle_pose_pkg/lib/python3.10/site-packages:${PYTHONPATH} /usr/bin/python3 setup.py egg_info --egg-base ../../build/vehicle_pose_pkg build --build-base /home/wyatt/humble_AV_ws/build/vehicle_pose_pkg/build install --record /home/wyatt/humble_AV_ws/build/vehicle_pose_pkg/install.log --single-version-externally-managed
