[2.073s] Invoking command in '/home/wyatt/avHW9/src/eml4842_gps_nav/gps_nav': PYTHONPATH=/home/wyatt/avHW9/build/gps_nav/prefix_override:/home/wyatt/avHW9/install/gps_nav/lib/python3.10/site-packages:${PYTHONPATH} /usr/bin/python3 setup.py egg_info --egg-base ../../../build/gps_nav build --build-base /home/wyatt/avHW9/build/gps_nav/build install --record /home/wyatt/avHW9/build/gps_nav/install.log --install-scripts $base/lib/gps_nav --single-version-externally-managed
[2.815s] /home/wyatt/.local/lib/python3.10/site-packages/setuptools/dist.py:717: UserWarning: Usage of dash-separated 'script-dir' will not be supported in future versions. Please use the underscore name 'script_dir' instead
[2.815s]   warnings.warn(
[2.907s] running egg_info
[2.911s] writing ../../../build/gps_nav/gps_nav.egg-info/PKG-INFO
[2.913s] writing dependency_links to ../../../build/gps_nav/gps_nav.egg-info/dependency_links.txt
[2.915s] writing entry points to ../../../build/gps_nav/gps_nav.egg-info/entry_points.txt
[2.916s] writing requirements to ../../../build/gps_nav/gps_nav.egg-info/requires.txt
[2.916s] writing top-level names to ../../../build/gps_nav/gps_nav.egg-info/top_level.txt
[2.922s] reading manifest file '../../../build/gps_nav/gps_nav.egg-info/SOURCES.txt'
[2.928s] writing manifest file '../../../build/gps_nav/gps_nav.egg-info/SOURCES.txt'
[2.928s] running build
[2.928s] running build_py
[2.929s] copying gps_nav/vehicle_controller.py -> /home/wyatt/avHW9/build/gps_nav/build/lib/gps_nav
[2.932s] running install
[2.937s] running install_lib
[2.944s] copying /home/wyatt/avHW9/build/gps_nav/build/lib/gps_nav/vehicle_controller.py -> /home/wyatt/avHW9/install/gps_nav/lib/python3.10/site-packages/gps_nav
[2.944s] byte-compiling /home/wyatt/avHW9/install/gps_nav/lib/python3.10/site-packages/gps_nav/vehicle_controller.py to vehicle_controller.cpython-310.pyc
[2.944s] running install_data
[2.947s] running install_egg_info
[2.955s] removing '/home/wyatt/avHW9/install/gps_nav/lib/python3.10/site-packages/gps_nav-0.0.1-py3.10.egg-info' (and everything under it)
[2.955s] Copying ../../../build/gps_nav/gps_nav.egg-info to /home/wyatt/avHW9/install/gps_nav/lib/python3.10/site-packages/gps_nav-0.0.1-py3.10.egg-info
[2.960s] running install_scripts
[3.005s] Installing goal_pose_creator script to /home/wyatt/avHW9/install/gps_nav/lib/gps_nav
[3.010s] Installing goal_pose_visualizer script to /home/wyatt/avHW9/install/gps_nav/lib/gps_nav
[3.010s] Installing motion_spec_provider script to /home/wyatt/avHW9/install/gps_nav/lib/gps_nav
[3.010s] Installing route_pose_provider script to /home/wyatt/avHW9/install/gps_nav/lib/gps_nav
[3.010s] Installing route_pose_visualizer script to /home/wyatt/avHW9/install/gps_nav/lib/gps_nav
[3.011s] Installing vehicle_controller script to /home/wyatt/avHW9/install/gps_nav/lib/gps_nav
[3.011s] Installing vehicle_simulator script to /home/wyatt/avHW9/install/gps_nav/lib/gps_nav
[3.011s] writing list of installed files to '/home/wyatt/avHW9/build/gps_nav/install.log'
[3.076s] Invoked command in '/home/wyatt/avHW9/src/eml4842_gps_nav/gps_nav' returned '0': PYTHONPATH=/home/wyatt/avHW9/build/gps_nav/prefix_override:/home/wyatt/avHW9/install/gps_nav/lib/python3.10/site-packages:${PYTHONPATH} /usr/bin/python3 setup.py egg_info --egg-base ../../../build/gps_nav build --build-base /home/wyatt/avHW9/build/gps_nav/build install --record /home/wyatt/avHW9/build/gps_nav/install.log --install-scripts $base/lib/gps_nav --single-version-externally-managed
