/home/wyatt/humble_AV_ws/install/my_best3/lib/python3.10/site-packages/my_best3/my_pub.py
/home/wyatt/humble_AV_ws/install/my_best3/lib/python3.10/site-packages/my_best3/__init__.py
/home/wyatt/humble_AV_ws/install/my_best3/lib/python3.10/site-packages/my_best3/pub_pt.py
/home/wyatt/humble_AV_ws/install/my_best3/lib/python3.10/site-packages/my_best3/my_sub.py
/home/wyatt/humble_AV_ws/install/my_best3/lib/python3.10/site-packages/my_best3/sub_pt_pub_polar.py
/home/wyatt/humble_AV_ws/install/my_best3/lib/python3.10/site-packages/my_best3/__pycache__/my_pub.cpython-310.pyc
/home/wyatt/humble_AV_ws/install/my_best3/lib/python3.10/site-packages/my_best3/__pycache__/__init__.cpython-310.pyc
/home/wyatt/humble_AV_ws/install/my_best3/lib/python3.10/site-packages/my_best3/__pycache__/pub_pt.cpython-310.pyc
/home/wyatt/humble_AV_ws/install/my_best3/lib/python3.10/site-packages/my_best3/__pycache__/my_sub.cpython-310.pyc
/home/wyatt/humble_AV_ws/install/my_best3/lib/python3.10/site-packages/my_best3/__pycache__/sub_pt_pub_polar.cpython-310.pyc
/home/wyatt/humble_AV_ws/install/my_best3/share/ament_index/resource_index/packages/my_best3
/home/wyatt/humble_AV_ws/install/my_best3/share/my_best3/package.xml
/home/wyatt/humble_AV_ws/install/my_best3/lib/python3.10/site-packages/my_best3-0.0.0-py3.10.egg-info/SOURCES.txt
/home/wyatt/humble_AV_ws/install/my_best3/lib/python3.10/site-packages/my_best3-0.0.0-py3.10.egg-info/PKG-INFO
/home/wyatt/humble_AV_ws/install/my_best3/lib/python3.10/site-packages/my_best3-0.0.0-py3.10.egg-info/top_level.txt
/home/wyatt/humble_AV_ws/install/my_best3/lib/python3.10/site-packages/my_best3-0.0.0-py3.10.egg-info/requires.txt
/home/wyatt/humble_AV_ws/install/my_best3/lib/python3.10/site-packages/my_best3-0.0.0-py3.10.egg-info/entry_points.txt
/home/wyatt/humble_AV_ws/install/my_best3/lib/python3.10/site-packages/my_best3-0.0.0-py3.10.egg-info/dependency_links.txt
/home/wyatt/humble_AV_ws/install/my_best3/lib/python3.10/site-packages/my_best3-0.0.0-py3.10.egg-info/zip-safe
/home/wyatt/humble_AV_ws/install/my_best3/lib/my_best3/lets_go
/home/wyatt/humble_AV_ws/install/my_best3/lib/my_best3/listener
/home/wyatt/humble_AV_ws/install/my_best3/lib/my_best3/pub_me
/home/wyatt/humble_AV_ws/install/my_best3/lib/my_best3/talker
