running egg_info
creating ../../build/vehicle_pose_pkg/vehicle_pose_pkg.egg-info
writing ../../build/vehicle_pose_pkg/vehicle_pose_pkg.egg-info/PKG-INFO
writing dependency_links to ../../build/vehicle_pose_pkg/vehicle_pose_pkg.egg-info/dependency_links.txt
writing entry points to ../../build/vehicle_pose_pkg/vehicle_pose_pkg.egg-info/entry_points.txt
writing requirements to ../../build/vehicle_pose_pkg/vehicle_pose_pkg.egg-info/requires.txt
writing top-level names to ../../build/vehicle_pose_pkg/vehicle_pose_pkg.egg-info/top_level.txt
writing manifest file '../../build/vehicle_pose_pkg/vehicle_pose_pkg.egg-info/SOURCES.txt'
reading manifest file '../../build/vehicle_pose_pkg/vehicle_pose_pkg.egg-info/SOURCES.txt'
writing manifest file '../../build/vehicle_pose_pkg/vehicle_pose_pkg.egg-info/SOURCES.txt'
running build
running build_py
creating /home/wyatt/humble_AV_ws/build/vehicle_pose_pkg/build
creating /home/wyatt/humble_AV_ws/build/vehicle_pose_pkg/build/lib
creating /home/wyatt/humble_AV_ws/build/vehicle_pose_pkg/build/lib/vehicle_pose_pkg
copying vehicle_pose_pkg/sub_save.py -> /home/wyatt/humble_AV_ws/build/vehicle_pose_pkg/build/lib/vehicle_pose_pkg
copying vehicle_pose_pkg/__init__.py -> /home/wyatt/humble_AV_ws/build/vehicle_pose_pkg/build/lib/vehicle_pose_pkg
running install
running install_lib
creating /home/wyatt/humble_AV_ws/install/vehicle_pose_pkg/lib/python3.10/site-packages/vehicle_pose_pkg
copying /home/wyatt/humble_AV_ws/build/vehicle_pose_pkg/build/lib/vehicle_pose_pkg/sub_save.py -> /home/wyatt/humble_AV_ws/install/vehicle_pose_pkg/lib/python3.10/site-packages/vehicle_pose_pkg
copying /home/wyatt/humble_AV_ws/build/vehicle_pose_pkg/build/lib/vehicle_pose_pkg/__init__.py -> /home/wyatt/humble_AV_ws/install/vehicle_pose_pkg/lib/python3.10/site-packages/vehicle_pose_pkg
byte-compiling /home/wyatt/humble_AV_ws/install/vehicle_pose_pkg/lib/python3.10/site-packages/vehicle_pose_pkg/sub_save.py to sub_save.cpython-310.pyc
byte-compiling /home/wyatt/humble_AV_ws/install/vehicle_pose_pkg/lib/python3.10/site-packages/vehicle_pose_pkg/__init__.py to __init__.cpython-310.pyc
running install_data
creating /home/wyatt/humble_AV_ws/install/vehicle_pose_pkg/share/ament_index
creating /home/wyatt/humble_AV_ws/install/vehicle_pose_pkg/share/ament_index/resource_index
creating /home/wyatt/humble_AV_ws/install/vehicle_pose_pkg/share/ament_index/resource_index/packages
copying resource/vehicle_pose_pkg -> /home/wyatt/humble_AV_ws/install/vehicle_pose_pkg/share/ament_index/resource_index/packages
copying package.xml -> /home/wyatt/humble_AV_ws/install/vehicle_pose_pkg/share/vehicle_pose_pkg
creating /home/wyatt/humble_AV_ws/install/vehicle_pose_pkg/share/vehicle_pose_pkg/launch
copying launch/vehicle_pose_pkg_launch.yaml -> /home/wyatt/humble_AV_ws/install/vehicle_pose_pkg/share/vehicle_pose_pkg/launch
running install_egg_info
Copying ../../build/vehicle_pose_pkg/vehicle_pose_pkg.egg-info to /home/wyatt/humble_AV_ws/install/vehicle_pose_pkg/lib/python3.10/site-packages/vehicle_pose_pkg-6.0.0-py3.10.egg-info
running install_scripts
Installing sub_save script to /home/wyatt/humble_AV_ws/install/vehicle_pose_pkg/lib/vehicle_pose_pkg
writing list of installed files to '/home/wyatt/humble_AV_ws/build/vehicle_pose_pkg/install.log'
