/home/wyatt/avHW9/install/gps_nav/lib/python3.10/site-packages/gps_nav/route_pose_provider.py
/home/wyatt/avHW9/install/gps_nav/lib/python3.10/site-packages/gps_nav/vehicle_simulator.py
/home/wyatt/avHW9/install/gps_nav/lib/python3.10/site-packages/gps_nav/__init__.py
/home/wyatt/avHW9/install/gps_nav/lib/python3.10/site-packages/gps_nav/vehicle_controller.py
/home/wyatt/avHW9/install/gps_nav/lib/python3.10/site-packages/gps_nav/goal_pose_visualizer.py
/home/wyatt/avHW9/install/gps_nav/lib/python3.10/site-packages/gps_nav/goal_pose_creator.py
/home/wyatt/avHW9/install/gps_nav/lib/python3.10/site-packages/gps_nav/motion_spec_provider.py
/home/wyatt/avHW9/install/gps_nav/lib/python3.10/site-packages/gps_nav/route_pose_visualizer.py
/home/wyatt/avHW9/install/gps_nav/lib/python3.10/site-packages/gps_nav/uf_support/__init__.py
/home/wyatt/avHW9/install/gps_nav/lib/python3.10/site-packages/gps_nav/uf_support/geometry_support.py
/home/wyatt/avHW9/install/gps_nav/lib/python3.10/site-packages/gps_nav/uf_support/route_support.py
/home/wyatt/avHW9/install/gps_nav/lib/python3.10/site-packages/gps_nav/__pycache__/route_pose_provider.cpython-310.pyc
/home/wyatt/avHW9/install/gps_nav/lib/python3.10/site-packages/gps_nav/__pycache__/vehicle_simulator.cpython-310.pyc
/home/wyatt/avHW9/install/gps_nav/lib/python3.10/site-packages/gps_nav/__pycache__/__init__.cpython-310.pyc
/home/wyatt/avHW9/install/gps_nav/lib/python3.10/site-packages/gps_nav/__pycache__/vehicle_controller.cpython-310.pyc
/home/wyatt/avHW9/install/gps_nav/lib/python3.10/site-packages/gps_nav/__pycache__/goal_pose_visualizer.cpython-310.pyc
/home/wyatt/avHW9/install/gps_nav/lib/python3.10/site-packages/gps_nav/__pycache__/goal_pose_creator.cpython-310.pyc
/home/wyatt/avHW9/install/gps_nav/lib/python3.10/site-packages/gps_nav/__pycache__/motion_spec_provider.cpython-310.pyc
/home/wyatt/avHW9/install/gps_nav/lib/python3.10/site-packages/gps_nav/__pycache__/route_pose_visualizer.cpython-310.pyc
/home/wyatt/avHW9/install/gps_nav/lib/python3.10/site-packages/gps_nav/uf_support/__pycache__/__init__.cpython-310.pyc
/home/wyatt/avHW9/install/gps_nav/lib/python3.10/site-packages/gps_nav/uf_support/__pycache__/geometry_support.cpython-310.pyc
/home/wyatt/avHW9/install/gps_nav/lib/python3.10/site-packages/gps_nav/uf_support/__pycache__/route_support.cpython-310.pyc
/home/wyatt/avHW9/install/gps_nav/share/ament_index/resource_index/packages/gps_nav
/home/wyatt/avHW9/install/gps_nav/share/gps_nav/package.xml
/home/wyatt/avHW9/install/gps_nav/share/gps_nav/launch/visualization.launch.py
/home/wyatt/avHW9/install/gps_nav/share/gps_nav/launch/vehicle.launch.py
/home/wyatt/avHW9/install/gps_nav/share/gps_nav/launch/simulation_demo.launch.py
/home/wyatt/avHW9/install/gps_nav/share/gps_nav/data/pose_list.txt
/home/wyatt/avHW9/install/gps_nav/share/gps_nav/data/stockpile/tyn.txt
/home/wyatt/avHW9/install/gps_nav/share/gps_nav/data/stockpile/my_bandshell_pose_list.txt
/home/wyatt/avHW9/install/gps_nav/share/gps_nav/data/stockpile/depot_path.txt
/home/wyatt/avHW9/install/gps_nav/share/gps_nav/data/stockpile/field_path.txt
/home/wyatt/avHW9/install/gps_nav/share/gps_nav/data/stockpile/bandshell_1.txt
/home/wyatt/avHW9/install/gps_nav/share/gps_nav/data/stockpile/path_list_B.txt
/home/wyatt/avHW9/install/gps_nav/share/gps_nav/data/stockpile/my_out_for_now.txt
/home/wyatt/avHW9/install/gps_nav/share/gps_nav/data/stockpile/path_list_orig.txt
/home/wyatt/avHW9/install/gps_nav/share/gps_nav/data/stockpile/path_list_A.txt
/home/wyatt/avHW9/install/gps_nav/share/gps_nav/data/stockpile/depot_path_UTM.txt
/home/wyatt/avHW9/install/gps_nav/share/gps_nav/data/stockpile/BB_to_MAEB.txt
/home/wyatt/avHW9/install/gps_nav/share/gps_nav/data/stockpile/tyndall2_path_list.txt
/home/wyatt/avHW9/install/gps_nav/share/gps_nav/data/stockpile/tyndall3_path_list.txt
/home/wyatt/avHW9/install/gps_nav/share/gps_nav/data/stockpile/tyn_path_list.txt
/home/wyatt/avHW9/install/gps_nav/share/gps_nav/rviz/bandshell_1.rviz
/home/wyatt/avHW9/install/gps_nav/share/gps_nav/rviz/gps_nav.rviz
/home/wyatt/avHW9/install/gps_nav/share/gps_nav/rviz/depot_park.rviz
/home/wyatt/avHW9/install/gps_nav/share/gps_nav/scripts/kml_to_route.py
/home/wyatt/avHW9/install/gps_nav/share/gps_nav/scripts/convert_to_UTM.py
/home/wyatt/avHW9/install/gps_nav/share/gps_nav/scripts/process_pose_list.py
/home/wyatt/avHW9/install/gps_nav/lib/python3.10/site-packages/gps_nav-0.0.1-py3.10.egg-info/SOURCES.txt
/home/wyatt/avHW9/install/gps_nav/lib/python3.10/site-packages/gps_nav-0.0.1-py3.10.egg-info/PKG-INFO
/home/wyatt/avHW9/install/gps_nav/lib/python3.10/site-packages/gps_nav-0.0.1-py3.10.egg-info/top_level.txt
/home/wyatt/avHW9/install/gps_nav/lib/python3.10/site-packages/gps_nav-0.0.1-py3.10.egg-info/requires.txt
/home/wyatt/avHW9/install/gps_nav/lib/python3.10/site-packages/gps_nav-0.0.1-py3.10.egg-info/entry_points.txt
/home/wyatt/avHW9/install/gps_nav/lib/python3.10/site-packages/gps_nav-0.0.1-py3.10.egg-info/dependency_links.txt
/home/wyatt/avHW9/install/gps_nav/lib/python3.10/site-packages/gps_nav-0.0.1-py3.10.egg-info/zip-safe
/home/wyatt/avHW9/install/gps_nav/lib/gps_nav/goal_pose_creator
/home/wyatt/avHW9/install/gps_nav/lib/gps_nav/goal_pose_visualizer
/home/wyatt/avHW9/install/gps_nav/lib/gps_nav/motion_spec_provider
/home/wyatt/avHW9/install/gps_nav/lib/gps_nav/route_pose_provider
/home/wyatt/avHW9/install/gps_nav/lib/gps_nav/route_pose_visualizer
/home/wyatt/avHW9/install/gps_nav/lib/gps_nav/vehicle_controller
/home/wyatt/avHW9/install/gps_nav/lib/gps_nav/vehicle_simulator
