running egg_info
creating ../../build/hw10/hw10.egg-info
writing ../../build/hw10/hw10.egg-info/PKG-INFO
writing dependency_links to ../../build/hw10/hw10.egg-info/dependency_links.txt
writing entry points to ../../build/hw10/hw10.egg-info/entry_points.txt
writing requirements to ../../build/hw10/hw10.egg-info/requires.txt
writing top-level names to ../../build/hw10/hw10.egg-info/top_level.txt
writing manifest file '../../build/hw10/hw10.egg-info/SOURCES.txt'
reading manifest file '../../build/hw10/hw10.egg-info/SOURCES.txt'
writing manifest file '../../build/hw10/hw10.egg-info/SOURCES.txt'
running build
running build_py
creating /home/wyatt/avHW9/build/hw10/build
creating /home/wyatt/avHW9/build/hw10/build/lib
creating /home/wyatt/avHW9/build/hw10/build/lib/hw10
copying hw10/__init__.py -> /home/wyatt/avHW9/build/hw10/build/lib/hw10
copying hw10/pose_estimator.py -> /home/wyatt/avHW9/build/hw10/build/lib/hw10
running install
running install_lib
creating /home/wyatt/avHW9/install/hw10/lib/python3.10/site-packages/hw10
copying /home/wyatt/avHW9/build/hw10/build/lib/hw10/__init__.py -> /home/wyatt/avHW9/install/hw10/lib/python3.10/site-packages/hw10
copying /home/wyatt/avHW9/build/hw10/build/lib/hw10/pose_estimator.py -> /home/wyatt/avHW9/install/hw10/lib/python3.10/site-packages/hw10
byte-compiling /home/wyatt/avHW9/install/hw10/lib/python3.10/site-packages/hw10/__init__.py to __init__.cpython-310.pyc
byte-compiling /home/wyatt/avHW9/install/hw10/lib/python3.10/site-packages/hw10/pose_estimator.py to pose_estimator.cpython-310.pyc
running install_data
creating /home/wyatt/avHW9/install/hw10/share/ament_index
creating /home/wyatt/avHW9/install/hw10/share/ament_index/resource_index
creating /home/wyatt/avHW9/install/hw10/share/ament_index/resource_index/packages
copying resource/hw10 -> /home/wyatt/avHW9/install/hw10/share/ament_index/resource_index/packages
copying package.xml -> /home/wyatt/avHW9/install/hw10/share/hw10
running install_egg_info
Copying ../../build/hw10/hw10.egg-info to /home/wyatt/avHW9/install/hw10/lib/python3.10/site-packages/hw10-0.0.0-py3.10.egg-info
running install_scripts
Installing pose_estimator script to /home/wyatt/avHW9/install/hw10/lib/hw10
writing list of installed files to '/home/wyatt/avHW9/build/hw10/install.log'
