[4.009s] DEBUG:colcon:Command line arguments: ['/usr/bin/colcon', 'build']
[4.010s] DEBUG:colcon:Parsed command line arguments: Namespace(log_base=None, log_level=None, verb_name='build', build_base='build', install_base='install', merge_install=False, symlink_install=False, test_result_base=None, continue_on_error=False, executor='parallel', parallel_workers=4, event_handlers=None, ignore_user_meta=False, metas=['./colcon.meta'], base_paths=['.'], packages_ignore=None, packages_ignore_regex=None, paths=None, packages_up_to=None, packages_up_to_regex=None, packages_above=None, packages_above_and_dependencies=None, packages_above_depth=None, packages_select_by_dep=None, packages_skip_by_dep=None, packages_skip_up_to=None, packages_select_build_failed=False, packages_skip_build_finished=False, packages_select_test_failures=False, packages_skip_test_passed=False, packages_select=None, packages_skip=None, packages_select_regex=None, packages_skip_regex=None, packages_start=None, packages_end=None, allow_overriding=[], cmake_args=None, cmake_target=None, cmake_target_skip_unavailable=False, cmake_clean_cache=False, cmake_clean_first=False, cmake_force_configure=False, ament_cmake_args=None, catkin_cmake_args=None, catkin_skip_building_tests=False, verb_parser=<colcon_defaults.argument_parser.defaults.DefaultArgumentsDecorator object at 0x7f0152042b90>, verb_extension=<colcon_core.verb.build.BuildVerb object at 0x7f0151f95990>, main=<bound method BuildVerb.main of <colcon_core.verb.build.BuildVerb object at 0x7f0151f95990>>)
[4.197s] Level 1:colcon.colcon_core.package_discovery:discover_packages(colcon_meta) check parameters
[4.198s] Level 1:colcon.colcon_core.package_discovery:discover_packages(recursive) check parameters
[4.198s] Level 1:colcon.colcon_core.package_discovery:discover_packages(ignore) check parameters
[4.198s] Level 1:colcon.colcon_core.package_discovery:discover_packages(path) check parameters
[4.198s] Level 1:colcon.colcon_core.package_discovery:discover_packages(colcon_meta) discover
[4.198s] Level 1:colcon.colcon_core.package_discovery:discover_packages(recursive) discover
[4.198s] INFO:colcon.colcon_core.package_discovery:Crawling recursively for packages in '/home/wyatt/avHW9'
[4.198s] Level 1:colcon.colcon_core.package_identification:_identify(.) by extensions ['ignore', 'ignore_ament_install']
[4.199s] Level 1:colcon.colcon_core.package_identification:_identify(.) by extension 'ignore'
[4.199s] Level 1:colcon.colcon_core.package_identification:_identify(.) by extension 'ignore_ament_install'
[4.199s] Level 1:colcon.colcon_core.package_identification:_identify(.) by extensions ['colcon_pkg']
[4.199s] Level 1:colcon.colcon_core.package_identification:_identify(.) by extension 'colcon_pkg'
[4.199s] Level 1:colcon.colcon_core.package_identification:_identify(.) by extensions ['colcon_meta']
[4.200s] Level 1:colcon.colcon_core.package_identification:_identify(.) by extension 'colcon_meta'
[4.200s] Level 1:colcon.colcon_core.package_identification:_identify(.) by extensions ['ros']
[4.200s] Level 1:colcon.colcon_core.package_identification:_identify(.) by extension 'ros'
[4.278s] Level 1:colcon.colcon_core.package_identification:_identify(.) by extensions ['cmake', 'python']
[4.279s] Level 1:colcon.colcon_core.package_identification:_identify(.) by extension 'cmake'
[4.279s] Level 1:colcon.colcon_core.package_identification:_identify(.) by extension 'python'
[4.279s] Level 1:colcon.colcon_core.package_identification:_identify(.) by extensions ['python_setup_py']
[4.279s] Level 1:colcon.colcon_core.package_identification:_identify(.) by extension 'python_setup_py'
[4.279s] Level 1:colcon.colcon_core.package_identification:_identify(build) by extensions ['ignore', 'ignore_ament_install']
[4.280s] Level 1:colcon.colcon_core.package_identification:_identify(build) by extension 'ignore'
[4.280s] Level 1:colcon.colcon_core.package_identification:_identify(build) ignored
[4.280s] Level 1:colcon.colcon_core.package_identification:_identify(install) by extensions ['ignore', 'ignore_ament_install']
[4.280s] Level 1:colcon.colcon_core.package_identification:_identify(install) by extension 'ignore'
[4.281s] Level 1:colcon.colcon_core.package_identification:_identify(install) ignored
[4.281s] Level 1:colcon.colcon_core.package_identification:_identify(log) by extensions ['ignore', 'ignore_ament_install']
[4.281s] Level 1:colcon.colcon_core.package_identification:_identify(log) by extension 'ignore'
[4.281s] Level 1:colcon.colcon_core.package_identification:_identify(log) ignored
[4.282s] Level 1:colcon.colcon_core.package_identification:_identify(src) by extensions ['ignore', 'ignore_ament_install']
[4.282s] Level 1:colcon.colcon_core.package_identification:_identify(src) by extension 'ignore'
[4.282s] Level 1:colcon.colcon_core.package_identification:_identify(src) by extension 'ignore_ament_install'
[4.282s] Level 1:colcon.colcon_core.package_identification:_identify(src) by extensions ['colcon_pkg']
[4.282s] Level 1:colcon.colcon_core.package_identification:_identify(src) by extension 'colcon_pkg'
[4.282s] Level 1:colcon.colcon_core.package_identification:_identify(src) by extensions ['colcon_meta']
[4.282s] Level 1:colcon.colcon_core.package_identification:_identify(src) by extension 'colcon_meta'
[4.283s] Level 1:colcon.colcon_core.package_identification:_identify(src) by extensions ['ros']
[4.283s] Level 1:colcon.colcon_core.package_identification:_identify(src) by extension 'ros'
[4.283s] Level 1:colcon.colcon_core.package_identification:_identify(src) by extensions ['cmake', 'python']
[4.283s] Level 1:colcon.colcon_core.package_identification:_identify(src) by extension 'cmake'
[4.283s] Level 1:colcon.colcon_core.package_identification:_identify(src) by extension 'python'
[4.283s] Level 1:colcon.colcon_core.package_identification:_identify(src) by extensions ['python_setup_py']
[4.284s] Level 1:colcon.colcon_core.package_identification:_identify(src) by extension 'python_setup_py'
[4.284s] Level 1:colcon.colcon_core.package_identification:_identify(src/eml4842_gps_nav) by extensions ['ignore', 'ignore_ament_install']
[4.284s] Level 1:colcon.colcon_core.package_identification:_identify(src/eml4842_gps_nav) by extension 'ignore'
[4.284s] Level 1:colcon.colcon_core.package_identification:_identify(src/eml4842_gps_nav) by extension 'ignore_ament_install'
[4.285s] Level 1:colcon.colcon_core.package_identification:_identify(src/eml4842_gps_nav) by extensions ['colcon_pkg']
[4.285s] Level 1:colcon.colcon_core.package_identification:_identify(src/eml4842_gps_nav) by extension 'colcon_pkg'
[4.285s] Level 1:colcon.colcon_core.package_identification:_identify(src/eml4842_gps_nav) by extensions ['colcon_meta']
[4.285s] Level 1:colcon.colcon_core.package_identification:_identify(src/eml4842_gps_nav) by extension 'colcon_meta'
[4.285s] Level 1:colcon.colcon_core.package_identification:_identify(src/eml4842_gps_nav) by extensions ['ros']
[4.285s] Level 1:colcon.colcon_core.package_identification:_identify(src/eml4842_gps_nav) by extension 'ros'
[4.286s] Level 1:colcon.colcon_core.package_identification:_identify(src/eml4842_gps_nav) by extensions ['cmake', 'python']
[4.286s] Level 1:colcon.colcon_core.package_identification:_identify(src/eml4842_gps_nav) by extension 'cmake'
[4.286s] Level 1:colcon.colcon_core.package_identification:_identify(src/eml4842_gps_nav) by extension 'python'
[4.286s] Level 1:colcon.colcon_core.package_identification:_identify(src/eml4842_gps_nav) by extensions ['python_setup_py']
[4.286s] Level 1:colcon.colcon_core.package_identification:_identify(src/eml4842_gps_nav) by extension 'python_setup_py'
[4.286s] Level 1:colcon.colcon_core.package_identification:_identify(src/eml4842_gps_nav/gps_nav) by extensions ['ignore', 'ignore_ament_install']
[4.287s] Level 1:colcon.colcon_core.package_identification:_identify(src/eml4842_gps_nav/gps_nav) by extension 'ignore'
[4.287s] Level 1:colcon.colcon_core.package_identification:_identify(src/eml4842_gps_nav/gps_nav) by extension 'ignore_ament_install'
[4.287s] Level 1:colcon.colcon_core.package_identification:_identify(src/eml4842_gps_nav/gps_nav) by extensions ['colcon_pkg']
[4.287s] Level 1:colcon.colcon_core.package_identification:_identify(src/eml4842_gps_nav/gps_nav) by extension 'colcon_pkg'
[4.287s] Level 1:colcon.colcon_core.package_identification:_identify(src/eml4842_gps_nav/gps_nav) by extensions ['colcon_meta']
[4.287s] Level 1:colcon.colcon_core.package_identification:_identify(src/eml4842_gps_nav/gps_nav) by extension 'colcon_meta'
[4.287s] Level 1:colcon.colcon_core.package_identification:_identify(src/eml4842_gps_nav/gps_nav) by extensions ['ros']
[4.288s] Level 1:colcon.colcon_core.package_identification:_identify(src/eml4842_gps_nav/gps_nav) by extension 'ros'
[4.304s] DEBUG:colcon.colcon_core.package_identification:Package 'src/eml4842_gps_nav/gps_nav' with type 'ros.ament_python' and name 'gps_nav'
[4.305s] Level 1:colcon.colcon_core.package_identification:_identify(src/eml4842_gps_nav/gps_nav_interfaces) by extensions ['ignore', 'ignore_ament_install']
[4.305s] Level 1:colcon.colcon_core.package_identification:_identify(src/eml4842_gps_nav/gps_nav_interfaces) by extension 'ignore'
[4.306s] Level 1:colcon.colcon_core.package_identification:_identify(src/eml4842_gps_nav/gps_nav_interfaces) by extension 'ignore_ament_install'
[4.306s] Level 1:colcon.colcon_core.package_identification:_identify(src/eml4842_gps_nav/gps_nav_interfaces) by extensions ['colcon_pkg']
[4.306s] Level 1:colcon.colcon_core.package_identification:_identify(src/eml4842_gps_nav/gps_nav_interfaces) by extension 'colcon_pkg'
[4.306s] Level 1:colcon.colcon_core.package_identification:_identify(src/eml4842_gps_nav/gps_nav_interfaces) by extensions ['colcon_meta']
[4.306s] Level 1:colcon.colcon_core.package_identification:_identify(src/eml4842_gps_nav/gps_nav_interfaces) by extension 'colcon_meta'
[4.306s] Level 1:colcon.colcon_core.package_identification:_identify(src/eml4842_gps_nav/gps_nav_interfaces) by extensions ['ros']
[4.306s] Level 1:colcon.colcon_core.package_identification:_identify(src/eml4842_gps_nav/gps_nav_interfaces) by extension 'ros'
[4.309s] DEBUG:colcon.colcon_core.package_identification:Package 'src/eml4842_gps_nav/gps_nav_interfaces' with type 'ros.ament_cmake' and name 'gps_nav_interfaces'
[4.309s] Level 1:colcon.colcon_core.package_discovery:discover_packages(recursive) using defaults
[4.309s] Level 1:colcon.colcon_core.package_discovery:discover_packages(ignore) discover
[4.309s] Level 1:colcon.colcon_core.package_discovery:discover_packages(ignore) using defaults
[4.309s] Level 1:colcon.colcon_core.package_discovery:discover_packages(path) discover
[4.310s] Level 1:colcon.colcon_core.package_discovery:discover_packages(path) using defaults
[4.650s] Level 1:colcon.colcon_core.package_discovery:discover_packages(prefix_path) check parameters
[4.650s] Level 1:colcon.colcon_core.package_discovery:discover_packages(prefix_path) discover
[4.774s] DEBUG:colcon.colcon_installed_package_information.package_discovery:Found 286 installed packages in /opt/ros/humble
[4.780s] Level 1:colcon.colcon_core.package_discovery:discover_packages(prefix_path) using defaults
[5.131s] Level 5:colcon.colcon_core.verb:set package 'gps_nav_interfaces' build argument 'cmake_args' from command line to 'None'
[5.131s] Level 5:colcon.colcon_core.verb:set package 'gps_nav_interfaces' build argument 'cmake_target' from command line to 'None'
[5.131s] Level 5:colcon.colcon_core.verb:set package 'gps_nav_interfaces' build argument 'cmake_target_skip_unavailable' from command line to 'False'
[5.131s] Level 5:colcon.colcon_core.verb:set package 'gps_nav_interfaces' build argument 'cmake_clean_cache' from command line to 'False'
[5.131s] Level 5:colcon.colcon_core.verb:set package 'gps_nav_interfaces' build argument 'cmake_clean_first' from command line to 'False'
[5.131s] Level 5:colcon.colcon_core.verb:set package 'gps_nav_interfaces' build argument 'cmake_force_configure' from command line to 'False'
[5.132s] Level 5:colcon.colcon_core.verb:set package 'gps_nav_interfaces' build argument 'ament_cmake_args' from command line to 'None'
[5.132s] Level 5:colcon.colcon_core.verb:set package 'gps_nav_interfaces' build argument 'catkin_cmake_args' from command line to 'None'
[5.132s] Level 5:colcon.colcon_core.verb:set package 'gps_nav_interfaces' build argument 'catkin_skip_building_tests' from command line to 'False'
[5.132s] DEBUG:colcon.colcon_core.verb:Building package 'gps_nav_interfaces' with the following arguments: {'ament_cmake_args': None, 'build_base': '/home/wyatt/avHW9/build/gps_nav_interfaces', 'catkin_cmake_args': None, 'catkin_skip_building_tests': False, 'cmake_args': None, 'cmake_clean_cache': False, 'cmake_clean_first': False, 'cmake_force_configure': False, 'cmake_target': None, 'cmake_target_skip_unavailable': False, 'install_base': '/home/wyatt/avHW9/install/gps_nav_interfaces', 'merge_install': False, 'path': '/home/wyatt/avHW9/src/eml4842_gps_nav/gps_nav_interfaces', 'symlink_install': False, 'test_result_base': None}
[5.179s] Level 5:colcon.colcon_core.verb:set package 'gps_nav' build argument 'cmake_args' from command line to 'None'
[5.179s] Level 5:colcon.colcon_core.verb:set package 'gps_nav' build argument 'cmake_target' from command line to 'None'
[5.179s] Level 5:colcon.colcon_core.verb:set package 'gps_nav' build argument 'cmake_target_skip_unavailable' from command line to 'False'
[5.179s] Level 5:colcon.colcon_core.verb:set package 'gps_nav' build argument 'cmake_clean_cache' from command line to 'False'
[5.179s] Level 5:colcon.colcon_core.verb:set package 'gps_nav' build argument 'cmake_clean_first' from command line to 'False'
[5.180s] Level 5:colcon.colcon_core.verb:set package 'gps_nav' build argument 'cmake_force_configure' from command line to 'False'
[5.180s] Level 5:colcon.colcon_core.verb:set package 'gps_nav' build argument 'ament_cmake_args' from command line to 'None'
[5.180s] Level 5:colcon.colcon_core.verb:set package 'gps_nav' build argument 'catkin_cmake_args' from command line to 'None'
[5.180s] Level 5:colcon.colcon_core.verb:set package 'gps_nav' build argument 'catkin_skip_building_tests' from command line to 'False'
[5.180s] DEBUG:colcon.colcon_core.verb:Building package 'gps_nav' with the following arguments: {'ament_cmake_args': None, 'build_base': '/home/wyatt/avHW9/build/gps_nav', 'catkin_cmake_args': None, 'catkin_skip_building_tests': False, 'cmake_args': None, 'cmake_clean_cache': False, 'cmake_clean_first': False, 'cmake_force_configure': False, 'cmake_target': None, 'cmake_target_skip_unavailable': False, 'install_base': '/home/wyatt/avHW9/install/gps_nav', 'merge_install': False, 'path': '/home/wyatt/avHW9/src/eml4842_gps_nav/gps_nav', 'symlink_install': False, 'test_result_base': None}
[5.225s] INFO:colcon.colcon_core.executor:Executing jobs using 'parallel' executor
[5.284s] DEBUG:colcon.colcon_parallel_executor.executor.parallel:run_until_complete
[5.284s] INFO:colcon.colcon_ros.task.ament_cmake.build:Building ROS package in '/home/wyatt/avHW9/src/eml4842_gps_nav/gps_nav_interfaces' with build type 'ament_cmake'
[5.284s] INFO:colcon.colcon_cmake.task.cmake.build:Building CMake package in '/home/wyatt/avHW9/src/eml4842_gps_nav/gps_nav_interfaces'
[5.359s] INFO:colcon.colcon_core.plugin_system:Skipping extension 'colcon_core.shell.bat': Not used on non-Windows systems
[5.360s] INFO:colcon.colcon_core.shell:Skip shell extension 'powershell' for command environment: Not usable outside of PowerShell
[5.360s] DEBUG:colcon.colcon_core.shell:Skip shell extension 'dsv' for command environment
[5.488s] DEBUG:colcon.colcon_core.event_handler.log_command:Invoking command in '/home/wyatt/avHW9/build/gps_nav_interfaces': CMAKE_PREFIX_PATH=/opt/ros/humble /usr/bin/cmake --build /home/wyatt/avHW9/build/gps_nav_interfaces -- -j4 -l4
[7.298s] DEBUG:colcon.colcon_core.event_handler.log_command:Invoked command in '/home/wyatt/avHW9/build/gps_nav_interfaces' returned '0': CMAKE_PREFIX_PATH=/opt/ros/humble /usr/bin/cmake --build /home/wyatt/avHW9/build/gps_nav_interfaces -- -j4 -l4
[7.547s] DEBUG:colcon.colcon_core.event_handler.log_command:Invoking command in '/home/wyatt/avHW9/build/gps_nav_interfaces': CMAKE_PREFIX_PATH=/opt/ros/humble /usr/bin/cmake --install /home/wyatt/avHW9/build/gps_nav_interfaces
[7.820s] Level 1:colcon.colcon_core.environment:create_environment_scripts_only(gps_nav_interfaces)
[7.846s] DEBUG:colcon.colcon_core.event_handler.log_command:Invoked command in '/home/wyatt/avHW9/build/gps_nav_interfaces' returned '0': CMAKE_PREFIX_PATH=/opt/ros/humble /usr/bin/cmake --install /home/wyatt/avHW9/build/gps_nav_interfaces
[7.921s] Level 1:colcon.colcon_core.environment:checking '/home/wyatt/avHW9/install/gps_nav_interfaces' for CMake module files
[7.924s] Level 1:colcon.colcon_core.environment:checking '/home/wyatt/avHW9/install/gps_nav_interfaces' for CMake config files
[7.925s] Level 1:colcon.colcon_core.shell:create_environment_hook('gps_nav_interfaces', 'cmake_prefix_path')
[7.977s] INFO:colcon.colcon_core.shell:Creating environment hook '/home/wyatt/avHW9/install/gps_nav_interfaces/share/gps_nav_interfaces/hook/cmake_prefix_path.ps1'
[7.983s] INFO:colcon.colcon_core.shell:Creating environment descriptor '/home/wyatt/avHW9/install/gps_nav_interfaces/share/gps_nav_interfaces/hook/cmake_prefix_path.dsv'
[7.984s] INFO:colcon.colcon_core.shell:Creating environment hook '/home/wyatt/avHW9/install/gps_nav_interfaces/share/gps_nav_interfaces/hook/cmake_prefix_path.sh'
[7.986s] Level 1:colcon.colcon_core.environment:checking '/home/wyatt/avHW9/install/gps_nav_interfaces/lib'
[7.987s] Level 1:colcon.colcon_core.shell:create_environment_hook('gps_nav_interfaces', 'ld_library_path_lib')
[8.038s] INFO:colcon.colcon_core.shell:Creating environment hook '/home/wyatt/avHW9/install/gps_nav_interfaces/share/gps_nav_interfaces/hook/ld_library_path_lib.ps1'
[8.040s] INFO:colcon.colcon_core.shell:Creating environment descriptor '/home/wyatt/avHW9/install/gps_nav_interfaces/share/gps_nav_interfaces/hook/ld_library_path_lib.dsv'
[8.042s] INFO:colcon.colcon_core.shell:Creating environment hook '/home/wyatt/avHW9/install/gps_nav_interfaces/share/gps_nav_interfaces/hook/ld_library_path_lib.sh'
[8.043s] Level 1:colcon.colcon_core.environment:checking '/home/wyatt/avHW9/install/gps_nav_interfaces/bin'
[8.043s] Level 1:colcon.colcon_core.environment:checking '/home/wyatt/avHW9/install/gps_nav_interfaces/lib/pkgconfig/gps_nav_interfaces.pc'
[8.044s] Level 1:colcon.colcon_core.environment:checking '/home/wyatt/avHW9/install/gps_nav_interfaces/lib/python3.10/site-packages'
[8.044s] Level 1:colcon.colcon_core.environment:checking '/home/wyatt/avHW9/install/gps_nav_interfaces/bin'
[8.099s] INFO:colcon.colcon_core.shell:Creating package script '/home/wyatt/avHW9/install/gps_nav_interfaces/share/gps_nav_interfaces/package.ps1'
[8.105s] INFO:colcon.colcon_core.shell:Creating package descriptor '/home/wyatt/avHW9/install/gps_nav_interfaces/share/gps_nav_interfaces/package.dsv'
[8.107s] INFO:colcon.colcon_core.shell:Creating package script '/home/wyatt/avHW9/install/gps_nav_interfaces/share/gps_nav_interfaces/package.sh'
[8.109s] INFO:colcon.colcon_core.shell:Creating package script '/home/wyatt/avHW9/install/gps_nav_interfaces/share/gps_nav_interfaces/package.bash'
[8.113s] INFO:colcon.colcon_core.shell:Creating package script '/home/wyatt/avHW9/install/gps_nav_interfaces/share/gps_nav_interfaces/package.zsh'
[8.115s] Level 1:colcon.colcon_core.environment:create_file_with_runtime_dependencies(/home/wyatt/avHW9/install/gps_nav_interfaces/share/colcon-core/packages/gps_nav_interfaces)
[8.456s] Level 1:colcon.colcon_core.environment:create_environment_scripts_only(gps_nav_interfaces)
[8.511s] Level 1:colcon.colcon_core.environment:checking '/home/wyatt/avHW9/install/gps_nav_interfaces' for CMake module files
[8.513s] Level 1:colcon.colcon_core.environment:checking '/home/wyatt/avHW9/install/gps_nav_interfaces' for CMake config files
[8.514s] Level 1:colcon.colcon_core.shell:create_environment_hook('gps_nav_interfaces', 'cmake_prefix_path')
[8.566s] INFO:colcon.colcon_core.shell:Creating environment hook '/home/wyatt/avHW9/install/gps_nav_interfaces/share/gps_nav_interfaces/hook/cmake_prefix_path.ps1'
[8.567s] INFO:colcon.colcon_core.shell:Creating environment descriptor '/home/wyatt/avHW9/install/gps_nav_interfaces/share/gps_nav_interfaces/hook/cmake_prefix_path.dsv'
[8.568s] INFO:colcon.colcon_core.shell:Creating environment hook '/home/wyatt/avHW9/install/gps_nav_interfaces/share/gps_nav_interfaces/hook/cmake_prefix_path.sh'
[8.570s] Level 1:colcon.colcon_core.environment:checking '/home/wyatt/avHW9/install/gps_nav_interfaces/lib'
[8.571s] Level 1:colcon.colcon_core.shell:create_environment_hook('gps_nav_interfaces', 'ld_library_path_lib')
[8.617s] INFO:colcon.colcon_core.shell:Creating environment hook '/home/wyatt/avHW9/install/gps_nav_interfaces/share/gps_nav_interfaces/hook/ld_library_path_lib.ps1'
[8.618s] INFO:colcon.colcon_core.shell:Creating environment descriptor '/home/wyatt/avHW9/install/gps_nav_interfaces/share/gps_nav_interfaces/hook/ld_library_path_lib.dsv'
[8.619s] INFO:colcon.colcon_core.shell:Creating environment hook '/home/wyatt/avHW9/install/gps_nav_interfaces/share/gps_nav_interfaces/hook/ld_library_path_lib.sh'
[8.620s] Level 1:colcon.colcon_core.environment:checking '/home/wyatt/avHW9/install/gps_nav_interfaces/bin'
[8.620s] Level 1:colcon.colcon_core.environment:checking '/home/wyatt/avHW9/install/gps_nav_interfaces/lib/pkgconfig/gps_nav_interfaces.pc'
[8.621s] Level 1:colcon.colcon_core.environment:checking '/home/wyatt/avHW9/install/gps_nav_interfaces/lib/python3.10/site-packages'
[8.622s] Level 1:colcon.colcon_core.environment:checking '/home/wyatt/avHW9/install/gps_nav_interfaces/bin'
[8.669s] INFO:colcon.colcon_core.shell:Creating package script '/home/wyatt/avHW9/install/gps_nav_interfaces/share/gps_nav_interfaces/package.ps1'
[8.672s] INFO:colcon.colcon_core.shell:Creating package descriptor '/home/wyatt/avHW9/install/gps_nav_interfaces/share/gps_nav_interfaces/package.dsv'
[8.674s] INFO:colcon.colcon_core.shell:Creating package script '/home/wyatt/avHW9/install/gps_nav_interfaces/share/gps_nav_interfaces/package.sh'
[8.675s] INFO:colcon.colcon_core.shell:Creating package script '/home/wyatt/avHW9/install/gps_nav_interfaces/share/gps_nav_interfaces/package.bash'
[8.676s] INFO:colcon.colcon_core.shell:Creating package script '/home/wyatt/avHW9/install/gps_nav_interfaces/share/gps_nav_interfaces/package.zsh'
[8.676s] Level 1:colcon.colcon_core.environment:create_file_with_runtime_dependencies(/home/wyatt/avHW9/install/gps_nav_interfaces/share/colcon-core/packages/gps_nav_interfaces)
[8.678s] INFO:colcon.colcon_ros.task.ament_python.build:Building ROS package in '/home/wyatt/avHW9/src/eml4842_gps_nav/gps_nav' with build type 'ament_python'
[8.681s] Level 1:colcon.colcon_core.shell:create_environment_hook('gps_nav', 'ament_prefix_path')
[8.726s] INFO:colcon.colcon_core.shell:Creating environment hook '/home/wyatt/avHW9/install/gps_nav/share/gps_nav/hook/ament_prefix_path.ps1'
[8.727s] INFO:colcon.colcon_core.shell:Creating environment descriptor '/home/wyatt/avHW9/install/gps_nav/share/gps_nav/hook/ament_prefix_path.dsv'
[8.728s] INFO:colcon.colcon_core.shell:Creating environment hook '/home/wyatt/avHW9/install/gps_nav/share/gps_nav/hook/ament_prefix_path.sh'
[8.779s] INFO:colcon.colcon_core.shell:Skip shell extension 'powershell' for command environment: Not usable outside of PowerShell
[8.779s] DEBUG:colcon.colcon_core.shell:Skip shell extension 'dsv' for command environment
[9.742s] INFO:colcon.colcon_core.task.python.build:Building Python package in '/home/wyatt/avHW9/src/eml4842_gps_nav/gps_nav'
[9.824s] INFO:colcon.colcon_core.shell:Skip shell extension 'powershell' for command environment: Not usable outside of PowerShell
[9.824s] DEBUG:colcon.colcon_core.shell:Skip shell extension 'dsv' for command environment
[11.148s] DEBUG:colcon.colcon_core.event_handler.log_command:Invoking command in '/home/wyatt/avHW9/src/eml4842_gps_nav/gps_nav': AMENT_PREFIX_PATH=/home/wyatt/avHW9/install/gps_nav_interfaces:${AMENT_PREFIX_PATH} CMAKE_PREFIX_PATH=/home/wyatt/avHW9/install/gps_nav_interfaces LD_LIBRARY_PATH=/home/wyatt/avHW9/install/gps_nav_interfaces/lib:${LD_LIBRARY_PATH} PYTHONPATH=/home/wyatt/avHW9/build/gps_nav/prefix_override:/home/wyatt/avHW9/install/gps_nav/lib/python3.10/site-packages:/home/wyatt/avHW9/install/gps_nav_interfaces/local/lib/python3.10/dist-packages:${PYTHONPATH} /usr/bin/python3 setup.py egg_info --egg-base ../../../build/gps_nav build --build-base /home/wyatt/avHW9/build/gps_nav/build install --record /home/wyatt/avHW9/build/gps_nav/install.log --install-scripts $base/lib/gps_nav --single-version-externally-managed
[12.246s] DEBUG:colcon.colcon_core.event_handler.log_command:Invoked command in '/home/wyatt/avHW9/src/eml4842_gps_nav/gps_nav' returned '0': AMENT_PREFIX_PATH=/home/wyatt/avHW9/install/gps_nav_interfaces:${AMENT_PREFIX_PATH} CMAKE_PREFIX_PATH=/home/wyatt/avHW9/install/gps_nav_interfaces LD_LIBRARY_PATH=/home/wyatt/avHW9/install/gps_nav_interfaces/lib:${LD_LIBRARY_PATH} PYTHONPATH=/home/wyatt/avHW9/build/gps_nav/prefix_override:/home/wyatt/avHW9/install/gps_nav/lib/python3.10/site-packages:/home/wyatt/avHW9/install/gps_nav_interfaces/local/lib/python3.10/dist-packages:${PYTHONPATH} /usr/bin/python3 setup.py egg_info --egg-base ../../../build/gps_nav build --build-base /home/wyatt/avHW9/build/gps_nav/build install --record /home/wyatt/avHW9/build/gps_nav/install.log --install-scripts $base/lib/gps_nav --single-version-externally-managed
[12.281s] Level 1:colcon.colcon_core.environment:checking '/home/wyatt/avHW9/install/gps_nav' for CMake module files
[12.283s] Level 1:colcon.colcon_core.environment:checking '/home/wyatt/avHW9/install/gps_nav' for CMake config files
[12.286s] Level 1:colcon.colcon_core.environment:checking '/home/wyatt/avHW9/install/gps_nav/lib'
[12.287s] Level 1:colcon.colcon_core.environment:checking '/home/wyatt/avHW9/install/gps_nav/bin'
[12.287s] Level 1:colcon.colcon_core.environment:checking '/home/wyatt/avHW9/install/gps_nav/lib/pkgconfig/gps_nav.pc'
[12.288s] Level 1:colcon.colcon_core.environment:checking '/home/wyatt/avHW9/install/gps_nav/lib/python3.10/site-packages'
[12.288s] Level 1:colcon.colcon_core.shell:create_environment_hook('gps_nav', 'pythonpath')
[12.342s] INFO:colcon.colcon_core.shell:Creating environment hook '/home/wyatt/avHW9/install/gps_nav/share/gps_nav/hook/pythonpath.ps1'
[12.343s] INFO:colcon.colcon_core.shell:Creating environment descriptor '/home/wyatt/avHW9/install/gps_nav/share/gps_nav/hook/pythonpath.dsv'
[12.344s] INFO:colcon.colcon_core.shell:Creating environment hook '/home/wyatt/avHW9/install/gps_nav/share/gps_nav/hook/pythonpath.sh'
[12.345s] Level 1:colcon.colcon_core.environment:checking '/home/wyatt/avHW9/install/gps_nav/bin'
[12.345s] Level 1:colcon.colcon_core.environment:create_environment_scripts_only(gps_nav)
[12.399s] INFO:colcon.colcon_core.shell:Creating package script '/home/wyatt/avHW9/install/gps_nav/share/gps_nav/package.ps1'
[12.401s] INFO:colcon.colcon_core.shell:Creating package descriptor '/home/wyatt/avHW9/install/gps_nav/share/gps_nav/package.dsv'
[12.407s] INFO:colcon.colcon_core.shell:Creating package script '/home/wyatt/avHW9/install/gps_nav/share/gps_nav/package.sh'
[12.409s] INFO:colcon.colcon_core.shell:Creating package script '/home/wyatt/avHW9/install/gps_nav/share/gps_nav/package.bash'
[12.410s] INFO:colcon.colcon_core.shell:Creating package script '/home/wyatt/avHW9/install/gps_nav/share/gps_nav/package.zsh'
[12.411s] Level 1:colcon.colcon_core.environment:create_file_with_runtime_dependencies(/home/wyatt/avHW9/install/gps_nav/share/colcon-core/packages/gps_nav)
[12.412s] DEBUG:colcon.colcon_parallel_executor.executor.parallel:closing loop
[12.414s] DEBUG:colcon.colcon_parallel_executor.executor.parallel:loop closed
[12.415s] DEBUG:colcon.colcon_parallel_executor.executor.parallel:run_until_complete finished with '0'
[12.415s] DEBUG:colcon.colcon_core.event_reactor:joining thread
[12.492s] INFO:colcon.colcon_core.plugin_system:Skipping extension 'colcon_notification.desktop_notification.terminal_notifier': Not used on non-Darwin systems
[12.492s] INFO:colcon.colcon_core.plugin_system:Skipping extension 'colcon_notification.desktop_notification.win32': Not used on non-Windows systems
[12.492s] INFO:colcon.colcon_notification.desktop_notification:Sending desktop notification using 'notify2'
[12.522s] DEBUG:colcon.colcon_core.event_reactor:joined thread
[12.588s] INFO:colcon.colcon_core.shell:Creating prefix script '/home/wyatt/avHW9/install/local_setup.ps1'
[12.593s] INFO:colcon.colcon_core.shell:Creating prefix util module '/home/wyatt/avHW9/install/_local_setup_util_ps1.py'
[12.597s] INFO:colcon.colcon_core.shell:Creating prefix chain script '/home/wyatt/avHW9/install/setup.ps1'
[12.657s] INFO:colcon.colcon_core.shell:Creating prefix script '/home/wyatt/avHW9/install/local_setup.sh'
[12.659s] INFO:colcon.colcon_core.shell:Creating prefix util module '/home/wyatt/avHW9/install/_local_setup_util_sh.py'
[12.661s] INFO:colcon.colcon_core.shell:Creating prefix chain script '/home/wyatt/avHW9/install/setup.sh'
[12.720s] INFO:colcon.colcon_core.shell:Creating prefix script '/home/wyatt/avHW9/install/local_setup.bash'
[12.722s] INFO:colcon.colcon_core.shell:Creating prefix chain script '/home/wyatt/avHW9/install/setup.bash'
[12.786s] INFO:colcon.colcon_core.shell:Creating prefix script '/home/wyatt/avHW9/install/local_setup.zsh'
[12.791s] INFO:colcon.colcon_core.shell:Creating prefix chain script '/home/wyatt/avHW9/install/setup.zsh'
