[1.951s] Invoking command in '/home/wyatt/humble_AV_ws/src/wallfollowpid': PYTHONPATH=/home/wyatt/humble_AV_ws/build/wallfollowpid/prefix_override:/home/wyatt/humble_AV_ws/install/wallfollowpid/lib/python3.10/site-packages:${PYTHONPATH} /usr/bin/python3 setup.py egg_info --egg-base ../../build/wallfollowpid build --build-base /home/wyatt/humble_AV_ws/build/wallfollowpid/build install --record /home/wyatt/humble_AV_ws/build/wallfollowpid/install.log --single-version-externally-managed
[2.672s] running egg_info
[2.673s] creating ../../build/wallfollowpid/wallfollowpid.egg-info
[2.673s] writing ../../build/wallfollowpid/wallfollowpid.egg-info/PKG-INFO
[2.674s] writing dependency_links to ../../build/wallfollowpid/wallfollowpid.egg-info/dependency_links.txt
[2.674s] writing entry points to ../../build/wallfollowpid/wallfollowpid.egg-info/entry_points.txt
[2.674s] writing requirements to ../../build/wallfollowpid/wallfollowpid.egg-info/requires.txt
[2.675s] writing top-level names to ../../build/wallfollowpid/wallfollowpid.egg-info/top_level.txt
[2.675s] writing manifest file '../../build/wallfollowpid/wallfollowpid.egg-info/SOURCES.txt'
[2.679s] reading manifest file '../../build/wallfollowpid/wallfollowpid.egg-info/SOURCES.txt'
[2.682s] writing manifest file '../../build/wallfollowpid/wallfollowpid.egg-info/SOURCES.txt'
[2.682s] running build
[2.682s] running build_py
[2.683s] creating /home/wyatt/humble_AV_ws/build/wallfollowpid/build
[2.683s] creating /home/wyatt/humble_AV_ws/build/wallfollowpid/build/lib
[2.683s] creating /home/wyatt/humble_AV_ws/build/wallfollowpid/build/lib/wallfollowpid
[2.684s] copying wallfollowpid/__init__.py -> /home/wyatt/humble_AV_ws/build/wallfollowpid/build/lib/wallfollowpid
[2.684s] copying wallfollowpid/followOld.py -> /home/wyatt/humble_AV_ws/build/wallfollowpid/build/lib/wallfollowpid
[2.684s] copying wallfollowpid/followFridayCopy.py -> /home/wyatt/humble_AV_ws/build/wallfollowpid/build/lib/wallfollowpid
[2.684s] copying wallfollowpid/follow.py -> /home/wyatt/humble_AV_ws/build/wallfollowpid/build/lib/wallfollowpid
[2.684s] running install
[2.685s] running install_lib
[2.687s] creating /home/wyatt/humble_AV_ws/install/wallfollowpid/lib/python3.10/site-packages/wallfollowpid
[2.687s] copying /home/wyatt/humble_AV_ws/build/wallfollowpid/build/lib/wallfollowpid/__init__.py -> /home/wyatt/humble_AV_ws/install/wallfollowpid/lib/python3.10/site-packages/wallfollowpid
[2.687s] copying /home/wyatt/humble_AV_ws/build/wallfollowpid/build/lib/wallfollowpid/followOld.py -> /home/wyatt/humble_AV_ws/install/wallfollowpid/lib/python3.10/site-packages/wallfollowpid
[2.687s] copying /home/wyatt/humble_AV_ws/build/wallfollowpid/build/lib/wallfollowpid/followFridayCopy.py -> /home/wyatt/humble_AV_ws/install/wallfollowpid/lib/python3.10/site-packages/wallfollowpid
[2.688s] copying /home/wyatt/humble_AV_ws/build/wallfollowpid/build/lib/wallfollowpid/follow.py -> /home/wyatt/humble_AV_ws/install/wallfollowpid/lib/python3.10/site-packages/wallfollowpid
[2.688s] byte-compiling /home/wyatt/humble_AV_ws/install/wallfollowpid/lib/python3.10/site-packages/wallfollowpid/__init__.py to __init__.cpython-310.pyc
[2.689s] byte-compiling /home/wyatt/humble_AV_ws/install/wallfollowpid/lib/python3.10/site-packages/wallfollowpid/followOld.py to followOld.cpython-310.pyc
[2.691s] byte-compiling /home/wyatt/humble_AV_ws/install/wallfollowpid/lib/python3.10/site-packages/wallfollowpid/followFridayCopy.py to followFridayCopy.cpython-310.pyc
[2.693s] byte-compiling /home/wyatt/humble_AV_ws/install/wallfollowpid/lib/python3.10/site-packages/wallfollowpid/follow.py to follow.cpython-310.pyc
[2.699s] running install_data
[2.701s] creating /home/wyatt/humble_AV_ws/install/wallfollowpid/share/ament_index
[2.701s] creating /home/wyatt/humble_AV_ws/install/wallfollowpid/share/ament_index/resource_index
[2.701s] creating /home/wyatt/humble_AV_ws/install/wallfollowpid/share/ament_index/resource_index/packages
[2.701s] copying resource/wallfollowpid -> /home/wyatt/humble_AV_ws/install/wallfollowpid/share/ament_index/resource_index/packages
[2.702s] copying package.xml -> /home/wyatt/humble_AV_ws/install/wallfollowpid/share/wallfollowpid
[2.702s] creating /home/wyatt/humble_AV_ws/install/wallfollowpid/share/wallfollowpid/launch
[2.702s] running install_egg_info
[2.705s] Copying ../../build/wallfollowpid/wallfollowpid.egg-info to /home/wyatt/humble_AV_ws/install/wallfollowpid/lib/python3.10/site-packages/wallfollowpid-5.0.0-py3.10.egg-info
[2.707s] running install_scripts
[2.754s] Installing follow script to /home/wyatt/humble_AV_ws/install/wallfollowpid/lib/wallfollowpid
[2.756s] writing list of installed files to '/home/wyatt/humble_AV_ws/build/wallfollowpid/install.log'
[2.842s] Invoked command in '/home/wyatt/humble_AV_ws/src/wallfollowpid' returned '0': PYTHONPATH=/home/wyatt/humble_AV_ws/build/wallfollowpid/prefix_override:/home/wyatt/humble_AV_ws/install/wallfollowpid/lib/python3.10/site-packages:${PYTHONPATH} /usr/bin/python3 setup.py egg_info --egg-base ../../build/wallfollowpid build --build-base /home/wyatt/humble_AV_ws/build/wallfollowpid/build install --record /home/wyatt/humble_AV_ws/build/wallfollowpid/install.log --single-version-externally-managed
