[1.231s] Invoking command in '/home/wyatt/humble_AV_ws/src/vehicle_pose_pkg': PYTHONPATH=/home/wyatt/humble_AV_ws/build/vehicle_pose_pkg/prefix_override:/home/wyatt/humble_AV_ws/install/vehicle_pose_pkg/lib/python3.10/site-packages:${PYTHONPATH} /usr/bin/python3 setup.py egg_info --egg-base ../../build/vehicle_pose_pkg build --build-base /home/wyatt/humble_AV_ws/build/vehicle_pose_pkg/build install --record /home/wyatt/humble_AV_ws/build/vehicle_pose_pkg/install.log --single-version-externally-managed
[1.632s] running egg_info
[1.633s] writing ../../build/vehicle_pose_pkg/vehicle_pose_pkg.egg-info/PKG-INFO
[1.633s] writing dependency_links to ../../build/vehicle_pose_pkg/vehicle_pose_pkg.egg-info/dependency_links.txt
[1.633s] writing entry points to ../../build/vehicle_pose_pkg/vehicle_pose_pkg.egg-info/entry_points.txt
[1.634s] writing requirements to ../../build/vehicle_pose_pkg/vehicle_pose_pkg.egg-info/requires.txt
[1.634s] writing top-level names to ../../build/vehicle_pose_pkg/vehicle_pose_pkg.egg-info/top_level.txt
[1.637s] reading manifest file '../../build/vehicle_pose_pkg/vehicle_pose_pkg.egg-info/SOURCES.txt'
[1.639s] writing manifest file '../../build/vehicle_pose_pkg/vehicle_pose_pkg.egg-info/SOURCES.txt'
[1.639s] running build
[1.639s] running build_py
[1.639s] copying vehicle_pose_pkg/sub_save.py -> /home/wyatt/humble_AV_ws/build/vehicle_pose_pkg/build/lib/vehicle_pose_pkg
[1.639s] running install
[1.640s] running install_lib
[1.641s] copying /home/wyatt/humble_AV_ws/build/vehicle_pose_pkg/build/lib/vehicle_pose_pkg/sub_save.py -> /home/wyatt/humble_AV_ws/install/vehicle_pose_pkg/lib/python3.10/site-packages/vehicle_pose_pkg
[1.641s] byte-compiling /home/wyatt/humble_AV_ws/install/vehicle_pose_pkg/lib/python3.10/site-packages/vehicle_pose_pkg/sub_save.py to sub_save.cpython-310.pyc
[1.643s] running install_data
[1.643s] running install_egg_info
[1.646s] removing '/home/wyatt/humble_AV_ws/install/vehicle_pose_pkg/lib/python3.10/site-packages/vehicle_pose_pkg-6.0.0-py3.10.egg-info' (and everything under it)
[1.646s] Copying ../../build/vehicle_pose_pkg/vehicle_pose_pkg.egg-info to /home/wyatt/humble_AV_ws/install/vehicle_pose_pkg/lib/python3.10/site-packages/vehicle_pose_pkg-6.0.0-py3.10.egg-info
[1.647s] running install_scripts
[1.676s] Installing sub_save script to /home/wyatt/humble_AV_ws/install/vehicle_pose_pkg/lib/vehicle_pose_pkg
[1.677s] writing list of installed files to '/home/wyatt/humble_AV_ws/build/vehicle_pose_pkg/install.log'
[1.718s] Invoked command in '/home/wyatt/humble_AV_ws/src/vehicle_pose_pkg' returned '0': PYTHONPATH=/home/wyatt/humble_AV_ws/build/vehicle_pose_pkg/prefix_override:/home/wyatt/humble_AV_ws/install/vehicle_pose_pkg/lib/python3.10/site-packages:${PYTHONPATH} /usr/bin/python3 setup.py egg_info --egg-base ../../build/vehicle_pose_pkg build --build-base /home/wyatt/humble_AV_ws/build/vehicle_pose_pkg/build install --record /home/wyatt/humble_AV_ws/build/vehicle_pose_pkg/install.log --single-version-externally-managed
