[1.230s] Invoking command in '/home/wyatt/humble_AV_ws/src/group5joy': PYTHONPATH=/home/wyatt/humble_AV_ws/build/group5joy/prefix_override:/home/wyatt/humble_AV_ws/install/group5joy/lib/python3.10/site-packages:${PYTHONPATH} /usr/bin/python3 setup.py egg_info --egg-base ../../build/group5joy build --build-base /home/wyatt/humble_AV_ws/build/group5joy/build install --record /home/wyatt/humble_AV_ws/build/group5joy/install.log --single-version-externally-managed
[1.637s] running egg_info
[1.638s] writing ../../build/group5joy/group5joy.egg-info/PKG-INFO
[1.638s] writing dependency_links to ../../build/group5joy/group5joy.egg-info/dependency_links.txt
[1.638s] writing entry points to ../../build/group5joy/group5joy.egg-info/entry_points.txt
[1.639s] writing requirements to ../../build/group5joy/group5joy.egg-info/requires.txt
[1.639s] writing top-level names to ../../build/group5joy/group5joy.egg-info/top_level.txt
[1.642s] reading manifest file '../../build/group5joy/group5joy.egg-info/SOURCES.txt'
[1.643s] writing manifest file '../../build/group5joy/group5joy.egg-info/SOURCES.txt'
[1.643s] running build
[1.643s] running build_py
[1.643s] copying group5joy/joySub.py -> /home/wyatt/humble_AV_ws/build/group5joy/build/lib/group5joy
[1.644s] running install
[1.644s] running install_lib
[1.645s] copying /home/wyatt/humble_AV_ws/build/group5joy/build/lib/group5joy/joySub.py -> /home/wyatt/humble_AV_ws/install/group5joy/lib/python3.10/site-packages/group5joy
[1.646s] byte-compiling /home/wyatt/humble_AV_ws/install/group5joy/lib/python3.10/site-packages/group5joy/joySub.py to joySub.cpython-310.pyc
[1.647s] running install_data
[1.648s] running install_egg_info
[1.652s] removing '/home/wyatt/humble_AV_ws/install/group5joy/lib/python3.10/site-packages/group5joy-1.0.0-py3.10.egg-info' (and everything under it)
[1.653s] Copying ../../build/group5joy/group5joy.egg-info to /home/wyatt/humble_AV_ws/install/group5joy/lib/python3.10/site-packages/group5joy-1.0.0-py3.10.egg-info
[1.654s] running install_scripts
[1.682s] Installing joySub script to /home/wyatt/humble_AV_ws/install/group5joy/lib/group5joy
[1.682s] writing list of installed files to '/home/wyatt/humble_AV_ws/build/group5joy/install.log'
[1.726s] Invoked command in '/home/wyatt/humble_AV_ws/src/group5joy' returned '0': PYTHONPATH=/home/wyatt/humble_AV_ws/build/group5joy/prefix_override:/home/wyatt/humble_AV_ws/install/group5joy/lib/python3.10/site-packages:${PYTHONPATH} /usr/bin/python3 setup.py egg_info --egg-base ../../build/group5joy build --build-base /home/wyatt/humble_AV_ws/build/group5joy/build install --record /home/wyatt/humble_AV_ws/build/group5joy/install.log --single-version-externally-managed
