[1.615s] DEBUG:colcon:Command line arguments: ['/usr/bin/colcon', 'build']
[1.615s] DEBUG:colcon:Parsed command line arguments: Namespace(log_base=None, log_level=None, verb_name='build', build_base='build', install_base='install', merge_install=False, symlink_install=False, test_result_base=None, continue_on_error=False, executor='parallel', parallel_workers=4, event_handlers=None, ignore_user_meta=False, metas=['./colcon.meta'], base_paths=['.'], packages_ignore=None, packages_ignore_regex=None, paths=None, packages_up_to=None, packages_up_to_regex=None, packages_above=None, packages_above_and_dependencies=None, packages_above_depth=None, packages_select_by_dep=None, packages_skip_by_dep=None, packages_skip_up_to=None, packages_select_build_failed=False, packages_skip_build_finished=False, packages_select_test_failures=False, packages_skip_test_passed=False, packages_select=None, packages_skip=None, packages_select_regex=None, packages_skip_regex=None, packages_start=None, packages_end=None, allow_overriding=[], cmake_args=None, cmake_target=None, cmake_target_skip_unavailable=False, cmake_clean_cache=False, cmake_clean_first=False, cmake_force_configure=False, ament_cmake_args=None, catkin_cmake_args=None, catkin_skip_building_tests=False, verb_parser=<colcon_defaults.argument_parser.defaults.DefaultArgumentsDecorator object at 0x7fda434bbd00>, verb_extension=<colcon_core.verb.build.BuildVerb object at 0x7fda4346c7f0>, main=<bound method BuildVerb.main of <colcon_core.verb.build.BuildVerb object at 0x7fda4346c7f0>>)
[1.688s] Level 1:colcon.colcon_core.package_discovery:discover_packages(colcon_meta) check parameters
[1.688s] Level 1:colcon.colcon_core.package_discovery:discover_packages(recursive) check parameters
[1.688s] Level 1:colcon.colcon_core.package_discovery:discover_packages(ignore) check parameters
[1.688s] Level 1:colcon.colcon_core.package_discovery:discover_packages(path) check parameters
[1.688s] Level 1:colcon.colcon_core.package_discovery:discover_packages(colcon_meta) discover
[1.688s] Level 1:colcon.colcon_core.package_discovery:discover_packages(recursive) discover
[1.688s] INFO:colcon.colcon_core.package_discovery:Crawling recursively for packages in '/home/wyatt/humble_AV_ws'
[1.688s] Level 1:colcon.colcon_core.package_identification:_identify(.) by extensions ['ignore', 'ignore_ament_install']
[1.688s] Level 1:colcon.colcon_core.package_identification:_identify(.) by extension 'ignore'
[1.688s] Level 1:colcon.colcon_core.package_identification:_identify(.) by extension 'ignore_ament_install'
[1.689s] Level 1:colcon.colcon_core.package_identification:_identify(.) by extensions ['colcon_pkg']
[1.689s] Level 1:colcon.colcon_core.package_identification:_identify(.) by extension 'colcon_pkg'
[1.689s] Level 1:colcon.colcon_core.package_identification:_identify(.) by extensions ['colcon_meta']
[1.689s] Level 1:colcon.colcon_core.package_identification:_identify(.) by extension 'colcon_meta'
[1.689s] Level 1:colcon.colcon_core.package_identification:_identify(.) by extensions ['ros']
[1.689s] Level 1:colcon.colcon_core.package_identification:_identify(.) by extension 'ros'
[1.705s] Level 1:colcon.colcon_core.package_identification:_identify(.) by extensions ['cmake', 'python']
[1.705s] Level 1:colcon.colcon_core.package_identification:_identify(.) by extension 'cmake'
[1.705s] Level 1:colcon.colcon_core.package_identification:_identify(.) by extension 'python'
[1.705s] Level 1:colcon.colcon_core.package_identification:_identify(.) by extensions ['python_setup_py']
[1.705s] Level 1:colcon.colcon_core.package_identification:_identify(.) by extension 'python_setup_py'
[1.706s] Level 1:colcon.colcon_core.package_identification:_identify(build) by extensions ['ignore', 'ignore_ament_install']
[1.706s] Level 1:colcon.colcon_core.package_identification:_identify(build) by extension 'ignore'
[1.706s] Level 1:colcon.colcon_core.package_identification:_identify(build) ignored
[1.706s] Level 1:colcon.colcon_core.package_identification:_identify(install) by extensions ['ignore', 'ignore_ament_install']
[1.706s] Level 1:colcon.colcon_core.package_identification:_identify(install) by extension 'ignore'
[1.706s] Level 1:colcon.colcon_core.package_identification:_identify(install) ignored
[1.706s] Level 1:colcon.colcon_core.package_identification:_identify(log) by extensions ['ignore', 'ignore_ament_install']
[1.706s] Level 1:colcon.colcon_core.package_identification:_identify(log) by extension 'ignore'
[1.706s] Level 1:colcon.colcon_core.package_identification:_identify(log) ignored
[1.707s] Level 1:colcon.colcon_core.package_identification:_identify(src) by extensions ['ignore', 'ignore_ament_install']
[1.707s] Level 1:colcon.colcon_core.package_identification:_identify(src) by extension 'ignore'
[1.707s] Level 1:colcon.colcon_core.package_identification:_identify(src) by extension 'ignore_ament_install'
[1.707s] Level 1:colcon.colcon_core.package_identification:_identify(src) by extensions ['colcon_pkg']
[1.707s] Level 1:colcon.colcon_core.package_identification:_identify(src) by extension 'colcon_pkg'
[1.707s] Level 1:colcon.colcon_core.package_identification:_identify(src) by extensions ['colcon_meta']
[1.707s] Level 1:colcon.colcon_core.package_identification:_identify(src) by extension 'colcon_meta'
[1.707s] Level 1:colcon.colcon_core.package_identification:_identify(src) by extensions ['ros']
[1.707s] Level 1:colcon.colcon_core.package_identification:_identify(src) by extension 'ros'
[1.707s] Level 1:colcon.colcon_core.package_identification:_identify(src) by extensions ['cmake', 'python']
[1.707s] Level 1:colcon.colcon_core.package_identification:_identify(src) by extension 'cmake'
[1.707s] Level 1:colcon.colcon_core.package_identification:_identify(src) by extension 'python'
[1.707s] Level 1:colcon.colcon_core.package_identification:_identify(src) by extensions ['python_setup_py']
[1.707s] Level 1:colcon.colcon_core.package_identification:_identify(src) by extension 'python_setup_py'
[1.708s] Level 1:colcon.colcon_core.package_identification:_identify(src/cross_pkg) by extensions ['ignore', 'ignore_ament_install']
[1.708s] Level 1:colcon.colcon_core.package_identification:_identify(src/cross_pkg) by extension 'ignore'
[1.708s] Level 1:colcon.colcon_core.package_identification:_identify(src/cross_pkg) by extension 'ignore_ament_install'
[1.708s] Level 1:colcon.colcon_core.package_identification:_identify(src/cross_pkg) by extensions ['colcon_pkg']
[1.708s] Level 1:colcon.colcon_core.package_identification:_identify(src/cross_pkg) by extension 'colcon_pkg'
[1.708s] Level 1:colcon.colcon_core.package_identification:_identify(src/cross_pkg) by extensions ['colcon_meta']
[1.708s] Level 1:colcon.colcon_core.package_identification:_identify(src/cross_pkg) by extension 'colcon_meta'
[1.708s] Level 1:colcon.colcon_core.package_identification:_identify(src/cross_pkg) by extensions ['ros']
[1.708s] Level 1:colcon.colcon_core.package_identification:_identify(src/cross_pkg) by extension 'ros'
[1.711s] DEBUG:colcon.colcon_core.package_identification:Package 'src/cross_pkg' with type 'ros.ament_python' and name 'cross_pkg'
[1.711s] Level 1:colcon.colcon_core.package_identification:_identify(src/group5joy) by extensions ['ignore', 'ignore_ament_install']
[1.711s] Level 1:colcon.colcon_core.package_identification:_identify(src/group5joy) by extension 'ignore'
[1.712s] Level 1:colcon.colcon_core.package_identification:_identify(src/group5joy) by extension 'ignore_ament_install'
[1.712s] Level 1:colcon.colcon_core.package_identification:_identify(src/group5joy) by extensions ['colcon_pkg']
[1.712s] Level 1:colcon.colcon_core.package_identification:_identify(src/group5joy) by extension 'colcon_pkg'
[1.712s] Level 1:colcon.colcon_core.package_identification:_identify(src/group5joy) by extensions ['colcon_meta']
[1.712s] Level 1:colcon.colcon_core.package_identification:_identify(src/group5joy) by extension 'colcon_meta'
[1.712s] Level 1:colcon.colcon_core.package_identification:_identify(src/group5joy) by extensions ['ros']
[1.712s] Level 1:colcon.colcon_core.package_identification:_identify(src/group5joy) by extension 'ros'
[1.713s] DEBUG:colcon.colcon_core.package_identification:Package 'src/group5joy' with type 'ros.ament_python' and name 'group5joy'
[1.713s] Level 1:colcon.colcon_core.package_identification:_identify(src/intro_package) by extensions ['ignore', 'ignore_ament_install']
[1.713s] Level 1:colcon.colcon_core.package_identification:_identify(src/intro_package) by extension 'ignore'
[1.713s] Level 1:colcon.colcon_core.package_identification:_identify(src/intro_package) by extension 'ignore_ament_install'
[1.713s] Level 1:colcon.colcon_core.package_identification:_identify(src/intro_package) by extensions ['colcon_pkg']
[1.713s] Level 1:colcon.colcon_core.package_identification:_identify(src/intro_package) by extension 'colcon_pkg'
[1.713s] Level 1:colcon.colcon_core.package_identification:_identify(src/intro_package) by extensions ['colcon_meta']
[1.713s] Level 1:colcon.colcon_core.package_identification:_identify(src/intro_package) by extension 'colcon_meta'
[1.713s] Level 1:colcon.colcon_core.package_identification:_identify(src/intro_package) by extensions ['ros']
[1.713s] Level 1:colcon.colcon_core.package_identification:_identify(src/intro_package) by extension 'ros'
[1.714s] DEBUG:colcon.colcon_core.package_identification:Package 'src/intro_package' with type 'ros.ament_python' and name 'intro_package'
[1.714s] Level 1:colcon.colcon_core.package_identification:_identify(src/my_best2) by extensions ['ignore', 'ignore_ament_install']
[1.714s] Level 1:colcon.colcon_core.package_identification:_identify(src/my_best2) by extension 'ignore'
[1.714s] Level 1:colcon.colcon_core.package_identification:_identify(src/my_best2) by extension 'ignore_ament_install'
[1.714s] Level 1:colcon.colcon_core.package_identification:_identify(src/my_best2) by extensions ['colcon_pkg']
[1.714s] Level 1:colcon.colcon_core.package_identification:_identify(src/my_best2) by extension 'colcon_pkg'
[1.714s] Level 1:colcon.colcon_core.package_identification:_identify(src/my_best2) by extensions ['colcon_meta']
[1.714s] Level 1:colcon.colcon_core.package_identification:_identify(src/my_best2) by extension 'colcon_meta'
[1.715s] Level 1:colcon.colcon_core.package_identification:_identify(src/my_best2) by extensions ['ros']
[1.715s] Level 1:colcon.colcon_core.package_identification:_identify(src/my_best2) by extension 'ros'
[1.715s] DEBUG:colcon.colcon_core.package_identification:Package 'src/my_best2' with type 'ros.ament_python' and name 'my_best2'
[1.715s] Level 1:colcon.colcon_core.package_identification:_identify(src/my_best3) by extensions ['ignore', 'ignore_ament_install']
[1.715s] Level 1:colcon.colcon_core.package_identification:_identify(src/my_best3) by extension 'ignore'
[1.715s] Level 1:colcon.colcon_core.package_identification:_identify(src/my_best3) by extension 'ignore_ament_install'
[1.715s] Level 1:colcon.colcon_core.package_identification:_identify(src/my_best3) by extensions ['colcon_pkg']
[1.716s] Level 1:colcon.colcon_core.package_identification:_identify(src/my_best3) by extension 'colcon_pkg'
[1.716s] Level 1:colcon.colcon_core.package_identification:_identify(src/my_best3) by extensions ['colcon_meta']
[1.716s] Level 1:colcon.colcon_core.package_identification:_identify(src/my_best3) by extension 'colcon_meta'
[1.716s] Level 1:colcon.colcon_core.package_identification:_identify(src/my_best3) by extensions ['ros']
[1.716s] Level 1:colcon.colcon_core.package_identification:_identify(src/my_best3) by extension 'ros'
[1.716s] DEBUG:colcon.colcon_core.package_identification:Package 'src/my_best3' with type 'ros.ament_python' and name 'my_best3'
[1.716s] Level 1:colcon.colcon_core.package_identification:_identify(src/my_best3_interfaces) by extensions ['ignore', 'ignore_ament_install']
[1.717s] Level 1:colcon.colcon_core.package_identification:_identify(src/my_best3_interfaces) by extension 'ignore'
[1.717s] Level 1:colcon.colcon_core.package_identification:_identify(src/my_best3_interfaces) by extension 'ignore_ament_install'
[1.717s] Level 1:colcon.colcon_core.package_identification:_identify(src/my_best3_interfaces) by extensions ['colcon_pkg']
[1.717s] Level 1:colcon.colcon_core.package_identification:_identify(src/my_best3_interfaces) by extension 'colcon_pkg'
[1.717s] Level 1:colcon.colcon_core.package_identification:_identify(src/my_best3_interfaces) by extensions ['colcon_meta']
[1.717s] Level 1:colcon.colcon_core.package_identification:_identify(src/my_best3_interfaces) by extension 'colcon_meta'
[1.717s] Level 1:colcon.colcon_core.package_identification:_identify(src/my_best3_interfaces) by extensions ['ros']
[1.717s] Level 1:colcon.colcon_core.package_identification:_identify(src/my_best3_interfaces) by extension 'ros'
[1.718s] DEBUG:colcon.colcon_core.package_identification:Package 'src/my_best3_interfaces' with type 'ros.ament_cmake' and name 'my_best3_interfaces'
[1.718s] Level 1:colcon.colcon_core.package_identification:_identify(src/ranger) by extensions ['ignore', 'ignore_ament_install']
[1.718s] Level 1:colcon.colcon_core.package_identification:_identify(src/ranger) by extension 'ignore'
[1.718s] Level 1:colcon.colcon_core.package_identification:_identify(src/ranger) by extension 'ignore_ament_install'
[1.718s] Level 1:colcon.colcon_core.package_identification:_identify(src/ranger) by extensions ['colcon_pkg']
[1.718s] Level 1:colcon.colcon_core.package_identification:_identify(src/ranger) by extension 'colcon_pkg'
[1.718s] Level 1:colcon.colcon_core.package_identification:_identify(src/ranger) by extensions ['colcon_meta']
[1.719s] Level 1:colcon.colcon_core.package_identification:_identify(src/ranger) by extension 'colcon_meta'
[1.719s] Level 1:colcon.colcon_core.package_identification:_identify(src/ranger) by extensions ['ros']
[1.719s] Level 1:colcon.colcon_core.package_identification:_identify(src/ranger) by extension 'ros'
[1.719s] DEBUG:colcon.colcon_core.package_identification:Package 'src/ranger' with type 'ros.ament_python' and name 'ranger'
[1.719s] Level 1:colcon.colcon_core.package_identification:_identify(src/vehicle_pose_pkg) by extensions ['ignore', 'ignore_ament_install']
[1.719s] Level 1:colcon.colcon_core.package_identification:_identify(src/vehicle_pose_pkg) by extension 'ignore'
[1.720s] Level 1:colcon.colcon_core.package_identification:_identify(src/vehicle_pose_pkg) by extension 'ignore_ament_install'
[1.720s] Level 1:colcon.colcon_core.package_identification:_identify(src/vehicle_pose_pkg) by extensions ['colcon_pkg']
[1.720s] Level 1:colcon.colcon_core.package_identification:_identify(src/vehicle_pose_pkg) by extension 'colcon_pkg'
[1.720s] Level 1:colcon.colcon_core.package_identification:_identify(src/vehicle_pose_pkg) by extensions ['colcon_meta']
[1.720s] Level 1:colcon.colcon_core.package_identification:_identify(src/vehicle_pose_pkg) by extension 'colcon_meta'
[1.720s] Level 1:colcon.colcon_core.package_identification:_identify(src/vehicle_pose_pkg) by extensions ['ros']
[1.720s] Level 1:colcon.colcon_core.package_identification:_identify(src/vehicle_pose_pkg) by extension 'ros'
[1.721s] DEBUG:colcon.colcon_core.package_identification:Package 'src/vehicle_pose_pkg' with type 'ros.ament_python' and name 'vehicle_pose_pkg'
[1.721s] Level 1:colcon.colcon_core.package_identification:_identify(src/wallfollowpid) by extensions ['ignore', 'ignore_ament_install']
[1.721s] Level 1:colcon.colcon_core.package_identification:_identify(src/wallfollowpid) by extension 'ignore'
[1.721s] Level 1:colcon.colcon_core.package_identification:_identify(src/wallfollowpid) by extension 'ignore_ament_install'
[1.721s] Level 1:colcon.colcon_core.package_identification:_identify(src/wallfollowpid) by extensions ['colcon_pkg']
[1.721s] Level 1:colcon.colcon_core.package_identification:_identify(src/wallfollowpid) by extension 'colcon_pkg'
[1.721s] Level 1:colcon.colcon_core.package_identification:_identify(src/wallfollowpid) by extensions ['colcon_meta']
[1.721s] Level 1:colcon.colcon_core.package_identification:_identify(src/wallfollowpid) by extension 'colcon_meta'
[1.722s] Level 1:colcon.colcon_core.package_identification:_identify(src/wallfollowpid) by extensions ['ros']
[1.722s] Level 1:colcon.colcon_core.package_identification:_identify(src/wallfollowpid) by extension 'ros'
[1.722s] DEBUG:colcon.colcon_core.package_identification:Package 'src/wallfollowpid' with type 'ros.ament_python' and name 'wallfollowpid'
[1.723s] Level 1:colcon.colcon_core.package_discovery:discover_packages(recursive) using defaults
[1.723s] Level 1:colcon.colcon_core.package_discovery:discover_packages(ignore) discover
[1.723s] Level 1:colcon.colcon_core.package_discovery:discover_packages(ignore) using defaults
[1.723s] Level 1:colcon.colcon_core.package_discovery:discover_packages(path) discover
[1.723s] Level 1:colcon.colcon_core.package_discovery:discover_packages(path) using defaults
[1.867s] Level 1:colcon.colcon_core.package_discovery:discover_packages(prefix_path) check parameters
[1.867s] Level 1:colcon.colcon_core.package_discovery:discover_packages(prefix_path) discover
[1.916s] DEBUG:colcon.colcon_installed_package_information.package_discovery:Found 286 installed packages in /opt/ros/humble
[1.918s] Level 1:colcon.colcon_core.package_discovery:discover_packages(prefix_path) using defaults
[2.066s] Level 5:colcon.colcon_core.verb:set package 'cross_pkg' build argument 'cmake_args' from command line to 'None'
[2.066s] Level 5:colcon.colcon_core.verb:set package 'cross_pkg' build argument 'cmake_target' from command line to 'None'
[2.066s] Level 5:colcon.colcon_core.verb:set package 'cross_pkg' build argument 'cmake_target_skip_unavailable' from command line to 'False'
[2.066s] Level 5:colcon.colcon_core.verb:set package 'cross_pkg' build argument 'cmake_clean_cache' from command line to 'False'
[2.066s] Level 5:colcon.colcon_core.verb:set package 'cross_pkg' build argument 'cmake_clean_first' from command line to 'False'
[2.066s] Level 5:colcon.colcon_core.verb:set package 'cross_pkg' build argument 'cmake_force_configure' from command line to 'False'
[2.066s] Level 5:colcon.colcon_core.verb:set package 'cross_pkg' build argument 'ament_cmake_args' from command line to 'None'
[2.066s] Level 5:colcon.colcon_core.verb:set package 'cross_pkg' build argument 'catkin_cmake_args' from command line to 'None'
[2.066s] Level 5:colcon.colcon_core.verb:set package 'cross_pkg' build argument 'catkin_skip_building_tests' from command line to 'False'
[2.066s] DEBUG:colcon.colcon_core.verb:Building package 'cross_pkg' with the following arguments: {'ament_cmake_args': None, 'build_base': '/home/wyatt/humble_AV_ws/build/cross_pkg', 'catkin_cmake_args': None, 'catkin_skip_building_tests': False, 'cmake_args': None, 'cmake_clean_cache': False, 'cmake_clean_first': False, 'cmake_force_configure': False, 'cmake_target': None, 'cmake_target_skip_unavailable': False, 'install_base': '/home/wyatt/humble_AV_ws/install/cross_pkg', 'merge_install': False, 'path': '/home/wyatt/humble_AV_ws/src/cross_pkg', 'symlink_install': False, 'test_result_base': None}
[2.090s] Level 5:colcon.colcon_core.verb:set package 'group5joy' build argument 'cmake_args' from command line to 'None'
[2.090s] Level 5:colcon.colcon_core.verb:set package 'group5joy' build argument 'cmake_target' from command line to 'None'
[2.090s] Level 5:colcon.colcon_core.verb:set package 'group5joy' build argument 'cmake_target_skip_unavailable' from command line to 'False'
[2.090s] Level 5:colcon.colcon_core.verb:set package 'group5joy' build argument 'cmake_clean_cache' from command line to 'False'
[2.090s] Level 5:colcon.colcon_core.verb:set package 'group5joy' build argument 'cmake_clean_first' from command line to 'False'
[2.090s] Level 5:colcon.colcon_core.verb:set package 'group5joy' build argument 'cmake_force_configure' from command line to 'False'
[2.090s] Level 5:colcon.colcon_core.verb:set package 'group5joy' build argument 'ament_cmake_args' from command line to 'None'
[2.090s] Level 5:colcon.colcon_core.verb:set package 'group5joy' build argument 'catkin_cmake_args' from command line to 'None'
[2.090s] Level 5:colcon.colcon_core.verb:set package 'group5joy' build argument 'catkin_skip_building_tests' from command line to 'False'
[2.090s] DEBUG:colcon.colcon_core.verb:Building package 'group5joy' with the following arguments: {'ament_cmake_args': None, 'build_base': '/home/wyatt/humble_AV_ws/build/group5joy', 'catkin_cmake_args': None, 'catkin_skip_building_tests': False, 'cmake_args': None, 'cmake_clean_cache': False, 'cmake_clean_first': False, 'cmake_force_configure': False, 'cmake_target': None, 'cmake_target_skip_unavailable': False, 'install_base': '/home/wyatt/humble_AV_ws/install/group5joy', 'merge_install': False, 'path': '/home/wyatt/humble_AV_ws/src/group5joy', 'symlink_install': False, 'test_result_base': None}
[2.114s] Level 5:colcon.colcon_core.verb:set package 'intro_package' build argument 'cmake_args' from command line to 'None'
[2.114s] Level 5:colcon.colcon_core.verb:set package 'intro_package' build argument 'cmake_target' from command line to 'None'
[2.114s] Level 5:colcon.colcon_core.verb:set package 'intro_package' build argument 'cmake_target_skip_unavailable' from command line to 'False'
[2.114s] Level 5:colcon.colcon_core.verb:set package 'intro_package' build argument 'cmake_clean_cache' from command line to 'False'
[2.114s] Level 5:colcon.colcon_core.verb:set package 'intro_package' build argument 'cmake_clean_first' from command line to 'False'
[2.114s] Level 5:colcon.colcon_core.verb:set package 'intro_package' build argument 'cmake_force_configure' from command line to 'False'
[2.114s] Level 5:colcon.colcon_core.verb:set package 'intro_package' build argument 'ament_cmake_args' from command line to 'None'
[2.114s] Level 5:colcon.colcon_core.verb:set package 'intro_package' build argument 'catkin_cmake_args' from command line to 'None'
[2.114s] Level 5:colcon.colcon_core.verb:set package 'intro_package' build argument 'catkin_skip_building_tests' from command line to 'False'
[2.114s] DEBUG:colcon.colcon_core.verb:Building package 'intro_package' with the following arguments: {'ament_cmake_args': None, 'build_base': '/home/wyatt/humble_AV_ws/build/intro_package', 'catkin_cmake_args': None, 'catkin_skip_building_tests': False, 'cmake_args': None, 'cmake_clean_cache': False, 'cmake_clean_first': False, 'cmake_force_configure': False, 'cmake_target': None, 'cmake_target_skip_unavailable': False, 'install_base': '/home/wyatt/humble_AV_ws/install/intro_package', 'merge_install': False, 'path': '/home/wyatt/humble_AV_ws/src/intro_package', 'symlink_install': False, 'test_result_base': None}
[2.138s] Level 5:colcon.colcon_core.verb:set package 'my_best2' build argument 'cmake_args' from command line to 'None'
[2.138s] Level 5:colcon.colcon_core.verb:set package 'my_best2' build argument 'cmake_target' from command line to 'None'
[2.138s] Level 5:colcon.colcon_core.verb:set package 'my_best2' build argument 'cmake_target_skip_unavailable' from command line to 'False'
[2.138s] Level 5:colcon.colcon_core.verb:set package 'my_best2' build argument 'cmake_clean_cache' from command line to 'False'
[2.138s] Level 5:colcon.colcon_core.verb:set package 'my_best2' build argument 'cmake_clean_first' from command line to 'False'
[2.138s] Level 5:colcon.colcon_core.verb:set package 'my_best2' build argument 'cmake_force_configure' from command line to 'False'
[2.138s] Level 5:colcon.colcon_core.verb:set package 'my_best2' build argument 'ament_cmake_args' from command line to 'None'
[2.138s] Level 5:colcon.colcon_core.verb:set package 'my_best2' build argument 'catkin_cmake_args' from command line to 'None'
[2.138s] Level 5:colcon.colcon_core.verb:set package 'my_best2' build argument 'catkin_skip_building_tests' from command line to 'False'
[2.138s] DEBUG:colcon.colcon_core.verb:Building package 'my_best2' with the following arguments: {'ament_cmake_args': None, 'build_base': '/home/wyatt/humble_AV_ws/build/my_best2', 'catkin_cmake_args': None, 'catkin_skip_building_tests': False, 'cmake_args': None, 'cmake_clean_cache': False, 'cmake_clean_first': False, 'cmake_force_configure': False, 'cmake_target': None, 'cmake_target_skip_unavailable': False, 'install_base': '/home/wyatt/humble_AV_ws/install/my_best2', 'merge_install': False, 'path': '/home/wyatt/humble_AV_ws/src/my_best2', 'symlink_install': False, 'test_result_base': None}
[2.161s] Level 5:colcon.colcon_core.verb:set package 'my_best3' build argument 'cmake_args' from command line to 'None'
[2.161s] Level 5:colcon.colcon_core.verb:set package 'my_best3' build argument 'cmake_target' from command line to 'None'
[2.162s] Level 5:colcon.colcon_core.verb:set package 'my_best3' build argument 'cmake_target_skip_unavailable' from command line to 'False'
[2.162s] Level 5:colcon.colcon_core.verb:set package 'my_best3' build argument 'cmake_clean_cache' from command line to 'False'
[2.162s] Level 5:colcon.colcon_core.verb:set package 'my_best3' build argument 'cmake_clean_first' from command line to 'False'
[2.162s] Level 5:colcon.colcon_core.verb:set package 'my_best3' build argument 'cmake_force_configure' from command line to 'False'
[2.162s] Level 5:colcon.colcon_core.verb:set package 'my_best3' build argument 'ament_cmake_args' from command line to 'None'
[2.162s] Level 5:colcon.colcon_core.verb:set package 'my_best3' build argument 'catkin_cmake_args' from command line to 'None'
[2.162s] Level 5:colcon.colcon_core.verb:set package 'my_best3' build argument 'catkin_skip_building_tests' from command line to 'False'
[2.162s] DEBUG:colcon.colcon_core.verb:Building package 'my_best3' with the following arguments: {'ament_cmake_args': None, 'build_base': '/home/wyatt/humble_AV_ws/build/my_best3', 'catkin_cmake_args': None, 'catkin_skip_building_tests': False, 'cmake_args': None, 'cmake_clean_cache': False, 'cmake_clean_first': False, 'cmake_force_configure': False, 'cmake_target': None, 'cmake_target_skip_unavailable': False, 'install_base': '/home/wyatt/humble_AV_ws/install/my_best3', 'merge_install': False, 'path': '/home/wyatt/humble_AV_ws/src/my_best3', 'symlink_install': False, 'test_result_base': None}
[2.185s] Level 5:colcon.colcon_core.verb:set package 'my_best3_interfaces' build argument 'cmake_args' from command line to 'None'
[2.185s] Level 5:colcon.colcon_core.verb:set package 'my_best3_interfaces' build argument 'cmake_target' from command line to 'None'
[2.185s] Level 5:colcon.colcon_core.verb:set package 'my_best3_interfaces' build argument 'cmake_target_skip_unavailable' from command line to 'False'
[2.185s] Level 5:colcon.colcon_core.verb:set package 'my_best3_interfaces' build argument 'cmake_clean_cache' from command line to 'False'
[2.185s] Level 5:colcon.colcon_core.verb:set package 'my_best3_interfaces' build argument 'cmake_clean_first' from command line to 'False'
[2.185s] Level 5:colcon.colcon_core.verb:set package 'my_best3_interfaces' build argument 'cmake_force_configure' from command line to 'False'
[2.185s] Level 5:colcon.colcon_core.verb:set package 'my_best3_interfaces' build argument 'ament_cmake_args' from command line to 'None'
[2.185s] Level 5:colcon.colcon_core.verb:set package 'my_best3_interfaces' build argument 'catkin_cmake_args' from command line to 'None'
[2.185s] Level 5:colcon.colcon_core.verb:set package 'my_best3_interfaces' build argument 'catkin_skip_building_tests' from command line to 'False'
[2.185s] DEBUG:colcon.colcon_core.verb:Building package 'my_best3_interfaces' with the following arguments: {'ament_cmake_args': None, 'build_base': '/home/wyatt/humble_AV_ws/build/my_best3_interfaces', 'catkin_cmake_args': None, 'catkin_skip_building_tests': False, 'cmake_args': None, 'cmake_clean_cache': False, 'cmake_clean_first': False, 'cmake_force_configure': False, 'cmake_target': None, 'cmake_target_skip_unavailable': False, 'install_base': '/home/wyatt/humble_AV_ws/install/my_best3_interfaces', 'merge_install': False, 'path': '/home/wyatt/humble_AV_ws/src/my_best3_interfaces', 'symlink_install': False, 'test_result_base': None}
[2.210s] Level 5:colcon.colcon_core.verb:set package 'ranger' build argument 'cmake_args' from command line to 'None'
[2.210s] Level 5:colcon.colcon_core.verb:set package 'ranger' build argument 'cmake_target' from command line to 'None'
[2.210s] Level 5:colcon.colcon_core.verb:set package 'ranger' build argument 'cmake_target_skip_unavailable' from command line to 'False'
[2.210s] Level 5:colcon.colcon_core.verb:set package 'ranger' build argument 'cmake_clean_cache' from command line to 'False'
[2.210s] Level 5:colcon.colcon_core.verb:set package 'ranger' build argument 'cmake_clean_first' from command line to 'False'
[2.210s] Level 5:colcon.colcon_core.verb:set package 'ranger' build argument 'cmake_force_configure' from command line to 'False'
[2.210s] Level 5:colcon.colcon_core.verb:set package 'ranger' build argument 'ament_cmake_args' from command line to 'None'
[2.210s] Level 5:colcon.colcon_core.verb:set package 'ranger' build argument 'catkin_cmake_args' from command line to 'None'
[2.210s] Level 5:colcon.colcon_core.verb:set package 'ranger' build argument 'catkin_skip_building_tests' from command line to 'False'
[2.210s] DEBUG:colcon.colcon_core.verb:Building package 'ranger' with the following arguments: {'ament_cmake_args': None, 'build_base': '/home/wyatt/humble_AV_ws/build/ranger', 'catkin_cmake_args': None, 'catkin_skip_building_tests': False, 'cmake_args': None, 'cmake_clean_cache': False, 'cmake_clean_first': False, 'cmake_force_configure': False, 'cmake_target': None, 'cmake_target_skip_unavailable': False, 'install_base': '/home/wyatt/humble_AV_ws/install/ranger', 'merge_install': False, 'path': '/home/wyatt/humble_AV_ws/src/ranger', 'symlink_install': False, 'test_result_base': None}
[2.234s] Level 5:colcon.colcon_core.verb:set package 'vehicle_pose_pkg' build argument 'cmake_args' from command line to 'None'
[2.234s] Level 5:colcon.colcon_core.verb:set package 'vehicle_pose_pkg' build argument 'cmake_target' from command line to 'None'
[2.234s] Level 5:colcon.colcon_core.verb:set package 'vehicle_pose_pkg' build argument 'cmake_target_skip_unavailable' from command line to 'False'
[2.234s] Level 5:colcon.colcon_core.verb:set package 'vehicle_pose_pkg' build argument 'cmake_clean_cache' from command line to 'False'
[2.234s] Level 5:colcon.colcon_core.verb:set package 'vehicle_pose_pkg' build argument 'cmake_clean_first' from command line to 'False'
[2.234s] Level 5:colcon.colcon_core.verb:set package 'vehicle_pose_pkg' build argument 'cmake_force_configure' from command line to 'False'
[2.234s] Level 5:colcon.colcon_core.verb:set package 'vehicle_pose_pkg' build argument 'ament_cmake_args' from command line to 'None'
[2.234s] Level 5:colcon.colcon_core.verb:set package 'vehicle_pose_pkg' build argument 'catkin_cmake_args' from command line to 'None'
[2.234s] Level 5:colcon.colcon_core.verb:set package 'vehicle_pose_pkg' build argument 'catkin_skip_building_tests' from command line to 'False'
[2.234s] DEBUG:colcon.colcon_core.verb:Building package 'vehicle_pose_pkg' with the following arguments: {'ament_cmake_args': None, 'build_base': '/home/wyatt/humble_AV_ws/build/vehicle_pose_pkg', 'catkin_cmake_args': None, 'catkin_skip_building_tests': False, 'cmake_args': None, 'cmake_clean_cache': False, 'cmake_clean_first': False, 'cmake_force_configure': False, 'cmake_target': None, 'cmake_target_skip_unavailable': False, 'install_base': '/home/wyatt/humble_AV_ws/install/vehicle_pose_pkg', 'merge_install': False, 'path': '/home/wyatt/humble_AV_ws/src/vehicle_pose_pkg', 'symlink_install': False, 'test_result_base': None}
[2.258s] Level 5:colcon.colcon_core.verb:set package 'wallfollowpid' build argument 'cmake_args' from command line to 'None'
[2.258s] Level 5:colcon.colcon_core.verb:set package 'wallfollowpid' build argument 'cmake_target' from command line to 'None'
[2.258s] Level 5:colcon.colcon_core.verb:set package 'wallfollowpid' build argument 'cmake_target_skip_unavailable' from command line to 'False'
[2.258s] Level 5:colcon.colcon_core.verb:set package 'wallfollowpid' build argument 'cmake_clean_cache' from command line to 'False'
[2.258s] Level 5:colcon.colcon_core.verb:set package 'wallfollowpid' build argument 'cmake_clean_first' from command line to 'False'
[2.258s] Level 5:colcon.colcon_core.verb:set package 'wallfollowpid' build argument 'cmake_force_configure' from command line to 'False'
[2.258s] Level 5:colcon.colcon_core.verb:set package 'wallfollowpid' build argument 'ament_cmake_args' from command line to 'None'
[2.258s] Level 5:colcon.colcon_core.verb:set package 'wallfollowpid' build argument 'catkin_cmake_args' from command line to 'None'
[2.258s] Level 5:colcon.colcon_core.verb:set package 'wallfollowpid' build argument 'catkin_skip_building_tests' from command line to 'False'
[2.258s] DEBUG:colcon.colcon_core.verb:Building package 'wallfollowpid' with the following arguments: {'ament_cmake_args': None, 'build_base': '/home/wyatt/humble_AV_ws/build/wallfollowpid', 'catkin_cmake_args': None, 'catkin_skip_building_tests': False, 'cmake_args': None, 'cmake_clean_cache': False, 'cmake_clean_first': False, 'cmake_force_configure': False, 'cmake_target': None, 'cmake_target_skip_unavailable': False, 'install_base': '/home/wyatt/humble_AV_ws/install/wallfollowpid', 'merge_install': False, 'path': '/home/wyatt/humble_AV_ws/src/wallfollowpid', 'symlink_install': False, 'test_result_base': None}
[2.281s] INFO:colcon.colcon_core.executor:Executing jobs using 'parallel' executor
[2.306s] DEBUG:colcon.colcon_parallel_executor.executor.parallel:run_until_complete
[2.307s] INFO:colcon.colcon_ros.task.ament_python.build:Building ROS package in '/home/wyatt/humble_AV_ws/src/cross_pkg' with build type 'ament_python'
[2.307s] Level 1:colcon.colcon_core.shell:create_environment_hook('cross_pkg', 'ament_prefix_path')
[2.344s] INFO:colcon.colcon_core.plugin_system:Skipping extension 'colcon_core.shell.bat': Not used on non-Windows systems
[2.344s] INFO:colcon.colcon_core.shell:Creating environment hook '/home/wyatt/humble_AV_ws/install/cross_pkg/share/cross_pkg/hook/ament_prefix_path.ps1'
[2.346s] INFO:colcon.colcon_core.shell:Creating environment descriptor '/home/wyatt/humble_AV_ws/install/cross_pkg/share/cross_pkg/hook/ament_prefix_path.dsv'
[2.347s] INFO:colcon.colcon_core.shell:Creating environment hook '/home/wyatt/humble_AV_ws/install/cross_pkg/share/cross_pkg/hook/ament_prefix_path.sh'
[2.375s] INFO:colcon.colcon_core.shell:Skip shell extension 'powershell' for command environment: Not usable outside of PowerShell
[2.375s] DEBUG:colcon.colcon_core.shell:Skip shell extension 'dsv' for command environment
[2.462s] INFO:colcon.colcon_ros.task.ament_python.build:Building ROS package in '/home/wyatt/humble_AV_ws/src/group5joy' with build type 'ament_python'
[2.463s] Level 1:colcon.colcon_core.shell:create_environment_hook('group5joy', 'ament_prefix_path')
[2.503s] INFO:colcon.colcon_core.shell:Creating environment hook '/home/wyatt/humble_AV_ws/install/group5joy/share/group5joy/hook/ament_prefix_path.ps1'
[2.504s] INFO:colcon.colcon_core.shell:Creating environment descriptor '/home/wyatt/humble_AV_ws/install/group5joy/share/group5joy/hook/ament_prefix_path.dsv'
[2.505s] INFO:colcon.colcon_core.shell:Creating environment hook '/home/wyatt/humble_AV_ws/install/group5joy/share/group5joy/hook/ament_prefix_path.sh'
[2.545s] INFO:colcon.colcon_core.shell:Skip shell extension 'powershell' for command environment: Not usable outside of PowerShell
[2.545s] DEBUG:colcon.colcon_core.shell:Skip shell extension 'dsv' for command environment
[2.618s] INFO:colcon.colcon_ros.task.ament_python.build:Building ROS package in '/home/wyatt/humble_AV_ws/src/intro_package' with build type 'ament_python'
[2.618s] Level 1:colcon.colcon_core.shell:create_environment_hook('intro_package', 'ament_prefix_path')
[2.644s] INFO:colcon.colcon_core.shell:Creating environment hook '/home/wyatt/humble_AV_ws/install/intro_package/share/intro_package/hook/ament_prefix_path.ps1'
[2.645s] INFO:colcon.colcon_core.shell:Creating environment descriptor '/home/wyatt/humble_AV_ws/install/intro_package/share/intro_package/hook/ament_prefix_path.dsv'
[2.645s] INFO:colcon.colcon_core.shell:Creating environment hook '/home/wyatt/humble_AV_ws/install/intro_package/share/intro_package/hook/ament_prefix_path.sh'
[2.669s] INFO:colcon.colcon_core.shell:Skip shell extension 'powershell' for command environment: Not usable outside of PowerShell
[2.669s] DEBUG:colcon.colcon_core.shell:Skip shell extension 'dsv' for command environment
[2.738s] INFO:colcon.colcon_ros.task.ament_python.build:Building ROS package in '/home/wyatt/humble_AV_ws/src/my_best2' with build type 'ament_python'
[2.738s] Level 1:colcon.colcon_core.shell:create_environment_hook('my_best2', 'ament_prefix_path')
[2.765s] INFO:colcon.colcon_core.shell:Creating environment hook '/home/wyatt/humble_AV_ws/install/my_best2/share/my_best2/hook/ament_prefix_path.ps1'
[2.765s] INFO:colcon.colcon_core.shell:Creating environment descriptor '/home/wyatt/humble_AV_ws/install/my_best2/share/my_best2/hook/ament_prefix_path.dsv'
[2.766s] INFO:colcon.colcon_core.shell:Creating environment hook '/home/wyatt/humble_AV_ws/install/my_best2/share/my_best2/hook/ament_prefix_path.sh'
[2.790s] INFO:colcon.colcon_core.shell:Skip shell extension 'powershell' for command environment: Not usable outside of PowerShell
[2.790s] DEBUG:colcon.colcon_core.shell:Skip shell extension 'dsv' for command environment
[3.276s] INFO:colcon.colcon_core.task.python.build:Building Python package in '/home/wyatt/humble_AV_ws/src/cross_pkg'
[3.302s] INFO:colcon.colcon_core.shell:Skip shell extension 'powershell' for command environment: Not usable outside of PowerShell
[3.302s] DEBUG:colcon.colcon_core.shell:Skip shell extension 'dsv' for command environment
[3.789s] INFO:colcon.colcon_core.task.python.build:Building Python package in '/home/wyatt/humble_AV_ws/src/group5joy'
[3.815s] INFO:colcon.colcon_core.shell:Skip shell extension 'powershell' for command environment: Not usable outside of PowerShell
[3.816s] DEBUG:colcon.colcon_core.shell:Skip shell extension 'dsv' for command environment
[4.304s] INFO:colcon.colcon_core.task.python.build:Building Python package in '/home/wyatt/humble_AV_ws/src/intro_package'
[4.329s] INFO:colcon.colcon_core.shell:Skip shell extension 'powershell' for command environment: Not usable outside of PowerShell
[4.329s] DEBUG:colcon.colcon_core.shell:Skip shell extension 'dsv' for command environment
[4.793s] INFO:colcon.colcon_core.task.python.build:Building Python package in '/home/wyatt/humble_AV_ws/src/my_best2'
[4.817s] INFO:colcon.colcon_core.shell:Skip shell extension 'powershell' for command environment: Not usable outside of PowerShell
[4.817s] DEBUG:colcon.colcon_core.shell:Skip shell extension 'dsv' for command environment
[5.892s] DEBUG:colcon.colcon_core.event_handler.log_command:Invoking command in '/home/wyatt/humble_AV_ws/src/group5joy': PYTHONPATH=/home/wyatt/humble_AV_ws/build/group5joy/prefix_override:/home/wyatt/humble_AV_ws/install/group5joy/lib/python3.10/site-packages:${PYTHONPATH} /usr/bin/python3 setup.py egg_info --egg-base ../../build/group5joy build --build-base /home/wyatt/humble_AV_ws/build/group5joy/build install --record /home/wyatt/humble_AV_ws/build/group5joy/install.log --single-version-externally-managed
[5.896s] DEBUG:colcon.colcon_core.event_handler.log_command:Invoking command in '/home/wyatt/humble_AV_ws/src/my_best2': PYTHONPATH=/home/wyatt/humble_AV_ws/build/my_best2/prefix_override:/home/wyatt/humble_AV_ws/install/my_best2/lib/python3.10/site-packages:${PYTHONPATH} /usr/bin/python3 setup.py egg_info --egg-base ../../build/my_best2 build --build-base /home/wyatt/humble_AV_ws/build/my_best2/build install --record /home/wyatt/humble_AV_ws/build/my_best2/install.log --single-version-externally-managed
[5.902s] DEBUG:colcon.colcon_core.event_handler.log_command:Invoking command in '/home/wyatt/humble_AV_ws/src/cross_pkg': PYTHONPATH=/home/wyatt/humble_AV_ws/build/cross_pkg/prefix_override:/home/wyatt/humble_AV_ws/install/cross_pkg/lib/python3.10/site-packages:${PYTHONPATH} /usr/bin/python3 setup.py egg_info --egg-base ../../build/cross_pkg build --build-base /home/wyatt/humble_AV_ws/build/cross_pkg/build install --record /home/wyatt/humble_AV_ws/build/cross_pkg/install.log --single-version-externally-managed
[5.907s] DEBUG:colcon.colcon_core.event_handler.log_command:Invoking command in '/home/wyatt/humble_AV_ws/src/intro_package': PYTHONPATH=/home/wyatt/humble_AV_ws/build/intro_package/prefix_override:/home/wyatt/humble_AV_ws/install/intro_package/lib/python3.10/site-packages:${PYTHONPATH} /usr/bin/python3 setup.py egg_info --egg-base ../../build/intro_package build --build-base /home/wyatt/humble_AV_ws/build/intro_package/build install --record /home/wyatt/humble_AV_ws/build/intro_package/install.log --single-version-externally-managed
[6.749s] DEBUG:colcon.colcon_core.event_handler.log_command:Invoked command in '/home/wyatt/humble_AV_ws/src/cross_pkg' returned '0': PYTHONPATH=/home/wyatt/humble_AV_ws/build/cross_pkg/prefix_override:/home/wyatt/humble_AV_ws/install/cross_pkg/lib/python3.10/site-packages:${PYTHONPATH} /usr/bin/python3 setup.py egg_info --egg-base ../../build/cross_pkg build --build-base /home/wyatt/humble_AV_ws/build/cross_pkg/build install --record /home/wyatt/humble_AV_ws/build/cross_pkg/install.log --single-version-externally-managed
[6.793s] Level 1:colcon.colcon_core.environment:checking '/home/wyatt/humble_AV_ws/install/cross_pkg' for CMake module files
[6.794s] Level 1:colcon.colcon_core.environment:checking '/home/wyatt/humble_AV_ws/install/cross_pkg' for CMake config files
[6.795s] Level 1:colcon.colcon_core.environment:checking '/home/wyatt/humble_AV_ws/install/cross_pkg/lib'
[6.795s] Level 1:colcon.colcon_core.environment:checking '/home/wyatt/humble_AV_ws/install/cross_pkg/bin'
[6.795s] Level 1:colcon.colcon_core.environment:checking '/home/wyatt/humble_AV_ws/install/cross_pkg/lib/pkgconfig/cross_pkg.pc'
[6.796s] Level 1:colcon.colcon_core.environment:checking '/home/wyatt/humble_AV_ws/install/cross_pkg/lib/python3.10/site-packages'
[6.796s] Level 1:colcon.colcon_core.shell:create_environment_hook('cross_pkg', 'pythonpath')
[6.820s] INFO:colcon.colcon_core.shell:Creating environment hook '/home/wyatt/humble_AV_ws/install/cross_pkg/share/cross_pkg/hook/pythonpath.ps1'
[6.821s] INFO:colcon.colcon_core.shell:Creating environment descriptor '/home/wyatt/humble_AV_ws/install/cross_pkg/share/cross_pkg/hook/pythonpath.dsv'
[6.821s] INFO:colcon.colcon_core.shell:Creating environment hook '/home/wyatt/humble_AV_ws/install/cross_pkg/share/cross_pkg/hook/pythonpath.sh'
[6.822s] Level 1:colcon.colcon_core.environment:checking '/home/wyatt/humble_AV_ws/install/cross_pkg/bin'
[6.822s] Level 1:colcon.colcon_core.environment:create_environment_scripts_only(cross_pkg)
[6.847s] INFO:colcon.colcon_core.shell:Creating package script '/home/wyatt/humble_AV_ws/install/cross_pkg/share/cross_pkg/package.ps1'
[6.849s] INFO:colcon.colcon_core.shell:Creating package descriptor '/home/wyatt/humble_AV_ws/install/cross_pkg/share/cross_pkg/package.dsv'
[6.850s] INFO:colcon.colcon_core.shell:Creating package script '/home/wyatt/humble_AV_ws/install/cross_pkg/share/cross_pkg/package.sh'
[6.851s] INFO:colcon.colcon_core.shell:Creating package script '/home/wyatt/humble_AV_ws/install/cross_pkg/share/cross_pkg/package.bash'
[6.852s] INFO:colcon.colcon_core.shell:Creating package script '/home/wyatt/humble_AV_ws/install/cross_pkg/share/cross_pkg/package.zsh'
[6.853s] Level 1:colcon.colcon_core.environment:create_file_with_runtime_dependencies(/home/wyatt/humble_AV_ws/install/cross_pkg/share/colcon-core/packages/cross_pkg)
[6.856s] DEBUG:colcon.colcon_core.event_handler.log_command:Invoked command in '/home/wyatt/humble_AV_ws/src/my_best2' returned '0': PYTHONPATH=/home/wyatt/humble_AV_ws/build/my_best2/prefix_override:/home/wyatt/humble_AV_ws/install/my_best2/lib/python3.10/site-packages:${PYTHONPATH} /usr/bin/python3 setup.py egg_info --egg-base ../../build/my_best2 build --build-base /home/wyatt/humble_AV_ws/build/my_best2/build install --record /home/wyatt/humble_AV_ws/build/my_best2/install.log --single-version-externally-managed
[6.881s] Level 1:colcon.colcon_core.environment:checking '/home/wyatt/humble_AV_ws/install/my_best2' for CMake module files
[6.882s] Level 1:colcon.colcon_core.environment:checking '/home/wyatt/humble_AV_ws/install/my_best2' for CMake config files
[6.882s] Level 1:colcon.colcon_core.environment:checking '/home/wyatt/humble_AV_ws/install/my_best2/lib'
[6.882s] Level 1:colcon.colcon_core.environment:checking '/home/wyatt/humble_AV_ws/install/my_best2/bin'
[6.883s] Level 1:colcon.colcon_core.environment:checking '/home/wyatt/humble_AV_ws/install/my_best2/lib/pkgconfig/my_best2.pc'
[6.883s] Level 1:colcon.colcon_core.environment:checking '/home/wyatt/humble_AV_ws/install/my_best2/lib/python3.10/site-packages'
[6.883s] Level 1:colcon.colcon_core.shell:create_environment_hook('my_best2', 'pythonpath')
[6.907s] INFO:colcon.colcon_core.shell:Creating environment hook '/home/wyatt/humble_AV_ws/install/my_best2/share/my_best2/hook/pythonpath.ps1'
[6.908s] INFO:colcon.colcon_core.shell:Creating environment descriptor '/home/wyatt/humble_AV_ws/install/my_best2/share/my_best2/hook/pythonpath.dsv'
[6.908s] INFO:colcon.colcon_core.shell:Creating environment hook '/home/wyatt/humble_AV_ws/install/my_best2/share/my_best2/hook/pythonpath.sh'
[6.909s] Level 1:colcon.colcon_core.environment:checking '/home/wyatt/humble_AV_ws/install/my_best2/bin'
[6.909s] Level 1:colcon.colcon_core.environment:create_environment_scripts_only(my_best2)
[6.933s] INFO:colcon.colcon_core.shell:Creating package script '/home/wyatt/humble_AV_ws/install/my_best2/share/my_best2/package.ps1'
[6.933s] INFO:colcon.colcon_core.shell:Creating package descriptor '/home/wyatt/humble_AV_ws/install/my_best2/share/my_best2/package.dsv'
[6.934s] INFO:colcon.colcon_core.shell:Creating package script '/home/wyatt/humble_AV_ws/install/my_best2/share/my_best2/package.sh'
[6.934s] INFO:colcon.colcon_core.shell:Creating package script '/home/wyatt/humble_AV_ws/install/my_best2/share/my_best2/package.bash'
[6.935s] INFO:colcon.colcon_core.shell:Creating package script '/home/wyatt/humble_AV_ws/install/my_best2/share/my_best2/package.zsh'
[6.935s] Level 1:colcon.colcon_core.environment:create_file_with_runtime_dependencies(/home/wyatt/humble_AV_ws/install/my_best2/share/colcon-core/packages/my_best2)
[6.936s] INFO:colcon.colcon_ros.task.ament_python.build:Building ROS package in '/home/wyatt/humble_AV_ws/src/my_best3' with build type 'ament_python'
[6.937s] Level 1:colcon.colcon_core.shell:create_environment_hook('my_best3', 'ament_prefix_path')
[6.966s] INFO:colcon.colcon_core.shell:Creating environment hook '/home/wyatt/humble_AV_ws/install/my_best3/share/my_best3/hook/ament_prefix_path.ps1'
[6.967s] INFO:colcon.colcon_core.shell:Creating environment descriptor '/home/wyatt/humble_AV_ws/install/my_best3/share/my_best3/hook/ament_prefix_path.dsv'
[6.967s] INFO:colcon.colcon_core.shell:Creating environment hook '/home/wyatt/humble_AV_ws/install/my_best3/share/my_best3/hook/ament_prefix_path.sh'
[6.994s] INFO:colcon.colcon_core.shell:Skip shell extension 'powershell' for command environment: Not usable outside of PowerShell
[6.994s] DEBUG:colcon.colcon_core.shell:Skip shell extension 'dsv' for command environment
[7.045s] INFO:colcon.colcon_ros.task.ament_cmake.build:Building ROS package in '/home/wyatt/humble_AV_ws/src/my_best3_interfaces' with build type 'ament_cmake'
[7.046s] INFO:colcon.colcon_cmake.task.cmake.build:Building CMake package in '/home/wyatt/humble_AV_ws/src/my_best3_interfaces'
[7.072s] INFO:colcon.colcon_core.shell:Skip shell extension 'powershell' for command environment: Not usable outside of PowerShell
[7.073s] DEBUG:colcon.colcon_core.shell:Skip shell extension 'dsv' for command environment
[7.126s] DEBUG:colcon.colcon_core.event_handler.log_command:Invoked command in '/home/wyatt/humble_AV_ws/src/group5joy' returned '0': PYTHONPATH=/home/wyatt/humble_AV_ws/build/group5joy/prefix_override:/home/wyatt/humble_AV_ws/install/group5joy/lib/python3.10/site-packages:${PYTHONPATH} /usr/bin/python3 setup.py egg_info --egg-base ../../build/group5joy build --build-base /home/wyatt/humble_AV_ws/build/group5joy/build install --record /home/wyatt/humble_AV_ws/build/group5joy/install.log --single-version-externally-managed
[7.153s] Level 1:colcon.colcon_core.environment:checking '/home/wyatt/humble_AV_ws/install/group5joy' for CMake module files
[7.153s] Level 1:colcon.colcon_core.environment:checking '/home/wyatt/humble_AV_ws/install/group5joy' for CMake config files
[7.154s] Level 1:colcon.colcon_core.environment:checking '/home/wyatt/humble_AV_ws/install/group5joy/lib'
[7.154s] Level 1:colcon.colcon_core.environment:checking '/home/wyatt/humble_AV_ws/install/group5joy/bin'
[7.154s] Level 1:colcon.colcon_core.environment:checking '/home/wyatt/humble_AV_ws/install/group5joy/lib/pkgconfig/group5joy.pc'
[7.155s] Level 1:colcon.colcon_core.environment:checking '/home/wyatt/humble_AV_ws/install/group5joy/lib/python3.10/site-packages'
[7.155s] Level 1:colcon.colcon_core.shell:create_environment_hook('group5joy', 'pythonpath')
[7.182s] INFO:colcon.colcon_core.shell:Creating environment hook '/home/wyatt/humble_AV_ws/install/group5joy/share/group5joy/hook/pythonpath.ps1'
[7.182s] INFO:colcon.colcon_core.shell:Creating environment descriptor '/home/wyatt/humble_AV_ws/install/group5joy/share/group5joy/hook/pythonpath.dsv'
[7.183s] INFO:colcon.colcon_core.shell:Creating environment hook '/home/wyatt/humble_AV_ws/install/group5joy/share/group5joy/hook/pythonpath.sh'
[7.183s] Level 1:colcon.colcon_core.environment:checking '/home/wyatt/humble_AV_ws/install/group5joy/bin'
[7.183s] Level 1:colcon.colcon_core.environment:create_environment_scripts_only(group5joy)
[7.208s] INFO:colcon.colcon_core.shell:Creating package script '/home/wyatt/humble_AV_ws/install/group5joy/share/group5joy/package.ps1'
[7.209s] INFO:colcon.colcon_core.shell:Creating package descriptor '/home/wyatt/humble_AV_ws/install/group5joy/share/group5joy/package.dsv'
[7.209s] INFO:colcon.colcon_core.shell:Creating package script '/home/wyatt/humble_AV_ws/install/group5joy/share/group5joy/package.sh'
[7.210s] INFO:colcon.colcon_core.shell:Creating package script '/home/wyatt/humble_AV_ws/install/group5joy/share/group5joy/package.bash'
[7.210s] INFO:colcon.colcon_core.shell:Creating package script '/home/wyatt/humble_AV_ws/install/group5joy/share/group5joy/package.zsh'
[7.211s] Level 1:colcon.colcon_core.environment:create_file_with_runtime_dependencies(/home/wyatt/humble_AV_ws/install/group5joy/share/colcon-core/packages/group5joy)
[7.214s] DEBUG:colcon.colcon_core.event_handler.log_command:Invoked command in '/home/wyatt/humble_AV_ws/src/intro_package' returned '0': PYTHONPATH=/home/wyatt/humble_AV_ws/build/intro_package/prefix_override:/home/wyatt/humble_AV_ws/install/intro_package/lib/python3.10/site-packages:${PYTHONPATH} /usr/bin/python3 setup.py egg_info --egg-base ../../build/intro_package build --build-base /home/wyatt/humble_AV_ws/build/intro_package/build install --record /home/wyatt/humble_AV_ws/build/intro_package/install.log --single-version-externally-managed
[7.240s] Level 1:colcon.colcon_core.environment:checking '/home/wyatt/humble_AV_ws/install/intro_package' for CMake module files
[7.241s] Level 1:colcon.colcon_core.environment:checking '/home/wyatt/humble_AV_ws/install/intro_package' for CMake config files
[7.241s] Level 1:colcon.colcon_core.environment:checking '/home/wyatt/humble_AV_ws/install/intro_package/lib'
[7.242s] Level 1:colcon.colcon_core.environment:checking '/home/wyatt/humble_AV_ws/install/intro_package/bin'
[7.242s] Level 1:colcon.colcon_core.environment:checking '/home/wyatt/humble_AV_ws/install/intro_package/lib/pkgconfig/intro_package.pc'
[7.242s] Level 1:colcon.colcon_core.environment:checking '/home/wyatt/humble_AV_ws/install/intro_package/lib/python3.10/site-packages'
[7.242s] Level 1:colcon.colcon_core.shell:create_environment_hook('intro_package', 'pythonpath')
[7.269s] INFO:colcon.colcon_core.shell:Creating environment hook '/home/wyatt/humble_AV_ws/install/intro_package/share/intro_package/hook/pythonpath.ps1'
[7.269s] INFO:colcon.colcon_core.shell:Creating environment descriptor '/home/wyatt/humble_AV_ws/install/intro_package/share/intro_package/hook/pythonpath.dsv'
[7.270s] INFO:colcon.colcon_core.shell:Creating environment hook '/home/wyatt/humble_AV_ws/install/intro_package/share/intro_package/hook/pythonpath.sh'
[7.271s] Level 1:colcon.colcon_core.environment:checking '/home/wyatt/humble_AV_ws/install/intro_package/bin'
[7.271s] Level 1:colcon.colcon_core.environment:create_environment_scripts_only(intro_package)
[7.297s] INFO:colcon.colcon_core.shell:Creating package script '/home/wyatt/humble_AV_ws/install/intro_package/share/intro_package/package.ps1'
[7.298s] INFO:colcon.colcon_core.shell:Creating package descriptor '/home/wyatt/humble_AV_ws/install/intro_package/share/intro_package/package.dsv'
[7.299s] INFO:colcon.colcon_core.shell:Creating package script '/home/wyatt/humble_AV_ws/install/intro_package/share/intro_package/package.sh'
[7.299s] INFO:colcon.colcon_core.shell:Creating package script '/home/wyatt/humble_AV_ws/install/intro_package/share/intro_package/package.bash'
[7.299s] INFO:colcon.colcon_core.shell:Creating package script '/home/wyatt/humble_AV_ws/install/intro_package/share/intro_package/package.zsh'
[7.300s] Level 1:colcon.colcon_core.environment:create_file_with_runtime_dependencies(/home/wyatt/humble_AV_ws/install/intro_package/share/colcon-core/packages/intro_package)
[7.302s] INFO:colcon.colcon_ros.task.ament_python.build:Building ROS package in '/home/wyatt/humble_AV_ws/src/ranger' with build type 'ament_python'
[7.302s] Level 1:colcon.colcon_core.shell:create_environment_hook('ranger', 'ament_prefix_path')
[7.329s] INFO:colcon.colcon_core.shell:Creating environment hook '/home/wyatt/humble_AV_ws/install/ranger/share/ranger/hook/ament_prefix_path.ps1'
[7.330s] INFO:colcon.colcon_core.shell:Creating environment descriptor '/home/wyatt/humble_AV_ws/install/ranger/share/ranger/hook/ament_prefix_path.dsv'
[7.331s] INFO:colcon.colcon_core.shell:Creating environment hook '/home/wyatt/humble_AV_ws/install/ranger/share/ranger/hook/ament_prefix_path.sh'
[7.358s] INFO:colcon.colcon_core.shell:Skip shell extension 'powershell' for command environment: Not usable outside of PowerShell
[7.358s] DEBUG:colcon.colcon_core.shell:Skip shell extension 'dsv' for command environment
[7.413s] INFO:colcon.colcon_ros.task.ament_python.build:Building ROS package in '/home/wyatt/humble_AV_ws/src/vehicle_pose_pkg' with build type 'ament_python'
[7.414s] Level 1:colcon.colcon_core.shell:create_environment_hook('vehicle_pose_pkg', 'ament_prefix_path')
[7.439s] INFO:colcon.colcon_core.shell:Creating environment hook '/home/wyatt/humble_AV_ws/install/vehicle_pose_pkg/share/vehicle_pose_pkg/hook/ament_prefix_path.ps1'
[7.440s] INFO:colcon.colcon_core.shell:Creating environment descriptor '/home/wyatt/humble_AV_ws/install/vehicle_pose_pkg/share/vehicle_pose_pkg/hook/ament_prefix_path.dsv'
[7.441s] INFO:colcon.colcon_core.shell:Creating environment hook '/home/wyatt/humble_AV_ws/install/vehicle_pose_pkg/share/vehicle_pose_pkg/hook/ament_prefix_path.sh'
[7.466s] INFO:colcon.colcon_core.shell:Skip shell extension 'powershell' for command environment: Not usable outside of PowerShell
[7.466s] DEBUG:colcon.colcon_core.shell:Skip shell extension 'dsv' for command environment
[7.940s] INFO:colcon.colcon_core.task.python.build:Building Python package in '/home/wyatt/humble_AV_ws/src/my_best3'
[7.966s] INFO:colcon.colcon_core.shell:Skip shell extension 'powershell' for command environment: Not usable outside of PowerShell
[7.966s] DEBUG:colcon.colcon_core.shell:Skip shell extension 'dsv' for command environment
[8.026s] DEBUG:colcon.colcon_core.event_handler.log_command:Invoking command in '/home/wyatt/humble_AV_ws/build/my_best3_interfaces': CMAKE_PREFIX_PATH=/opt/ros/humble /usr/bin/cmake /home/wyatt/humble_AV_ws/src/my_best3_interfaces -DCMAKE_INSTALL_PREFIX=/home/wyatt/humble_AV_ws/install/my_best3_interfaces
[8.506s] INFO:colcon.colcon_core.task.python.build:Building Python package in '/home/wyatt/humble_AV_ws/src/ranger'
[8.533s] INFO:colcon.colcon_core.shell:Skip shell extension 'powershell' for command environment: Not usable outside of PowerShell
[8.533s] DEBUG:colcon.colcon_core.shell:Skip shell extension 'dsv' for command environment
[9.073s] INFO:colcon.colcon_core.task.python.build:Building Python package in '/home/wyatt/humble_AV_ws/src/vehicle_pose_pkg'
[9.111s] INFO:colcon.colcon_core.shell:Skip shell extension 'powershell' for command environment: Not usable outside of PowerShell
[9.111s] DEBUG:colcon.colcon_core.shell:Skip shell extension 'dsv' for command environment
[10.147s] DEBUG:colcon.colcon_core.event_handler.log_command:Invoking command in '/home/wyatt/humble_AV_ws/src/ranger': PYTHONPATH=/home/wyatt/humble_AV_ws/build/ranger/prefix_override:/home/wyatt/humble_AV_ws/install/ranger/lib/python3.10/site-packages:${PYTHONPATH} /usr/bin/python3 setup.py egg_info --egg-base ../../build/ranger build --build-base /home/wyatt/humble_AV_ws/build/ranger/build install --record /home/wyatt/humble_AV_ws/build/ranger/install.log --single-version-externally-managed
[10.270s] DEBUG:colcon.colcon_core.event_handler.log_command:Invoking command in '/home/wyatt/humble_AV_ws/src/vehicle_pose_pkg': PYTHONPATH=/home/wyatt/humble_AV_ws/build/vehicle_pose_pkg/prefix_override:/home/wyatt/humble_AV_ws/install/vehicle_pose_pkg/lib/python3.10/site-packages:${PYTHONPATH} /usr/bin/python3 setup.py egg_info --egg-base ../../build/vehicle_pose_pkg build --build-base /home/wyatt/humble_AV_ws/build/vehicle_pose_pkg/build install --record /home/wyatt/humble_AV_ws/build/vehicle_pose_pkg/install.log --single-version-externally-managed
[10.290s] DEBUG:colcon.colcon_core.event_handler.log_command:Invoking command in '/home/wyatt/humble_AV_ws/src/my_best3': PYTHONPATH=/home/wyatt/humble_AV_ws/build/my_best3/prefix_override:/home/wyatt/humble_AV_ws/install/my_best3/lib/python3.10/site-packages:${PYTHONPATH} /usr/bin/python3 setup.py egg_info --egg-base ../../build/my_best3 build --build-base /home/wyatt/humble_AV_ws/build/my_best3/build install --record /home/wyatt/humble_AV_ws/build/my_best3/install.log --single-version-externally-managed
[11.129s] DEBUG:colcon.colcon_core.event_handler.log_command:Invoked command in '/home/wyatt/humble_AV_ws/src/ranger' returned '0': PYTHONPATH=/home/wyatt/humble_AV_ws/build/ranger/prefix_override:/home/wyatt/humble_AV_ws/install/ranger/lib/python3.10/site-packages:${PYTHONPATH} /usr/bin/python3 setup.py egg_info --egg-base ../../build/ranger build --build-base /home/wyatt/humble_AV_ws/build/ranger/build install --record /home/wyatt/humble_AV_ws/build/ranger/install.log --single-version-externally-managed
[11.160s] Level 1:colcon.colcon_core.environment:checking '/home/wyatt/humble_AV_ws/install/ranger' for CMake module files
[11.161s] Level 1:colcon.colcon_core.environment:checking '/home/wyatt/humble_AV_ws/install/ranger' for CMake config files
[11.163s] Level 1:colcon.colcon_core.environment:checking '/home/wyatt/humble_AV_ws/install/ranger/lib'
[11.163s] Level 1:colcon.colcon_core.environment:checking '/home/wyatt/humble_AV_ws/install/ranger/bin'
[11.163s] Level 1:colcon.colcon_core.environment:checking '/home/wyatt/humble_AV_ws/install/ranger/lib/pkgconfig/ranger.pc'
[11.164s] Level 1:colcon.colcon_core.environment:checking '/home/wyatt/humble_AV_ws/install/ranger/lib/python3.10/site-packages'
[11.164s] Level 1:colcon.colcon_core.shell:create_environment_hook('ranger', 'pythonpath')
[11.216s] INFO:colcon.colcon_core.shell:Creating environment hook '/home/wyatt/humble_AV_ws/install/ranger/share/ranger/hook/pythonpath.ps1'
[11.217s] INFO:colcon.colcon_core.shell:Creating environment descriptor '/home/wyatt/humble_AV_ws/install/ranger/share/ranger/hook/pythonpath.dsv'
[11.218s] INFO:colcon.colcon_core.shell:Creating environment hook '/home/wyatt/humble_AV_ws/install/ranger/share/ranger/hook/pythonpath.sh'
[11.220s] Level 1:colcon.colcon_core.environment:checking '/home/wyatt/humble_AV_ws/install/ranger/bin'
[11.220s] Level 1:colcon.colcon_core.environment:create_environment_scripts_only(ranger)
[11.256s] INFO:colcon.colcon_core.shell:Creating package script '/home/wyatt/humble_AV_ws/install/ranger/share/ranger/package.ps1'
[11.257s] INFO:colcon.colcon_core.shell:Creating package descriptor '/home/wyatt/humble_AV_ws/install/ranger/share/ranger/package.dsv'
[11.258s] INFO:colcon.colcon_core.shell:Creating package script '/home/wyatt/humble_AV_ws/install/ranger/share/ranger/package.sh'
[11.258s] INFO:colcon.colcon_core.shell:Creating package script '/home/wyatt/humble_AV_ws/install/ranger/share/ranger/package.bash'
[11.259s] INFO:colcon.colcon_core.shell:Creating package script '/home/wyatt/humble_AV_ws/install/ranger/share/ranger/package.zsh'
[11.259s] Level 1:colcon.colcon_core.environment:create_file_with_runtime_dependencies(/home/wyatt/humble_AV_ws/install/ranger/share/colcon-core/packages/ranger)
[11.260s] INFO:colcon.colcon_ros.task.ament_python.build:Building ROS package in '/home/wyatt/humble_AV_ws/src/wallfollowpid' with build type 'ament_python'
[11.261s] Level 1:colcon.colcon_core.shell:create_environment_hook('wallfollowpid', 'ament_prefix_path')
[11.292s] INFO:colcon.colcon_core.shell:Creating environment hook '/home/wyatt/humble_AV_ws/install/wallfollowpid/share/wallfollowpid/hook/ament_prefix_path.ps1'
[11.293s] INFO:colcon.colcon_core.shell:Creating environment descriptor '/home/wyatt/humble_AV_ws/install/wallfollowpid/share/wallfollowpid/hook/ament_prefix_path.dsv'
[11.294s] INFO:colcon.colcon_core.shell:Creating environment hook '/home/wyatt/humble_AV_ws/install/wallfollowpid/share/wallfollowpid/hook/ament_prefix_path.sh'
[11.322s] INFO:colcon.colcon_core.shell:Skip shell extension 'powershell' for command environment: Not usable outside of PowerShell
[11.322s] DEBUG:colcon.colcon_core.shell:Skip shell extension 'dsv' for command environment
[11.383s] DEBUG:colcon.colcon_core.event_handler.log_command:Invoked command in '/home/wyatt/humble_AV_ws/src/my_best3' returned '0': PYTHONPATH=/home/wyatt/humble_AV_ws/build/my_best3/prefix_override:/home/wyatt/humble_AV_ws/install/my_best3/lib/python3.10/site-packages:${PYTHONPATH} /usr/bin/python3 setup.py egg_info --egg-base ../../build/my_best3 build --build-base /home/wyatt/humble_AV_ws/build/my_best3/build install --record /home/wyatt/humble_AV_ws/build/my_best3/install.log --single-version-externally-managed
[11.419s] Level 1:colcon.colcon_core.environment:checking '/home/wyatt/humble_AV_ws/install/my_best3' for CMake module files
[11.420s] Level 1:colcon.colcon_core.environment:checking '/home/wyatt/humble_AV_ws/install/my_best3' for CMake config files
[11.421s] Level 1:colcon.colcon_core.environment:checking '/home/wyatt/humble_AV_ws/install/my_best3/lib'
[11.421s] Level 1:colcon.colcon_core.environment:checking '/home/wyatt/humble_AV_ws/install/my_best3/bin'
[11.421s] Level 1:colcon.colcon_core.environment:checking '/home/wyatt/humble_AV_ws/install/my_best3/lib/pkgconfig/my_best3.pc'
[11.421s] Level 1:colcon.colcon_core.environment:checking '/home/wyatt/humble_AV_ws/install/my_best3/lib/python3.10/site-packages'
[11.421s] Level 1:colcon.colcon_core.shell:create_environment_hook('my_best3', 'pythonpath')
[11.451s] INFO:colcon.colcon_core.shell:Creating environment hook '/home/wyatt/humble_AV_ws/install/my_best3/share/my_best3/hook/pythonpath.ps1'
[11.452s] INFO:colcon.colcon_core.shell:Creating environment descriptor '/home/wyatt/humble_AV_ws/install/my_best3/share/my_best3/hook/pythonpath.dsv'
[11.453s] INFO:colcon.colcon_core.shell:Creating environment hook '/home/wyatt/humble_AV_ws/install/my_best3/share/my_best3/hook/pythonpath.sh'
[11.454s] Level 1:colcon.colcon_core.environment:checking '/home/wyatt/humble_AV_ws/install/my_best3/bin'
[11.454s] Level 1:colcon.colcon_core.environment:create_environment_scripts_only(my_best3)
[11.498s] INFO:colcon.colcon_core.shell:Creating package script '/home/wyatt/humble_AV_ws/install/my_best3/share/my_best3/package.ps1'
[11.499s] INFO:colcon.colcon_core.shell:Creating package descriptor '/home/wyatt/humble_AV_ws/install/my_best3/share/my_best3/package.dsv'
[11.500s] INFO:colcon.colcon_core.shell:Creating package script '/home/wyatt/humble_AV_ws/install/my_best3/share/my_best3/package.sh'
[11.501s] INFO:colcon.colcon_core.shell:Creating package script '/home/wyatt/humble_AV_ws/install/my_best3/share/my_best3/package.bash'
[11.502s] INFO:colcon.colcon_core.shell:Creating package script '/home/wyatt/humble_AV_ws/install/my_best3/share/my_best3/package.zsh'
[11.502s] Level 1:colcon.colcon_core.environment:create_file_with_runtime_dependencies(/home/wyatt/humble_AV_ws/install/my_best3/share/colcon-core/packages/my_best3)
[11.506s] DEBUG:colcon.colcon_core.event_handler.log_command:Invoked command in '/home/wyatt/humble_AV_ws/src/vehicle_pose_pkg' returned '0': PYTHONPATH=/home/wyatt/humble_AV_ws/build/vehicle_pose_pkg/prefix_override:/home/wyatt/humble_AV_ws/install/vehicle_pose_pkg/lib/python3.10/site-packages:${PYTHONPATH} /usr/bin/python3 setup.py egg_info --egg-base ../../build/vehicle_pose_pkg build --build-base /home/wyatt/humble_AV_ws/build/vehicle_pose_pkg/build install --record /home/wyatt/humble_AV_ws/build/vehicle_pose_pkg/install.log --single-version-externally-managed
[11.543s] Level 1:colcon.colcon_core.environment:checking '/home/wyatt/humble_AV_ws/install/vehicle_pose_pkg' for CMake module files
[11.544s] Level 1:colcon.colcon_core.environment:checking '/home/wyatt/humble_AV_ws/install/vehicle_pose_pkg' for CMake config files
[11.545s] Level 1:colcon.colcon_core.environment:checking '/home/wyatt/humble_AV_ws/install/vehicle_pose_pkg/lib'
[11.545s] Level 1:colcon.colcon_core.environment:checking '/home/wyatt/humble_AV_ws/install/vehicle_pose_pkg/bin'
[11.545s] Level 1:colcon.colcon_core.environment:checking '/home/wyatt/humble_AV_ws/install/vehicle_pose_pkg/lib/pkgconfig/vehicle_pose_pkg.pc'
[11.545s] Level 1:colcon.colcon_core.environment:checking '/home/wyatt/humble_AV_ws/install/vehicle_pose_pkg/lib/python3.10/site-packages'
[11.545s] Level 1:colcon.colcon_core.shell:create_environment_hook('vehicle_pose_pkg', 'pythonpath')
[11.572s] INFO:colcon.colcon_core.shell:Creating environment hook '/home/wyatt/humble_AV_ws/install/vehicle_pose_pkg/share/vehicle_pose_pkg/hook/pythonpath.ps1'
[11.572s] INFO:colcon.colcon_core.shell:Creating environment descriptor '/home/wyatt/humble_AV_ws/install/vehicle_pose_pkg/share/vehicle_pose_pkg/hook/pythonpath.dsv'
[11.573s] INFO:colcon.colcon_core.shell:Creating environment hook '/home/wyatt/humble_AV_ws/install/vehicle_pose_pkg/share/vehicle_pose_pkg/hook/pythonpath.sh'
[11.574s] Level 1:colcon.colcon_core.environment:checking '/home/wyatt/humble_AV_ws/install/vehicle_pose_pkg/bin'
[11.574s] Level 1:colcon.colcon_core.environment:create_environment_scripts_only(vehicle_pose_pkg)
[11.604s] INFO:colcon.colcon_core.shell:Creating package script '/home/wyatt/humble_AV_ws/install/vehicle_pose_pkg/share/vehicle_pose_pkg/package.ps1'
[11.605s] INFO:colcon.colcon_core.shell:Creating package descriptor '/home/wyatt/humble_AV_ws/install/vehicle_pose_pkg/share/vehicle_pose_pkg/package.dsv'
[11.606s] INFO:colcon.colcon_core.shell:Creating package script '/home/wyatt/humble_AV_ws/install/vehicle_pose_pkg/share/vehicle_pose_pkg/package.sh'
[11.606s] INFO:colcon.colcon_core.shell:Creating package script '/home/wyatt/humble_AV_ws/install/vehicle_pose_pkg/share/vehicle_pose_pkg/package.bash'
[11.607s] INFO:colcon.colcon_core.shell:Creating package script '/home/wyatt/humble_AV_ws/install/vehicle_pose_pkg/share/vehicle_pose_pkg/package.zsh'
[11.607s] Level 1:colcon.colcon_core.environment:create_file_with_runtime_dependencies(/home/wyatt/humble_AV_ws/install/vehicle_pose_pkg/share/colcon-core/packages/vehicle_pose_pkg)
[12.207s] INFO:colcon.colcon_core.task.python.build:Building Python package in '/home/wyatt/humble_AV_ws/src/wallfollowpid'
[12.245s] INFO:colcon.colcon_core.shell:Skip shell extension 'powershell' for command environment: Not usable outside of PowerShell
[12.245s] DEBUG:colcon.colcon_core.shell:Skip shell extension 'dsv' for command environment
[12.380s] DEBUG:colcon.colcon_core.event_handler.log_command:Invoked command in '/home/wyatt/humble_AV_ws/build/my_best3_interfaces' returned '0': CMAKE_PREFIX_PATH=/opt/ros/humble /usr/bin/cmake /home/wyatt/humble_AV_ws/src/my_best3_interfaces -DCMAKE_INSTALL_PREFIX=/home/wyatt/humble_AV_ws/install/my_best3_interfaces
[12.383s] DEBUG:colcon.colcon_core.event_handler.log_command:Invoking command in '/home/wyatt/humble_AV_ws/build/my_best3_interfaces': CMAKE_PREFIX_PATH=/opt/ros/humble /usr/bin/cmake --build /home/wyatt/humble_AV_ws/build/my_best3_interfaces -- -j4 -l4
[13.214s] DEBUG:colcon.colcon_core.event_handler.log_command:Invoking command in '/home/wyatt/humble_AV_ws/src/wallfollowpid': PYTHONPATH=/home/wyatt/humble_AV_ws/build/wallfollowpid/prefix_override:/home/wyatt/humble_AV_ws/install/wallfollowpid/lib/python3.10/site-packages:${PYTHONPATH} /usr/bin/python3 setup.py egg_info --egg-base ../../build/wallfollowpid build --build-base /home/wyatt/humble_AV_ws/build/wallfollowpid/build install --record /home/wyatt/humble_AV_ws/build/wallfollowpid/install.log --single-version-externally-managed
[14.104s] DEBUG:colcon.colcon_core.event_handler.log_command:Invoked command in '/home/wyatt/humble_AV_ws/src/wallfollowpid' returned '0': PYTHONPATH=/home/wyatt/humble_AV_ws/build/wallfollowpid/prefix_override:/home/wyatt/humble_AV_ws/install/wallfollowpid/lib/python3.10/site-packages:${PYTHONPATH} /usr/bin/python3 setup.py egg_info --egg-base ../../build/wallfollowpid build --build-base /home/wyatt/humble_AV_ws/build/wallfollowpid/build install --record /home/wyatt/humble_AV_ws/build/wallfollowpid/install.log --single-version-externally-managed
[14.149s] Level 1:colcon.colcon_core.environment:checking '/home/wyatt/humble_AV_ws/install/wallfollowpid' for CMake module files
[14.150s] Level 1:colcon.colcon_core.environment:checking '/home/wyatt/humble_AV_ws/install/wallfollowpid' for CMake config files
[14.152s] Level 1:colcon.colcon_core.environment:checking '/home/wyatt/humble_AV_ws/install/wallfollowpid/lib'
[14.152s] Level 1:colcon.colcon_core.environment:checking '/home/wyatt/humble_AV_ws/install/wallfollowpid/bin'
[14.152s] Level 1:colcon.colcon_core.environment:checking '/home/wyatt/humble_AV_ws/install/wallfollowpid/lib/pkgconfig/wallfollowpid.pc'
[14.153s] Level 1:colcon.colcon_core.environment:checking '/home/wyatt/humble_AV_ws/install/wallfollowpid/lib/python3.10/site-packages'
[14.153s] Level 1:colcon.colcon_core.shell:create_environment_hook('wallfollowpid', 'pythonpath')
[14.205s] INFO:colcon.colcon_core.shell:Creating environment hook '/home/wyatt/humble_AV_ws/install/wallfollowpid/share/wallfollowpid/hook/pythonpath.ps1'
[14.205s] INFO:colcon.colcon_core.shell:Creating environment descriptor '/home/wyatt/humble_AV_ws/install/wallfollowpid/share/wallfollowpid/hook/pythonpath.dsv'
[14.206s] INFO:colcon.colcon_core.shell:Creating environment hook '/home/wyatt/humble_AV_ws/install/wallfollowpid/share/wallfollowpid/hook/pythonpath.sh'
[14.207s] Level 1:colcon.colcon_core.environment:checking '/home/wyatt/humble_AV_ws/install/wallfollowpid/bin'
[14.208s] Level 1:colcon.colcon_core.environment:create_environment_scripts_only(wallfollowpid)
[14.251s] INFO:colcon.colcon_core.shell:Creating package script '/home/wyatt/humble_AV_ws/install/wallfollowpid/share/wallfollowpid/package.ps1'
[14.252s] INFO:colcon.colcon_core.shell:Creating package descriptor '/home/wyatt/humble_AV_ws/install/wallfollowpid/share/wallfollowpid/package.dsv'
[14.253s] INFO:colcon.colcon_core.shell:Creating package script '/home/wyatt/humble_AV_ws/install/wallfollowpid/share/wallfollowpid/package.sh'
[14.254s] INFO:colcon.colcon_core.shell:Creating package script '/home/wyatt/humble_AV_ws/install/wallfollowpid/share/wallfollowpid/package.bash'
[14.254s] INFO:colcon.colcon_core.shell:Creating package script '/home/wyatt/humble_AV_ws/install/wallfollowpid/share/wallfollowpid/package.zsh'
[14.255s] Level 1:colcon.colcon_core.environment:create_file_with_runtime_dependencies(/home/wyatt/humble_AV_ws/install/wallfollowpid/share/colcon-core/packages/wallfollowpid)
[17.216s] DEBUG:colcon.colcon_core.event_handler.log_command:Invoked command in '/home/wyatt/humble_AV_ws/build/my_best3_interfaces' returned '0': CMAKE_PREFIX_PATH=/opt/ros/humble /usr/bin/cmake --build /home/wyatt/humble_AV_ws/build/my_best3_interfaces -- -j4 -l4
[17.294s] DEBUG:colcon.colcon_core.event_handler.log_command:Invoking command in '/home/wyatt/humble_AV_ws/build/my_best3_interfaces': CMAKE_PREFIX_PATH=/opt/ros/humble /usr/bin/cmake --install /home/wyatt/humble_AV_ws/build/my_best3_interfaces
[17.388s] Level 1:colcon.colcon_core.environment:create_environment_scripts_only(my_best3_interfaces)
[17.389s] DEBUG:colcon.colcon_core.event_handler.log_command:Invoked command in '/home/wyatt/humble_AV_ws/build/my_best3_interfaces' returned '0': CMAKE_PREFIX_PATH=/opt/ros/humble /usr/bin/cmake --install /home/wyatt/humble_AV_ws/build/my_best3_interfaces
[17.414s] Level 1:colcon.colcon_core.environment:checking '/home/wyatt/humble_AV_ws/install/my_best3_interfaces' for CMake module files
[17.415s] Level 1:colcon.colcon_core.environment:checking '/home/wyatt/humble_AV_ws/install/my_best3_interfaces' for CMake config files
[17.416s] Level 1:colcon.colcon_core.shell:create_environment_hook('my_best3_interfaces', 'cmake_prefix_path')
[17.440s] INFO:colcon.colcon_core.shell:Creating environment hook '/home/wyatt/humble_AV_ws/install/my_best3_interfaces/share/my_best3_interfaces/hook/cmake_prefix_path.ps1'
[17.441s] INFO:colcon.colcon_core.shell:Creating environment descriptor '/home/wyatt/humble_AV_ws/install/my_best3_interfaces/share/my_best3_interfaces/hook/cmake_prefix_path.dsv'
[17.441s] INFO:colcon.colcon_core.shell:Creating environment hook '/home/wyatt/humble_AV_ws/install/my_best3_interfaces/share/my_best3_interfaces/hook/cmake_prefix_path.sh'
[17.442s] Level 1:colcon.colcon_core.environment:checking '/home/wyatt/humble_AV_ws/install/my_best3_interfaces/lib'
[17.442s] Level 1:colcon.colcon_core.shell:create_environment_hook('my_best3_interfaces', 'ld_library_path_lib')
[17.465s] INFO:colcon.colcon_core.shell:Creating environment hook '/home/wyatt/humble_AV_ws/install/my_best3_interfaces/share/my_best3_interfaces/hook/ld_library_path_lib.ps1'
[17.466s] INFO:colcon.colcon_core.shell:Creating environment descriptor '/home/wyatt/humble_AV_ws/install/my_best3_interfaces/share/my_best3_interfaces/hook/ld_library_path_lib.dsv'
[17.466s] INFO:colcon.colcon_core.shell:Creating environment hook '/home/wyatt/humble_AV_ws/install/my_best3_interfaces/share/my_best3_interfaces/hook/ld_library_path_lib.sh'
[17.467s] Level 1:colcon.colcon_core.environment:checking '/home/wyatt/humble_AV_ws/install/my_best3_interfaces/bin'
[17.467s] Level 1:colcon.colcon_core.environment:checking '/home/wyatt/humble_AV_ws/install/my_best3_interfaces/lib/pkgconfig/my_best3_interfaces.pc'
[17.467s] Level 1:colcon.colcon_core.environment:checking '/home/wyatt/humble_AV_ws/install/my_best3_interfaces/lib/python3.10/site-packages'
[17.467s] Level 1:colcon.colcon_core.environment:checking '/home/wyatt/humble_AV_ws/install/my_best3_interfaces/bin'
[17.491s] INFO:colcon.colcon_core.shell:Creating package script '/home/wyatt/humble_AV_ws/install/my_best3_interfaces/share/my_best3_interfaces/package.ps1'
[17.492s] INFO:colcon.colcon_core.shell:Creating package descriptor '/home/wyatt/humble_AV_ws/install/my_best3_interfaces/share/my_best3_interfaces/package.dsv'
[17.493s] INFO:colcon.colcon_core.shell:Creating package script '/home/wyatt/humble_AV_ws/install/my_best3_interfaces/share/my_best3_interfaces/package.sh'
[17.493s] INFO:colcon.colcon_core.shell:Creating package script '/home/wyatt/humble_AV_ws/install/my_best3_interfaces/share/my_best3_interfaces/package.bash'
[17.493s] INFO:colcon.colcon_core.shell:Creating package script '/home/wyatt/humble_AV_ws/install/my_best3_interfaces/share/my_best3_interfaces/package.zsh'
[17.494s] Level 1:colcon.colcon_core.environment:create_file_with_runtime_dependencies(/home/wyatt/humble_AV_ws/install/my_best3_interfaces/share/colcon-core/packages/my_best3_interfaces)
[17.591s] Level 1:colcon.colcon_core.environment:create_environment_scripts_only(my_best3_interfaces)
[17.618s] Level 1:colcon.colcon_core.environment:checking '/home/wyatt/humble_AV_ws/install/my_best3_interfaces' for CMake module files
[17.619s] Level 1:colcon.colcon_core.environment:checking '/home/wyatt/humble_AV_ws/install/my_best3_interfaces' for CMake config files
[17.620s] Level 1:colcon.colcon_core.shell:create_environment_hook('my_best3_interfaces', 'cmake_prefix_path')
[17.644s] INFO:colcon.colcon_core.shell:Creating environment hook '/home/wyatt/humble_AV_ws/install/my_best3_interfaces/share/my_best3_interfaces/hook/cmake_prefix_path.ps1'
[17.645s] INFO:colcon.colcon_core.shell:Creating environment descriptor '/home/wyatt/humble_AV_ws/install/my_best3_interfaces/share/my_best3_interfaces/hook/cmake_prefix_path.dsv'
[17.645s] INFO:colcon.colcon_core.shell:Creating environment hook '/home/wyatt/humble_AV_ws/install/my_best3_interfaces/share/my_best3_interfaces/hook/cmake_prefix_path.sh'
[17.646s] Level 1:colcon.colcon_core.environment:checking '/home/wyatt/humble_AV_ws/install/my_best3_interfaces/lib'
[17.646s] Level 1:colcon.colcon_core.shell:create_environment_hook('my_best3_interfaces', 'ld_library_path_lib')
[17.670s] INFO:colcon.colcon_core.shell:Creating environment hook '/home/wyatt/humble_AV_ws/install/my_best3_interfaces/share/my_best3_interfaces/hook/ld_library_path_lib.ps1'
[17.670s] INFO:colcon.colcon_core.shell:Creating environment descriptor '/home/wyatt/humble_AV_ws/install/my_best3_interfaces/share/my_best3_interfaces/hook/ld_library_path_lib.dsv'
[17.671s] INFO:colcon.colcon_core.shell:Creating environment hook '/home/wyatt/humble_AV_ws/install/my_best3_interfaces/share/my_best3_interfaces/hook/ld_library_path_lib.sh'
[17.671s] Level 1:colcon.colcon_core.environment:checking '/home/wyatt/humble_AV_ws/install/my_best3_interfaces/bin'
[17.671s] Level 1:colcon.colcon_core.environment:checking '/home/wyatt/humble_AV_ws/install/my_best3_interfaces/lib/pkgconfig/my_best3_interfaces.pc'
[17.672s] Level 1:colcon.colcon_core.environment:checking '/home/wyatt/humble_AV_ws/install/my_best3_interfaces/lib/python3.10/site-packages'
[17.672s] Level 1:colcon.colcon_core.environment:checking '/home/wyatt/humble_AV_ws/install/my_best3_interfaces/bin'
[17.696s] INFO:colcon.colcon_core.shell:Creating package script '/home/wyatt/humble_AV_ws/install/my_best3_interfaces/share/my_best3_interfaces/package.ps1'
[17.696s] INFO:colcon.colcon_core.shell:Creating package descriptor '/home/wyatt/humble_AV_ws/install/my_best3_interfaces/share/my_best3_interfaces/package.dsv'
[17.697s] INFO:colcon.colcon_core.shell:Creating package script '/home/wyatt/humble_AV_ws/install/my_best3_interfaces/share/my_best3_interfaces/package.sh'
[17.698s] INFO:colcon.colcon_core.shell:Creating package script '/home/wyatt/humble_AV_ws/install/my_best3_interfaces/share/my_best3_interfaces/package.bash'
[17.698s] INFO:colcon.colcon_core.shell:Creating package script '/home/wyatt/humble_AV_ws/install/my_best3_interfaces/share/my_best3_interfaces/package.zsh'
[17.699s] Level 1:colcon.colcon_core.environment:create_file_with_runtime_dependencies(/home/wyatt/humble_AV_ws/install/my_best3_interfaces/share/colcon-core/packages/my_best3_interfaces)
[17.699s] DEBUG:colcon.colcon_parallel_executor.executor.parallel:closing loop
[17.700s] DEBUG:colcon.colcon_parallel_executor.executor.parallel:loop closed
[17.701s] DEBUG:colcon.colcon_parallel_executor.executor.parallel:run_until_complete finished with '0'
[17.701s] DEBUG:colcon.colcon_core.event_reactor:joining thread
[17.794s] INFO:colcon.colcon_core.plugin_system:Skipping extension 'colcon_notification.desktop_notification.terminal_notifier': Not used on non-Darwin systems
[17.794s] INFO:colcon.colcon_core.plugin_system:Skipping extension 'colcon_notification.desktop_notification.win32': Not used on non-Windows systems
[17.795s] INFO:colcon.colcon_notification.desktop_notification:Sending desktop notification using 'notify2'
[17.853s] DEBUG:colcon.colcon_core.event_reactor:joined thread
[17.884s] INFO:colcon.colcon_core.shell:Creating prefix script '/home/wyatt/humble_AV_ws/install/local_setup.ps1'
[17.886s] INFO:colcon.colcon_core.shell:Creating prefix util module '/home/wyatt/humble_AV_ws/install/_local_setup_util_ps1.py'
[17.888s] INFO:colcon.colcon_core.shell:Creating prefix chain script '/home/wyatt/humble_AV_ws/install/setup.ps1'
[17.915s] INFO:colcon.colcon_core.shell:Creating prefix script '/home/wyatt/humble_AV_ws/install/local_setup.sh'
[17.916s] INFO:colcon.colcon_core.shell:Creating prefix util module '/home/wyatt/humble_AV_ws/install/_local_setup_util_sh.py'
[17.917s] INFO:colcon.colcon_core.shell:Creating prefix chain script '/home/wyatt/humble_AV_ws/install/setup.sh'
[17.943s] INFO:colcon.colcon_core.shell:Creating prefix script '/home/wyatt/humble_AV_ws/install/local_setup.bash'
[17.944s] INFO:colcon.colcon_core.shell:Creating prefix chain script '/home/wyatt/humble_AV_ws/install/setup.bash'
[17.969s] INFO:colcon.colcon_core.shell:Creating prefix script '/home/wyatt/humble_AV_ws/install/local_setup.zsh'
[17.970s] INFO:colcon.colcon_core.shell:Creating prefix chain script '/home/wyatt/humble_AV_ws/install/setup.zsh'
